<?xml version="1.0" encoding="UTF-8" ?>
<testsuite tests="1" failures="1" name="cn.cstqb.exam.testmaker.guice.JpaModuleTest" time="0.673" errors="0" skipped="0">
  <properties>
    <property name="java.runtime.name" value="Java(TM) SE Runtime Environment"/>
    <property name="java.vm.version" value="13.0.1+9"/>
    <property name="sun.boot.library.path" value="C:\Program Files\Java\jdk-13.0.1\bin"/>
    <property name="maven.multiModuleProjectDirectory" value="D:\whitebox-test\test-maker-group1\test-maker"/>
    <property name="java.vm.vendor" value="Oracle Corporation"/>
    <property name="java.vendor.url" value="https://java.oracle.com/"/>
    <property name="guice.disable.misplaced.annotation.check" value="true"/>
    <property name="path.separator" value=";"/>
    <property name="java.vm.name" value="Java HotSpot(TM) 64-Bit Server VM"/>
    <property name="sun.os.patch.level" value=""/>
    <property name="user.script" value=""/>
    <property name="user.country" value="CN"/>
    <property name="sun.java.launcher" value="SUN_STANDARD"/>
    <property name="java.vm.specification.name" value="Java Virtual Machine Specification"/>
    <property name="user.dir" value="D:\whitebox-test\test-maker-group1\test-maker"/>
    <property name="java.vm.compressedOopsMode" value="Zero based"/>
    <property name="java.runtime.version" value="13.0.1+9"/>
    <property name="os.arch" value="amd64"/>
    <property name="java.io.tmpdir" value="C:\Users\wangs\AppData\Local\Temp\"/>
    <property name="line.separator" value="
"/>
    <property name="java.vm.specification.vendor" value="Oracle Corporation"/>
    <property name="user.variant" value=""/>
    <property name="os.name" value="Windows 10"/>
    <property name="classworlds.conf" value="C:\Program Files\JetBrains\IntelliJ IDEA 2019.3.3\plugins\maven\lib\maven3\bin\..\bin\m2.conf"/>
    <property name="sun.jnu.encoding" value="GBK"/>
    <property name="java.library.path" value="C:\Program Files\Java\jdk-13.0.1\bin;C:\WINDOWS\Sun\Java\bin;C:\WINDOWS\system32;C:\WINDOWS;C:\Program Files (x86)\Razer\ChromaBroadcast\bin;C:\Program Files\Razer\ChromaBroadcast\bin;C:\Program Files (x86)\Intel\Intel(R) Management Engine Components\iCLS\;C:\Program Files\Intel\Intel(R) Management Engine Components\iCLS\;C:\Windows\system32;C:\Windows;C:\Windows\System32\Wbem;C:\Windows\System32\WindowsPowerShell\v1.0\;C:\Windows\System32\OpenSSH\;C:\Program Files (x86)\Intel\Intel(R) Management Engine Components\DAL;C:\Program Files\Intel\Intel(R) Management Engine Components\DAL;C:\WINDOWS\system32;C:\WINDOWS;C:\WINDOWS\System32\Wbem;C:\WINDOWS\System32\WindowsPowerShell\v1.0\;C:\WINDOWS\System32\OpenSSH\;C:\Program Files\Git\cmd;C:\Program Files\Java\jdk-13.0.1\bin;C:\Program Files\Java\jdk-13.0.1\jre\bin;C:\Program Files\NVIDIA Corporation\NVIDIA NvDLISR;C:\WINDOWS\system32;C:\WINDOWS;C:\WINDOWS\System32\Wbem;C:\WINDOWS\System32\WindowsPowerShell\v1.0\;C:\WINDOWS\System32\OpenSSH\;C:\Program Files\dotnet\;C:\Program Files (x86)\NVIDIA Corporation\PhysX\Common;C:\Program Files\NVIDIA Corporation\NVIDIA NGX;C:\Users\wangs\AppData\Local\Microsoft\WindowsApps;C:\Users\wangs\.dotnet\tools;C:\Program Files\TortoiseSVN\bin;D:\;C:\Program Files\JetBrains\IntelliJ IDEA 2019.3.3\plugins\maven\lib\maven3\bin;C:\Program Files\nodejs\;D:\2020春\软件质量保障与测试\sonar-scanner-4.2.0.1873-windows\bin;C:\Users\wangs\AppData\Local\Programs\Python\Python36\Scripts\;C:\Users\wangs\AppData\Local\Programs\Python\Python36\;C:\Users\wangs\AppData\Local\Programs\Python\Python37\Scripts\;C:\Users\wangs\AppData\Local\Programs\Python\Python37\;C:\Users\wangs\AppData\Local\Microsoft\WindowsApps;C:\Program Files (x86)\SSH Communications Security\SSH Secure Shell;C:\MinGW\bin;;C:\Users\wangs\AppData\Local\Programs\Microsoft VS Code\bin;C:\Program Files\JetBrains\IntelliJ IDEA 2019.3.3\bin;;C:\Users\wangs\AppData\Roaming\npm;."/>
    <property name="maven.conf" value="C:\Program Files\JetBrains\IntelliJ IDEA 2019.3.3\plugins\maven\lib\maven3\bin\../conf"/>
    <property name="jdk.debug" value="release"/>
    <property name="java.class.version" value="57.0"/>
    <property name="java.specification.name" value="Java Platform API Specification"/>
    <property name="sun.management.compiler" value="HotSpot 64-Bit Tiered Compilers"/>
    <property name="maven.test.failure.ignore" value="true"/>
    <property name="os.version" value="10.0"/>
    <property name="library.jansi.path" value="C:\Program Files\JetBrains\IntelliJ IDEA 2019.3.3\plugins\maven\lib\maven3\bin\..\lib\jansi-native"/>
    <property name="user.home" value="C:\Users\wangs"/>
    <property name="user.timezone" value="Asia/Shanghai"/>
    <property name="file.encoding" value="GBK"/>
    <property name="java.specification.version" value="13"/>
    <property name="user.name" value="wangs"/>
    <property name="java.class.path" value="C:\Program Files\JetBrains\IntelliJ IDEA 2019.3.3\plugins\maven\lib\maven3\bin\..\boot\plexus-classworlds-2.6.0.jar"/>
    <property name="java.vm.specification.version" value="13"/>
    <property name="sun.arch.data.model" value="64"/>
    <property name="sun.java.command" value="org.codehaus.plexus.classworlds.launcher.Launcher clean org.jacoco:jacoco-maven-plugin:prepare-agent install -Dmaven.test.failure.ignore=true"/>
    <property name="java.home" value="C:\Program Files\Java\jdk-13.0.1"/>
    <property name="user.language" value="zh"/>
    <property name="java.specification.vendor" value="Oracle Corporation"/>
    <property name="java.vm.info" value="mixed mode, sharing"/>
    <property name="java.version" value="13.0.1"/>
    <property name="java.vendor" value="Oracle Corporation"/>
    <property name="sun.stderr.encoding" value="ms936"/>
    <property name="maven.home" value="C:\Program Files\JetBrains\IntelliJ IDEA 2019.3.3\plugins\maven\lib\maven3\bin\.."/>
    <property name="file.separator" value="\"/>
    <property name="java.version.date" value="2019-10-15"/>
    <property name="java.vendor.url.bug" value="https://bugreport.java.com/bugreport/"/>
    <property name="sun.io.unicode.encoding" value="UnicodeLittle"/>
    <property name="sun.cpu.endian" value="little"/>
    <property name="sun.stdout.encoding" value="ms936"/>
    <property name="sun.cpu.isalist" value="amd64"/>
  </properties>
  <testcase classname="cn.cstqb.exam.testmaker.guice.JpaModuleTest" name="test" time="0.673">
    <failure type="java.lang.AssertionError">java.lang.AssertionError
	at org.junit.Assert.fail(Assert.java:86)
	at org.junit.Assert.assertTrue(Assert.java:41)
	at org.junit.Assert.assertFalse(Assert.java:64)
	at org.junit.Assert.assertFalse(Assert.java:74)
	at cn.cstqb.exam.testmaker.guice.JpaModuleTest.test(JpaModuleTest.java:38)
	at java.base/jdk.internal.reflect.NativeMethodAccessorImpl.invoke0(Native Method)
	at java.base/jdk.internal.reflect.NativeMethodAccessorImpl.invoke(NativeMethodAccessorImpl.java:62)
	at java.base/jdk.internal.reflect.DelegatingMethodAccessorImpl.invoke(DelegatingMethodAccessorImpl.java:43)
	at java.base/java.lang.reflect.Method.invoke(Method.java:567)
	at org.junit.runners.model.FrameworkMethod$1.runReflectiveCall(FrameworkMethod.java:50)
	at org.junit.internal.runners.model.ReflectiveCallable.run(ReflectiveCallable.java:12)
	at org.junit.runners.model.FrameworkMethod.invokeExplosively(FrameworkMethod.java:47)
	at org.junit.internal.runners.statements.InvokeMethod.evaluate(InvokeMethod.java:17)
	at org.junit.internal.runners.statements.RunBefores.evaluate(RunBefores.java:26)
	at org.junit.internal.runners.statements.RunAfters.evaluate(RunAfters.java:27)
	at org.junit.runners.ParentRunner.runLeaf(ParentRunner.java:325)
	at org.junit.runners.BlockJUnit4ClassRunner.runChild(BlockJUnit4ClassRunner.java:78)
	at org.junit.runners.BlockJUnit4ClassRunner.runChild(BlockJUnit4ClassRunner.java:57)
	at org.junit.runners.ParentRunner$3.run(ParentRunner.java:290)
	at org.junit.runners.ParentRunner$1.schedule(ParentRunner.java:71)
	at org.junit.runners.ParentRunner.runChildren(ParentRunner.java:288)
	at org.junit.runners.ParentRunner.access$000(ParentRunner.java:58)
	at org.junit.runners.ParentRunner$2.evaluate(ParentRunner.java:268)
	at org.junit.internal.runners.statements.RunBefores.evaluate(RunBefores.java:26)
	at org.junit.runners.ParentRunner.run(ParentRunner.java:363)
	at org.apache.maven.surefire.junit4.JUnit4Provider.execute(JUnit4Provider.java:252)
	at org.apache.maven.surefire.junit4.JUnit4Provider.executeTestSet(JUnit4Provider.java:141)
	at org.apache.maven.surefire.junit4.JUnit4Provider.invoke(JUnit4Provider.java:112)
	at java.base/jdk.internal.reflect.NativeMethodAccessorImpl.invoke0(Native Method)
	at java.base/jdk.internal.reflect.NativeMethodAccessorImpl.invoke(NativeMethodAccessorImpl.java:62)
	at java.base/jdk.internal.reflect.DelegatingMethodAccessorImpl.invoke(DelegatingMethodAccessorImpl.java:43)
	at java.base/java.lang.reflect.Method.invoke(Method.java:567)
	at org.apache.maven.surefire.util.ReflectionUtils.invokeMethodWithArray(ReflectionUtils.java:189)
	at org.apache.maven.surefire.booter.ProviderFactory$ProviderProxy.invoke(ProviderFactory.java:165)
	at org.apache.maven.surefire.booter.ProviderFactory.invokeProvider(ProviderFactory.java:85)
	at org.apache.maven.surefire.booter.ForkedBooter.runSuitesInProcess(ForkedBooter.java:115)
	at org.apache.maven.surefire.booter.ForkedBooter.main(ForkedBooter.java:75)
</failure>
    <system-out>14:27:16.541 [main] WARN  o.hibernate.ejb.HibernatePersistence - HHH015016: Encountered a deprecated javax.persistence.spi.PersistenceProvider [org.hibernate.ejb.HibernatePersistence]; use [org.hibernate.jpa.HibernatePersistenceProvider] instead.
14:27:16.541 [main] WARN  o.hibernate.ejb.HibernatePersistence - HHH015016: Encountered a deprecated javax.persistence.spi.PersistenceProvider [org.hibernate.ejb.HibernatePersistence]; use [org.hibernate.jpa.HibernatePersistenceProvider] instead.
14:27:16.541 [main] WARN  o.hibernate.ejb.HibernatePersistence - HHH015016: Encountered a deprecated javax.persistence.spi.PersistenceProvider [org.hibernate.ejb.HibernatePersistence]; use [org.hibernate.jpa.HibernatePersistenceProvider] instead.
14:27:16.541 [main] DEBUG o.h.b.r.c.i.ClassLoaderServiceImpl - Incoming config yielded no classloaders; adding standard SE ones
14:27:16.554 [main] DEBUG o.h.jpa.HibernatePersistenceProvider - Located and parsed 1 persistence units; checking each
14:27:16.555 [main] DEBUG o.h.jpa.HibernatePersistenceProvider - Checking persistence-unit [name=test-maker, explicit-provider=org.hibernate.jpa.HibernatePersistenceProvider] against incoming persistence unit name [test-maker]
14:27:16.555 [main] DEBUG o.h.jpa.boot.spi.ProviderChecker - Persistence-unit [test-maker] requested PersistenceProvider [org.hibernate.jpa.HibernatePersistenceProvider]
14:27:16.555 [main] DEBUG o.h.jpa.internal.util.LogHelper - PersistenceUnitInfo [
	name: test-maker
	persistence provider classname: org.hibernate.jpa.HibernatePersistenceProvider
	classloader: null
	excludeUnlistedClasses: false
	JTA datasource: null
	Non JTA datasource: null
	Transaction type: RESOURCE_LOCAL
	PU root URL: file:/D:/whitebox-test/test-maker-group1/test-maker/target/classes/
	Shared Cache Mode: NONE
	Validation Mode: null
	Jar files URLs []
	Managed classes names []
	Mapping files names []
	Properties [
		javax.persistence.jdbc.url: jdbc:mysql://localhost:3306/testmaker
		javax.persistence.jdbc.password: 
		hibernate.c3p0.idle_test_period: 120
		hibernate.cache.use_second_level_cache: false
		hibernate.show_sql: true
		org.hibernate.flushMode: COMMIT
		hibernate.c3p0.validate: true
		hibernate.c3p0.timeout: 600
		hibernate.hbm2ddl.auto: update
		hibernate.c3p0.maxIdleTimeExcessConnections: 20
		hibernate.ejb.naming_strategy: org.hibernate.cfg.ImprovedNamingStrategy
		hibernate.format_sql: true
		hibernate.enable_lazy_load_no_trans: true
		javax.persistence.jdbc.user: root
		javax.persistence.jdbc.driver: com.mysql.jdbc.Driver
		connection.provider_class: org.hibernate.connection.C3P0ConnectionProvider
		hibernate.c3p0.automaticTestTable: _conTestTable
		hibernate.dialect: org.hibernate.dialect.MySQL5InnoDBDialect]
14:27:16.555 [main] DEBUG o.h.i.internal.IntegratorServiceImpl - Adding Integrator [org.hibernate.cfg.beanvalidation.BeanValidationIntegrator].
14:27:16.555 [main] DEBUG o.h.i.internal.IntegratorServiceImpl - Adding Integrator [org.hibernate.secure.spi.JaccIntegrator].
14:27:16.555 [main] DEBUG o.h.i.internal.IntegratorServiceImpl - Adding Integrator [org.hibernate.cache.internal.CollectionCacheInvalidator].
14:27:16.555 [main] DEBUG o.h.i.internal.IntegratorServiceImpl - Adding Integrator [org.hibernate.jpa.event.spi.JpaIntegrator].
14:27:16.556 [main] DEBUG o.h.b.r.s.i.StrategySelectorImpl - Registering named strategy selector [org.hibernate.dialect.Dialect] : [MySQL5] -&gt; [org.hibernate.dialect.MySQL5Dialect] (replacing [org.hibernate.dialect.MySQL5Dialect])
14:27:16.556 [main] DEBUG o.h.b.r.s.i.StrategySelectorImpl - Registering named strategy selector [org.hibernate.dialect.Dialect] : [MySQL5InnoDB] -&gt; [org.hibernate.dialect.MySQL5InnoDBDialect] (replacing [org.hibernate.dialect.MySQL5InnoDBDialect])
14:27:16.678 [main] DEBUG o.h.service.spi.ServiceBinding - Overriding existing service binding [org.hibernate.secure.spi.JaccService]
14:27:16.678 [main] DEBUG org.hibernate.type.BasicTypeRegistry - Adding type registration boolean -&gt; org.hibernate.type.BooleanType@4271960c
14:27:16.678 [main] DEBUG org.hibernate.type.BasicTypeRegistry - Adding type registration boolean -&gt; org.hibernate.type.BooleanType@4271960c
14:27:16.678 [main] DEBUG org.hibernate.type.BasicTypeRegistry - Adding type registration java.lang.Boolean -&gt; org.hibernate.type.BooleanType@4271960c
14:27:16.679 [main] DEBUG org.hibernate.type.BasicTypeRegistry - Adding type registration numeric_boolean -&gt; org.hibernate.type.NumericBooleanType@7cba8293
14:27:16.679 [main] DEBUG org.hibernate.type.BasicTypeRegistry - Adding type registration true_false -&gt; org.hibernate.type.TrueFalseType@a49995f
14:27:16.679 [main] DEBUG org.hibernate.type.BasicTypeRegistry - Adding type registration yes_no -&gt; org.hibernate.type.YesNoType@cb03360
14:27:16.679 [main] DEBUG org.hibernate.type.BasicTypeRegistry - Adding type registration byte -&gt; org.hibernate.type.ByteType@485dfac9
14:27:16.679 [main] DEBUG org.hibernate.type.BasicTypeRegistry - Adding type registration byte -&gt; org.hibernate.type.ByteType@485dfac9
14:27:16.679 [main] DEBUG org.hibernate.type.BasicTypeRegistry - Adding type registration java.lang.Byte -&gt; org.hibernate.type.ByteType@485dfac9
14:27:16.679 [main] DEBUG org.hibernate.type.BasicTypeRegistry - Adding type registration character -&gt; org.hibernate.type.CharacterType@97842a0
14:27:16.679 [main] DEBUG org.hibernate.type.BasicTypeRegistry - Adding type registration char -&gt; org.hibernate.type.CharacterType@97842a0
14:27:16.679 [main] DEBUG org.hibernate.type.BasicTypeRegistry - Adding type registration java.lang.Character -&gt; org.hibernate.type.CharacterType@97842a0
14:27:16.679 [main] DEBUG org.hibernate.type.BasicTypeRegistry - Adding type registration short -&gt; org.hibernate.type.ShortType@74ee07e
14:27:16.679 [main] DEBUG org.hibernate.type.BasicTypeRegistry - Adding type registration short -&gt; org.hibernate.type.ShortType@74ee07e
14:27:16.679 [main] DEBUG org.hibernate.type.BasicTypeRegistry - Adding type registration java.lang.Short -&gt; org.hibernate.type.ShortType@74ee07e
14:27:16.679 [main] DEBUG org.hibernate.type.BasicTypeRegistry - Adding type registration integer -&gt; org.hibernate.type.IntegerType@75b5d09
14:27:16.679 [main] DEBUG org.hibernate.type.BasicTypeRegistry - Adding type registration int -&gt; org.hibernate.type.IntegerType@75b5d09
14:27:16.679 [main] DEBUG org.hibernate.type.BasicTypeRegistry - Adding type registration java.lang.Integer -&gt; org.hibernate.type.IntegerType@75b5d09
14:27:16.679 [main] DEBUG org.hibernate.type.BasicTypeRegistry - Adding type registration long -&gt; org.hibernate.type.LongType@4973fb7d
14:27:16.679 [main] DEBUG org.hibernate.type.BasicTypeRegistry - Adding type registration long -&gt; org.hibernate.type.LongType@4973fb7d
14:27:16.680 [main] DEBUG org.hibernate.type.BasicTypeRegistry - Adding type registration java.lang.Long -&gt; org.hibernate.type.LongType@4973fb7d
14:27:16.680 [main] DEBUG org.hibernate.type.BasicTypeRegistry - Adding type registration float -&gt; org.hibernate.type.FloatType@38fc2c39
14:27:16.680 [main] DEBUG org.hibernate.type.BasicTypeRegistry - Adding type registration float -&gt; org.hibernate.type.FloatType@38fc2c39
14:27:16.680 [main] DEBUG org.hibernate.type.BasicTypeRegistry - Adding type registration java.lang.Float -&gt; org.hibernate.type.FloatType@38fc2c39
14:27:16.680 [main] DEBUG org.hibernate.type.BasicTypeRegistry - Adding type registration double -&gt; org.hibernate.type.DoubleType@33a38f07
14:27:16.680 [main] DEBUG org.hibernate.type.BasicTypeRegistry - Adding type registration double -&gt; org.hibernate.type.DoubleType@33a38f07
14:27:16.680 [main] DEBUG org.hibernate.type.BasicTypeRegistry - Adding type registration java.lang.Double -&gt; org.hibernate.type.DoubleType@33a38f07
14:27:16.680 [main] DEBUG org.hibernate.type.BasicTypeRegistry - Adding type registration big_decimal -&gt; org.hibernate.type.BigDecimalType@4dea763c
14:27:16.680 [main] DEBUG org.hibernate.type.BasicTypeRegistry - Adding type registration java.math.BigDecimal -&gt; org.hibernate.type.BigDecimalType@4dea763c
14:27:16.680 [main] DEBUG org.hibernate.type.BasicTypeRegistry - Adding type registration big_integer -&gt; org.hibernate.type.BigIntegerType@58192546
14:27:16.680 [main] DEBUG org.hibernate.type.BasicTypeRegistry - Adding type registration java.math.BigInteger -&gt; org.hibernate.type.BigIntegerType@58192546
14:27:16.680 [main] DEBUG org.hibernate.type.BasicTypeRegistry - Adding type registration string -&gt; org.hibernate.type.StringType@442e7215
14:27:16.680 [main] DEBUG org.hibernate.type.BasicTypeRegistry - Adding type registration java.lang.String -&gt; org.hibernate.type.StringType@442e7215
14:27:16.680 [main] DEBUG org.hibernate.type.BasicTypeRegistry - Adding type registration nstring -&gt; org.hibernate.type.StringNVarcharType@2541b4d3
14:27:16.680 [main] DEBUG org.hibernate.type.BasicTypeRegistry - Adding type registration ncharacter -&gt; org.hibernate.type.CharacterNCharType@6cc9f35d
14:27:16.680 [main] DEBUG org.hibernate.type.BasicTypeRegistry - Adding type registration url -&gt; org.hibernate.type.UrlType@6945fdb8
14:27:16.680 [main] DEBUG org.hibernate.type.BasicTypeRegistry - Adding type registration java.net.URL -&gt; org.hibernate.type.UrlType@6945fdb8
14:27:16.680 [main] DEBUG org.hibernate.type.BasicTypeRegistry - Adding type registration date -&gt; org.hibernate.type.DateType@3dc976da
14:27:16.680 [main] DEBUG org.hibernate.type.BasicTypeRegistry - Adding type registration java.sql.Date -&gt; org.hibernate.type.DateType@3dc976da
14:27:16.681 [main] DEBUG org.hibernate.type.BasicTypeRegistry - Adding type registration time -&gt; org.hibernate.type.TimeType@1a524c6b
14:27:16.681 [main] DEBUG org.hibernate.type.BasicTypeRegistry - Adding type registration java.sql.Time -&gt; org.hibernate.type.TimeType@1a524c6b
14:27:16.681 [main] DEBUG org.hibernate.type.BasicTypeRegistry - Adding type registration timestamp -&gt; org.hibernate.type.TimestampType@6ca6cc1c
14:27:16.681 [main] DEBUG org.hibernate.type.BasicTypeRegistry - Adding type registration java.sql.Timestamp -&gt; org.hibernate.type.TimestampType@6ca6cc1c
14:27:16.681 [main] DEBUG org.hibernate.type.BasicTypeRegistry - Adding type registration java.util.Date -&gt; org.hibernate.type.TimestampType@6ca6cc1c
14:27:16.681 [main] DEBUG org.hibernate.type.BasicTypeRegistry - Adding type registration dbtimestamp -&gt; org.hibernate.type.DbTimestampType@55c901b2
14:27:16.681 [main] DEBUG org.hibernate.type.BasicTypeRegistry - Adding type registration calendar -&gt; org.hibernate.type.CalendarType@1c7da28
14:27:16.681 [main] DEBUG org.hibernate.type.BasicTypeRegistry - Adding type registration java.util.Calendar -&gt; org.hibernate.type.CalendarType@1c7da28
14:27:16.681 [main] DEBUG org.hibernate.type.BasicTypeRegistry - Adding type registration java.util.GregorianCalendar -&gt; org.hibernate.type.CalendarType@1c7da28
14:27:16.681 [main] DEBUG org.hibernate.type.BasicTypeRegistry - Adding type registration calendar_date -&gt; org.hibernate.type.CalendarDateType@1915879c
14:27:16.681 [main] DEBUG org.hibernate.type.BasicTypeRegistry - Adding type registration locale -&gt; org.hibernate.type.LocaleType@3a7be6e6
14:27:16.681 [main] DEBUG org.hibernate.type.BasicTypeRegistry - Adding type registration java.util.Locale -&gt; org.hibernate.type.LocaleType@3a7be6e6
14:27:16.682 [main] DEBUG org.hibernate.type.BasicTypeRegistry - Adding type registration currency -&gt; org.hibernate.type.CurrencyType@bd8f424
14:27:16.682 [main] DEBUG org.hibernate.type.BasicTypeRegistry - Adding type registration java.util.Currency -&gt; org.hibernate.type.CurrencyType@bd8f424
14:27:16.682 [main] DEBUG org.hibernate.type.BasicTypeRegistry - Adding type registration timezone -&gt; org.hibernate.type.TimeZoneType@5d96b0f
14:27:16.682 [main] DEBUG org.hibernate.type.BasicTypeRegistry - Adding type registration java.util.TimeZone -&gt; org.hibernate.type.TimeZoneType@5d96b0f
14:27:16.682 [main] DEBUG org.hibernate.type.BasicTypeRegistry - Adding type registration class -&gt; org.hibernate.type.ClassType@3d0f2154
14:27:16.682 [main] DEBUG org.hibernate.type.BasicTypeRegistry - Adding type registration java.lang.Class -&gt; org.hibernate.type.ClassType@3d0f2154
14:27:16.682 [main] DEBUG org.hibernate.type.BasicTypeRegistry - Adding type registration uuid-binary -&gt; org.hibernate.type.UUIDBinaryType@46ebd87a
14:27:16.682 [main] DEBUG org.hibernate.type.BasicTypeRegistry - Adding type registration java.util.UUID -&gt; org.hibernate.type.UUIDBinaryType@46ebd87a
14:27:16.682 [main] DEBUG org.hibernate.type.BasicTypeRegistry - Adding type registration uuid-char -&gt; org.hibernate.type.UUIDCharType@771deee6
14:27:16.682 [main] DEBUG org.hibernate.type.BasicTypeRegistry - Adding type registration pg-uuid -&gt; org.hibernate.type.PostgresUUIDType@adc06b2
14:27:16.682 [main] DEBUG org.hibernate.type.BasicTypeRegistry - Adding type registration binary -&gt; org.hibernate.type.BinaryType@78fc5eb
14:27:16.682 [main] DEBUG org.hibernate.type.BasicTypeRegistry - Adding type registration byte[] -&gt; org.hibernate.type.BinaryType@78fc5eb
14:27:16.682 [main] DEBUG org.hibernate.type.BasicTypeRegistry - Adding type registration [B -&gt; org.hibernate.type.BinaryType@78fc5eb
14:27:16.683 [main] DEBUG org.hibernate.type.BasicTypeRegistry - Adding type registration wrapper-binary -&gt; org.hibernate.type.WrapperBinaryType@6385b07d
14:27:16.683 [main] DEBUG org.hibernate.type.BasicTypeRegistry - Adding type registration Byte[] -&gt; org.hibernate.type.WrapperBinaryType@6385b07d
14:27:16.683 [main] DEBUG org.hibernate.type.BasicTypeRegistry - Adding type registration [Ljava.lang.Byte; -&gt; org.hibernate.type.WrapperBinaryType@6385b07d
14:27:16.683 [main] DEBUG org.hibernate.type.BasicTypeRegistry - Adding type registration image -&gt; org.hibernate.type.ImageType@15c0a8ad
14:27:16.683 [main] DEBUG org.hibernate.type.BasicTypeRegistry - Adding type registration characters -&gt; org.hibernate.type.CharArrayType@60ddad4
14:27:16.684 [main] DEBUG org.hibernate.type.BasicTypeRegistry - Adding type registration char[] -&gt; org.hibernate.type.CharArrayType@60ddad4
14:27:16.684 [main] DEBUG org.hibernate.type.BasicTypeRegistry - Adding type registration [C -&gt; org.hibernate.type.CharArrayType@60ddad4
14:27:16.684 [main] DEBUG org.hibernate.type.BasicTypeRegistry - Adding type registration wrapper-characters -&gt; org.hibernate.type.CharacterArrayType@2181144e
14:27:16.684 [main] DEBUG org.hibernate.type.BasicTypeRegistry - Adding type registration [Ljava.lang.Character; -&gt; org.hibernate.type.CharacterArrayType@2181144e
14:27:16.684 [main] DEBUG org.hibernate.type.BasicTypeRegistry - Adding type registration Character[] -&gt; org.hibernate.type.CharacterArrayType@2181144e
14:27:16.684 [main] DEBUG org.hibernate.type.BasicTypeRegistry - Adding type registration text -&gt; org.hibernate.type.TextType@34dc40d5
14:27:16.684 [main] DEBUG org.hibernate.type.BasicTypeRegistry - Adding type registration ntext -&gt; org.hibernate.type.NTextType@466a5b80
14:27:16.684 [main] DEBUG org.hibernate.type.BasicTypeRegistry - Adding type registration blob -&gt; org.hibernate.type.BlobType@6d598162
14:27:16.684 [main] DEBUG org.hibernate.type.BasicTypeRegistry - Adding type registration java.sql.Blob -&gt; org.hibernate.type.BlobType@6d598162
14:27:16.684 [main] DEBUG org.hibernate.type.BasicTypeRegistry - Adding type registration materialized_blob -&gt; org.hibernate.type.MaterializedBlobType@68ad030d
14:27:16.684 [main] DEBUG org.hibernate.type.BasicTypeRegistry - Adding type registration clob -&gt; org.hibernate.type.ClobType@3a89f2a0
14:27:16.685 [main] DEBUG org.hibernate.type.BasicTypeRegistry - Adding type registration java.sql.Clob -&gt; org.hibernate.type.ClobType@3a89f2a0
14:27:16.685 [main] DEBUG org.hibernate.type.BasicTypeRegistry - Adding type registration nclob -&gt; org.hibernate.type.NClobType@386cc1c4
14:27:16.685 [main] DEBUG org.hibernate.type.BasicTypeRegistry - Adding type registration java.sql.NClob -&gt; org.hibernate.type.NClobType@386cc1c4
14:27:16.685 [main] DEBUG org.hibernate.type.BasicTypeRegistry - Adding type registration materialized_clob -&gt; org.hibernate.type.MaterializedClobType@2e6ca6b5
14:27:16.685 [main] DEBUG org.hibernate.type.BasicTypeRegistry - Adding type registration materialized_nclob -&gt; org.hibernate.type.MaterializedNClobType@41185195
14:27:16.685 [main] DEBUG org.hibernate.type.BasicTypeRegistry - Adding type registration serializable -&gt; org.hibernate.type.SerializableType@63a833c5
14:27:16.685 [main] DEBUG org.hibernate.type.BasicTypeRegistry - Adding type registration object -&gt; org.hibernate.type.ObjectType@78b20c7f
14:27:16.685 [main] DEBUG org.hibernate.type.BasicTypeRegistry - Adding type registration java.lang.Object -&gt; org.hibernate.type.ObjectType@78b20c7f
14:27:16.685 [main] DEBUG org.hibernate.type.BasicTypeRegistry - Adding type registration imm_date -&gt; org.hibernate.type.AdaptedImmutableType@1410873e
14:27:16.685 [main] DEBUG org.hibernate.type.BasicTypeRegistry - Adding type registration imm_time -&gt; org.hibernate.type.AdaptedImmutableType@3da1c5b2
14:27:16.685 [main] DEBUG org.hibernate.type.BasicTypeRegistry - Adding type registration imm_timestamp -&gt; org.hibernate.type.AdaptedImmutableType@74309cd5
14:27:16.685 [main] DEBUG org.hibernate.type.BasicTypeRegistry - Adding type registration imm_dbtimestamp -&gt; org.hibernate.type.AdaptedImmutableType@116c9f30
14:27:16.685 [main] DEBUG org.hibernate.type.BasicTypeRegistry - Adding type registration imm_calendar -&gt; org.hibernate.type.AdaptedImmutableType@155d354
14:27:16.685 [main] DEBUG org.hibernate.type.BasicTypeRegistry - Adding type registration imm_calendar_date -&gt; org.hibernate.type.AdaptedImmutableType@32ea1a99
14:27:16.685 [main] DEBUG org.hibernate.type.BasicTypeRegistry - Adding type registration imm_binary -&gt; org.hibernate.type.AdaptedImmutableType@424cee25
14:27:16.685 [main] DEBUG org.hibernate.type.BasicTypeRegistry - Adding type registration imm_serializable -&gt; org.hibernate.type.AdaptedImmutableType@372c7c43
14:27:16.685 [main] DEBUG o.h.i.f.i.DefaultIdentifierGeneratorFactory - Registering IdentifierGenerator strategy [uuid2] -&gt; [org.hibernate.id.UUIDGenerator]
14:27:16.685 [main] DEBUG o.h.i.f.i.DefaultIdentifierGeneratorFactory - Registering IdentifierGenerator strategy [guid] -&gt; [org.hibernate.id.GUIDGenerator]
14:27:16.685 [main] DEBUG o.h.i.f.i.DefaultIdentifierGeneratorFactory - Registering IdentifierGenerator strategy [uuid] -&gt; [org.hibernate.id.UUIDHexGenerator]
14:27:16.685 [main] DEBUG o.h.i.f.i.DefaultIdentifierGeneratorFactory - Registering IdentifierGenerator strategy [uuid.hex] -&gt; [org.hibernate.id.UUIDHexGenerator]
14:27:16.685 [main] DEBUG o.h.i.f.i.DefaultIdentifierGeneratorFactory - Registering IdentifierGenerator strategy [hilo] -&gt; [org.hibernate.id.TableHiLoGenerator]
14:27:16.685 [main] DEBUG o.h.i.f.i.DefaultIdentifierGeneratorFactory - Registering IdentifierGenerator strategy [assigned] -&gt; [org.hibernate.id.Assigned]
14:27:16.685 [main] DEBUG o.h.i.f.i.DefaultIdentifierGeneratorFactory - Registering IdentifierGenerator strategy [identity] -&gt; [org.hibernate.id.IdentityGenerator]
14:27:16.685 [main] DEBUG o.h.i.f.i.DefaultIdentifierGeneratorFactory - Registering IdentifierGenerator strategy [select] -&gt; [org.hibernate.id.SelectGenerator]
14:27:16.686 [main] DEBUG o.h.i.f.i.DefaultIdentifierGeneratorFactory - Registering IdentifierGenerator strategy [sequence] -&gt; [org.hibernate.id.SequenceGenerator]
14:27:16.686 [main] DEBUG o.h.i.f.i.DefaultIdentifierGeneratorFactory - Registering IdentifierGenerator strategy [seqhilo] -&gt; [org.hibernate.id.SequenceHiLoGenerator]
14:27:16.686 [main] DEBUG o.h.i.f.i.DefaultIdentifierGeneratorFactory - Registering IdentifierGenerator strategy [increment] -&gt; [org.hibernate.id.IncrementGenerator]
14:27:16.686 [main] DEBUG o.h.i.f.i.DefaultIdentifierGeneratorFactory - Registering IdentifierGenerator strategy [foreign] -&gt; [org.hibernate.id.ForeignGenerator]
14:27:16.686 [main] DEBUG o.h.i.f.i.DefaultIdentifierGeneratorFactory - Registering IdentifierGenerator strategy [sequence-identity] -&gt; [org.hibernate.id.SequenceIdentityGenerator]
14:27:16.686 [main] DEBUG o.h.i.f.i.DefaultIdentifierGeneratorFactory - Registering IdentifierGenerator strategy [enhanced-sequence] -&gt; [org.hibernate.id.enhanced.SequenceStyleGenerator]
14:27:16.686 [main] DEBUG o.h.i.f.i.DefaultIdentifierGeneratorFactory - Registering IdentifierGenerator strategy [enhanced-table] -&gt; [org.hibernate.id.enhanced.TableGenerator]
14:27:16.687 [main] DEBUG org.hibernate.cfg.Configuration - Preparing to build session factory with filters : {}
14:27:16.687 [main] INFO  o.h.c.i.C3P0ConnectionProvider - HHH010002: C3P0 using driver: com.mysql.jdbc.Driver at URL: jdbc:mysql://localhost:3306/testmaker
14:27:16.687 [main] INFO  o.h.c.i.C3P0ConnectionProvider - HHH000046: Connection properties: {user=root}
14:27:16.687 [main] INFO  o.h.c.i.C3P0ConnectionProvider - HHH000006: Autocommit mode: false
14:27:16.764 [main] DEBUG o.h.e.jdbc.internal.JdbcServicesImpl - Database -&gt;
       name : MySQL
    version : 5.5.5-10.4.11-MariaDB
      major : 5
      minor : 5
14:27:16.765 [main] DEBUG o.h.e.jdbc.internal.JdbcServicesImpl - Driver -&gt;
       name : MySQL Connector Java
    version : mysql-connector-java-5.1.34 ( Revision: jess.balint@oracle.com-20141014163213-wqbwpf1ok2kvo1om )
      major : 5
      minor : 1
14:27:16.765 [main] DEBUG o.h.e.jdbc.internal.JdbcServicesImpl - JDBC version : 4.0
14:27:16.765 [main] DEBUG o.h.e.j.c.i.StandardRefCursorSupport - Unexpected error trying to gauge level of JDBC REF_CURSOR support : null
14:27:16.769 [main] INFO  org.hibernate.dialect.Dialect - HHH000400: Using dialect: org.hibernate.dialect.MySQL5InnoDBDialect
14:27:16.770 [main] INFO  o.h.e.j.internal.LobCreatorBuilder - HHH000424: Disabling contextual LOB creation as createClob() method threw error : java.lang.reflect.InvocationTargetException
14:27:16.771 [main] DEBUG org.hibernate.cfg.Configuration - Processing hbm.xml files
14:27:16.772 [main] DEBUG org.hibernate.cfg.Configuration - Process annotated classes
14:27:16.772 [main] DEBUG org.hibernate.cfg.AnnotationBinder - Binding entity from annotated class: cn.cstqb.exam.testmaker.entities.PaperQuestion
14:27:16.772 [main] DEBUG org.hibernate.cfg.Ejb3Column - Binding column: Ejb3DiscriminatorColumn{logicalColumnName&apos;DTYPE&apos;, discriminatorTypeName=&apos;string&apos;}
14:27:16.772 [main] DEBUG o.h.cfg.annotations.EntityBinder - Import with entity name PaperQuestion
14:27:16.772 [main] DEBUG o.h.cfg.annotations.EntityBinder - Bind entity cn.cstqb.exam.testmaker.entities.PaperQuestion on table paper_question
14:27:16.773 [main] DEBUG org.hibernate.cfg.Ejb3Column - Binding column: Ejb3Column{table=org.hibernate.mapping.Table(paper_question), mappingColumn=id, insertable=true, updatable=false, unique=false}
14:27:16.774 [main] DEBUG o.h.cfg.annotations.PropertyBinder - MetadataSourceProcessor property id with lazy=false
14:27:16.774 [main] DEBUG o.h.cfg.AbstractPropertyHolder - Attempting to locate auto-apply AttributeConverter for property [cn.cstqb.exam.testmaker.entities.PaperQuestion:id]
14:27:16.774 [main] DEBUG o.h.c.annotations.SimpleValueBinder - building SimpleValue for id
14:27:16.774 [main] DEBUG o.h.cfg.annotations.PropertyBinder - Building property id
14:27:16.775 [main] DEBUG org.hibernate.cfg.Ejb3Column - Binding column: Ejb3Column{table=org.hibernate.mapping.Table(paper_question), mappingColumn=created_on, insertable=true, updatable=false, unique=false}
14:27:16.775 [main] DEBUG o.h.cfg.annotations.PropertyBinder - MetadataSourceProcessor property createdOn with lazy=false
14:27:16.775 [main] DEBUG o.h.cfg.AbstractPropertyHolder - Attempting to locate auto-apply AttributeConverter for property [cn.cstqb.exam.testmaker.entities.PaperQuestion:createdOn]
14:27:16.775 [main] DEBUG o.h.c.annotations.SimpleValueBinder - building SimpleValue for createdOn
14:27:16.775 [main] DEBUG o.h.cfg.annotations.PropertyBinder - Building property createdOn
14:27:16.775 [main] DEBUG org.hibernate.cfg.Ejb3Column - Binding column: Ejb3Column{table=org.hibernate.mapping.Table(paper_question), mappingColumn=updated_on, insertable=true, updatable=true, unique=false}
14:27:16.775 [main] DEBUG o.h.cfg.annotations.PropertyBinder - MetadataSourceProcessor property updatedOn with lazy=false
14:27:16.775 [main] DEBUG o.h.cfg.AbstractPropertyHolder - Attempting to locate auto-apply AttributeConverter for property [cn.cstqb.exam.testmaker.entities.PaperQuestion:updatedOn]
14:27:16.776 [main] DEBUG o.h.c.annotations.SimpleValueBinder - building SimpleValue for updatedOn
14:27:16.776 [main] DEBUG o.h.cfg.annotations.PropertyBinder - Building property updatedOn
14:27:16.776 [main] DEBUG org.hibernate.cfg.Ejb3Column - Binding column: Ejb3JoinColumn{logicalColumnName=&apos;paper_id&apos;, referencedColumn=&apos;&apos;, mappedBy=&apos;&apos;}
14:27:16.776 [main] DEBUG org.hibernate.cfg.Ejb3Column - Binding column: Ejb3Column{table=org.hibernate.mapping.Table(paper_question), mappingColumn=paper, insertable=true, updatable=true, unique=false}
14:27:16.776 [main] DEBUG o.h.cfg.annotations.PropertyBinder - Building property paper
14:27:16.776 [main] DEBUG org.hibernate.cfg.Ejb3Column - Binding column: Ejb3JoinColumn{logicalColumnName=&apos;paper_question_id&apos;, referencedColumn=&apos;&apos;, mappedBy=&apos;&apos;}
14:27:16.777 [main] DEBUG org.hibernate.cfg.Ejb3Column - Binding column: Ejb3Column{table=org.hibernate.mapping.Table(paper_question), mappingColumn=question, insertable=true, updatable=true, unique=false}
14:27:16.777 [main] DEBUG o.h.cfg.annotations.PropertyBinder - Building property question
14:27:16.778 [main] DEBUG org.hibernate.cfg.AnnotationBinder - Binding entity from annotated class: cn.cstqb.exam.testmaker.entities.ProjectStatus
14:27:16.778 [main] DEBUG org.hibernate.cfg.Ejb3Column - Binding column: Ejb3DiscriminatorColumn{logicalColumnName&apos;DTYPE&apos;, discriminatorTypeName=&apos;string&apos;}
14:27:16.778 [main] DEBUG o.h.cfg.annotations.EntityBinder - Import with entity name ProjectStatus
14:27:16.778 [main] DEBUG o.h.cfg.annotations.EntityBinder - Bind entity cn.cstqb.exam.testmaker.entities.ProjectStatus on table project_status
14:27:16.778 [main] DEBUG org.hibernate.cfg.Ejb3Column - Binding column: Ejb3Column{table=org.hibernate.mapping.Table(project_status), mappingColumn=id, insertable=true, updatable=false, unique=false}
14:27:16.778 [main] DEBUG o.h.cfg.annotations.PropertyBinder - MetadataSourceProcessor property id with lazy=false
14:27:16.778 [main] DEBUG o.h.cfg.AbstractPropertyHolder - Attempting to locate auto-apply AttributeConverter for property [cn.cstqb.exam.testmaker.entities.ProjectStatus:id]
14:27:16.778 [main] DEBUG o.h.c.annotations.SimpleValueBinder - building SimpleValue for id
14:27:16.779 [main] DEBUG o.h.cfg.annotations.PropertyBinder - Building property id
14:27:16.779 [main] DEBUG org.hibernate.cfg.Ejb3Column - Binding column: Ejb3Column{table=org.hibernate.mapping.Table(project_status), mappingColumn=created_on, insertable=true, updatable=false, unique=false}
14:27:16.779 [main] DEBUG o.h.cfg.annotations.PropertyBinder - MetadataSourceProcessor property createdOn with lazy=false
14:27:16.779 [main] DEBUG o.h.cfg.AbstractPropertyHolder - Attempting to locate auto-apply AttributeConverter for property [cn.cstqb.exam.testmaker.entities.ProjectStatus:createdOn]
14:27:16.779 [main] DEBUG o.h.c.annotations.SimpleValueBinder - building SimpleValue for createdOn
14:27:16.779 [main] DEBUG o.h.cfg.annotations.PropertyBinder - Building property createdOn
14:27:16.779 [main] DEBUG org.hibernate.cfg.Ejb3Column - Binding column: Ejb3Column{table=org.hibernate.mapping.Table(project_status), mappingColumn=updated_on, insertable=true, updatable=true, unique=false}
14:27:16.779 [main] DEBUG o.h.cfg.annotations.PropertyBinder - MetadataSourceProcessor property updatedOn with lazy=false
14:27:16.779 [main] DEBUG o.h.cfg.AbstractPropertyHolder - Attempting to locate auto-apply AttributeConverter for property [cn.cstqb.exam.testmaker.entities.ProjectStatus:updatedOn]
14:27:16.779 [main] DEBUG o.h.c.annotations.SimpleValueBinder - building SimpleValue for updatedOn
14:27:16.780 [main] DEBUG o.h.cfg.annotations.PropertyBinder - Building property updatedOn
14:27:16.780 [main] DEBUG org.hibernate.cfg.Ejb3Column - Binding column: Ejb3Column{table=org.hibernate.mapping.Table(project_status), mappingColumn=is_finish, insertable=true, updatable=true, unique=false}
14:27:16.780 [main] DEBUG o.h.cfg.annotations.PropertyBinder - MetadataSourceProcessor property isFinish with lazy=false
14:27:16.780 [main] DEBUG o.h.cfg.AbstractPropertyHolder - Attempting to locate auto-apply AttributeConverter for property [cn.cstqb.exam.testmaker.entities.ProjectStatus:isFinish]
14:27:16.780 [main] DEBUG o.h.c.annotations.SimpleValueBinder - building SimpleValue for isFinish
14:27:16.780 [main] DEBUG o.h.cfg.annotations.PropertyBinder - Building property isFinish
14:27:16.780 [main] DEBUG org.hibernate.cfg.Ejb3Column - Binding column: Ejb3Column{table=org.hibernate.mapping.Table(project_status), mappingColumn=is_start, insertable=true, updatable=true, unique=false}
14:27:16.780 [main] DEBUG o.h.cfg.annotations.PropertyBinder - MetadataSourceProcessor property isStart with lazy=false
14:27:16.780 [main] DEBUG o.h.cfg.AbstractPropertyHolder - Attempting to locate auto-apply AttributeConverter for property [cn.cstqb.exam.testmaker.entities.ProjectStatus:isStart]
14:27:16.780 [main] DEBUG o.h.c.annotations.SimpleValueBinder - building SimpleValue for isStart
14:27:16.780 [main] DEBUG o.h.cfg.annotations.PropertyBinder - Building property isStart
14:27:16.780 [main] DEBUG org.hibernate.cfg.Ejb3Column - Binding column: Ejb3Column{table=org.hibernate.mapping.Table(project_status), mappingColumn=name, insertable=true, updatable=true, unique=true}
14:27:16.781 [main] DEBUG o.h.cfg.annotations.PropertyBinder - MetadataSourceProcessor property name with lazy=false
14:27:16.781 [main] DEBUG o.h.cfg.AbstractPropertyHolder - Attempting to locate auto-apply AttributeConverter for property [cn.cstqb.exam.testmaker.entities.ProjectStatus:name]
14:27:16.781 [main] DEBUG o.h.c.annotations.SimpleValueBinder - building SimpleValue for name
14:27:16.781 [main] DEBUG o.h.cfg.annotations.PropertyBinder - Building property name
14:27:16.782 [main] DEBUG org.hibernate.cfg.AnnotationBinder - Binding entity from annotated class: cn.cstqb.exam.testmaker.entities.ReviewAssessment
14:27:16.782 [main] DEBUG org.hibernate.cfg.Ejb3Column - Binding column: Ejb3DiscriminatorColumn{logicalColumnName&apos;DTYPE&apos;, discriminatorTypeName=&apos;string&apos;}
14:27:16.782 [main] DEBUG o.h.cfg.annotations.EntityBinder - Import with entity name ReviewAssessment
14:27:16.782 [main] DEBUG o.h.cfg.annotations.EntityBinder - Bind entity cn.cstqb.exam.testmaker.entities.ReviewAssessment on table review_assessment
14:27:16.783 [main] DEBUG org.hibernate.cfg.Ejb3Column - Binding column: Ejb3Column{table=org.hibernate.mapping.Table(review_assessment), mappingColumn=id, insertable=true, updatable=false, unique=false}
14:27:16.783 [main] DEBUG o.h.cfg.annotations.PropertyBinder - MetadataSourceProcessor property id with lazy=false
14:27:16.783 [main] DEBUG o.h.cfg.AbstractPropertyHolder - Attempting to locate auto-apply AttributeConverter for property [cn.cstqb.exam.testmaker.entities.ReviewAssessment:id]
14:27:16.783 [main] DEBUG o.h.c.annotations.SimpleValueBinder - building SimpleValue for id
14:27:16.783 [main] DEBUG o.h.cfg.annotations.PropertyBinder - Building property id
14:27:16.783 [main] DEBUG org.hibernate.cfg.Ejb3Column - Binding column: Ejb3Column{table=org.hibernate.mapping.Table(review_assessment), mappingColumn=created_on, insertable=true, updatable=false, unique=false}
14:27:16.783 [main] DEBUG o.h.cfg.annotations.PropertyBinder - MetadataSourceProcessor property createdOn with lazy=false
14:27:16.783 [main] DEBUG o.h.cfg.AbstractPropertyHolder - Attempting to locate auto-apply AttributeConverter for property [cn.cstqb.exam.testmaker.entities.ReviewAssessment:createdOn]
14:27:16.783 [main] DEBUG o.h.c.annotations.SimpleValueBinder - building SimpleValue for createdOn
14:27:16.783 [main] DEBUG o.h.cfg.annotations.PropertyBinder - Building property createdOn
14:27:16.784 [main] DEBUG org.hibernate.cfg.Ejb3Column - Binding column: Ejb3Column{table=org.hibernate.mapping.Table(review_assessment), mappingColumn=updated_on, insertable=true, updatable=true, unique=false}
14:27:16.784 [main] DEBUG o.h.cfg.annotations.PropertyBinder - MetadataSourceProcessor property updatedOn with lazy=false
14:27:16.784 [main] DEBUG o.h.cfg.AbstractPropertyHolder - Attempting to locate auto-apply AttributeConverter for property [cn.cstqb.exam.testmaker.entities.ReviewAssessment:updatedOn]
14:27:16.784 [main] DEBUG o.h.c.annotations.SimpleValueBinder - building SimpleValue for updatedOn
14:27:16.784 [main] DEBUG o.h.cfg.annotations.PropertyBinder - Building property updatedOn
14:27:16.784 [main] DEBUG org.hibernate.cfg.Ejb3Column - Binding column: Ejb3Column{table=org.hibernate.mapping.Table(review_assessment), mappingColumn=name, insertable=true, updatable=true, unique=true}
14:27:16.784 [main] DEBUG o.h.cfg.annotations.PropertyBinder - MetadataSourceProcessor property name with lazy=false
14:27:16.784 [main] DEBUG o.h.cfg.AbstractPropertyHolder - Attempting to locate auto-apply AttributeConverter for property [cn.cstqb.exam.testmaker.entities.ReviewAssessment:name]
14:27:16.784 [main] DEBUG o.h.c.annotations.SimpleValueBinder - building SimpleValue for name
14:27:16.784 [main] DEBUG o.h.cfg.annotations.PropertyBinder - Building property name
14:27:16.785 [main] DEBUG org.hibernate.cfg.AnnotationBinder - Binding entity from annotated class: cn.cstqb.exam.testmaker.entities.QuestionType
14:27:16.785 [main] DEBUG org.hibernate.cfg.Ejb3Column - Binding column: Ejb3DiscriminatorColumn{logicalColumnName&apos;DTYPE&apos;, discriminatorTypeName=&apos;string&apos;}
14:27:16.785 [main] DEBUG o.h.cfg.annotations.EntityBinder - Import with entity name QuestionType
14:27:16.785 [main] DEBUG o.h.cfg.annotations.EntityBinder - Bind entity cn.cstqb.exam.testmaker.entities.QuestionType on table question_type
14:27:16.786 [main] DEBUG org.hibernate.cfg.Ejb3Column - Binding column: Ejb3Column{table=org.hibernate.mapping.Table(question_type), mappingColumn=id, insertable=true, updatable=false, unique=false}
14:27:16.786 [main] DEBUG o.h.cfg.annotations.PropertyBinder - MetadataSourceProcessor property id with lazy=false
14:27:16.786 [main] DEBUG o.h.cfg.AbstractPropertyHolder - Attempting to locate auto-apply AttributeConverter for property [cn.cstqb.exam.testmaker.entities.QuestionType:id]
14:27:16.786 [main] DEBUG o.h.c.annotations.SimpleValueBinder - building SimpleValue for id
14:27:16.786 [main] DEBUG o.h.cfg.annotations.PropertyBinder - Building property id
14:27:16.786 [main] DEBUG org.hibernate.cfg.Ejb3Column - Binding column: Ejb3Column{table=org.hibernate.mapping.Table(question_type), mappingColumn=created_on, insertable=true, updatable=false, unique=false}
14:27:16.786 [main] DEBUG o.h.cfg.annotations.PropertyBinder - MetadataSourceProcessor property createdOn with lazy=false
14:27:16.786 [main] DEBUG o.h.cfg.AbstractPropertyHolder - Attempting to locate auto-apply AttributeConverter for property [cn.cstqb.exam.testmaker.entities.QuestionType:createdOn]
14:27:16.786 [main] DEBUG o.h.c.annotations.SimpleValueBinder - building SimpleValue for createdOn
14:27:16.786 [main] DEBUG o.h.cfg.annotations.PropertyBinder - Building property createdOn
14:27:16.787 [main] DEBUG org.hibernate.cfg.Ejb3Column - Binding column: Ejb3Column{table=org.hibernate.mapping.Table(question_type), mappingColumn=updated_on, insertable=true, updatable=true, unique=false}
14:27:16.787 [main] DEBUG o.h.cfg.annotations.PropertyBinder - MetadataSourceProcessor property updatedOn with lazy=false
14:27:16.787 [main] DEBUG o.h.cfg.AbstractPropertyHolder - Attempting to locate auto-apply AttributeConverter for property [cn.cstqb.exam.testmaker.entities.QuestionType:updatedOn]
14:27:16.787 [main] DEBUG o.h.c.annotations.SimpleValueBinder - building SimpleValue for updatedOn
14:27:16.787 [main] DEBUG o.h.cfg.annotations.PropertyBinder - Building property updatedOn
14:27:16.787 [main] DEBUG org.hibernate.cfg.Ejb3Column - Binding column: Ejb3Column{table=org.hibernate.mapping.Table(question_type), mappingColumn=name, insertable=true, updatable=true, unique=true}
14:27:16.787 [main] DEBUG o.h.cfg.annotations.PropertyBinder - MetadataSourceProcessor property name with lazy=false
14:27:16.787 [main] DEBUG o.h.cfg.AbstractPropertyHolder - Attempting to locate auto-apply AttributeConverter for property [cn.cstqb.exam.testmaker.entities.QuestionType:name]
14:27:16.787 [main] DEBUG o.h.c.annotations.SimpleValueBinder - building SimpleValue for name
14:27:16.787 [main] DEBUG o.h.cfg.annotations.PropertyBinder - Building property name
14:27:16.788 [main] DEBUG org.hibernate.cfg.AnnotationBinder - Binding entity from annotated class: cn.cstqb.exam.testmaker.entities.User
14:27:16.788 [main] DEBUG o.h.cfg.annotations.QueryBinder - Binding named query: User.findByUserName =&gt; SELECT u from User u where u.username = :username
14:27:16.788 [main] DEBUG org.hibernate.cfg.Ejb3Column - Binding column: Ejb3DiscriminatorColumn{logicalColumnName&apos;DTYPE&apos;, discriminatorTypeName=&apos;string&apos;}
14:27:16.788 [main] DEBUG o.h.cfg.annotations.EntityBinder - Import with entity name User
14:27:16.788 [main] DEBUG o.h.cfg.annotations.EntityBinder - Bind entity cn.cstqb.exam.testmaker.entities.User on table user
14:27:16.789 [main] DEBUG org.hibernate.cfg.Ejb3Column - Binding column: Ejb3Column{table=org.hibernate.mapping.Table(user), mappingColumn=id, insertable=true, updatable=false, unique=false}
14:27:16.789 [main] DEBUG o.h.cfg.annotations.PropertyBinder - MetadataSourceProcessor property id with lazy=false
14:27:16.789 [main] DEBUG o.h.cfg.AbstractPropertyHolder - Attempting to locate auto-apply AttributeConverter for property [cn.cstqb.exam.testmaker.entities.User:id]
14:27:16.789 [main] DEBUG o.h.c.annotations.SimpleValueBinder - building SimpleValue for id
14:27:16.789 [main] DEBUG o.h.cfg.annotations.PropertyBinder - Building property id
14:27:16.790 [main] DEBUG org.hibernate.cfg.Ejb3Column - Binding column: Ejb3Column{table=org.hibernate.mapping.Table(user), mappingColumn=created_on, insertable=true, updatable=false, unique=false}
14:27:16.790 [main] DEBUG o.h.cfg.annotations.PropertyBinder - MetadataSourceProcessor property createdOn with lazy=false
14:27:16.790 [main] DEBUG o.h.cfg.AbstractPropertyHolder - Attempting to locate auto-apply AttributeConverter for property [cn.cstqb.exam.testmaker.entities.User:createdOn]
14:27:16.790 [main] DEBUG o.h.c.annotations.SimpleValueBinder - building SimpleValue for createdOn
14:27:16.790 [main] DEBUG o.h.cfg.annotations.PropertyBinder - Building property createdOn
14:27:16.790 [main] DEBUG org.hibernate.cfg.Ejb3Column - Binding column: Ejb3Column{table=org.hibernate.mapping.Table(user), mappingColumn=updated_on, insertable=true, updatable=true, unique=false}
14:27:16.790 [main] DEBUG o.h.cfg.annotations.PropertyBinder - MetadataSourceProcessor property updatedOn with lazy=false
14:27:16.790 [main] DEBUG o.h.cfg.AbstractPropertyHolder - Attempting to locate auto-apply AttributeConverter for property [cn.cstqb.exam.testmaker.entities.User:updatedOn]
14:27:16.790 [main] DEBUG o.h.c.annotations.SimpleValueBinder - building SimpleValue for updatedOn
14:27:16.790 [main] DEBUG o.h.cfg.annotations.PropertyBinder - Building property updatedOn
14:27:16.790 [main] DEBUG org.hibernate.cfg.Ejb3Column - Binding column: Ejb3Column{table=org.hibernate.mapping.Table(user), mappingColumn=email, insertable=true, updatable=true, unique=true}
14:27:16.790 [main] DEBUG o.h.cfg.annotations.PropertyBinder - MetadataSourceProcessor property email with lazy=false
14:27:16.791 [main] DEBUG o.h.cfg.AbstractPropertyHolder - Attempting to locate auto-apply AttributeConverter for property [cn.cstqb.exam.testmaker.entities.User:email]
14:27:16.791 [main] DEBUG o.h.c.annotations.SimpleValueBinder - building SimpleValue for email
14:27:16.791 [main] DEBUG o.h.cfg.annotations.PropertyBinder - Building property email
14:27:16.791 [main] DEBUG org.hibernate.cfg.Ejb3Column - Binding column: Ejb3Column{table=org.hibernate.mapping.Table(user), mappingColumn=enabled, insertable=true, updatable=true, unique=false}
14:27:16.791 [main] DEBUG o.h.cfg.annotations.PropertyBinder - MetadataSourceProcessor property enabled with lazy=false
14:27:16.791 [main] DEBUG o.h.cfg.AbstractPropertyHolder - Attempting to locate auto-apply AttributeConverter for property [cn.cstqb.exam.testmaker.entities.User:enabled]
14:27:16.791 [main] DEBUG o.h.c.annotations.SimpleValueBinder - building SimpleValue for enabled
14:27:16.791 [main] DEBUG o.h.cfg.annotations.PropertyBinder - Building property enabled
14:27:16.792 [main] DEBUG org.hibernate.cfg.Ejb3Column - Binding column: Ejb3Column{table=org.hibernate.mapping.Table(user), mappingColumn=full_name, insertable=true, updatable=true, unique=false}
14:27:16.792 [main] DEBUG o.h.cfg.annotations.PropertyBinder - MetadataSourceProcessor property fullName with lazy=false
14:27:16.792 [main] DEBUG o.h.cfg.AbstractPropertyHolder - Attempting to locate auto-apply AttributeConverter for property [cn.cstqb.exam.testmaker.entities.User:fullName]
14:27:16.792 [main] DEBUG o.h.c.annotations.SimpleValueBinder - building SimpleValue for fullName
14:27:16.792 [main] DEBUG o.h.cfg.annotations.PropertyBinder - Building property fullName
14:27:16.792 [main] DEBUG org.hibernate.cfg.Ejb3Column - Binding column: Ejb3Column{table=org.hibernate.mapping.Table(user), mappingColumn=is_admin, insertable=true, updatable=true, unique=false}
14:27:16.792 [main] DEBUG o.h.cfg.annotations.PropertyBinder - MetadataSourceProcessor property isAdmin with lazy=false
14:27:16.792 [main] DEBUG o.h.cfg.AbstractPropertyHolder - Attempting to locate auto-apply AttributeConverter for property [cn.cstqb.exam.testmaker.entities.User:isAdmin]
14:27:16.792 [main] DEBUG o.h.c.annotations.SimpleValueBinder - building SimpleValue for isAdmin
14:27:16.792 [main] DEBUG o.h.cfg.annotations.PropertyBinder - Building property isAdmin
14:27:16.792 [main] DEBUG org.hibernate.cfg.Ejb3Column - Binding column: Ejb3Column{table=org.hibernate.mapping.Table(user), mappingColumn=last_login, insertable=true, updatable=true, unique=false}
14:27:16.792 [main] DEBUG o.h.cfg.annotations.PropertyBinder - MetadataSourceProcessor property lastLogin with lazy=false
14:27:16.792 [main] DEBUG o.h.cfg.AbstractPropertyHolder - Attempting to locate auto-apply AttributeConverter for property [cn.cstqb.exam.testmaker.entities.User:lastLogin]
14:27:16.792 [main] DEBUG o.h.c.annotations.SimpleValueBinder - building SimpleValue for lastLogin
14:27:16.793 [main] DEBUG o.h.cfg.annotations.PropertyBinder - Building property lastLogin
14:27:16.793 [main] DEBUG org.hibernate.cfg.Ejb3Column - Binding column: Ejb3Column{table=org.hibernate.mapping.Table(user), mappingColumn=login_count, insertable=true, updatable=true, unique=false}
14:27:16.793 [main] DEBUG o.h.cfg.annotations.PropertyBinder - MetadataSourceProcessor property loginCount with lazy=false
14:27:16.793 [main] DEBUG o.h.cfg.AbstractPropertyHolder - Attempting to locate auto-apply AttributeConverter for property [cn.cstqb.exam.testmaker.entities.User:loginCount]
14:27:16.793 [main] DEBUG o.h.c.annotations.SimpleValueBinder - building SimpleValue for loginCount
14:27:16.793 [main] DEBUG o.h.cfg.annotations.PropertyBinder - Building property loginCount
14:27:16.793 [main] DEBUG org.hibernate.cfg.Ejb3Column - Binding column: Ejb3Column{table=org.hibernate.mapping.Table(user), mappingColumn=password, insertable=true, updatable=true, unique=false}
14:27:16.793 [main] DEBUG o.h.cfg.annotations.PropertyBinder - MetadataSourceProcessor property password with lazy=false
14:27:16.793 [main] DEBUG o.h.cfg.AbstractPropertyHolder - Attempting to locate auto-apply AttributeConverter for property [cn.cstqb.exam.testmaker.entities.User:password]
14:27:16.793 [main] DEBUG o.h.c.annotations.SimpleValueBinder - building SimpleValue for password
14:27:16.793 [main] DEBUG o.h.cfg.annotations.PropertyBinder - Building property password
14:27:16.793 [main] DEBUG org.hibernate.cfg.Ejb3Column - Binding column: Ejb3Column{table=org.hibernate.mapping.Table(user), mappingColumn=phone, insertable=true, updatable=true, unique=false}
14:27:16.793 [main] DEBUG o.h.cfg.annotations.PropertyBinder - MetadataSourceProcessor property phone with lazy=false
14:27:16.793 [main] DEBUG o.h.cfg.AbstractPropertyHolder - Attempting to locate auto-apply AttributeConverter for property [cn.cstqb.exam.testmaker.entities.User:phone]
14:27:16.794 [main] DEBUG o.h.c.annotations.SimpleValueBinder - building SimpleValue for phone
14:27:16.794 [main] DEBUG o.h.cfg.annotations.PropertyBinder - Building property phone
14:27:16.794 [main] DEBUG org.hibernate.cfg.Ejb3Column - Binding column: Ejb3Column{table=org.hibernate.mapping.Table(user), mappingColumn=null, insertable=true, updatable=true, unique=false}
14:27:16.794 [main] DEBUG org.hibernate.cfg.Ejb3Column - Binding column: Ejb3Column{table=org.hibernate.mapping.Table(user), mappingColumn=element, insertable=true, updatable=true, unique=false}
14:27:16.794 [main] DEBUG org.hibernate.cfg.Ejb3Column - Binding column: Ejb3Column{table=org.hibernate.mapping.Table(user), mappingColumn=projects_key, insertable=true, updatable=true, unique=false}
14:27:16.794 [main] DEBUG org.hibernate.cfg.Ejb3Column - Binding column: Ejb3JoinColumn{logicalColumnName=&apos;projects_KEY&apos;, referencedColumn=&apos;null&apos;, mappedBy=&apos;null&apos;}
14:27:16.794 [main] DEBUG org.hibernate.cfg.Ejb3Column - Binding column: Ejb3JoinColumn{logicalColumnName=&apos;null&apos;, referencedColumn=&apos;null&apos;, mappedBy=&apos;users&apos;}
14:27:16.795 [main] DEBUG org.hibernate.cfg.Ejb3Column - Binding column: Ejb3JoinColumn{logicalColumnName=&apos;null&apos;, referencedColumn=&apos;null&apos;, mappedBy=&apos;users&apos;}
14:27:16.795 [main] DEBUG o.h.cfg.annotations.CollectionBinder - Collection role: cn.cstqb.exam.testmaker.entities.User.projects
14:27:16.795 [main] DEBUG o.h.cfg.annotations.PropertyBinder - Building property projects
14:27:16.795 [main] DEBUG org.hibernate.cfg.Ejb3Column - Binding column: Ejb3Column{table=org.hibernate.mapping.Table(user), mappingColumn=username, insertable=true, updatable=false, unique=true}
14:27:16.795 [main] DEBUG o.h.cfg.annotations.PropertyBinder - MetadataSourceProcessor property username with lazy=false
14:27:16.795 [main] DEBUG o.h.cfg.AbstractPropertyHolder - Attempting to locate auto-apply AttributeConverter for property [cn.cstqb.exam.testmaker.entities.User:username]
14:27:16.795 [main] DEBUG o.h.c.annotations.SimpleValueBinder - building SimpleValue for username
14:27:16.795 [main] DEBUG o.h.cfg.annotations.PropertyBinder - Building property username
14:27:16.796 [main] DEBUG org.hibernate.cfg.AnnotationBinder - Binding entity from annotated class: cn.cstqb.exam.testmaker.entities.Chapter
14:27:16.796 [main] DEBUG org.hibernate.cfg.Ejb3Column - Binding column: Ejb3DiscriminatorColumn{logicalColumnName&apos;DTYPE&apos;, discriminatorTypeName=&apos;string&apos;}
14:27:16.796 [main] DEBUG o.h.cfg.annotations.EntityBinder - Import with entity name Chapter
14:27:16.796 [main] DEBUG o.h.cfg.annotations.EntityBinder - Bind entity cn.cstqb.exam.testmaker.entities.Chapter on table chapter
14:27:16.797 [main] DEBUG org.hibernate.cfg.Ejb3Column - Binding column: Ejb3Column{table=org.hibernate.mapping.Table(chapter), mappingColumn=id, insertable=true, updatable=false, unique=false}
14:27:16.797 [main] DEBUG o.h.cfg.annotations.PropertyBinder - MetadataSourceProcessor property id with lazy=false
14:27:16.797 [main] DEBUG o.h.cfg.AbstractPropertyHolder - Attempting to locate auto-apply AttributeConverter for property [cn.cstqb.exam.testmaker.entities.Chapter:id]
14:27:16.797 [main] DEBUG o.h.c.annotations.SimpleValueBinder - building SimpleValue for id
14:27:16.797 [main] DEBUG o.h.cfg.annotations.PropertyBinder - Building property id
14:27:16.798 [main] DEBUG org.hibernate.cfg.Ejb3Column - Binding column: Ejb3Column{table=org.hibernate.mapping.Table(chapter), mappingColumn=created_on, insertable=true, updatable=false, unique=false}
14:27:16.798 [main] DEBUG o.h.cfg.annotations.PropertyBinder - MetadataSourceProcessor property createdOn with lazy=false
14:27:16.798 [main] DEBUG o.h.cfg.AbstractPropertyHolder - Attempting to locate auto-apply AttributeConverter for property [cn.cstqb.exam.testmaker.entities.Chapter:createdOn]
14:27:16.798 [main] DEBUG o.h.c.annotations.SimpleValueBinder - building SimpleValue for createdOn
14:27:16.798 [main] DEBUG o.h.cfg.annotations.PropertyBinder - Building property createdOn
14:27:16.798 [main] DEBUG org.hibernate.cfg.Ejb3Column - Binding column: Ejb3Column{table=org.hibernate.mapping.Table(chapter), mappingColumn=updated_on, insertable=true, updatable=true, unique=false}
14:27:16.798 [main] DEBUG o.h.cfg.annotations.PropertyBinder - MetadataSourceProcessor property updatedOn with lazy=false
14:27:16.798 [main] DEBUG o.h.cfg.AbstractPropertyHolder - Attempting to locate auto-apply AttributeConverter for property [cn.cstqb.exam.testmaker.entities.Chapter:updatedOn]
14:27:16.798 [main] DEBUG o.h.c.annotations.SimpleValueBinder - building SimpleValue for updatedOn
14:27:16.799 [main] DEBUG o.h.cfg.annotations.PropertyBinder - Building property updatedOn
14:27:16.799 [main] DEBUG org.hibernate.cfg.Ejb3Column - Binding column: Ejb3Column{table=org.hibernate.mapping.Table(chapter), mappingColumn=number, insertable=true, updatable=true, unique=false}
14:27:16.799 [main] DEBUG o.h.cfg.annotations.PropertyBinder - MetadataSourceProcessor property number with lazy=false
14:27:16.799 [main] DEBUG o.h.cfg.AbstractPropertyHolder - Attempting to locate auto-apply AttributeConverter for property [cn.cstqb.exam.testmaker.entities.Chapter:number]
14:27:16.799 [main] DEBUG o.h.c.annotations.SimpleValueBinder - building SimpleValue for number
14:27:16.799 [main] DEBUG o.h.cfg.annotations.PropertyBinder - Building property number
14:27:16.799 [main] DEBUG org.hibernate.cfg.Ejb3Column - Binding column: Ejb3JoinColumn{logicalColumnName=&apos;null&apos;, referencedColumn=&apos;null&apos;, mappedBy=&apos;chapter&apos;}
14:27:16.800 [main] DEBUG org.hibernate.cfg.Ejb3Column - Binding column: Ejb3Column{table=org.hibernate.mapping.Table(chapter), mappingColumn=points, insertable=true, updatable=true, unique=false}
14:27:16.800 [main] DEBUG org.hibernate.cfg.Ejb3Column - Binding column: Ejb3Column{table=org.hibernate.mapping.Table(chapter), mappingColumn=null, insertable=true, updatable=true, unique=false}
14:27:16.800 [main] DEBUG org.hibernate.cfg.Ejb3Column - Binding column: Ejb3Column{table=org.hibernate.mapping.Table(chapter), mappingColumn=element, insertable=true, updatable=true, unique=false}
14:27:16.800 [main] DEBUG org.hibernate.cfg.Ejb3Column - Binding column: Ejb3Column{table=org.hibernate.mapping.Table(chapter), mappingColumn=points_key, insertable=true, updatable=true, unique=false}
14:27:16.800 [main] DEBUG org.hibernate.cfg.Ejb3Column - Binding column: Ejb3JoinColumn{logicalColumnName=&apos;points_KEY&apos;, referencedColumn=&apos;null&apos;, mappedBy=&apos;null&apos;}
14:27:16.800 [main] DEBUG org.hibernate.cfg.Ejb3Column - Binding column: Ejb3JoinColumn{logicalColumnName=&apos;null&apos;, referencedColumn=&apos;null&apos;, mappedBy=&apos;chapter&apos;}
14:27:16.800 [main] DEBUG org.hibernate.cfg.Ejb3Column - Binding column: Ejb3JoinColumn{logicalColumnName=&apos;null&apos;, referencedColumn=&apos;null&apos;, mappedBy=&apos;chapter&apos;}
14:27:16.800 [main] DEBUG o.h.cfg.annotations.CollectionBinder - Collection role: cn.cstqb.exam.testmaker.entities.Chapter.points
14:27:16.800 [main] DEBUG o.h.cfg.annotations.PropertyBinder - Building property points
14:27:16.801 [main] DEBUG org.hibernate.cfg.Ejb3Column - Binding column: Ejb3JoinColumn{logicalColumnName=&apos;syllabus_id&apos;, referencedColumn=&apos;&apos;, mappedBy=&apos;&apos;}
14:27:16.801 [main] DEBUG org.hibernate.cfg.Ejb3Column - Binding column: Ejb3Column{table=org.hibernate.mapping.Table(chapter), mappingColumn=syllabus, insertable=true, updatable=true, unique=false}
14:27:16.801 [main] DEBUG o.h.cfg.annotations.PropertyBinder - Building property syllabus
14:27:16.801 [main] DEBUG org.hibernate.cfg.Ejb3Column - Binding column: Ejb3Column{table=org.hibernate.mapping.Table(chapter), mappingColumn=title, insertable=true, updatable=true, unique=false}
14:27:16.801 [main] DEBUG o.h.cfg.annotations.PropertyBinder - MetadataSourceProcessor property title with lazy=false
14:27:16.801 [main] DEBUG o.h.cfg.AbstractPropertyHolder - Attempting to locate auto-apply AttributeConverter for property [cn.cstqb.exam.testmaker.entities.Chapter:title]
14:27:16.801 [main] DEBUG o.h.c.annotations.SimpleValueBinder - building SimpleValue for title
14:27:16.801 [main] DEBUG o.h.cfg.annotations.PropertyBinder - Building property title
14:27:16.802 [main] DEBUG org.hibernate.cfg.AnnotationBinder - Binding entity from annotated class: cn.cstqb.exam.testmaker.entities.QuestionChoiceImage
14:27:16.802 [main] DEBUG org.hibernate.cfg.Ejb3Column - Binding column: Ejb3DiscriminatorColumn{logicalColumnName&apos;DTYPE&apos;, discriminatorTypeName=&apos;string&apos;}
14:27:16.802 [main] DEBUG o.h.cfg.annotations.EntityBinder - Import with entity name QuestionChoiceImage
14:27:16.802 [main] DEBUG o.h.cfg.annotations.EntityBinder - Bind entity cn.cstqb.exam.testmaker.entities.QuestionChoiceImage on table question_choice_image
14:27:16.803 [main] DEBUG org.hibernate.cfg.Ejb3Column - Binding column: Ejb3Column{table=org.hibernate.mapping.Table(question_choice_image), mappingColumn=id, insertable=true, updatable=false, unique=false}
14:27:16.803 [main] DEBUG o.h.cfg.annotations.PropertyBinder - MetadataSourceProcessor property id with lazy=false
14:27:16.803 [main] DEBUG o.h.cfg.AbstractPropertyHolder - Attempting to locate auto-apply AttributeConverter for property [cn.cstqb.exam.testmaker.entities.QuestionChoiceImage:id]
14:27:16.803 [main] DEBUG o.h.c.annotations.SimpleValueBinder - building SimpleValue for id
14:27:16.804 [main] DEBUG o.h.cfg.annotations.PropertyBinder - Building property id
14:27:16.804 [main] DEBUG org.hibernate.cfg.Ejb3Column - Binding column: Ejb3Column{table=org.hibernate.mapping.Table(question_choice_image), mappingColumn=created_on, insertable=true, updatable=false, unique=false}
14:27:16.804 [main] DEBUG o.h.cfg.annotations.PropertyBinder - MetadataSourceProcessor property createdOn with lazy=false
14:27:16.804 [main] DEBUG o.h.cfg.AbstractPropertyHolder - Attempting to locate auto-apply AttributeConverter for property [cn.cstqb.exam.testmaker.entities.QuestionChoiceImage:createdOn]
14:27:16.804 [main] DEBUG o.h.c.annotations.SimpleValueBinder - building SimpleValue for createdOn
14:27:16.804 [main] DEBUG o.h.cfg.annotations.PropertyBinder - Building property createdOn
14:27:16.804 [main] DEBUG org.hibernate.cfg.Ejb3Column - Binding column: Ejb3Column{table=org.hibernate.mapping.Table(question_choice_image), mappingColumn=updated_on, insertable=true, updatable=true, unique=false}
14:27:16.804 [main] DEBUG o.h.cfg.annotations.PropertyBinder - MetadataSourceProcessor property updatedOn with lazy=false
14:27:16.804 [main] DEBUG o.h.cfg.AbstractPropertyHolder - Attempting to locate auto-apply AttributeConverter for property [cn.cstqb.exam.testmaker.entities.QuestionChoiceImage:updatedOn]
14:27:16.804 [main] DEBUG o.h.c.annotations.SimpleValueBinder - building SimpleValue for updatedOn
14:27:16.804 [main] DEBUG o.h.cfg.annotations.PropertyBinder - Building property updatedOn
14:27:16.804 [main] DEBUG org.hibernate.cfg.Ejb3Column - Binding column: Ejb3Column{table=org.hibernate.mapping.Table(question_choice_image), mappingColumn=path, insertable=true, updatable=true, unique=false}
14:27:16.804 [main] DEBUG o.h.cfg.annotations.PropertyBinder - MetadataSourceProcessor property path with lazy=false
14:27:16.805 [main] DEBUG o.h.cfg.AbstractPropertyHolder - Attempting to locate auto-apply AttributeConverter for property [cn.cstqb.exam.testmaker.entities.QuestionChoiceImage:path]
14:27:16.805 [main] DEBUG o.h.c.annotations.SimpleValueBinder - building SimpleValue for path
14:27:16.805 [main] DEBUG o.h.cfg.annotations.PropertyBinder - Building property path
14:27:16.805 [main] DEBUG org.hibernate.cfg.Ejb3Column - Binding column: Ejb3Column{table=org.hibernate.mapping.Table(question_choice_image), mappingColumn=caption, insertable=true, updatable=true, unique=false}
14:27:16.805 [main] DEBUG o.h.cfg.annotations.PropertyBinder - MetadataSourceProcessor property caption with lazy=false
14:27:16.805 [main] DEBUG o.h.cfg.AbstractPropertyHolder - Attempting to locate auto-apply AttributeConverter for property [cn.cstqb.exam.testmaker.entities.QuestionChoiceImage:caption]
14:27:16.805 [main] DEBUG o.h.c.annotations.SimpleValueBinder - building SimpleValue for caption
14:27:16.805 [main] DEBUG o.h.cfg.annotations.PropertyBinder - Building property caption
14:27:16.806 [main] DEBUG org.hibernate.cfg.Ejb3Column - Binding column: Ejb3JoinColumn{logicalColumnName=&apos;QUESTION_CHOICE_ID&apos;, referencedColumn=&apos;&apos;, mappedBy=&apos;&apos;}
14:27:16.806 [main] DEBUG org.hibernate.cfg.Ejb3Column - Binding column: Ejb3Column{table=org.hibernate.mapping.Table(question_choice_image), mappingColumn=choice, insertable=true, updatable=true, unique=false}
14:27:16.806 [main] DEBUG o.h.cfg.annotations.PropertyBinder - Building property choice
14:27:16.806 [main] DEBUG org.hibernate.cfg.AnnotationBinder - Binding entity from annotated class: cn.cstqb.exam.testmaker.entities.Question
14:27:16.806 [main] DEBUG org.hibernate.cfg.Ejb3Column - Binding column: Ejb3DiscriminatorColumn{logicalColumnName&apos;DTYPE&apos;, discriminatorTypeName=&apos;string&apos;}
14:27:16.807 [main] DEBUG o.h.cfg.annotations.EntityBinder - Import with entity name Question
14:27:16.807 [main] DEBUG o.h.cfg.annotations.EntityBinder - Bind entity cn.cstqb.exam.testmaker.entities.Question on table question
14:27:16.808 [main] DEBUG org.hibernate.cfg.Ejb3Column - Binding column: Ejb3Column{table=org.hibernate.mapping.Table(question), mappingColumn=id, insertable=true, updatable=false, unique=false}
14:27:16.808 [main] DEBUG o.h.cfg.annotations.PropertyBinder - MetadataSourceProcessor property id with lazy=false
14:27:16.808 [main] DEBUG o.h.cfg.AbstractPropertyHolder - Attempting to locate auto-apply AttributeConverter for property [cn.cstqb.exam.testmaker.entities.Question:id]
14:27:16.808 [main] DEBUG o.h.c.annotations.SimpleValueBinder - building SimpleValue for id
14:27:16.808 [main] DEBUG o.h.cfg.annotations.PropertyBinder - Building property id
14:27:16.809 [main] DEBUG org.hibernate.cfg.Ejb3Column - Binding column: Ejb3Column{table=org.hibernate.mapping.Table(question), mappingColumn=created_on, insertable=true, updatable=false, unique=false}
14:27:16.809 [main] DEBUG o.h.cfg.annotations.PropertyBinder - MetadataSourceProcessor property createdOn with lazy=false
14:27:16.809 [main] DEBUG o.h.cfg.AbstractPropertyHolder - Attempting to locate auto-apply AttributeConverter for property [cn.cstqb.exam.testmaker.entities.Question:createdOn]
14:27:16.809 [main] DEBUG o.h.c.annotations.SimpleValueBinder - building SimpleValue for createdOn
14:27:16.809 [main] DEBUG o.h.cfg.annotations.PropertyBinder - Building property createdOn
14:27:16.809 [main] DEBUG org.hibernate.cfg.Ejb3Column - Binding column: Ejb3Column{table=org.hibernate.mapping.Table(question), mappingColumn=updated_on, insertable=true, updatable=true, unique=false}
14:27:16.810 [main] DEBUG o.h.cfg.annotations.PropertyBinder - MetadataSourceProcessor property updatedOn with lazy=false
14:27:16.810 [main] DEBUG o.h.cfg.AbstractPropertyHolder - Attempting to locate auto-apply AttributeConverter for property [cn.cstqb.exam.testmaker.entities.Question:updatedOn]
14:27:16.810 [main] DEBUG o.h.c.annotations.SimpleValueBinder - building SimpleValue for updatedOn
14:27:16.810 [main] DEBUG o.h.cfg.annotations.PropertyBinder - Building property updatedOn
14:27:16.810 [main] DEBUG org.hibernate.cfg.Ejb3Column - Binding column: Ejb3JoinColumn{logicalColumnName=&apos;author_id&apos;, referencedColumn=&apos;&apos;, mappedBy=&apos;&apos;}
14:27:16.810 [main] DEBUG org.hibernate.cfg.Ejb3Column - Binding column: Ejb3Column{table=org.hibernate.mapping.Table(question), mappingColumn=author, insertable=true, updatable=true, unique=false}
14:27:16.810 [main] DEBUG o.h.cfg.annotations.PropertyBinder - Building property author
14:27:16.811 [main] DEBUG org.hibernate.cfg.Ejb3Column - Binding column: Ejb3Column{table=org.hibernate.mapping.Table(question), mappingColumn=authoring_finish_date, insertable=true, updatable=true, unique=false}
14:27:16.811 [main] DEBUG o.h.cfg.annotations.PropertyBinder - MetadataSourceProcessor property authoringFinishDate with lazy=false
14:27:16.811 [main] DEBUG o.h.cfg.AbstractPropertyHolder - Attempting to locate auto-apply AttributeConverter for property [cn.cstqb.exam.testmaker.entities.Question:authoringFinishDate]
14:27:16.811 [main] DEBUG o.h.c.annotations.SimpleValueBinder - building SimpleValue for authoringFinishDate
14:27:16.811 [main] DEBUG o.h.cfg.annotations.PropertyBinder - Building property authoringFinishDate
14:27:16.811 [main] DEBUG org.hibernate.cfg.Ejb3Column - Binding column: Ejb3Column{table=org.hibernate.mapping.Table(question), mappingColumn=authoring_start_date, insertable=true, updatable=true, unique=false}
14:27:16.811 [main] DEBUG o.h.cfg.annotations.PropertyBinder - MetadataSourceProcessor property authoringStartDate with lazy=false
14:27:16.811 [main] DEBUG o.h.cfg.AbstractPropertyHolder - Attempting to locate auto-apply AttributeConverter for property [cn.cstqb.exam.testmaker.entities.Question:authoringStartDate]
14:27:16.811 [main] DEBUG o.h.c.annotations.SimpleValueBinder - building SimpleValue for authoringStartDate
14:27:16.811 [main] DEBUG o.h.cfg.annotations.PropertyBinder - Building property authoringStartDate
14:27:16.812 [main] DEBUG org.hibernate.cfg.Ejb3Column - Binding column: Ejb3Column{table=org.hibernate.mapping.Table(question), mappingColumn=custom_field2, insertable=true, updatable=true, unique=false}
14:27:16.812 [main] DEBUG o.h.cfg.annotations.PropertyBinder - MetadataSourceProcessor property customField2 with lazy=false
14:27:16.812 [main] DEBUG o.h.cfg.AbstractPropertyHolder - Attempting to locate auto-apply AttributeConverter for property [cn.cstqb.exam.testmaker.entities.Question:customField2]
14:27:16.812 [main] DEBUG o.h.c.annotations.SimpleValueBinder - building SimpleValue for customField2
14:27:16.812 [main] DEBUG o.h.cfg.annotations.PropertyBinder - Building property customField2
14:27:16.812 [main] DEBUG org.hibernate.cfg.Ejb3Column - Binding column: Ejb3Column{table=org.hibernate.mapping.Table(question), mappingColumn=custom_field3, insertable=true, updatable=true, unique=false}
14:27:16.813 [main] DEBUG o.h.cfg.annotations.PropertyBinder - MetadataSourceProcessor property customField3 with lazy=false
14:27:16.813 [main] DEBUG o.h.cfg.AbstractPropertyHolder - Attempting to locate auto-apply AttributeConverter for property [cn.cstqb.exam.testmaker.entities.Question:customField3]
14:27:16.813 [main] DEBUG o.h.c.annotations.SimpleValueBinder - building SimpleValue for customField3
14:27:16.813 [main] DEBUG o.h.cfg.annotations.PropertyBinder - Building property customField3
14:27:16.813 [main] DEBUG org.hibernate.cfg.Ejb3Column - Binding column: Ejb3Column{table=org.hibernate.mapping.Table(question), mappingColumn=custom_filed1, insertable=true, updatable=true, unique=false}
14:27:16.813 [main] DEBUG o.h.cfg.annotations.PropertyBinder - MetadataSourceProcessor property customFiled1 with lazy=false
14:27:16.813 [main] DEBUG o.h.cfg.AbstractPropertyHolder - Attempting to locate auto-apply AttributeConverter for property [cn.cstqb.exam.testmaker.entities.Question:customFiled1]
14:27:16.813 [main] DEBUG o.h.c.annotations.SimpleValueBinder - building SimpleValue for customFiled1
14:27:16.813 [main] DEBUG o.h.cfg.annotations.PropertyBinder - Building property customFiled1
14:27:16.813 [main] DEBUG org.hibernate.cfg.Ejb3Column - Binding column: Ejb3Column{table=org.hibernate.mapping.Table(question), mappingColumn=description, insertable=true, updatable=true, unique=false}
14:27:16.813 [main] DEBUG o.h.cfg.annotations.PropertyBinder - MetadataSourceProcessor property description with lazy=false
14:27:16.813 [main] DEBUG o.h.cfg.AbstractPropertyHolder - Attempting to locate auto-apply AttributeConverter for property [cn.cstqb.exam.testmaker.entities.Question:description]
14:27:16.814 [main] DEBUG o.h.c.annotations.SimpleValueBinder - building SimpleValue for description
14:27:16.814 [main] DEBUG o.h.cfg.annotations.PropertyBinder - Building property description
14:27:16.814 [main] DEBUG org.hibernate.cfg.Ejb3Column - Binding column: Ejb3Column{table=org.hibernate.mapping.Table(question), mappingColumn=difficulty, insertable=true, updatable=true, unique=false}
14:27:16.814 [main] DEBUG o.h.cfg.annotations.PropertyBinder - MetadataSourceProcessor property difficulty with lazy=false
14:27:16.814 [main] DEBUG o.h.cfg.AbstractPropertyHolder - Attempting to locate auto-apply AttributeConverter for property [cn.cstqb.exam.testmaker.entities.Question:difficulty]
14:27:16.814 [main] DEBUG o.h.c.annotations.SimpleValueBinder - building SimpleValue for difficulty
14:27:16.814 [main] DEBUG o.h.cfg.annotations.PropertyBinder - Building property difficulty
14:27:16.814 [main] DEBUG org.hibernate.cfg.Ejb3Column - Binding column: Ejb3JoinColumn{logicalColumnName=&apos;null&apos;, referencedColumn=&apos;null&apos;, mappedBy=&apos;question&apos;}
14:27:16.815 [main] DEBUG org.hibernate.cfg.Ejb3Column - Binding column: Ejb3Column{table=org.hibernate.mapping.Table(question), mappingColumn=images, insertable=true, updatable=true, unique=false}
14:27:16.815 [main] DEBUG org.hibernate.cfg.Ejb3Column - Binding column: Ejb3Column{table=org.hibernate.mapping.Table(question), mappingColumn=null, insertable=true, updatable=true, unique=false}
14:27:16.815 [main] DEBUG org.hibernate.cfg.Ejb3Column - Binding column: Ejb3Column{table=org.hibernate.mapping.Table(question), mappingColumn=element, insertable=true, updatable=true, unique=false}
14:27:16.815 [main] DEBUG org.hibernate.cfg.Ejb3Column - Binding column: Ejb3Column{table=org.hibernate.mapping.Table(question), mappingColumn=images_key, insertable=true, updatable=true, unique=false}
14:27:16.815 [main] DEBUG org.hibernate.cfg.Ejb3Column - Binding column: Ejb3JoinColumn{logicalColumnName=&apos;images_KEY&apos;, referencedColumn=&apos;null&apos;, mappedBy=&apos;null&apos;}
14:27:16.815 [main] DEBUG org.hibernate.cfg.Ejb3Column - Binding column: Ejb3JoinColumn{logicalColumnName=&apos;null&apos;, referencedColumn=&apos;null&apos;, mappedBy=&apos;question&apos;}
14:27:16.815 [main] DEBUG org.hibernate.cfg.Ejb3Column - Binding column: Ejb3JoinColumn{logicalColumnName=&apos;null&apos;, referencedColumn=&apos;null&apos;, mappedBy=&apos;question&apos;}
14:27:16.815 [main] DEBUG o.h.cfg.annotations.CollectionBinder - Collection role: cn.cstqb.exam.testmaker.entities.Question.images
14:27:16.815 [main] DEBUG o.h.cfg.annotations.PropertyBinder - Building property images
14:27:16.815 [main] DEBUG org.hibernate.cfg.Ejb3Column - Binding column: Ejb3JoinColumn{logicalColumnName=&apos;null&apos;, referencedColumn=&apos;null&apos;, mappedBy=&apos;null&apos;}
14:27:16.815 [main] DEBUG org.hibernate.cfg.Ejb3Column - Binding column: Ejb3Column{table=org.hibernate.mapping.Table(question), mappingColumn=knowledge_point, insertable=true, updatable=true, unique=false}
14:27:16.815 [main] DEBUG o.h.cfg.annotations.PropertyBinder - Building property knowledgePoint
14:27:16.815 [main] DEBUG org.hibernate.cfg.Ejb3Column - Binding column: Ejb3JoinColumn{logicalColumnName=&apos;null&apos;, referencedColumn=&apos;&apos;, mappedBy=&apos;&apos;}
14:27:16.816 [main] DEBUG org.hibernate.cfg.Ejb3Column - Binding column: Ejb3Column{table=org.hibernate.mapping.Table(question), mappingColumn=language, insertable=true, updatable=true, unique=false}
14:27:16.816 [main] DEBUG o.h.cfg.annotations.PropertyBinder - Building property language
14:27:16.816 [main] DEBUG org.hibernate.cfg.Ejb3Column - Binding column: Ejb3Column{table=org.hibernate.mapping.Table(question), mappingColumn=memo, insertable=true, updatable=true, unique=false}
14:27:16.816 [main] DEBUG o.h.cfg.annotations.PropertyBinder - MetadataSourceProcessor property memo with lazy=false
14:27:16.816 [main] DEBUG o.h.cfg.AbstractPropertyHolder - Attempting to locate auto-apply AttributeConverter for property [cn.cstqb.exam.testmaker.entities.Question:memo]
14:27:16.816 [main] DEBUG o.h.c.annotations.SimpleValueBinder - building SimpleValue for memo
14:27:16.816 [main] DEBUG o.h.cfg.annotations.PropertyBinder - Building property memo
14:27:16.817 [main] DEBUG org.hibernate.cfg.Ejb3Column - Binding column: Ejb3Column{table=org.hibernate.mapping.Table(question), mappingColumn=multiple_choice, insertable=true, updatable=true, unique=false}
14:27:16.817 [main] DEBUG o.h.cfg.annotations.PropertyBinder - MetadataSourceProcessor property multipleChoice with lazy=false
14:27:16.817 [main] DEBUG o.h.cfg.AbstractPropertyHolder - Attempting to locate auto-apply AttributeConverter for property [cn.cstqb.exam.testmaker.entities.Question:multipleChoice]
14:27:16.817 [main] DEBUG o.h.c.annotations.SimpleValueBinder - building SimpleValue for multipleChoice
14:27:16.817 [main] DEBUG o.h.cfg.annotations.PropertyBinder - Building property multipleChoice
14:27:16.818 [main] DEBUG org.hibernate.cfg.Ejb3Column - Binding column: Ejb3JoinColumn{logicalColumnName=&apos;project_id&apos;, referencedColumn=&apos;&apos;, mappedBy=&apos;&apos;}
14:27:16.818 [main] DEBUG org.hibernate.cfg.Ejb3Column - Binding column: Ejb3Column{table=org.hibernate.mapping.Table(question), mappingColumn=project, insertable=true, updatable=true, unique=false}
14:27:16.819 [main] DEBUG o.h.cfg.annotations.PropertyBinder - Building property project
14:27:16.819 [main] DEBUG org.hibernate.cfg.Ejb3Column - Binding column: Ejb3Column{table=org.hibernate.mapping.Table(question), mappingColumn=published, insertable=true, updatable=true, unique=false}
14:27:16.819 [main] DEBUG o.h.cfg.annotations.PropertyBinder - MetadataSourceProcessor property published with lazy=false
14:27:16.819 [main] DEBUG o.h.cfg.AbstractPropertyHolder - Attempting to locate auto-apply AttributeConverter for property [cn.cstqb.exam.testmaker.entities.Question:published]
14:27:16.819 [main] DEBUG o.h.c.annotations.SimpleValueBinder - building SimpleValue for published
14:27:16.819 [main] DEBUG o.h.cfg.annotations.PropertyBinder - Building property published
14:27:16.819 [main] DEBUG org.hibernate.cfg.Ejb3Column - Binding column: Ejb3JoinColumn{logicalColumnName=&apos;qualityAdmin_id&apos;, referencedColumn=&apos;&apos;, mappedBy=&apos;&apos;}
14:27:16.819 [main] DEBUG org.hibernate.cfg.Ejb3Column - Binding column: Ejb3Column{table=org.hibernate.mapping.Table(question), mappingColumn=quality_admin, insertable=true, updatable=true, unique=false}
14:27:16.819 [main] DEBUG o.h.cfg.annotations.PropertyBinder - Building property qualityAdmin
14:27:16.819 [main] DEBUG org.hibernate.cfg.Ejb3Column - Binding column: Ejb3Column{table=org.hibernate.mapping.Table(question), mappingColumn=remark, insertable=true, updatable=true, unique=false}
14:27:16.819 [main] DEBUG o.h.cfg.annotations.PropertyBinder - MetadataSourceProcessor property remark with lazy=false
14:27:16.819 [main] DEBUG o.h.cfg.AbstractPropertyHolder - Attempting to locate auto-apply AttributeConverter for property [cn.cstqb.exam.testmaker.entities.Question:remark]
14:27:16.820 [main] DEBUG o.h.c.annotations.SimpleValueBinder - building SimpleValue for remark
14:27:16.820 [main] DEBUG o.h.cfg.annotations.PropertyBinder - Building property remark
14:27:16.820 [main] DEBUG org.hibernate.cfg.Ejb3Column - Binding column: Ejb3Column{table=org.hibernate.mapping.Table(question), mappingColumn=null, insertable=true, updatable=true, unique=false}
14:27:16.820 [main] DEBUG org.hibernate.cfg.Ejb3Column - Binding column: Ejb3Column{table=org.hibernate.mapping.Table(question), mappingColumn=element, insertable=true, updatable=true, unique=false}
14:27:16.820 [main] DEBUG org.hibernate.cfg.Ejb3Column - Binding column: Ejb3Column{table=org.hibernate.mapping.Table(question), mappingColumn=reviewers_key, insertable=true, updatable=true, unique=false}
14:27:16.820 [main] DEBUG org.hibernate.cfg.Ejb3Column - Binding column: Ejb3JoinColumn{logicalColumnName=&apos;reviewers_KEY&apos;, referencedColumn=&apos;null&apos;, mappedBy=&apos;null&apos;}
14:27:16.820 [main] DEBUG org.hibernate.cfg.Ejb3Column - Binding column: Ejb3JoinColumn{logicalColumnName=&apos;question_id&apos;, referencedColumn=&apos;&apos;, mappedBy=&apos;&apos;}
14:27:16.820 [main] DEBUG org.hibernate.cfg.Ejb3Column - Binding column: Ejb3JoinColumn{logicalColumnName=&apos;reviewer_id&apos;, referencedColumn=&apos;&apos;, mappedBy=&apos;&apos;}
14:27:16.820 [main] DEBUG o.h.cfg.annotations.CollectionBinder - Collection role: cn.cstqb.exam.testmaker.entities.Question.reviewers
14:27:16.820 [main] DEBUG o.h.cfg.annotations.PropertyBinder - Building property reviewers
14:27:16.821 [main] DEBUG org.hibernate.cfg.Ejb3Column - Binding column: Ejb3Column{table=org.hibernate.mapping.Table(question), mappingColumn=reviewing_finish_date, insertable=true, updatable=true, unique=false}
14:27:16.821 [main] DEBUG o.h.cfg.annotations.PropertyBinder - MetadataSourceProcessor property reviewingFinishDate with lazy=false
14:27:16.821 [main] DEBUG o.h.cfg.AbstractPropertyHolder - Attempting to locate auto-apply AttributeConverter for property [cn.cstqb.exam.testmaker.entities.Question:reviewingFinishDate]
14:27:16.821 [main] DEBUG o.h.c.annotations.SimpleValueBinder - building SimpleValue for reviewingFinishDate
14:27:16.821 [main] DEBUG o.h.cfg.annotations.PropertyBinder - Building property reviewingFinishDate
14:27:16.821 [main] DEBUG org.hibernate.cfg.Ejb3Column - Binding column: Ejb3Column{table=org.hibernate.mapping.Table(question), mappingColumn=reviewing_start_date, insertable=true, updatable=true, unique=false}
14:27:16.821 [main] DEBUG o.h.cfg.annotations.PropertyBinder - MetadataSourceProcessor property reviewingStartDate with lazy=false
14:27:16.821 [main] DEBUG o.h.cfg.AbstractPropertyHolder - Attempting to locate auto-apply AttributeConverter for property [cn.cstqb.exam.testmaker.entities.Question:reviewingStartDate]
14:27:16.822 [main] DEBUG o.h.c.annotations.SimpleValueBinder - building SimpleValue for reviewingStartDate
14:27:16.822 [main] DEBUG o.h.cfg.annotations.PropertyBinder - Building property reviewingStartDate
14:27:16.822 [main] DEBUG org.hibernate.cfg.Ejb3Column - Binding column: Ejb3Column{table=org.hibernate.mapping.Table(question), mappingColumn=scenario, insertable=true, updatable=true, unique=false}
14:27:16.822 [main] DEBUG o.h.cfg.annotations.PropertyBinder - MetadataSourceProcessor property scenario with lazy=false
14:27:16.822 [main] DEBUG o.h.cfg.AbstractPropertyHolder - Attempting to locate auto-apply AttributeConverter for property [cn.cstqb.exam.testmaker.entities.Question:scenario]
14:27:16.822 [main] DEBUG o.h.c.annotations.SimpleValueBinder - building SimpleValue for scenario
14:27:16.822 [main] DEBUG o.h.cfg.annotations.PropertyBinder - Building property scenario
14:27:16.822 [main] DEBUG org.hibernate.cfg.Ejb3Column - Binding column: Ejb3Column{table=org.hibernate.mapping.Table(question), mappingColumn=score, insertable=true, updatable=true, unique=false}
14:27:16.822 [main] DEBUG o.h.cfg.annotations.PropertyBinder - MetadataSourceProcessor property score with lazy=false
14:27:16.822 [main] DEBUG o.h.cfg.AbstractPropertyHolder - Attempting to locate auto-apply AttributeConverter for property [cn.cstqb.exam.testmaker.entities.Question:score]
14:27:16.822 [main] DEBUG o.h.c.annotations.SimpleValueBinder - building SimpleValue for score
14:27:16.822 [main] DEBUG o.h.cfg.annotations.PropertyBinder - Building property score
14:27:16.822 [main] DEBUG org.hibernate.cfg.Ejb3Column - Binding column: Ejb3JoinColumn{logicalColumnName=&apos;null&apos;, referencedColumn=&apos;&apos;, mappedBy=&apos;&apos;}
14:27:16.822 [main] DEBUG org.hibernate.cfg.Ejb3Column - Binding column: Ejb3Column{table=org.hibernate.mapping.Table(question), mappingColumn=status, insertable=true, updatable=true, unique=false}
14:27:16.823 [main] DEBUG o.h.cfg.annotations.PropertyBinder - Building property status
14:27:16.823 [main] DEBUG org.hibernate.cfg.Ejb3Column - Binding column: Ejb3Column{table=org.hibernate.mapping.Table(question), mappingColumn=stem, insertable=true, updatable=true, unique=false}
14:27:16.823 [main] DEBUG o.h.cfg.annotations.PropertyBinder - MetadataSourceProcessor property stem with lazy=false
14:27:16.823 [main] DEBUG o.h.cfg.AbstractPropertyHolder - Attempting to locate auto-apply AttributeConverter for property [cn.cstqb.exam.testmaker.entities.Question:stem]
14:27:16.823 [main] DEBUG o.h.c.annotations.SimpleValueBinder - building SimpleValue for stem
14:27:16.823 [main] DEBUG o.h.cfg.annotations.PropertyBinder - Building property stem
14:27:16.823 [main] DEBUG org.hibernate.cfg.Ejb3Column - Binding column: Ejb3JoinColumn{logicalColumnName=&apos;null&apos;, referencedColumn=&apos;&apos;, mappedBy=&apos;&apos;}
14:27:16.823 [main] DEBUG org.hibernate.cfg.Ejb3Column - Binding column: Ejb3Column{table=org.hibernate.mapping.Table(question), mappingColumn=type, insertable=true, updatable=true, unique=false}
14:27:16.823 [main] DEBUG o.h.cfg.annotations.PropertyBinder - Building property type
14:27:16.824 [main] DEBUG org.hibernate.cfg.AnnotationBinder - Binding entity from annotated class: cn.cstqb.exam.testmaker.entities.Project
14:27:16.824 [main] DEBUG org.hibernate.cfg.Ejb3Column - Binding column: Ejb3DiscriminatorColumn{logicalColumnName&apos;DTYPE&apos;, discriminatorTypeName=&apos;string&apos;}
14:27:16.824 [main] DEBUG o.h.cfg.annotations.EntityBinder - Import with entity name Project
14:27:16.825 [main] DEBUG o.h.cfg.annotations.EntityBinder - Bind entity cn.cstqb.exam.testmaker.entities.Project on table project
14:27:16.826 [main] DEBUG org.hibernate.cfg.Ejb3Column - Binding column: Ejb3Column{table=org.hibernate.mapping.Table(project), mappingColumn=id, insertable=true, updatable=false, unique=false}
14:27:16.826 [main] DEBUG o.h.cfg.annotations.PropertyBinder - MetadataSourceProcessor property id with lazy=false
14:27:16.826 [main] DEBUG o.h.cfg.AbstractPropertyHolder - Attempting to locate auto-apply AttributeConverter for property [cn.cstqb.exam.testmaker.entities.Project:id]
14:27:16.826 [main] DEBUG o.h.c.annotations.SimpleValueBinder - building SimpleValue for id
14:27:16.826 [main] DEBUG o.h.cfg.annotations.PropertyBinder - Building property id
14:27:16.827 [main] DEBUG org.hibernate.cfg.Ejb3Column - Binding column: Ejb3Column{table=org.hibernate.mapping.Table(project), mappingColumn=created_on, insertable=true, updatable=false, unique=false}
14:27:16.827 [main] DEBUG o.h.cfg.annotations.PropertyBinder - MetadataSourceProcessor property createdOn with lazy=false
14:27:16.827 [main] DEBUG o.h.cfg.AbstractPropertyHolder - Attempting to locate auto-apply AttributeConverter for property [cn.cstqb.exam.testmaker.entities.Project:createdOn]
14:27:16.827 [main] DEBUG o.h.c.annotations.SimpleValueBinder - building SimpleValue for createdOn
14:27:16.827 [main] DEBUG o.h.cfg.annotations.PropertyBinder - Building property createdOn
14:27:16.827 [main] DEBUG org.hibernate.cfg.Ejb3Column - Binding column: Ejb3Column{table=org.hibernate.mapping.Table(project), mappingColumn=updated_on, insertable=true, updatable=true, unique=false}
14:27:16.827 [main] DEBUG o.h.cfg.annotations.PropertyBinder - MetadataSourceProcessor property updatedOn with lazy=false
14:27:16.827 [main] DEBUG o.h.cfg.AbstractPropertyHolder - Attempting to locate auto-apply AttributeConverter for property [cn.cstqb.exam.testmaker.entities.Project:updatedOn]
14:27:16.827 [main] DEBUG o.h.c.annotations.SimpleValueBinder - building SimpleValue for updatedOn
14:27:16.827 [main] DEBUG o.h.cfg.annotations.PropertyBinder - Building property updatedOn
14:27:16.827 [main] DEBUG org.hibernate.cfg.Ejb3Column - Binding column: Ejb3Column{table=org.hibernate.mapping.Table(project), mappingColumn=custom_field1, insertable=true, updatable=true, unique=false}
14:27:16.827 [main] DEBUG o.h.cfg.annotations.PropertyBinder - MetadataSourceProcessor property customField1 with lazy=false
14:27:16.827 [main] DEBUG o.h.cfg.AbstractPropertyHolder - Attempting to locate auto-apply AttributeConverter for property [cn.cstqb.exam.testmaker.entities.Project:customField1]
14:27:16.827 [main] DEBUG o.h.c.annotations.SimpleValueBinder - building SimpleValue for customField1
14:27:16.828 [main] DEBUG o.h.cfg.annotations.PropertyBinder - Building property customField1
14:27:16.828 [main] DEBUG org.hibernate.cfg.Ejb3Column - Binding column: Ejb3Column{table=org.hibernate.mapping.Table(project), mappingColumn=custom_field2, insertable=true, updatable=true, unique=false}
14:27:16.828 [main] DEBUG o.h.cfg.annotations.PropertyBinder - MetadataSourceProcessor property customField2 with lazy=false
14:27:16.828 [main] DEBUG o.h.cfg.AbstractPropertyHolder - Attempting to locate auto-apply AttributeConverter for property [cn.cstqb.exam.testmaker.entities.Project:customField2]
14:27:16.828 [main] DEBUG o.h.c.annotations.SimpleValueBinder - building SimpleValue for customField2
14:27:16.828 [main] DEBUG o.h.cfg.annotations.PropertyBinder - Building property customField2
14:27:16.828 [main] DEBUG org.hibernate.cfg.Ejb3Column - Binding column: Ejb3Column{table=org.hibernate.mapping.Table(project), mappingColumn=custom_field3, insertable=true, updatable=true, unique=false}
14:27:16.828 [main] DEBUG o.h.cfg.annotations.PropertyBinder - MetadataSourceProcessor property customField3 with lazy=false
14:27:16.828 [main] DEBUG o.h.cfg.AbstractPropertyHolder - Attempting to locate auto-apply AttributeConverter for property [cn.cstqb.exam.testmaker.entities.Project:customField3]
14:27:16.828 [main] DEBUG o.h.c.annotations.SimpleValueBinder - building SimpleValue for customField3
14:27:16.828 [main] DEBUG o.h.cfg.annotations.PropertyBinder - Building property customField3
14:27:16.829 [main] DEBUG org.hibernate.cfg.Ejb3Column - Binding column: Ejb3JoinColumn{logicalColumnName=&apos;null&apos;, referencedColumn=&apos;null&apos;, mappedBy=&apos;&apos;}
14:27:16.829 [main] DEBUG org.hibernate.cfg.Ejb3Column - Binding column: Ejb3Column{table=org.hibernate.mapping.Table(project), mappingColumn=exported_by, insertable=true, updatable=true, unique=false}
14:27:16.829 [main] DEBUG o.h.cfg.annotations.PropertyBinder - Building property exportedBy
14:27:16.829 [main] DEBUG org.hibernate.cfg.Ejb3Column - Binding column: Ejb3Column{table=org.hibernate.mapping.Table(project), mappingColumn=exported_on, insertable=true, updatable=true, unique=false}
14:27:16.829 [main] DEBUG o.h.cfg.annotations.PropertyBinder - MetadataSourceProcessor property exportedOn with lazy=false
14:27:16.829 [main] DEBUG o.h.cfg.AbstractPropertyHolder - Attempting to locate auto-apply AttributeConverter for property [cn.cstqb.exam.testmaker.entities.Project:exportedOn]
14:27:16.829 [main] DEBUG o.h.c.annotations.SimpleValueBinder - building SimpleValue for exportedOn
14:27:16.829 [main] DEBUG o.h.cfg.annotations.PropertyBinder - Building property exportedOn
14:27:16.829 [main] DEBUG org.hibernate.cfg.Ejb3Column - Binding column: Ejb3JoinColumn{logicalColumnName=&apos;FACILITATOR_ID&apos;, referencedColumn=&apos;&apos;, mappedBy=&apos;&apos;}
14:27:16.829 [main] DEBUG org.hibernate.cfg.Ejb3Column - Binding column: Ejb3Column{table=org.hibernate.mapping.Table(project), mappingColumn=facilitator, insertable=true, updatable=true, unique=false}
14:27:16.829 [main] DEBUG o.h.cfg.annotations.PropertyBinder - Building property facilitator
14:27:16.830 [main] DEBUG org.hibernate.cfg.Ejb3Column - Binding column: Ejb3Column{table=org.hibernate.mapping.Table(project), mappingColumn=finish_date, insertable=true, updatable=true, unique=false}
14:27:16.830 [main] DEBUG o.h.cfg.annotations.PropertyBinder - MetadataSourceProcessor property finishDate with lazy=false
14:27:16.830 [main] DEBUG o.h.cfg.AbstractPropertyHolder - Attempting to locate auto-apply AttributeConverter for property [cn.cstqb.exam.testmaker.entities.Project:finishDate]
14:27:16.830 [main] DEBUG o.h.c.annotations.SimpleValueBinder - building SimpleValue for finishDate
14:27:16.830 [main] DEBUG o.h.cfg.annotations.PropertyBinder - Building property finishDate
14:27:16.830 [main] DEBUG org.hibernate.cfg.Ejb3Column - Binding column: Ejb3Column{table=org.hibernate.mapping.Table(project), mappingColumn=name, insertable=true, updatable=true, unique=true}
14:27:16.830 [main] DEBUG o.h.cfg.annotations.PropertyBinder - MetadataSourceProcessor property name with lazy=false
14:27:16.830 [main] DEBUG o.h.cfg.AbstractPropertyHolder - Attempting to locate auto-apply AttributeConverter for property [cn.cstqb.exam.testmaker.entities.Project:name]
14:27:16.830 [main] DEBUG o.h.c.annotations.SimpleValueBinder - building SimpleValue for name
14:27:16.830 [main] DEBUG o.h.cfg.annotations.PropertyBinder - Building property name
14:27:16.831 [main] DEBUG org.hibernate.cfg.Ejb3Column - Binding column: Ejb3Column{table=org.hibernate.mapping.Table(project), mappingColumn=start_date, insertable=true, updatable=true, unique=false}
14:27:16.831 [main] DEBUG o.h.cfg.annotations.PropertyBinder - MetadataSourceProcessor property startDate with lazy=false
14:27:16.831 [main] DEBUG o.h.cfg.AbstractPropertyHolder - Attempting to locate auto-apply AttributeConverter for property [cn.cstqb.exam.testmaker.entities.Project:startDate]
14:27:16.831 [main] DEBUG o.h.c.annotations.SimpleValueBinder - building SimpleValue for startDate
14:27:16.831 [main] DEBUG o.h.cfg.annotations.PropertyBinder - Building property startDate
14:27:16.831 [main] DEBUG org.hibernate.cfg.Ejb3Column - Binding column: Ejb3JoinColumn{logicalColumnName=&apos;STATUS_ID&apos;, referencedColumn=&apos;&apos;, mappedBy=&apos;&apos;}
14:27:16.831 [main] DEBUG org.hibernate.cfg.Ejb3Column - Binding column: Ejb3Column{table=org.hibernate.mapping.Table(project), mappingColumn=status, insertable=true, updatable=true, unique=false}
14:27:16.832 [main] DEBUG o.h.cfg.annotations.PropertyBinder - Building property status
14:27:16.832 [main] DEBUG org.hibernate.cfg.Ejb3Column - Binding column: Ejb3JoinColumn{logicalColumnName=&apos;SYLLABUS_ID&apos;, referencedColumn=&apos;&apos;, mappedBy=&apos;&apos;}
14:27:16.832 [main] DEBUG org.hibernate.cfg.Ejb3Column - Binding column: Ejb3Column{table=org.hibernate.mapping.Table(project), mappingColumn=syllabus, insertable=true, updatable=true, unique=false}
14:27:16.832 [main] DEBUG o.h.cfg.annotations.PropertyBinder - Building property syllabus
14:27:16.832 [main] DEBUG org.hibernate.cfg.Ejb3Column - Binding column: Ejb3Column{table=org.hibernate.mapping.Table(project), mappingColumn=null, insertable=true, updatable=true, unique=false}
14:27:16.833 [main] DEBUG org.hibernate.cfg.Ejb3Column - Binding column: Ejb3Column{table=org.hibernate.mapping.Table(project), mappingColumn=element, insertable=true, updatable=true, unique=false}
14:27:16.833 [main] DEBUG org.hibernate.cfg.Ejb3Column - Binding column: Ejb3Column{table=org.hibernate.mapping.Table(project), mappingColumn=users_key, insertable=true, updatable=true, unique=false}
14:27:16.833 [main] DEBUG org.hibernate.cfg.Ejb3Column - Binding column: Ejb3JoinColumn{logicalColumnName=&apos;users_KEY&apos;, referencedColumn=&apos;null&apos;, mappedBy=&apos;null&apos;}
14:27:16.833 [main] DEBUG org.hibernate.cfg.Ejb3Column - Binding column: Ejb3JoinColumn{logicalColumnName=&apos;PROJECT_ID&apos;, referencedColumn=&apos;ID&apos;, mappedBy=&apos;&apos;}
14:27:16.833 [main] DEBUG org.hibernate.cfg.Ejb3Column - Binding column: Ejb3JoinColumn{logicalColumnName=&apos;USER_ID&apos;, referencedColumn=&apos;ID&apos;, mappedBy=&apos;&apos;}
14:27:16.833 [main] DEBUG o.h.cfg.annotations.CollectionBinder - Collection role: cn.cstqb.exam.testmaker.entities.Project.users
14:27:16.833 [main] DEBUG o.h.cfg.annotations.PropertyBinder - Building property users
14:27:16.833 [main] DEBUG org.hibernate.cfg.AnnotationBinder - Binding entity from annotated class: cn.cstqb.exam.testmaker.entities.QuestionStatus
14:27:16.833 [main] DEBUG org.hibernate.cfg.Ejb3Column - Binding column: Ejb3DiscriminatorColumn{logicalColumnName&apos;DTYPE&apos;, discriminatorTypeName=&apos;string&apos;}
14:27:16.834 [main] DEBUG o.h.cfg.annotations.EntityBinder - Import with entity name QuestionStatus
14:27:16.834 [main] DEBUG o.h.cfg.annotations.EntityBinder - Bind entity cn.cstqb.exam.testmaker.entities.QuestionStatus on table question_status
14:27:16.834 [main] DEBUG org.hibernate.cfg.Ejb3Column - Binding column: Ejb3Column{table=org.hibernate.mapping.Table(question_status), mappingColumn=id, insertable=true, updatable=false, unique=false}
14:27:16.834 [main] DEBUG o.h.cfg.annotations.PropertyBinder - MetadataSourceProcessor property id with lazy=false
14:27:16.834 [main] DEBUG o.h.cfg.AbstractPropertyHolder - Attempting to locate auto-apply AttributeConverter for property [cn.cstqb.exam.testmaker.entities.QuestionStatus:id]
14:27:16.834 [main] DEBUG o.h.c.annotations.SimpleValueBinder - building SimpleValue for id
14:27:16.834 [main] DEBUG o.h.cfg.annotations.PropertyBinder - Building property id
14:27:16.835 [main] DEBUG org.hibernate.cfg.Ejb3Column - Binding column: Ejb3Column{table=org.hibernate.mapping.Table(question_status), mappingColumn=created_on, insertable=true, updatable=false, unique=false}
14:27:16.835 [main] DEBUG o.h.cfg.annotations.PropertyBinder - MetadataSourceProcessor property createdOn with lazy=false
14:27:16.835 [main] DEBUG o.h.cfg.AbstractPropertyHolder - Attempting to locate auto-apply AttributeConverter for property [cn.cstqb.exam.testmaker.entities.QuestionStatus:createdOn]
14:27:16.835 [main] DEBUG o.h.c.annotations.SimpleValueBinder - building SimpleValue for createdOn
14:27:16.835 [main] DEBUG o.h.cfg.annotations.PropertyBinder - Building property createdOn
14:27:16.835 [main] DEBUG org.hibernate.cfg.Ejb3Column - Binding column: Ejb3Column{table=org.hibernate.mapping.Table(question_status), mappingColumn=updated_on, insertable=true, updatable=true, unique=false}
14:27:16.835 [main] DEBUG o.h.cfg.annotations.PropertyBinder - MetadataSourceProcessor property updatedOn with lazy=false
14:27:16.835 [main] DEBUG o.h.cfg.AbstractPropertyHolder - Attempting to locate auto-apply AttributeConverter for property [cn.cstqb.exam.testmaker.entities.QuestionStatus:updatedOn]
14:27:16.835 [main] DEBUG o.h.c.annotations.SimpleValueBinder - building SimpleValue for updatedOn
14:27:16.836 [main] DEBUG o.h.cfg.annotations.PropertyBinder - Building property updatedOn
14:27:16.836 [main] DEBUG org.hibernate.cfg.Ejb3Column - Binding column: Ejb3Column{table=org.hibernate.mapping.Table(question_status), mappingColumn=is_finish, insertable=true, updatable=true, unique=false}
14:27:16.836 [main] DEBUG o.h.cfg.annotations.PropertyBinder - MetadataSourceProcessor property isFinish with lazy=false
14:27:16.836 [main] DEBUG o.h.cfg.AbstractPropertyHolder - Attempting to locate auto-apply AttributeConverter for property [cn.cstqb.exam.testmaker.entities.QuestionStatus:isFinish]
14:27:16.836 [main] DEBUG o.h.c.annotations.SimpleValueBinder - building SimpleValue for isFinish
14:27:16.836 [main] DEBUG o.h.cfg.annotations.PropertyBinder - Building property isFinish
14:27:16.836 [main] DEBUG org.hibernate.cfg.Ejb3Column - Binding column: Ejb3Column{table=org.hibernate.mapping.Table(question_status), mappingColumn=is_start, insertable=true, updatable=true, unique=false}
14:27:16.836 [main] DEBUG o.h.cfg.annotations.PropertyBinder - MetadataSourceProcessor property isStart with lazy=false
14:27:16.836 [main] DEBUG o.h.cfg.AbstractPropertyHolder - Attempting to locate auto-apply AttributeConverter for property [cn.cstqb.exam.testmaker.entities.QuestionStatus:isStart]
14:27:16.836 [main] DEBUG o.h.c.annotations.SimpleValueBinder - building SimpleValue for isStart
14:27:16.836 [main] DEBUG o.h.cfg.annotations.PropertyBinder - Building property isStart
14:27:16.836 [main] DEBUG org.hibernate.cfg.Ejb3Column - Binding column: Ejb3Column{table=org.hibernate.mapping.Table(question_status), mappingColumn=name, insertable=true, updatable=true, unique=true}
14:27:16.836 [main] DEBUG o.h.cfg.annotations.PropertyBinder - MetadataSourceProcessor property name with lazy=false
14:27:16.836 [main] DEBUG o.h.cfg.AbstractPropertyHolder - Attempting to locate auto-apply AttributeConverter for property [cn.cstqb.exam.testmaker.entities.QuestionStatus:name]
14:27:16.837 [main] DEBUG o.h.c.annotations.SimpleValueBinder - building SimpleValue for name
14:27:16.837 [main] DEBUG o.h.cfg.annotations.PropertyBinder - Building property name
14:27:16.837 [main] DEBUG org.hibernate.cfg.Ejb3Column - Binding column: Ejb3Column{table=org.hibernate.mapping.Table(question_status), mappingColumn=accessible_by_author, insertable=true, updatable=true, unique=false}
14:27:16.837 [main] DEBUG o.h.cfg.annotations.PropertyBinder - MetadataSourceProcessor property accessibleByAuthor with lazy=false
14:27:16.837 [main] DEBUG o.h.cfg.AbstractPropertyHolder - Attempting to locate auto-apply AttributeConverter for property [cn.cstqb.exam.testmaker.entities.QuestionStatus:accessibleByAuthor]
14:27:16.837 [main] DEBUG o.h.c.annotations.SimpleValueBinder - building SimpleValue for accessibleByAuthor
14:27:16.837 [main] DEBUG o.h.cfg.annotations.PropertyBinder - Building property accessibleByAuthor
14:27:16.838 [main] DEBUG org.hibernate.cfg.Ejb3Column - Binding column: Ejb3Column{table=org.hibernate.mapping.Table(question_status), mappingColumn=accessible_by_facilitator, insertable=true, updatable=true, unique=false}
14:27:16.838 [main] DEBUG o.h.cfg.annotations.PropertyBinder - MetadataSourceProcessor property accessibleByFacilitator with lazy=false
14:27:16.838 [main] DEBUG o.h.cfg.AbstractPropertyHolder - Attempting to locate auto-apply AttributeConverter for property [cn.cstqb.exam.testmaker.entities.QuestionStatus:accessibleByFacilitator]
14:27:16.838 [main] DEBUG o.h.c.annotations.SimpleValueBinder - building SimpleValue for accessibleByFacilitator
14:27:16.838 [main] DEBUG o.h.cfg.annotations.PropertyBinder - Building property accessibleByFacilitator
14:27:16.838 [main] DEBUG org.hibernate.cfg.Ejb3Column - Binding column: Ejb3Column{table=org.hibernate.mapping.Table(question_status), mappingColumn=accessible_by_quality_admin, insertable=true, updatable=true, unique=false}
14:27:16.839 [main] DEBUG o.h.cfg.annotations.PropertyBinder - MetadataSourceProcessor property accessibleByQualityAdmin with lazy=false
14:27:16.839 [main] DEBUG o.h.cfg.AbstractPropertyHolder - Attempting to locate auto-apply AttributeConverter for property [cn.cstqb.exam.testmaker.entities.QuestionStatus:accessibleByQualityAdmin]
14:27:16.839 [main] DEBUG o.h.c.annotations.SimpleValueBinder - building SimpleValue for accessibleByQualityAdmin
14:27:16.839 [main] DEBUG o.h.cfg.annotations.PropertyBinder - Building property accessibleByQualityAdmin
14:27:16.839 [main] DEBUG org.hibernate.cfg.Ejb3Column - Binding column: Ejb3Column{table=org.hibernate.mapping.Table(question_status), mappingColumn=accessible_by_reviewer, insertable=true, updatable=true, unique=false}
14:27:16.839 [main] DEBUG o.h.cfg.annotations.PropertyBinder - MetadataSourceProcessor property accessibleByReviewer with lazy=false
14:27:16.839 [main] DEBUG o.h.cfg.AbstractPropertyHolder - Attempting to locate auto-apply AttributeConverter for property [cn.cstqb.exam.testmaker.entities.QuestionStatus:accessibleByReviewer]
14:27:16.839 [main] DEBUG o.h.c.annotations.SimpleValueBinder - building SimpleValue for accessibleByReviewer
14:27:16.839 [main] DEBUG o.h.cfg.annotations.PropertyBinder - Building property accessibleByReviewer
14:27:16.839 [main] DEBUG org.hibernate.cfg.AnnotationBinder - Binding entity from annotated class: cn.cstqb.exam.testmaker.entities.QuestionChoice
14:27:16.840 [main] DEBUG org.hibernate.cfg.Ejb3Column - Binding column: Ejb3DiscriminatorColumn{logicalColumnName&apos;DTYPE&apos;, discriminatorTypeName=&apos;string&apos;}
14:27:16.840 [main] DEBUG o.h.cfg.annotations.EntityBinder - Import with entity name QuestionChoice
14:27:16.840 [main] DEBUG o.h.cfg.annotations.EntityBinder - Bind entity cn.cstqb.exam.testmaker.entities.QuestionChoice on table question_choice
14:27:16.841 [main] DEBUG org.hibernate.cfg.Ejb3Column - Binding column: Ejb3Column{table=org.hibernate.mapping.Table(question_choice), mappingColumn=id, insertable=true, updatable=false, unique=false}
14:27:16.841 [main] DEBUG o.h.cfg.annotations.PropertyBinder - MetadataSourceProcessor property id with lazy=false
14:27:16.841 [main] DEBUG o.h.cfg.AbstractPropertyHolder - Attempting to locate auto-apply AttributeConverter for property [cn.cstqb.exam.testmaker.entities.QuestionChoice:id]
14:27:16.841 [main] DEBUG o.h.c.annotations.SimpleValueBinder - building SimpleValue for id
14:27:16.841 [main] DEBUG o.h.cfg.annotations.PropertyBinder - Building property id
14:27:16.841 [main] DEBUG org.hibernate.cfg.Ejb3Column - Binding column: Ejb3Column{table=org.hibernate.mapping.Table(question_choice), mappingColumn=created_on, insertable=true, updatable=false, unique=false}
14:27:16.841 [main] DEBUG o.h.cfg.annotations.PropertyBinder - MetadataSourceProcessor property createdOn with lazy=false
14:27:16.842 [main] DEBUG o.h.cfg.AbstractPropertyHolder - Attempting to locate auto-apply AttributeConverter for property [cn.cstqb.exam.testmaker.entities.QuestionChoice:createdOn]
14:27:16.842 [main] DEBUG o.h.c.annotations.SimpleValueBinder - building SimpleValue for createdOn
14:27:16.842 [main] DEBUG o.h.cfg.annotations.PropertyBinder - Building property createdOn
14:27:16.842 [main] DEBUG org.hibernate.cfg.Ejb3Column - Binding column: Ejb3Column{table=org.hibernate.mapping.Table(question_choice), mappingColumn=updated_on, insertable=true, updatable=true, unique=false}
14:27:16.842 [main] DEBUG o.h.cfg.annotations.PropertyBinder - MetadataSourceProcessor property updatedOn with lazy=false
14:27:16.842 [main] DEBUG o.h.cfg.AbstractPropertyHolder - Attempting to locate auto-apply AttributeConverter for property [cn.cstqb.exam.testmaker.entities.QuestionChoice:updatedOn]
14:27:16.842 [main] DEBUG o.h.c.annotations.SimpleValueBinder - building SimpleValue for updatedOn
14:27:16.842 [main] DEBUG o.h.cfg.annotations.PropertyBinder - Building property updatedOn
14:27:16.842 [main] DEBUG org.hibernate.cfg.Ejb3Column - Binding column: Ejb3Column{table=org.hibernate.mapping.Table(question_choice), mappingColumn=choice_label, insertable=true, updatable=true, unique=false}
14:27:16.842 [main] DEBUG o.h.cfg.annotations.PropertyBinder - MetadataSourceProcessor property choiceLabel with lazy=false
14:27:16.842 [main] DEBUG o.h.cfg.AbstractPropertyHolder - Attempting to locate auto-apply AttributeConverter for property [cn.cstqb.exam.testmaker.entities.QuestionChoice:choiceLabel]
14:27:16.842 [main] DEBUG o.h.c.annotations.SimpleValueBinder - building SimpleValue for choiceLabel
14:27:16.842 [main] DEBUG o.h.cfg.annotations.PropertyBinder - Building property choiceLabel
14:27:16.843 [main] DEBUG org.hibernate.cfg.Ejb3Column - Binding column: Ejb3Column{table=org.hibernate.mapping.Table(question_choice), mappingColumn=content, insertable=true, updatable=true, unique=false}
14:27:16.843 [main] DEBUG o.h.cfg.annotations.PropertyBinder - MetadataSourceProcessor property content with lazy=false
14:27:16.843 [main] DEBUG o.h.cfg.AbstractPropertyHolder - Attempting to locate auto-apply AttributeConverter for property [cn.cstqb.exam.testmaker.entities.QuestionChoice:content]
14:27:16.843 [main] DEBUG o.h.c.annotations.SimpleValueBinder - building SimpleValue for content
14:27:16.843 [main] DEBUG o.h.cfg.annotations.PropertyBinder - Building property content
14:27:16.843 [main] DEBUG org.hibernate.cfg.Ejb3Column - Binding column: Ejb3JoinColumn{logicalColumnName=&apos;null&apos;, referencedColumn=&apos;null&apos;, mappedBy=&apos;choice&apos;}
14:27:16.844 [main] DEBUG org.hibernate.cfg.Ejb3Column - Binding column: Ejb3Column{table=org.hibernate.mapping.Table(question_choice), mappingColumn=images, insertable=true, updatable=true, unique=false}
14:27:16.844 [main] DEBUG org.hibernate.cfg.Ejb3Column - Binding column: Ejb3Column{table=org.hibernate.mapping.Table(question_choice), mappingColumn=null, insertable=true, updatable=true, unique=false}
14:27:16.844 [main] DEBUG org.hibernate.cfg.Ejb3Column - Binding column: Ejb3Column{table=org.hibernate.mapping.Table(question_choice), mappingColumn=element, insertable=true, updatable=true, unique=false}
14:27:16.844 [main] DEBUG org.hibernate.cfg.Ejb3Column - Binding column: Ejb3Column{table=org.hibernate.mapping.Table(question_choice), mappingColumn=images_key, insertable=true, updatable=true, unique=false}
14:27:16.844 [main] DEBUG org.hibernate.cfg.Ejb3Column - Binding column: Ejb3JoinColumn{logicalColumnName=&apos;images_KEY&apos;, referencedColumn=&apos;null&apos;, mappedBy=&apos;null&apos;}
14:27:16.845 [main] DEBUG org.hibernate.cfg.Ejb3Column - Binding column: Ejb3JoinColumn{logicalColumnName=&apos;null&apos;, referencedColumn=&apos;null&apos;, mappedBy=&apos;choice&apos;}
14:27:16.845 [main] DEBUG org.hibernate.cfg.Ejb3Column - Binding column: Ejb3JoinColumn{logicalColumnName=&apos;null&apos;, referencedColumn=&apos;null&apos;, mappedBy=&apos;choice&apos;}
14:27:16.845 [main] DEBUG o.h.cfg.annotations.CollectionBinder - Collection role: cn.cstqb.exam.testmaker.entities.QuestionChoice.images
14:27:16.845 [main] DEBUG o.h.cfg.annotations.PropertyBinder - Building property images
14:27:16.845 [main] DEBUG org.hibernate.cfg.Ejb3Column - Binding column: Ejb3Column{table=org.hibernate.mapping.Table(question_choice), mappingColumn=is_correct_answer, insertable=true, updatable=true, unique=false}
14:27:16.845 [main] DEBUG o.h.cfg.annotations.PropertyBinder - MetadataSourceProcessor property isCorrectAnswer with lazy=false
14:27:16.845 [main] DEBUG o.h.cfg.AbstractPropertyHolder - Attempting to locate auto-apply AttributeConverter for property [cn.cstqb.exam.testmaker.entities.QuestionChoice:isCorrectAnswer]
14:27:16.845 [main] DEBUG o.h.c.annotations.SimpleValueBinder - building SimpleValue for isCorrectAnswer
14:27:16.845 [main] DEBUG o.h.cfg.annotations.PropertyBinder - Building property isCorrectAnswer
14:27:16.845 [main] DEBUG org.hibernate.cfg.Ejb3Column - Binding column: Ejb3JoinColumn{logicalColumnName=&apos;question_id&apos;, referencedColumn=&apos;&apos;, mappedBy=&apos;&apos;}
14:27:16.846 [main] DEBUG org.hibernate.cfg.Ejb3Column - Binding column: Ejb3Column{table=org.hibernate.mapping.Table(question_choice), mappingColumn=question, insertable=true, updatable=true, unique=false}
14:27:16.846 [main] DEBUG o.h.cfg.annotations.PropertyBinder - Building property question
14:27:16.846 [main] DEBUG org.hibernate.cfg.AnnotationBinder - Binding entity from annotated class: cn.cstqb.exam.testmaker.entities.KnowledgePoint
14:27:16.846 [main] DEBUG org.hibernate.cfg.Ejb3Column - Binding column: Ejb3DiscriminatorColumn{logicalColumnName&apos;DTYPE&apos;, discriminatorTypeName=&apos;string&apos;}
14:27:16.846 [main] DEBUG o.h.cfg.annotations.EntityBinder - Import with entity name KnowledgePoint
14:27:16.846 [main] DEBUG o.h.cfg.annotations.EntityBinder - Bind entity cn.cstqb.exam.testmaker.entities.KnowledgePoint on table knowledge_point
14:27:16.847 [main] DEBUG org.hibernate.cfg.Ejb3Column - Binding column: Ejb3Column{table=org.hibernate.mapping.Table(knowledge_point), mappingColumn=id, insertable=true, updatable=false, unique=false}
14:27:16.847 [main] DEBUG o.h.cfg.annotations.PropertyBinder - MetadataSourceProcessor property id with lazy=false
14:27:16.847 [main] DEBUG o.h.cfg.AbstractPropertyHolder - Attempting to locate auto-apply AttributeConverter for property [cn.cstqb.exam.testmaker.entities.KnowledgePoint:id]
14:27:16.847 [main] DEBUG o.h.c.annotations.SimpleValueBinder - building SimpleValue for id
14:27:16.848 [main] DEBUG o.h.cfg.annotations.PropertyBinder - Building property id
14:27:16.848 [main] DEBUG org.hibernate.cfg.Ejb3Column - Binding column: Ejb3Column{table=org.hibernate.mapping.Table(knowledge_point), mappingColumn=created_on, insertable=true, updatable=false, unique=false}
14:27:16.848 [main] DEBUG o.h.cfg.annotations.PropertyBinder - MetadataSourceProcessor property createdOn with lazy=false
14:27:16.848 [main] DEBUG o.h.cfg.AbstractPropertyHolder - Attempting to locate auto-apply AttributeConverter for property [cn.cstqb.exam.testmaker.entities.KnowledgePoint:createdOn]
14:27:16.848 [main] DEBUG o.h.c.annotations.SimpleValueBinder - building SimpleValue for createdOn
14:27:16.848 [main] DEBUG o.h.cfg.annotations.PropertyBinder - Building property createdOn
14:27:16.848 [main] DEBUG org.hibernate.cfg.Ejb3Column - Binding column: Ejb3Column{table=org.hibernate.mapping.Table(knowledge_point), mappingColumn=updated_on, insertable=true, updatable=true, unique=false}
14:27:16.849 [main] DEBUG o.h.cfg.annotations.PropertyBinder - MetadataSourceProcessor property updatedOn with lazy=false
14:27:16.849 [main] DEBUG o.h.cfg.AbstractPropertyHolder - Attempting to locate auto-apply AttributeConverter for property [cn.cstqb.exam.testmaker.entities.KnowledgePoint:updatedOn]
14:27:16.849 [main] DEBUG o.h.c.annotations.SimpleValueBinder - building SimpleValue for updatedOn
14:27:16.849 [main] DEBUG o.h.cfg.annotations.PropertyBinder - Building property updatedOn
14:27:16.849 [main] DEBUG org.hibernate.cfg.Ejb3Column - Binding column: Ejb3JoinColumn{logicalColumnName=&apos;chapter_id&apos;, referencedColumn=&apos;&apos;, mappedBy=&apos;&apos;}
14:27:16.849 [main] DEBUG org.hibernate.cfg.Ejb3Column - Binding column: Ejb3Column{table=org.hibernate.mapping.Table(knowledge_point), mappingColumn=chapter, insertable=true, updatable=true, unique=false}
14:27:16.849 [main] DEBUG o.h.cfg.annotations.PropertyBinder - Building property chapter
14:27:16.850 [main] DEBUG org.hibernate.cfg.Ejb3Column - Binding column: Ejb3Column{table=org.hibernate.mapping.Table(knowledge_point), mappingColumn=k_level, insertable=true, updatable=true, unique=false}
14:27:16.850 [main] DEBUG o.h.cfg.annotations.PropertyBinder - MetadataSourceProcessor property kLevel with lazy=false
14:27:16.850 [main] DEBUG o.h.cfg.AbstractPropertyHolder - Attempting to locate auto-apply AttributeConverter for property [cn.cstqb.exam.testmaker.entities.KnowledgePoint:kLevel]
14:27:16.850 [main] DEBUG o.h.c.annotations.SimpleValueBinder - building SimpleValue for kLevel
14:27:16.850 [main] DEBUG o.h.cfg.annotations.PropertyBinder - Building property kLevel
14:27:16.850 [main] DEBUG org.hibernate.cfg.Ejb3Column - Binding column: Ejb3Column{table=org.hibernate.mapping.Table(knowledge_point), mappingColumn=number, insertable=true, updatable=true, unique=false}
14:27:16.850 [main] DEBUG o.h.cfg.annotations.PropertyBinder - MetadataSourceProcessor property number with lazy=false
14:27:16.850 [main] DEBUG o.h.cfg.AbstractPropertyHolder - Attempting to locate auto-apply AttributeConverter for property [cn.cstqb.exam.testmaker.entities.KnowledgePoint:number]
14:27:16.850 [main] DEBUG o.h.c.annotations.SimpleValueBinder - building SimpleValue for number
14:27:16.850 [main] DEBUG o.h.cfg.annotations.PropertyBinder - Building property number
14:27:16.851 [main] DEBUG org.hibernate.cfg.Ejb3Column - Binding column: Ejb3Column{table=org.hibernate.mapping.Table(knowledge_point), mappingColumn=score, insertable=true, updatable=true, unique=false}
14:27:16.851 [main] DEBUG o.h.cfg.annotations.PropertyBinder - MetadataSourceProcessor property score with lazy=false
14:27:16.851 [main] DEBUG o.h.cfg.AbstractPropertyHolder - Attempting to locate auto-apply AttributeConverter for property [cn.cstqb.exam.testmaker.entities.KnowledgePoint:score]
14:27:16.851 [main] DEBUG o.h.c.annotations.SimpleValueBinder - building SimpleValue for score
14:27:16.851 [main] DEBUG o.h.cfg.annotations.PropertyBinder - Building property score
14:27:16.851 [main] DEBUG org.hibernate.cfg.Ejb3Column - Binding column: Ejb3Column{table=org.hibernate.mapping.Table(knowledge_point), mappingColumn=title, insertable=true, updatable=true, unique=false}
14:27:16.851 [main] DEBUG o.h.cfg.annotations.PropertyBinder - MetadataSourceProcessor property title with lazy=false
14:27:16.851 [main] DEBUG o.h.cfg.AbstractPropertyHolder - Attempting to locate auto-apply AttributeConverter for property [cn.cstqb.exam.testmaker.entities.KnowledgePoint:title]
14:27:16.852 [main] DEBUG o.h.c.annotations.SimpleValueBinder - building SimpleValue for title
14:27:16.852 [main] DEBUG o.h.cfg.annotations.PropertyBinder - Building property title
14:27:16.852 [main] DEBUG org.hibernate.cfg.AnnotationBinder - Binding entity from annotated class: cn.cstqb.exam.testmaker.entities.Paper
14:27:16.852 [main] DEBUG org.hibernate.cfg.Ejb3Column - Binding column: Ejb3DiscriminatorColumn{logicalColumnName&apos;DTYPE&apos;, discriminatorTypeName=&apos;string&apos;}
14:27:16.852 [main] DEBUG o.h.cfg.annotations.EntityBinder - Import with entity name Paper
14:27:16.852 [main] DEBUG o.h.cfg.annotations.EntityBinder - Bind entity cn.cstqb.exam.testmaker.entities.Paper on table paper
14:27:16.853 [main] DEBUG org.hibernate.cfg.Ejb3Column - Binding column: Ejb3Column{table=org.hibernate.mapping.Table(paper), mappingColumn=id, insertable=true, updatable=false, unique=false}
14:27:16.853 [main] DEBUG o.h.cfg.annotations.PropertyBinder - MetadataSourceProcessor property id with lazy=false
14:27:16.853 [main] DEBUG o.h.cfg.AbstractPropertyHolder - Attempting to locate auto-apply AttributeConverter for property [cn.cstqb.exam.testmaker.entities.Paper:id]
14:27:16.854 [main] DEBUG o.h.c.annotations.SimpleValueBinder - building SimpleValue for id
14:27:16.854 [main] DEBUG o.h.cfg.annotations.PropertyBinder - Building property id
14:27:16.854 [main] DEBUG org.hibernate.cfg.Ejb3Column - Binding column: Ejb3Column{table=org.hibernate.mapping.Table(paper), mappingColumn=created_on, insertable=true, updatable=false, unique=false}
14:27:16.854 [main] DEBUG o.h.cfg.annotations.PropertyBinder - MetadataSourceProcessor property createdOn with lazy=false
14:27:16.854 [main] DEBUG o.h.cfg.AbstractPropertyHolder - Attempting to locate auto-apply AttributeConverter for property [cn.cstqb.exam.testmaker.entities.Paper:createdOn]
14:27:16.854 [main] DEBUG o.h.c.annotations.SimpleValueBinder - building SimpleValue for createdOn
14:27:16.854 [main] DEBUG o.h.cfg.annotations.PropertyBinder - Building property createdOn
14:27:16.854 [main] DEBUG org.hibernate.cfg.Ejb3Column - Binding column: Ejb3Column{table=org.hibernate.mapping.Table(paper), mappingColumn=updated_on, insertable=true, updatable=true, unique=false}
14:27:16.855 [main] DEBUG o.h.cfg.annotations.PropertyBinder - MetadataSourceProcessor property updatedOn with lazy=false
14:27:16.855 [main] DEBUG o.h.cfg.AbstractPropertyHolder - Attempting to locate auto-apply AttributeConverter for property [cn.cstqb.exam.testmaker.entities.Paper:updatedOn]
14:27:16.855 [main] DEBUG o.h.c.annotations.SimpleValueBinder - building SimpleValue for updatedOn
14:27:16.855 [main] DEBUG o.h.cfg.annotations.PropertyBinder - Building property updatedOn
14:27:16.855 [main] DEBUG org.hibernate.cfg.Ejb3Column - Binding column: Ejb3JoinColumn{logicalColumnName=&apos;author_id&apos;, referencedColumn=&apos;&apos;, mappedBy=&apos;&apos;}
14:27:16.855 [main] DEBUG org.hibernate.cfg.Ejb3Column - Binding column: Ejb3Column{table=org.hibernate.mapping.Table(paper), mappingColumn=author, insertable=true, updatable=true, unique=false}
14:27:16.855 [main] DEBUG o.h.cfg.annotations.PropertyBinder - Building property author
14:27:16.855 [main] DEBUG org.hibernate.cfg.Ejb3Column - Binding column: Ejb3Column{table=org.hibernate.mapping.Table(paper), mappingColumn=description, insertable=true, updatable=true, unique=false}
14:27:16.856 [main] DEBUG o.h.cfg.annotations.PropertyBinder - MetadataSourceProcessor property description with lazy=false
14:27:16.856 [main] DEBUG o.h.cfg.AbstractPropertyHolder - Attempting to locate auto-apply AttributeConverter for property [cn.cstqb.exam.testmaker.entities.Paper:description]
14:27:16.856 [main] DEBUG o.h.c.annotations.SimpleValueBinder - building SimpleValue for description
14:27:16.856 [main] DEBUG o.h.cfg.annotations.PropertyBinder - Building property description
14:27:16.856 [main] DEBUG org.hibernate.cfg.Ejb3Column - Binding column: Ejb3Column{table=org.hibernate.mapping.Table(paper), mappingColumn=paper_name, insertable=true, updatable=true, unique=false}
14:27:16.856 [main] DEBUG o.h.cfg.annotations.PropertyBinder - MetadataSourceProcessor property paper_name with lazy=false
14:27:16.856 [main] DEBUG o.h.cfg.AbstractPropertyHolder - Attempting to locate auto-apply AttributeConverter for property [cn.cstqb.exam.testmaker.entities.Paper:paper_name]
14:27:16.856 [main] DEBUG o.h.c.annotations.SimpleValueBinder - building SimpleValue for paper_name
14:27:16.857 [main] DEBUG o.h.cfg.annotations.PropertyBinder - Building property paper_name
14:27:16.857 [main] DEBUG org.hibernate.cfg.Ejb3Column - Binding column: Ejb3JoinColumn{logicalColumnName=&apos;project_id&apos;, referencedColumn=&apos;&apos;, mappedBy=&apos;&apos;}
14:27:16.857 [main] DEBUG org.hibernate.cfg.Ejb3Column - Binding column: Ejb3Column{table=org.hibernate.mapping.Table(paper), mappingColumn=project, insertable=true, updatable=true, unique=false}
14:27:16.857 [main] DEBUG o.h.cfg.annotations.PropertyBinder - Building property project
14:27:16.857 [main] DEBUG org.hibernate.cfg.Ejb3Column - Binding column: Ejb3Column{table=org.hibernate.mapping.Table(paper), mappingColumn=score, insertable=true, updatable=true, unique=false}
14:27:16.857 [main] DEBUG o.h.cfg.annotations.PropertyBinder - MetadataSourceProcessor property score with lazy=false
14:27:16.857 [main] DEBUG o.h.cfg.AbstractPropertyHolder - Attempting to locate auto-apply AttributeConverter for property [cn.cstqb.exam.testmaker.entities.Paper:score]
14:27:16.857 [main] DEBUG o.h.c.annotations.SimpleValueBinder - building SimpleValue for score
14:27:16.858 [main] DEBUG o.h.cfg.annotations.PropertyBinder - Building property score
14:27:16.858 [main] DEBUG org.hibernate.cfg.AnnotationBinder - Binding entity from annotated class: cn.cstqb.exam.testmaker.entities.QuestionImage
14:27:16.858 [main] DEBUG org.hibernate.cfg.Ejb3Column - Binding column: Ejb3DiscriminatorColumn{logicalColumnName&apos;DTYPE&apos;, discriminatorTypeName=&apos;string&apos;}
14:27:16.858 [main] DEBUG o.h.cfg.annotations.EntityBinder - Import with entity name QuestionImage
14:27:16.858 [main] DEBUG o.h.cfg.annotations.EntityBinder - Bind entity cn.cstqb.exam.testmaker.entities.QuestionImage on table question_image
14:27:16.859 [main] DEBUG org.hibernate.cfg.Ejb3Column - Binding column: Ejb3Column{table=org.hibernate.mapping.Table(question_image), mappingColumn=id, insertable=true, updatable=false, unique=false}
14:27:16.859 [main] DEBUG o.h.cfg.annotations.PropertyBinder - MetadataSourceProcessor property id with lazy=false
14:27:16.859 [main] DEBUG o.h.cfg.AbstractPropertyHolder - Attempting to locate auto-apply AttributeConverter for property [cn.cstqb.exam.testmaker.entities.QuestionImage:id]
14:27:16.860 [main] DEBUG o.h.c.annotations.SimpleValueBinder - building SimpleValue for id
14:27:16.860 [main] DEBUG o.h.cfg.annotations.PropertyBinder - Building property id
14:27:16.860 [main] DEBUG org.hibernate.cfg.Ejb3Column - Binding column: Ejb3Column{table=org.hibernate.mapping.Table(question_image), mappingColumn=created_on, insertable=true, updatable=false, unique=false}
14:27:16.860 [main] DEBUG o.h.cfg.annotations.PropertyBinder - MetadataSourceProcessor property createdOn with lazy=false
14:27:16.860 [main] DEBUG o.h.cfg.AbstractPropertyHolder - Attempting to locate auto-apply AttributeConverter for property [cn.cstqb.exam.testmaker.entities.QuestionImage:createdOn]
14:27:16.860 [main] DEBUG o.h.c.annotations.SimpleValueBinder - building SimpleValue for createdOn
14:27:16.860 [main] DEBUG o.h.cfg.annotations.PropertyBinder - Building property createdOn
14:27:16.861 [main] DEBUG org.hibernate.cfg.Ejb3Column - Binding column: Ejb3Column{table=org.hibernate.mapping.Table(question_image), mappingColumn=updated_on, insertable=true, updatable=true, unique=false}
14:27:16.861 [main] DEBUG o.h.cfg.annotations.PropertyBinder - MetadataSourceProcessor property updatedOn with lazy=false
14:27:16.861 [main] DEBUG o.h.cfg.AbstractPropertyHolder - Attempting to locate auto-apply AttributeConverter for property [cn.cstqb.exam.testmaker.entities.QuestionImage:updatedOn]
14:27:16.861 [main] DEBUG o.h.c.annotations.SimpleValueBinder - building SimpleValue for updatedOn
14:27:16.861 [main] DEBUG o.h.cfg.annotations.PropertyBinder - Building property updatedOn
14:27:16.861 [main] DEBUG org.hibernate.cfg.Ejb3Column - Binding column: Ejb3Column{table=org.hibernate.mapping.Table(question_image), mappingColumn=path, insertable=true, updatable=true, unique=false}
14:27:16.861 [main] DEBUG o.h.cfg.annotations.PropertyBinder - MetadataSourceProcessor property path with lazy=false
14:27:16.861 [main] DEBUG o.h.cfg.AbstractPropertyHolder - Attempting to locate auto-apply AttributeConverter for property [cn.cstqb.exam.testmaker.entities.QuestionImage:path]
14:27:16.861 [main] DEBUG o.h.c.annotations.SimpleValueBinder - building SimpleValue for path
14:27:16.861 [main] DEBUG o.h.cfg.annotations.PropertyBinder - Building property path
14:27:16.862 [main] DEBUG org.hibernate.cfg.Ejb3Column - Binding column: Ejb3Column{table=org.hibernate.mapping.Table(question_image), mappingColumn=caption, insertable=true, updatable=true, unique=false}
14:27:16.862 [main] DEBUG o.h.cfg.annotations.PropertyBinder - MetadataSourceProcessor property caption with lazy=false
14:27:16.862 [main] DEBUG o.h.cfg.AbstractPropertyHolder - Attempting to locate auto-apply AttributeConverter for property [cn.cstqb.exam.testmaker.entities.QuestionImage:caption]
14:27:16.862 [main] DEBUG o.h.c.annotations.SimpleValueBinder - building SimpleValue for caption
14:27:16.862 [main] DEBUG o.h.cfg.annotations.PropertyBinder - Building property caption
14:27:16.862 [main] DEBUG org.hibernate.cfg.Ejb3Column - Binding column: Ejb3JoinColumn{logicalColumnName=&apos;question_id&apos;, referencedColumn=&apos;&apos;, mappedBy=&apos;&apos;}
14:27:16.862 [main] DEBUG org.hibernate.cfg.Ejb3Column - Binding column: Ejb3Column{table=org.hibernate.mapping.Table(question_image), mappingColumn=question, insertable=true, updatable=true, unique=false}
14:27:16.862 [main] DEBUG o.h.cfg.annotations.PropertyBinder - Building property question
14:27:16.862 [main] DEBUG org.hibernate.cfg.AnnotationBinder - Binding entity from annotated class: cn.cstqb.exam.testmaker.entities.QuestionLanguage
14:27:16.863 [main] DEBUG org.hibernate.cfg.Ejb3Column - Binding column: Ejb3DiscriminatorColumn{logicalColumnName&apos;DTYPE&apos;, discriminatorTypeName=&apos;string&apos;}
14:27:16.863 [main] DEBUG o.h.cfg.annotations.EntityBinder - Import with entity name QuestionLanguage
14:27:16.863 [main] DEBUG o.h.cfg.annotations.EntityBinder - Bind entity cn.cstqb.exam.testmaker.entities.QuestionLanguage on table question_language
14:27:16.863 [main] DEBUG org.hibernate.cfg.Ejb3Column - Binding column: Ejb3Column{table=org.hibernate.mapping.Table(question_language), mappingColumn=id, insertable=true, updatable=false, unique=false}
14:27:16.864 [main] DEBUG o.h.cfg.annotations.PropertyBinder - MetadataSourceProcessor property id with lazy=false
14:27:16.864 [main] DEBUG o.h.cfg.AbstractPropertyHolder - Attempting to locate auto-apply AttributeConverter for property [cn.cstqb.exam.testmaker.entities.QuestionLanguage:id]
14:27:16.864 [main] DEBUG o.h.c.annotations.SimpleValueBinder - building SimpleValue for id
14:27:16.864 [main] DEBUG o.h.cfg.annotations.PropertyBinder - Building property id
14:27:16.864 [main] DEBUG org.hibernate.cfg.Ejb3Column - Binding column: Ejb3Column{table=org.hibernate.mapping.Table(question_language), mappingColumn=created_on, insertable=true, updatable=false, unique=false}
14:27:16.864 [main] DEBUG o.h.cfg.annotations.PropertyBinder - MetadataSourceProcessor property createdOn with lazy=false
14:27:16.864 [main] DEBUG o.h.cfg.AbstractPropertyHolder - Attempting to locate auto-apply AttributeConverter for property [cn.cstqb.exam.testmaker.entities.QuestionLanguage:createdOn]
14:27:16.865 [main] DEBUG o.h.c.annotations.SimpleValueBinder - building SimpleValue for createdOn
14:27:16.865 [main] DEBUG o.h.cfg.annotations.PropertyBinder - Building property createdOn
14:27:16.865 [main] DEBUG org.hibernate.cfg.Ejb3Column - Binding column: Ejb3Column{table=org.hibernate.mapping.Table(question_language), mappingColumn=updated_on, insertable=true, updatable=true, unique=false}
14:27:16.865 [main] DEBUG o.h.cfg.annotations.PropertyBinder - MetadataSourceProcessor property updatedOn with lazy=false
14:27:16.865 [main] DEBUG o.h.cfg.AbstractPropertyHolder - Attempting to locate auto-apply AttributeConverter for property [cn.cstqb.exam.testmaker.entities.QuestionLanguage:updatedOn]
14:27:16.866 [main] DEBUG o.h.c.annotations.SimpleValueBinder - building SimpleValue for updatedOn
14:27:16.866 [main] DEBUG o.h.cfg.annotations.PropertyBinder - Building property updatedOn
14:27:16.866 [main] DEBUG org.hibernate.cfg.Ejb3Column - Binding column: Ejb3Column{table=org.hibernate.mapping.Table(question_language), mappingColumn=name, insertable=true, updatable=true, unique=true}
14:27:16.866 [main] DEBUG o.h.cfg.annotations.PropertyBinder - MetadataSourceProcessor property name with lazy=false
14:27:16.866 [main] DEBUG o.h.cfg.AbstractPropertyHolder - Attempting to locate auto-apply AttributeConverter for property [cn.cstqb.exam.testmaker.entities.QuestionLanguage:name]
14:27:16.866 [main] DEBUG o.h.c.annotations.SimpleValueBinder - building SimpleValue for name
14:27:16.866 [main] DEBUG o.h.cfg.annotations.PropertyBinder - Building property name
14:27:16.867 [main] DEBUG org.hibernate.cfg.AnnotationBinder - Binding entity from annotated class: cn.cstqb.exam.testmaker.entities.Syllabus
14:27:16.867 [main] DEBUG org.hibernate.cfg.Ejb3Column - Binding column: Ejb3DiscriminatorColumn{logicalColumnName&apos;DTYPE&apos;, discriminatorTypeName=&apos;string&apos;}
14:27:16.867 [main] DEBUG o.h.cfg.annotations.EntityBinder - Import with entity name Syllabus
14:27:16.867 [main] DEBUG o.h.cfg.annotations.EntityBinder - Bind entity cn.cstqb.exam.testmaker.entities.Syllabus on table syllabus
14:27:16.868 [main] DEBUG org.hibernate.cfg.Ejb3Column - Binding column: Ejb3Column{table=org.hibernate.mapping.Table(syllabus), mappingColumn=id, insertable=true, updatable=false, unique=false}
14:27:16.868 [main] DEBUG o.h.cfg.annotations.PropertyBinder - MetadataSourceProcessor property id with lazy=false
14:27:16.868 [main] DEBUG o.h.cfg.AbstractPropertyHolder - Attempting to locate auto-apply AttributeConverter for property [cn.cstqb.exam.testmaker.entities.Syllabus:id]
14:27:16.868 [main] DEBUG o.h.c.annotations.SimpleValueBinder - building SimpleValue for id
14:27:16.868 [main] DEBUG o.h.cfg.annotations.PropertyBinder - Building property id
14:27:16.868 [main] DEBUG org.hibernate.cfg.Ejb3Column - Binding column: Ejb3Column{table=org.hibernate.mapping.Table(syllabus), mappingColumn=created_on, insertable=true, updatable=false, unique=false}
14:27:16.868 [main] DEBUG o.h.cfg.annotations.PropertyBinder - MetadataSourceProcessor property createdOn with lazy=false
14:27:16.868 [main] DEBUG o.h.cfg.AbstractPropertyHolder - Attempting to locate auto-apply AttributeConverter for property [cn.cstqb.exam.testmaker.entities.Syllabus:createdOn]
14:27:16.869 [main] DEBUG o.h.c.annotations.SimpleValueBinder - building SimpleValue for createdOn
14:27:16.869 [main] DEBUG o.h.cfg.annotations.PropertyBinder - Building property createdOn
14:27:16.869 [main] DEBUG org.hibernate.cfg.Ejb3Column - Binding column: Ejb3Column{table=org.hibernate.mapping.Table(syllabus), mappingColumn=updated_on, insertable=true, updatable=true, unique=false}
14:27:16.869 [main] DEBUG o.h.cfg.annotations.PropertyBinder - MetadataSourceProcessor property updatedOn with lazy=false
14:27:16.869 [main] DEBUG o.h.cfg.AbstractPropertyHolder - Attempting to locate auto-apply AttributeConverter for property [cn.cstqb.exam.testmaker.entities.Syllabus:updatedOn]
14:27:16.869 [main] DEBUG o.h.c.annotations.SimpleValueBinder - building SimpleValue for updatedOn
14:27:16.869 [main] DEBUG o.h.cfg.annotations.PropertyBinder - Building property updatedOn
14:27:16.869 [main] DEBUG org.hibernate.cfg.Ejb3Column - Binding column: Ejb3JoinColumn{logicalColumnName=&apos;null&apos;, referencedColumn=&apos;null&apos;, mappedBy=&apos;syllabus&apos;}
14:27:16.869 [main] DEBUG org.hibernate.cfg.Ejb3Column - Binding column: Ejb3Column{table=org.hibernate.mapping.Table(syllabus), mappingColumn=chapters, insertable=true, updatable=true, unique=false}
14:27:16.870 [main] DEBUG org.hibernate.cfg.Ejb3Column - Binding column: Ejb3Column{table=org.hibernate.mapping.Table(syllabus), mappingColumn=null, insertable=true, updatable=true, unique=false}
14:27:16.870 [main] DEBUG org.hibernate.cfg.Ejb3Column - Binding column: Ejb3Column{table=org.hibernate.mapping.Table(syllabus), mappingColumn=element, insertable=true, updatable=true, unique=false}
14:27:16.870 [main] DEBUG org.hibernate.cfg.Ejb3Column - Binding column: Ejb3Column{table=org.hibernate.mapping.Table(syllabus), mappingColumn=chapters_key, insertable=true, updatable=true, unique=false}
14:27:16.870 [main] DEBUG org.hibernate.cfg.Ejb3Column - Binding column: Ejb3JoinColumn{logicalColumnName=&apos;chapters_KEY&apos;, referencedColumn=&apos;null&apos;, mappedBy=&apos;null&apos;}
14:27:16.870 [main] DEBUG org.hibernate.cfg.Ejb3Column - Binding column: Ejb3JoinColumn{logicalColumnName=&apos;null&apos;, referencedColumn=&apos;null&apos;, mappedBy=&apos;syllabus&apos;}
14:27:16.870 [main] DEBUG org.hibernate.cfg.Ejb3Column - Binding column: Ejb3JoinColumn{logicalColumnName=&apos;null&apos;, referencedColumn=&apos;null&apos;, mappedBy=&apos;syllabus&apos;}
14:27:16.870 [main] DEBUG o.h.cfg.annotations.CollectionBinder - Collection role: cn.cstqb.exam.testmaker.entities.Syllabus.chapters
14:27:16.870 [main] DEBUG o.h.cfg.annotations.PropertyBinder - Building property chapters
14:27:16.870 [main] DEBUG org.hibernate.cfg.Ejb3Column - Binding column: Ejb3Column{table=org.hibernate.mapping.Table(syllabus), mappingColumn=is_disabled, insertable=true, updatable=true, unique=false}
14:27:16.871 [main] DEBUG o.h.cfg.annotations.PropertyBinder - MetadataSourceProcessor property isDisabled with lazy=false
14:27:16.871 [main] DEBUG o.h.cfg.AbstractPropertyHolder - Attempting to locate auto-apply AttributeConverter for property [cn.cstqb.exam.testmaker.entities.Syllabus:isDisabled]
14:27:16.871 [main] DEBUG o.h.c.annotations.SimpleValueBinder - building SimpleValue for isDisabled
14:27:16.871 [main] DEBUG o.h.cfg.annotations.PropertyBinder - Building property isDisabled
14:27:16.871 [main] DEBUG org.hibernate.cfg.Ejb3Column - Binding column: Ejb3Column{table=org.hibernate.mapping.Table(syllabus), mappingColumn=level, insertable=true, updatable=true, unique=false}
14:27:16.871 [main] DEBUG o.h.cfg.annotations.PropertyBinder - MetadataSourceProcessor property level with lazy=false
14:27:16.871 [main] DEBUG o.h.cfg.AbstractPropertyHolder - Attempting to locate auto-apply AttributeConverter for property [cn.cstqb.exam.testmaker.entities.Syllabus:level]
14:27:16.871 [main] DEBUG o.h.c.annotations.SimpleValueBinder - building SimpleValue for level
14:27:16.871 [main] DEBUG o.h.cfg.annotations.PropertyBinder - Building property level
14:27:16.872 [main] DEBUG org.hibernate.cfg.Ejb3Column - Binding column: Ejb3Column{table=org.hibernate.mapping.Table(syllabus), mappingColumn=version, insertable=true, updatable=true, unique=false}
14:27:16.872 [main] DEBUG o.h.cfg.annotations.PropertyBinder - MetadataSourceProcessor property version with lazy=false
14:27:16.872 [main] DEBUG o.h.cfg.AbstractPropertyHolder - Attempting to locate auto-apply AttributeConverter for property [cn.cstqb.exam.testmaker.entities.Syllabus:version]
14:27:16.872 [main] DEBUG o.h.c.annotations.SimpleValueBinder - building SimpleValue for version
14:27:16.872 [main] DEBUG o.h.cfg.annotations.PropertyBinder - Building property version
14:27:16.873 [main] DEBUG org.hibernate.cfg.AnnotationBinder - Binding entity from annotated class: cn.cstqb.exam.testmaker.entities.Role
14:27:16.873 [main] DEBUG org.hibernate.cfg.Ejb3Column - Binding column: Ejb3DiscriminatorColumn{logicalColumnName&apos;DTYPE&apos;, discriminatorTypeName=&apos;string&apos;}
14:27:16.873 [main] DEBUG o.h.cfg.annotations.EntityBinder - Import with entity name Role
14:27:16.873 [main] DEBUG o.h.cfg.annotations.EntityBinder - Bind entity cn.cstqb.exam.testmaker.entities.Role on table role
14:27:16.874 [main] DEBUG org.hibernate.cfg.Ejb3Column - Binding column: Ejb3Column{table=org.hibernate.mapping.Table(role), mappingColumn=id, insertable=true, updatable=false, unique=false}
14:27:16.874 [main] DEBUG o.h.cfg.annotations.PropertyBinder - MetadataSourceProcessor property id with lazy=false
14:27:16.874 [main] DEBUG o.h.cfg.AbstractPropertyHolder - Attempting to locate auto-apply AttributeConverter for property [cn.cstqb.exam.testmaker.entities.Role:id]
14:27:16.874 [main] DEBUG o.h.c.annotations.SimpleValueBinder - building SimpleValue for id
14:27:16.874 [main] DEBUG o.h.cfg.annotations.PropertyBinder - Building property id
14:27:16.874 [main] DEBUG org.hibernate.cfg.Ejb3Column - Binding column: Ejb3Column{table=org.hibernate.mapping.Table(role), mappingColumn=created_on, insertable=true, updatable=false, unique=false}
14:27:16.874 [main] DEBUG o.h.cfg.annotations.PropertyBinder - MetadataSourceProcessor property createdOn with lazy=false
14:27:16.875 [main] DEBUG o.h.cfg.AbstractPropertyHolder - Attempting to locate auto-apply AttributeConverter for property [cn.cstqb.exam.testmaker.entities.Role:createdOn]
14:27:16.875 [main] DEBUG o.h.c.annotations.SimpleValueBinder - building SimpleValue for createdOn
14:27:16.875 [main] DEBUG o.h.cfg.annotations.PropertyBinder - Building property createdOn
14:27:16.875 [main] DEBUG org.hibernate.cfg.Ejb3Column - Binding column: Ejb3Column{table=org.hibernate.mapping.Table(role), mappingColumn=updated_on, insertable=true, updatable=true, unique=false}
14:27:16.875 [main] DEBUG o.h.cfg.annotations.PropertyBinder - MetadataSourceProcessor property updatedOn with lazy=false
14:27:16.875 [main] DEBUG o.h.cfg.AbstractPropertyHolder - Attempting to locate auto-apply AttributeConverter for property [cn.cstqb.exam.testmaker.entities.Role:updatedOn]
14:27:16.875 [main] DEBUG o.h.c.annotations.SimpleValueBinder - building SimpleValue for updatedOn
14:27:16.875 [main] DEBUG o.h.cfg.annotations.PropertyBinder - Building property updatedOn
14:27:16.876 [main] DEBUG org.hibernate.cfg.Ejb3Column - Binding column: Ejb3Column{table=org.hibernate.mapping.Table(role), mappingColumn=name, insertable=true, updatable=true, unique=true}
14:27:16.876 [main] DEBUG o.h.cfg.annotations.PropertyBinder - MetadataSourceProcessor property name with lazy=false
14:27:16.876 [main] DEBUG o.h.cfg.AbstractPropertyHolder - Attempting to locate auto-apply AttributeConverter for property [cn.cstqb.exam.testmaker.entities.Role:name]
14:27:16.876 [main] DEBUG o.h.c.annotations.SimpleValueBinder - building SimpleValue for name
14:27:16.876 [main] DEBUG o.h.cfg.annotations.PropertyBinder - Building property name
14:27:16.876 [main] DEBUG org.hibernate.cfg.AnnotationBinder - Binding entity from annotated class: cn.cstqb.exam.testmaker.entities.QuestionStatusTransition
14:27:16.876 [main] DEBUG org.hibernate.cfg.Ejb3Column - Binding column: Ejb3DiscriminatorColumn{logicalColumnName&apos;DTYPE&apos;, discriminatorTypeName=&apos;string&apos;}
14:27:16.876 [main] DEBUG o.h.cfg.annotations.EntityBinder - Import with entity name QuestionStatusTransition
14:27:16.876 [main] DEBUG o.h.cfg.annotations.EntityBinder - Bind entity cn.cstqb.exam.testmaker.entities.QuestionStatusTransition on table question_status_transition
14:27:16.877 [main] DEBUG org.hibernate.cfg.Ejb3Column - Binding column: Ejb3Column{table=org.hibernate.mapping.Table(question_status_transition), mappingColumn=transitionpk, insertable=true, updatable=true, unique=false}
14:27:16.877 [main] DEBUG org.hibernate.cfg.Ejb3Column - Binding column: Ejb3JoinColumn{logicalColumnName=&apos;next_status_id&apos;, referencedColumn=&apos;&apos;, mappedBy=&apos;&apos;}
14:27:16.877 [main] DEBUG org.hibernate.cfg.Ejb3Column - Binding column: Ejb3Column{table=org.hibernate.mapping.Table(question_status_transition), mappingColumn=next_status, insertable=true, updatable=true, unique=false}
14:27:16.877 [main] DEBUG o.h.cfg.annotations.PropertyBinder - Building property nextStatus
14:27:16.877 [main] DEBUG org.hibernate.cfg.Ejb3Column - Binding column: Ejb3JoinColumn{logicalColumnName=&apos;status_id&apos;, referencedColumn=&apos;&apos;, mappedBy=&apos;&apos;}
14:27:16.877 [main] DEBUG org.hibernate.cfg.Ejb3Column - Binding column: Ejb3Column{table=org.hibernate.mapping.Table(question_status_transition), mappingColumn=status, insertable=true, updatable=true, unique=false}
14:27:16.878 [main] DEBUG o.h.cfg.annotations.PropertyBinder - Building property status
14:27:16.878 [main] DEBUG o.h.cfg.annotations.PropertyBinder - Building property transitionPK
14:27:16.878 [main] DEBUG org.hibernate.cfg.Ejb3Column - Binding column: Ejb3Column{table=org.hibernate.mapping.Table(question_status_transition), mappingColumn=created_on, insertable=true, updatable=false, unique=false}
14:27:16.878 [main] DEBUG o.h.cfg.annotations.PropertyBinder - MetadataSourceProcessor property createdOn with lazy=false
14:27:16.878 [main] DEBUG o.h.cfg.AbstractPropertyHolder - Attempting to locate auto-apply AttributeConverter for property [cn.cstqb.exam.testmaker.entities.QuestionStatusTransition:createdOn]
14:27:16.878 [main] DEBUG o.h.c.annotations.SimpleValueBinder - building SimpleValue for createdOn
14:27:16.878 [main] DEBUG o.h.cfg.annotations.PropertyBinder - Building property createdOn
14:27:16.878 [main] DEBUG org.hibernate.cfg.Ejb3Column - Binding column: Ejb3Column{table=org.hibernate.mapping.Table(question_status_transition), mappingColumn=updated_on, insertable=true, updatable=true, unique=false}
14:27:16.878 [main] DEBUG o.h.cfg.annotations.PropertyBinder - MetadataSourceProcessor property updatedOn with lazy=false
14:27:16.878 [main] DEBUG o.h.cfg.AbstractPropertyHolder - Attempting to locate auto-apply AttributeConverter for property [cn.cstqb.exam.testmaker.entities.QuestionStatusTransition:updatedOn]
14:27:16.878 [main] DEBUG o.h.c.annotations.SimpleValueBinder - building SimpleValue for updatedOn
14:27:16.878 [main] DEBUG o.h.cfg.annotations.PropertyBinder - Building property updatedOn
14:27:16.878 [main] DEBUG org.hibernate.cfg.Ejb3Column - Binding column: Ejb3Column{table=org.hibernate.mapping.Table(question_status_transition), mappingColumn=sequence, insertable=true, updatable=true, unique=false}
14:27:16.879 [main] DEBUG o.h.cfg.annotations.PropertyBinder - MetadataSourceProcessor property sequence with lazy=false
14:27:16.879 [main] DEBUG o.h.cfg.AbstractPropertyHolder - Attempting to locate auto-apply AttributeConverter for property [cn.cstqb.exam.testmaker.entities.QuestionStatusTransition:sequence]
14:27:16.879 [main] DEBUG o.h.c.annotations.SimpleValueBinder - building SimpleValue for sequence
14:27:16.879 [main] DEBUG o.h.cfg.annotations.PropertyBinder - Building property sequence
14:27:16.879 [main] DEBUG org.hibernate.cfg.AnnotationBinder - Binding entity from annotated class: cn.cstqb.exam.testmaker.entities.ReviewComment
14:27:16.879 [main] DEBUG org.hibernate.cfg.Ejb3Column - Binding column: Ejb3DiscriminatorColumn{logicalColumnName&apos;DTYPE&apos;, discriminatorTypeName=&apos;string&apos;}
14:27:16.879 [main] DEBUG o.h.cfg.annotations.EntityBinder - Import with entity name ReviewComment
14:27:16.879 [main] DEBUG o.h.cfg.annotations.EntityBinder - Bind entity cn.cstqb.exam.testmaker.entities.ReviewComment on table review_comment
14:27:16.880 [main] DEBUG org.hibernate.cfg.Ejb3Column - Binding column: Ejb3Column{table=org.hibernate.mapping.Table(review_comment), mappingColumn=id, insertable=true, updatable=false, unique=false}
14:27:16.880 [main] DEBUG o.h.cfg.annotations.PropertyBinder - MetadataSourceProcessor property id with lazy=false
14:27:16.881 [main] DEBUG o.h.cfg.AbstractPropertyHolder - Attempting to locate auto-apply AttributeConverter for property [cn.cstqb.exam.testmaker.entities.ReviewComment:id]
14:27:16.881 [main] DEBUG o.h.c.annotations.SimpleValueBinder - building SimpleValue for id
14:27:16.881 [main] DEBUG o.h.cfg.annotations.PropertyBinder - Building property id
14:27:16.881 [main] DEBUG org.hibernate.cfg.Ejb3Column - Binding column: Ejb3Column{table=org.hibernate.mapping.Table(review_comment), mappingColumn=created_on, insertable=true, updatable=false, unique=false}
14:27:16.881 [main] DEBUG o.h.cfg.annotations.PropertyBinder - MetadataSourceProcessor property createdOn with lazy=false
14:27:16.881 [main] DEBUG o.h.cfg.AbstractPropertyHolder - Attempting to locate auto-apply AttributeConverter for property [cn.cstqb.exam.testmaker.entities.ReviewComment:createdOn]
14:27:16.881 [main] DEBUG o.h.c.annotations.SimpleValueBinder - building SimpleValue for createdOn
14:27:16.881 [main] DEBUG o.h.cfg.annotations.PropertyBinder - Building property createdOn
14:27:16.882 [main] DEBUG org.hibernate.cfg.Ejb3Column - Binding column: Ejb3Column{table=org.hibernate.mapping.Table(review_comment), mappingColumn=updated_on, insertable=true, updatable=true, unique=false}
14:27:16.882 [main] DEBUG o.h.cfg.annotations.PropertyBinder - MetadataSourceProcessor property updatedOn with lazy=false
14:27:16.882 [main] DEBUG o.h.cfg.AbstractPropertyHolder - Attempting to locate auto-apply AttributeConverter for property [cn.cstqb.exam.testmaker.entities.ReviewComment:updatedOn]
14:27:16.882 [main] DEBUG o.h.c.annotations.SimpleValueBinder - building SimpleValue for updatedOn
14:27:16.882 [main] DEBUG o.h.cfg.annotations.PropertyBinder - Building property updatedOn
14:27:16.882 [main] DEBUG org.hibernate.cfg.Ejb3Column - Binding column: Ejb3Column{table=org.hibernate.mapping.Table(review_comment), mappingColumn=content, insertable=true, updatable=true, unique=false}
14:27:16.882 [main] DEBUG o.h.cfg.annotations.PropertyBinder - MetadataSourceProcessor property content with lazy=false
14:27:16.882 [main] DEBUG o.h.cfg.AbstractPropertyHolder - Attempting to locate auto-apply AttributeConverter for property [cn.cstqb.exam.testmaker.entities.ReviewComment:content]
14:27:16.883 [main] DEBUG o.h.c.annotations.SimpleValueBinder - building SimpleValue for content
14:27:16.883 [main] DEBUG o.h.cfg.annotations.PropertyBinder - Building property content
14:27:16.883 [main] DEBUG org.hibernate.cfg.Ejb3Column - Binding column: Ejb3Column{table=org.hibernate.mapping.Table(review_comment), mappingColumn=is_final_review, insertable=true, updatable=true, unique=false}
14:27:16.883 [main] DEBUG o.h.cfg.annotations.PropertyBinder - MetadataSourceProcessor property isFinalReview with lazy=false
14:27:16.883 [main] DEBUG o.h.cfg.AbstractPropertyHolder - Attempting to locate auto-apply AttributeConverter for property [cn.cstqb.exam.testmaker.entities.ReviewComment:isFinalReview]
14:27:16.883 [main] DEBUG o.h.c.annotations.SimpleValueBinder - building SimpleValue for isFinalReview
14:27:16.883 [main] DEBUG o.h.cfg.annotations.PropertyBinder - Building property isFinalReview
14:27:16.883 [main] DEBUG org.hibernate.cfg.Ejb3Column - Binding column: Ejb3JoinColumn{logicalColumnName=&apos;question_id&apos;, referencedColumn=&apos;&apos;, mappedBy=&apos;&apos;}
14:27:16.883 [main] DEBUG org.hibernate.cfg.Ejb3Column - Binding column: Ejb3Column{table=org.hibernate.mapping.Table(review_comment), mappingColumn=question, insertable=true, updatable=true, unique=false}
14:27:16.884 [main] DEBUG o.h.cfg.annotations.PropertyBinder - Building property question
14:27:16.884 [main] DEBUG org.hibernate.cfg.Ejb3Column - Binding column: Ejb3JoinColumn{logicalColumnName=&apos;reviewer_id&apos;, referencedColumn=&apos;&apos;, mappedBy=&apos;&apos;}
14:27:16.884 [main] DEBUG org.hibernate.cfg.Ejb3Column - Binding column: Ejb3Column{table=org.hibernate.mapping.Table(review_comment), mappingColumn=reviewer, insertable=true, updatable=true, unique=false}
14:27:16.884 [main] DEBUG o.h.cfg.annotations.PropertyBinder - Building property reviewer
14:27:16.884 [main] DEBUG o.h.c.annotations.SimpleValueBinder - Starting fillSimpleValue for id
14:27:16.884 [main] DEBUG o.h.c.annotations.SimpleValueBinder - Starting fillSimpleValue for createdOn
14:27:16.884 [main] DEBUG o.h.c.annotations.SimpleValueBinder - Starting fillSimpleValue for updatedOn
14:27:16.884 [main] DEBUG o.h.c.annotations.SimpleValueBinder - Starting fillSimpleValue for id
14:27:16.884 [main] DEBUG o.h.c.annotations.SimpleValueBinder - Starting fillSimpleValue for createdOn
14:27:16.885 [main] DEBUG o.h.c.annotations.SimpleValueBinder - Starting fillSimpleValue for updatedOn
14:27:16.885 [main] DEBUG o.h.c.annotations.SimpleValueBinder - Starting fillSimpleValue for isFinish
14:27:16.885 [main] DEBUG o.h.c.annotations.SimpleValueBinder - Starting fillSimpleValue for isStart
14:27:16.885 [main] DEBUG o.h.c.annotations.SimpleValueBinder - Starting fillSimpleValue for name
14:27:16.885 [main] DEBUG o.h.c.annotations.SimpleValueBinder - Starting fillSimpleValue for id
14:27:16.885 [main] DEBUG o.h.c.annotations.SimpleValueBinder - Starting fillSimpleValue for createdOn
14:27:16.885 [main] DEBUG o.h.c.annotations.SimpleValueBinder - Starting fillSimpleValue for updatedOn
14:27:16.885 [main] DEBUG o.h.c.annotations.SimpleValueBinder - Starting fillSimpleValue for name
14:27:16.885 [main] DEBUG o.h.c.annotations.SimpleValueBinder - Starting fillSimpleValue for id
14:27:16.885 [main] DEBUG o.h.c.annotations.SimpleValueBinder - Starting fillSimpleValue for createdOn
14:27:16.885 [main] DEBUG o.h.c.annotations.SimpleValueBinder - Starting fillSimpleValue for updatedOn
14:27:16.885 [main] DEBUG o.h.c.annotations.SimpleValueBinder - Starting fillSimpleValue for name
14:27:16.885 [main] DEBUG o.h.c.annotations.SimpleValueBinder - Starting fillSimpleValue for id
14:27:16.885 [main] DEBUG o.h.c.annotations.SimpleValueBinder - Starting fillSimpleValue for createdOn
14:27:16.885 [main] DEBUG o.h.c.annotations.SimpleValueBinder - Starting fillSimpleValue for updatedOn
14:27:16.885 [main] DEBUG o.h.c.annotations.SimpleValueBinder - Starting fillSimpleValue for email
14:27:16.886 [main] DEBUG o.h.c.annotations.SimpleValueBinder - Starting fillSimpleValue for enabled
14:27:16.886 [main] DEBUG o.h.c.annotations.SimpleValueBinder - Starting fillSimpleValue for fullName
14:27:16.886 [main] DEBUG o.h.c.annotations.SimpleValueBinder - Starting fillSimpleValue for isAdmin
14:27:16.886 [main] DEBUG o.h.c.annotations.SimpleValueBinder - Starting fillSimpleValue for lastLogin
14:27:16.886 [main] DEBUG o.h.c.annotations.SimpleValueBinder - Starting fillSimpleValue for loginCount
14:27:16.886 [main] DEBUG o.h.c.annotations.SimpleValueBinder - Starting fillSimpleValue for password
14:27:16.886 [main] DEBUG o.h.c.annotations.SimpleValueBinder - Starting fillSimpleValue for phone
14:27:16.886 [main] DEBUG o.h.c.annotations.SimpleValueBinder - Starting fillSimpleValue for username
14:27:16.886 [main] DEBUG o.h.c.annotations.SimpleValueBinder - Starting fillSimpleValue for id
14:27:16.886 [main] DEBUG o.h.c.annotations.SimpleValueBinder - Starting fillSimpleValue for createdOn
14:27:16.886 [main] DEBUG o.h.c.annotations.SimpleValueBinder - Starting fillSimpleValue for updatedOn
14:27:16.886 [main] DEBUG o.h.c.annotations.SimpleValueBinder - Starting fillSimpleValue for number
14:27:16.886 [main] DEBUG o.h.c.annotations.SimpleValueBinder - Starting fillSimpleValue for title
14:27:16.886 [main] DEBUG o.h.c.annotations.SimpleValueBinder - Starting fillSimpleValue for id
14:27:16.887 [main] DEBUG o.h.c.annotations.SimpleValueBinder - Starting fillSimpleValue for createdOn
14:27:16.887 [main] DEBUG o.h.c.annotations.SimpleValueBinder - Starting fillSimpleValue for updatedOn
14:27:16.887 [main] DEBUG o.h.c.annotations.SimpleValueBinder - Starting fillSimpleValue for path
14:27:16.887 [main] DEBUG o.h.c.annotations.SimpleValueBinder - Starting fillSimpleValue for caption
14:27:16.887 [main] DEBUG o.h.c.annotations.SimpleValueBinder - Starting fillSimpleValue for id
14:27:16.887 [main] DEBUG o.h.c.annotations.SimpleValueBinder - Starting fillSimpleValue for createdOn
14:27:16.887 [main] DEBUG o.h.c.annotations.SimpleValueBinder - Starting fillSimpleValue for updatedOn
14:27:16.887 [main] DEBUG o.h.c.annotations.SimpleValueBinder - Starting fillSimpleValue for authoringFinishDate
14:27:16.887 [main] DEBUG o.h.c.annotations.SimpleValueBinder - Starting fillSimpleValue for authoringStartDate
14:27:16.887 [main] DEBUG o.h.c.annotations.SimpleValueBinder - Starting fillSimpleValue for customField2
14:27:16.888 [main] DEBUG o.h.c.annotations.SimpleValueBinder - Starting fillSimpleValue for customField3
14:27:16.888 [main] DEBUG o.h.c.annotations.SimpleValueBinder - Starting fillSimpleValue for customFiled1
14:27:16.888 [main] DEBUG o.h.c.annotations.SimpleValueBinder - Starting fillSimpleValue for description
14:27:16.888 [main] DEBUG o.h.c.annotations.SimpleValueBinder - Starting fillSimpleValue for difficulty
14:27:16.888 [main] DEBUG o.h.c.annotations.SimpleValueBinder - Starting fillSimpleValue for memo
14:27:16.888 [main] DEBUG o.h.c.annotations.SimpleValueBinder - Starting fillSimpleValue for multipleChoice
14:27:16.888 [main] DEBUG o.h.c.annotations.SimpleValueBinder - Starting fillSimpleValue for published
14:27:16.888 [main] DEBUG o.h.c.annotations.SimpleValueBinder - Starting fillSimpleValue for remark
14:27:16.888 [main] DEBUG o.h.c.annotations.SimpleValueBinder - Starting fillSimpleValue for reviewingFinishDate
14:27:16.888 [main] DEBUG o.h.c.annotations.SimpleValueBinder - Starting fillSimpleValue for reviewingStartDate
14:27:16.888 [main] DEBUG o.h.c.annotations.SimpleValueBinder - Starting fillSimpleValue for scenario
14:27:16.888 [main] DEBUG o.h.c.annotations.SimpleValueBinder - Starting fillSimpleValue for score
14:27:16.888 [main] DEBUG o.h.c.annotations.SimpleValueBinder - Starting fillSimpleValue for stem
14:27:16.888 [main] DEBUG o.h.c.annotations.SimpleValueBinder - Starting fillSimpleValue for id
14:27:16.888 [main] DEBUG o.h.c.annotations.SimpleValueBinder - Starting fillSimpleValue for createdOn
14:27:16.889 [main] DEBUG o.h.c.annotations.SimpleValueBinder - Starting fillSimpleValue for updatedOn
14:27:16.889 [main] DEBUG o.h.c.annotations.SimpleValueBinder - Starting fillSimpleValue for customField1
14:27:16.889 [main] DEBUG o.h.c.annotations.SimpleValueBinder - Starting fillSimpleValue for customField2
14:27:16.889 [main] DEBUG o.h.c.annotations.SimpleValueBinder - Starting fillSimpleValue for customField3
14:27:16.889 [main] DEBUG o.h.c.annotations.SimpleValueBinder - Starting fillSimpleValue for exportedOn
14:27:16.889 [main] DEBUG o.h.c.annotations.SimpleValueBinder - Starting fillSimpleValue for finishDate
14:27:16.889 [main] DEBUG o.h.c.annotations.SimpleValueBinder - Starting fillSimpleValue for name
14:27:16.889 [main] DEBUG o.h.c.annotations.SimpleValueBinder - Starting fillSimpleValue for startDate
14:27:16.889 [main] DEBUG o.h.c.annotations.SimpleValueBinder - Starting fillSimpleValue for id
14:27:16.889 [main] DEBUG o.h.c.annotations.SimpleValueBinder - Starting fillSimpleValue for createdOn
14:27:16.889 [main] DEBUG o.h.c.annotations.SimpleValueBinder - Starting fillSimpleValue for updatedOn
14:27:16.889 [main] DEBUG o.h.c.annotations.SimpleValueBinder - Starting fillSimpleValue for isFinish
14:27:16.889 [main] DEBUG o.h.c.annotations.SimpleValueBinder - Starting fillSimpleValue for isStart
14:27:16.889 [main] DEBUG o.h.c.annotations.SimpleValueBinder - Starting fillSimpleValue for name
14:27:16.889 [main] DEBUG o.h.c.annotations.SimpleValueBinder - Starting fillSimpleValue for accessibleByAuthor
14:27:16.890 [main] DEBUG o.h.c.annotations.SimpleValueBinder - Starting fillSimpleValue for accessibleByFacilitator
14:27:16.890 [main] DEBUG o.h.c.annotations.SimpleValueBinder - Starting fillSimpleValue for accessibleByQualityAdmin
14:27:16.890 [main] DEBUG o.h.c.annotations.SimpleValueBinder - Starting fillSimpleValue for accessibleByReviewer
14:27:16.890 [main] DEBUG o.h.c.annotations.SimpleValueBinder - Starting fillSimpleValue for id
14:27:16.890 [main] DEBUG o.h.c.annotations.SimpleValueBinder - Starting fillSimpleValue for createdOn
14:27:16.890 [main] DEBUG o.h.c.annotations.SimpleValueBinder - Starting fillSimpleValue for updatedOn
14:27:16.890 [main] DEBUG o.h.c.annotations.SimpleValueBinder - Starting fillSimpleValue for choiceLabel
14:27:16.890 [main] DEBUG o.h.c.annotations.SimpleValueBinder - Starting fillSimpleValue for content
14:27:16.890 [main] DEBUG o.h.c.annotations.SimpleValueBinder - Starting fillSimpleValue for isCorrectAnswer
14:27:16.890 [main] DEBUG o.h.c.annotations.SimpleValueBinder - Starting fillSimpleValue for id
14:27:16.890 [main] DEBUG o.h.c.annotations.SimpleValueBinder - Starting fillSimpleValue for createdOn
14:27:16.890 [main] DEBUG o.h.c.annotations.SimpleValueBinder - Starting fillSimpleValue for updatedOn
14:27:16.890 [main] DEBUG o.h.c.annotations.SimpleValueBinder - Starting fillSimpleValue for kLevel
14:27:16.890 [main] DEBUG o.h.c.annotations.SimpleValueBinder - Starting fillSimpleValue for number
14:27:16.890 [main] DEBUG o.h.c.annotations.SimpleValueBinder - Starting fillSimpleValue for score
14:27:16.890 [main] DEBUG o.h.c.annotations.SimpleValueBinder - Starting fillSimpleValue for title
14:27:16.891 [main] DEBUG o.h.c.annotations.SimpleValueBinder - Starting fillSimpleValue for id
14:27:16.891 [main] DEBUG o.h.c.annotations.SimpleValueBinder - Starting fillSimpleValue for createdOn
14:27:16.891 [main] DEBUG o.h.c.annotations.SimpleValueBinder - Starting fillSimpleValue for updatedOn
14:27:16.891 [main] DEBUG o.h.c.annotations.SimpleValueBinder - Starting fillSimpleValue for description
14:27:16.891 [main] DEBUG o.h.c.annotations.SimpleValueBinder - Starting fillSimpleValue for paper_name
14:27:16.891 [main] DEBUG o.h.c.annotations.SimpleValueBinder - Starting fillSimpleValue for score
14:27:16.891 [main] DEBUG o.h.c.annotations.SimpleValueBinder - Starting fillSimpleValue for id
14:27:16.891 [main] DEBUG o.h.c.annotations.SimpleValueBinder - Starting fillSimpleValue for createdOn
14:27:16.891 [main] DEBUG o.h.c.annotations.SimpleValueBinder - Starting fillSimpleValue for updatedOn
14:27:16.891 [main] DEBUG o.h.c.annotations.SimpleValueBinder - Starting fillSimpleValue for path
14:27:16.891 [main] DEBUG o.h.c.annotations.SimpleValueBinder - Starting fillSimpleValue for caption
14:27:16.891 [main] DEBUG o.h.c.annotations.SimpleValueBinder - Starting fillSimpleValue for id
14:27:16.891 [main] DEBUG o.h.c.annotations.SimpleValueBinder - Starting fillSimpleValue for createdOn
14:27:16.891 [main] DEBUG o.h.c.annotations.SimpleValueBinder - Starting fillSimpleValue for updatedOn
14:27:16.891 [main] DEBUG o.h.c.annotations.SimpleValueBinder - Starting fillSimpleValue for name
14:27:16.891 [main] DEBUG o.h.c.annotations.SimpleValueBinder - Starting fillSimpleValue for id
14:27:16.892 [main] DEBUG o.h.c.annotations.SimpleValueBinder - Starting fillSimpleValue for createdOn
14:27:16.892 [main] DEBUG o.h.c.annotations.SimpleValueBinder - Starting fillSimpleValue for updatedOn
14:27:16.892 [main] DEBUG o.h.c.annotations.SimpleValueBinder - Starting fillSimpleValue for isDisabled
14:27:16.892 [main] DEBUG o.h.c.annotations.SimpleValueBinder - Starting fillSimpleValue for level
14:27:16.892 [main] DEBUG o.h.c.annotations.SimpleValueBinder - Starting fillSimpleValue for version
14:27:16.892 [main] DEBUG o.h.c.annotations.SimpleValueBinder - Starting fillSimpleValue for id
14:27:16.892 [main] DEBUG o.h.c.annotations.SimpleValueBinder - Starting fillSimpleValue for createdOn
14:27:16.892 [main] DEBUG o.h.c.annotations.SimpleValueBinder - Starting fillSimpleValue for updatedOn
14:27:16.892 [main] DEBUG o.h.c.annotations.SimpleValueBinder - Starting fillSimpleValue for name
14:27:16.892 [main] DEBUG o.h.c.annotations.SimpleValueBinder - Starting fillSimpleValue for createdOn
14:27:16.892 [main] DEBUG o.h.c.annotations.SimpleValueBinder - Starting fillSimpleValue for updatedOn
14:27:16.892 [main] DEBUG o.h.c.annotations.SimpleValueBinder - Starting fillSimpleValue for sequence
14:27:16.892 [main] DEBUG o.h.c.annotations.SimpleValueBinder - Starting fillSimpleValue for id
14:27:16.892 [main] DEBUG o.h.c.annotations.SimpleValueBinder - Starting fillSimpleValue for createdOn
14:27:16.893 [main] DEBUG o.h.c.annotations.SimpleValueBinder - Starting fillSimpleValue for updatedOn
14:27:16.893 [main] DEBUG o.h.c.annotations.SimpleValueBinder - Starting fillSimpleValue for content
14:27:16.893 [main] DEBUG o.h.c.annotations.SimpleValueBinder - Starting fillSimpleValue for isFinalReview
14:27:16.893 [main] DEBUG org.hibernate.cfg.Configuration - Processing fk mappings (*ToOne and JoinedSubclass)
14:27:16.897 [main] DEBUG org.hibernate.cfg.Configuration - Processing extends queue
14:27:16.897 [main] DEBUG org.hibernate.cfg.Configuration - Processing extends queue
14:27:16.897 [main] DEBUG org.hibernate.cfg.Configuration - Processing collection mappings
14:27:16.897 [main] DEBUG o.hibernate.cfg.CollectionSecondPass - Second pass for collection: cn.cstqb.exam.testmaker.entities.Project.users
14:27:16.897 [main] DEBUG o.h.cfg.annotations.CollectionBinder - Binding as ManyToMany: cn.cstqb.exam.testmaker.entities.Project.users
14:27:16.898 [main] DEBUG o.hibernate.cfg.CollectionSecondPass - Mapped collection key: project_id, element: user_id
14:27:16.898 [main] DEBUG o.hibernate.cfg.CollectionSecondPass - Second pass for collection: cn.cstqb.exam.testmaker.entities.Question.reviewers
14:27:16.898 [main] DEBUG o.h.cfg.annotations.CollectionBinder - Binding as ManyToMany: cn.cstqb.exam.testmaker.entities.Question.reviewers
14:27:16.899 [main] DEBUG o.hibernate.cfg.CollectionSecondPass - Mapped collection key: question_id, element: reviewer_id
14:27:16.899 [main] DEBUG o.hibernate.cfg.CollectionSecondPass - Second pass for collection: cn.cstqb.exam.testmaker.entities.User.projects
14:27:16.899 [main] DEBUG o.h.cfg.annotations.CollectionBinder - Binding as ManyToMany: cn.cstqb.exam.testmaker.entities.User.projects
14:27:16.899 [main] DEBUG o.h.cfg.annotations.TableBinder - Retrieving property cn.cstqb.exam.testmaker.entities.Project.users
14:27:16.899 [main] DEBUG o.hibernate.cfg.CollectionSecondPass - Mapped collection key: user_id, element: project_id
14:27:16.900 [main] DEBUG o.hibernate.cfg.CollectionSecondPass - Second pass for collection: cn.cstqb.exam.testmaker.entities.Chapter.points
14:27:16.900 [main] DEBUG o.h.cfg.annotations.CollectionBinder - Binding a OneToMany: cn.cstqb.exam.testmaker.entities.Chapter.points through a foreign key
14:27:16.900 [main] DEBUG o.h.cfg.annotations.CollectionBinder - Mapping collection: cn.cstqb.exam.testmaker.entities.Chapter.points -&gt; knowledge_point
14:27:16.900 [main] DEBUG o.h.cfg.annotations.TableBinder - Retrieving property cn.cstqb.exam.testmaker.entities.KnowledgePoint.chapter
14:27:16.900 [main] DEBUG o.hibernate.cfg.CollectionSecondPass - Mapped collection key: chapter_id, one-to-many: cn.cstqb.exam.testmaker.entities.KnowledgePoint
14:27:16.900 [main] DEBUG o.hibernate.cfg.CollectionSecondPass - Second pass for collection: cn.cstqb.exam.testmaker.entities.Question.images
14:27:16.900 [main] DEBUG o.h.cfg.annotations.CollectionBinder - Binding a OneToMany: cn.cstqb.exam.testmaker.entities.Question.images through a foreign key
14:27:16.900 [main] DEBUG o.h.cfg.annotations.CollectionBinder - Mapping collection: cn.cstqb.exam.testmaker.entities.Question.images -&gt; question_image
14:27:16.901 [main] DEBUG o.h.cfg.annotations.TableBinder - Retrieving property cn.cstqb.exam.testmaker.entities.QuestionImage.question
14:27:16.901 [main] DEBUG o.hibernate.cfg.CollectionSecondPass - Mapped collection key: question_id, one-to-many: cn.cstqb.exam.testmaker.entities.QuestionImage
14:27:16.901 [main] DEBUG o.hibernate.cfg.CollectionSecondPass - Second pass for collection: cn.cstqb.exam.testmaker.entities.QuestionChoice.images
14:27:16.901 [main] DEBUG o.h.cfg.annotations.CollectionBinder - Binding a OneToMany: cn.cstqb.exam.testmaker.entities.QuestionChoice.images through a foreign key
14:27:16.901 [main] DEBUG o.h.cfg.annotations.CollectionBinder - Mapping collection: cn.cstqb.exam.testmaker.entities.QuestionChoice.images -&gt; question_choice_image
14:27:16.901 [main] DEBUG o.h.cfg.annotations.TableBinder - Retrieving property cn.cstqb.exam.testmaker.entities.QuestionChoiceImage.choice
14:27:16.901 [main] DEBUG o.hibernate.cfg.CollectionSecondPass - Mapped collection key: question_choice_id, one-to-many: cn.cstqb.exam.testmaker.entities.QuestionChoiceImage
14:27:16.901 [main] DEBUG o.hibernate.cfg.CollectionSecondPass - Second pass for collection: cn.cstqb.exam.testmaker.entities.Syllabus.chapters
14:27:16.901 [main] DEBUG o.h.cfg.annotations.CollectionBinder - Binding a OneToMany: cn.cstqb.exam.testmaker.entities.Syllabus.chapters through a foreign key
14:27:16.902 [main] DEBUG o.h.cfg.annotations.CollectionBinder - Mapping collection: cn.cstqb.exam.testmaker.entities.Syllabus.chapters -&gt; chapter
14:27:16.902 [main] DEBUG o.h.cfg.annotations.TableBinder - Retrieving property cn.cstqb.exam.testmaker.entities.Chapter.syllabus
14:27:16.902 [main] DEBUG o.hibernate.cfg.CollectionSecondPass - Mapped collection key: syllabus_id, one-to-many: cn.cstqb.exam.testmaker.entities.Chapter
14:27:16.902 [main] DEBUG org.hibernate.cfg.Configuration - Processing native query and ResultSetMapping mappings
14:27:16.902 [main] DEBUG org.hibernate.cfg.Configuration - Processing association property references
14:27:16.902 [main] DEBUG org.hibernate.cfg.Configuration - Creating tables&apos; unique integer identifiers
14:27:16.902 [main] DEBUG org.hibernate.cfg.Configuration - Processing foreign key constraints
14:27:16.902 [main] DEBUG org.hibernate.cfg.Configuration - Resolving reference to class: cn.cstqb.exam.testmaker.entities.Syllabus
14:27:16.902 [main] DEBUG org.hibernate.cfg.Configuration - Resolving reference to class: cn.cstqb.exam.testmaker.entities.Chapter
14:27:16.902 [main] DEBUG org.hibernate.cfg.Configuration - Resolving reference to class: cn.cstqb.exam.testmaker.entities.User
14:27:16.902 [main] DEBUG org.hibernate.cfg.Configuration - Resolving reference to class: cn.cstqb.exam.testmaker.entities.Project
14:27:16.902 [main] DEBUG org.hibernate.cfg.Configuration - Resolving reference to class: cn.cstqb.exam.testmaker.entities.Paper
14:27:16.902 [main] DEBUG org.hibernate.cfg.Configuration - Resolving reference to class: cn.cstqb.exam.testmaker.entities.Question
14:27:16.902 [main] DEBUG org.hibernate.cfg.Configuration - Resolving reference to class: cn.cstqb.exam.testmaker.entities.User
14:27:16.902 [main] DEBUG org.hibernate.cfg.Configuration - Resolving reference to class: cn.cstqb.exam.testmaker.entities.User
14:27:16.902 [main] DEBUG org.hibernate.cfg.Configuration - Resolving reference to class: cn.cstqb.exam.testmaker.entities.ProjectStatus
14:27:16.902 [main] DEBUG org.hibernate.cfg.Configuration - Resolving reference to class: cn.cstqb.exam.testmaker.entities.Syllabus
14:27:16.902 [main] DEBUG org.hibernate.cfg.Configuration - Resolving reference to class: cn.cstqb.exam.testmaker.entities.User
14:27:16.902 [main] DEBUG org.hibernate.cfg.Configuration - Resolving reference to class: cn.cstqb.exam.testmaker.entities.Project
14:27:16.902 [main] DEBUG org.hibernate.cfg.Configuration - Resolving reference to class: cn.cstqb.exam.testmaker.entities.User
14:27:16.902 [main] DEBUG org.hibernate.cfg.Configuration - Resolving reference to class: cn.cstqb.exam.testmaker.entities.KnowledgePoint
14:27:16.902 [main] DEBUG org.hibernate.cfg.Configuration - Resolving reference to class: cn.cstqb.exam.testmaker.entities.QuestionLanguage
14:27:16.902 [main] DEBUG org.hibernate.cfg.Configuration - Resolving reference to class: cn.cstqb.exam.testmaker.entities.Project
14:27:16.902 [main] DEBUG org.hibernate.cfg.Configuration - Resolving reference to class: cn.cstqb.exam.testmaker.entities.User
14:27:16.903 [main] DEBUG org.hibernate.cfg.Configuration - Resolving reference to class: cn.cstqb.exam.testmaker.entities.QuestionStatus
14:27:16.903 [main] DEBUG org.hibernate.cfg.Configuration - Resolving reference to class: cn.cstqb.exam.testmaker.entities.QuestionType
14:27:16.903 [main] DEBUG org.hibernate.cfg.Configuration - Resolving reference to class: cn.cstqb.exam.testmaker.entities.Question
14:27:16.903 [main] DEBUG org.hibernate.cfg.Configuration - Resolving reference to class: cn.cstqb.exam.testmaker.entities.QuestionChoice
14:27:16.903 [main] DEBUG org.hibernate.cfg.Configuration - Resolving reference to class: cn.cstqb.exam.testmaker.entities.Question
14:27:16.903 [main] DEBUG org.hibernate.cfg.Configuration - Resolving reference to class: cn.cstqb.exam.testmaker.entities.User
14:27:16.903 [main] DEBUG org.hibernate.cfg.Configuration - Resolving reference to class: cn.cstqb.exam.testmaker.entities.Question
14:27:16.903 [main] DEBUG org.hibernate.cfg.Configuration - Resolving reference to class: cn.cstqb.exam.testmaker.entities.QuestionStatus
14:27:16.903 [main] DEBUG org.hibernate.cfg.Configuration - Resolving reference to class: cn.cstqb.exam.testmaker.entities.QuestionStatus
14:27:16.903 [main] DEBUG org.hibernate.cfg.Configuration - Resolving reference to class: cn.cstqb.exam.testmaker.entities.Question
14:27:16.903 [main] DEBUG org.hibernate.cfg.Configuration - Resolving reference to class: cn.cstqb.exam.testmaker.entities.User
14:27:16.904 [main] DEBUG o.h.e.t.j.p.i.JtaPlatformInitiator - No JtaPlatform was specified, checking resolver
14:27:16.904 [main] DEBUG o.h.e.t.j.p.i.JtaPlatformResolverInitiator - No JtaPlatformResolver was specified, using default [org.hibernate.engine.transaction.jta.platform.internal.StandardJtaPlatformResolver]
14:27:16.906 [main] DEBUG o.h.e.t.j.p.i.StandardJtaPlatformResolver - Could not resolve JtaPlatform, using default [org.hibernate.engine.transaction.jta.platform.internal.NoJtaPlatform]
14:27:16.907 [main] DEBUG org.hibernate.cfg.SettingsFactory - Automatic flush during beforeCompletion(): disabled
14:27:16.907 [main] DEBUG org.hibernate.cfg.SettingsFactory - Automatic session close at end of transaction: disabled
14:27:16.907 [main] DEBUG org.hibernate.cfg.SettingsFactory - JDBC batch size: 15
14:27:16.907 [main] DEBUG org.hibernate.cfg.SettingsFactory - JDBC batch updates for versioned data: disabled
14:27:16.907 [main] DEBUG org.hibernate.cfg.SettingsFactory - Scrollable result sets: enabled
14:27:16.907 [main] DEBUG org.hibernate.cfg.SettingsFactory - Wrap result sets: disabled
14:27:16.907 [main] DEBUG org.hibernate.cfg.SettingsFactory - JDBC3 getGeneratedKeys(): enabled
14:27:16.907 [main] DEBUG org.hibernate.cfg.SettingsFactory - multi-tenancy strategy : NONE
14:27:16.907 [main] DEBUG org.hibernate.cfg.SettingsFactory - Connection release mode: auto
14:27:16.907 [main] DEBUG org.hibernate.cfg.SettingsFactory - Using BatchFetchStyle : LEGACY
14:27:16.907 [main] DEBUG org.hibernate.cfg.SettingsFactory - Maximum outer join fetch depth: 2
14:27:16.907 [main] DEBUG org.hibernate.cfg.SettingsFactory - Default batch fetch size: 1
14:27:16.908 [main] DEBUG org.hibernate.cfg.SettingsFactory - Generate SQL with comments: disabled
14:27:16.908 [main] DEBUG org.hibernate.cfg.SettingsFactory - Order SQL updates by primary key: disabled
14:27:16.908 [main] DEBUG org.hibernate.cfg.SettingsFactory - Order SQL inserts for batching: disabled
14:27:16.908 [main] DEBUG org.hibernate.cfg.SettingsFactory - Default null ordering: none
14:27:16.908 [main] DEBUG org.hibernate.cfg.SettingsFactory - Query translator: org.hibernate.hql.internal.ast.ASTQueryTranslatorFactory
14:27:16.908 [main] INFO  o.h.h.i.a.ASTQueryTranslatorFactory - HHH000397: Using ASTQueryTranslatorFactory
14:27:16.909 [main] DEBUG org.hibernate.cfg.SettingsFactory - Query language substitutions: {}
14:27:16.909 [main] DEBUG org.hibernate.cfg.SettingsFactory - JPA-QL strict compliance: disabled
14:27:16.909 [main] DEBUG org.hibernate.cfg.SettingsFactory - Second-level cache: disabled
14:27:16.909 [main] DEBUG org.hibernate.cfg.SettingsFactory - Query cache: disabled
14:27:16.909 [main] DEBUG o.h.c.i.RegionFactoryInitiator - Cache region factory : org.hibernate.cache.internal.NoCachingRegionFactory
14:27:16.909 [main] DEBUG org.hibernate.cfg.SettingsFactory - Optimize cache for minimal puts: disabled
14:27:16.909 [main] DEBUG org.hibernate.cfg.SettingsFactory - Structured second-level cache entries: disabled
14:27:16.909 [main] DEBUG org.hibernate.cfg.SettingsFactory - Second-level cache direct-reference entries: disabled
14:27:16.909 [main] DEBUG org.hibernate.cfg.SettingsFactory - Automatic eviction of collection cache: disabled
14:27:16.909 [main] DEBUG org.hibernate.cfg.SettingsFactory - Statistics: disabled
14:27:16.909 [main] DEBUG org.hibernate.cfg.SettingsFactory - Deleted entity synthetic identifier rollback: disabled
14:27:16.909 [main] DEBUG org.hibernate.cfg.SettingsFactory - Default entity-mode: pojo
14:27:16.909 [main] DEBUG org.hibernate.cfg.SettingsFactory - Named query checking : enabled
14:27:16.910 [main] DEBUG org.hibernate.cfg.SettingsFactory - Check Nullability in Core (should be disabled when Bean Validation is on): enabled
14:27:16.910 [main] DEBUG org.hibernate.cfg.SettingsFactory - Allow initialization of lazy state outside session : : enabled
14:27:16.910 [main] DEBUG org.hibernate.cfg.SettingsFactory - JTA Track by Thread: enabled
14:27:16.910 [main] DEBUG o.h.internal.SessionFactoryImpl - Building session factory
14:27:16.910 [main] DEBUG o.h.internal.SessionFactoryImpl - Session factory constructed with filter configurations : {}
14:27:16.910 [main] DEBUG o.h.internal.SessionFactoryImpl - Instantiating session factory with properties: {hibernate.format_sql=true, java.specification.version=13, sun.cpu.isalist=amd64, hibernate.c3p0.idle_test_period=120, sun.jnu.encoding=GBK, sun.arch.data.model=64, java.vendor.url=https://java.oracle.com/, javax.persistence.jdbc.user=root, javax.persistence.jdbc.url=jdbc:mysql://localhost:3306/testmaker, connection.provider_class=org.hibernate.connection.C3P0ConnectionProvider, sun.boot.library.path=C:\Program Files\Java\jdk-13.0.1\bin, sun.java.command=D:\whitebox-test\test-maker-group1\test-maker\target\surefire\surefirebooter2198738040546166082.jar D:\whitebox-test\test-maker-group1\test-maker\target\surefire\surefire18068343205464494830tmp D:\whitebox-test\test-maker-group1\test-maker\target\surefire\surefire_04244704630242768466tmp, jdk.debug=release, java.specification.vendor=Oracle Corporation, java.version.date=2019-10-15, java.home=C:\Program Files\Java\jdk-13.0.1, file.separator=\, basedir=D:\whitebox-test\test-maker-group1\test-maker, java.vm.compressedOopsMode=Zero based, line.separator=
, hibernate.c3p0.timeout=600, java.vm.specification.vendor=Oracle Corporation, java.specification.name=Java Platform API Specification, hibernate.c3p0.automaticTestTable=_conTestTable, hibernate.hbm2ddl.auto=update, user.script=, sun.management.compiler=HotSpot 64-Bit Tiered Compilers, java.runtime.version=13.0.1+9, user.name=wangs, hibernate.enable_lazy_load_no_trans=true, file.encoding=GBK, org.hibernate.flushMode=COMMIT, localRepository=C:\Users\wangs\.m2\repository, java.io.tmpdir=C:\Users\wangs\AppData\Local\Temp\, java.version=13.0.1, java.vm.specification.name=Java Virtual Machine Specification, sun.os.patch.level=, hibernate.cache.use_second_level_cache=false, java.library.path=C:\Program Files\Java\jdk-13.0.1\bin;C:\WINDOWS\Sun\Java\bin;C:\WINDOWS\system32;C:\WINDOWS;C:\Program Files (x86)\Razer\ChromaBroadcast\bin;C:\Program Files\Razer\ChromaBroadcast\bin;C:\Program Files (x86)\Intel\Intel(R) Management Engine Components\iCLS\;C:\Program Files\Intel\Intel(R) Management Engine Components\iCLS\;C:\Windows\system32;C:\Windows;C:\Windows\System32\Wbem;C:\Windows\System32\WindowsPowerShell\v1.0\;C:\Windows\System32\OpenSSH\;C:\Program Files (x86)\Intel\Intel(R) Management Engine Components\DAL;C:\Program Files\Intel\Intel(R) Management Engine Components\DAL;C:\WINDOWS\system32;C:\WINDOWS;C:\WINDOWS\System32\Wbem;C:\WINDOWS\System32\WindowsPowerShell\v1.0\;C:\WINDOWS\System32\OpenSSH\;C:\Program Files\Git\cmd;C:\Program Files\Java\jdk-13.0.1\bin;C:\Program Files\Java\jdk-13.0.1\jre\bin;C:\Program Files\NVIDIA Corporation\NVIDIA NvDLISR;C:\WINDOWS\system32;C:\WINDOWS;C:\WINDOWS\System32\Wbem;C:\WINDOWS\System32\WindowsPowerShell\v1.0\;C:\WINDOWS\System32\OpenSSH\;C:\Program Files\dotnet\;C:\Program Files (x86)\NVIDIA Corporation\PhysX\Common;C:\Program Files\NVIDIA Corporation\NVIDIA NGX;C:\Users\wangs\AppData\Local\Microsoft\WindowsApps;C:\Users\wangs\.dotnet\tools;C:\Program Files\TortoiseSVN\bin;D:\;C:\Program Files\JetBrains\IntelliJ IDEA 2019.3.3\plugins\maven\lib\maven3\bin;C:\Program Files\nodejs\;D:\2020春\软件质量保障与测试\sonar-scanner-4.2.0.1873-windows\bin;C:\Users\wangs\AppData\Local\Programs\Python\Python36\Scripts\;C:\Users\wangs\AppData\Local\Programs\Python\Python36\;C:\Users\wangs\AppData\Local\Programs\Python\Python37\Scripts\;C:\Users\wangs\AppData\Local\Programs\Python\Python37\;C:\Users\wangs\AppData\Local\Microsoft\WindowsApps;C:\Program Files (x86)\SSH Communications Security\SSH Secure Shell;C:\MinGW\bin;;C:\Users\wangs\AppData\Local\Programs\Microsoft VS Code\bin;C:\Program Files\JetBrains\IntelliJ IDEA 2019.3.3\bin;;C:\Users\wangs\AppData\Roaming\npm;., java.vendor=Oracle Corporation, sun.io.unicode.encoding=UnicodeLittle, maven.test.failure.ignore=true, hibernate.dialect=org.hibernate.dialect.MySQL5InnoDBDialect, java.class.path=D:\whitebox-test\test-maker-group1\test-maker\target\test-classes;D:\whitebox-test\test-maker-group1\test-maker\target\classes;C:\Users\wangs\.m2\repository\junit\junit\4.12\junit-4.12.jar;C:\Users\wangs\.m2\repository\org\hamcrest\hamcrest-core\1.3\hamcrest-core-1.3.jar;C:\Users\wangs\.m2\repository\org\slf4j\slf4j-api\1.7.7\slf4j-api-1.7.7.jar;C:\Users\wangs\.m2\repository\ch\qos\logback\logback-core\1.1.2\logback-core-1.1.2.jar;C:\Users\wangs\.m2\repository\ch\qos\logback\logback-classic\1.1.2\logback-classic-1.1.2.jar;C:\Users\wangs\.m2\repository\mysql\mysql-connector-java\5.1.34\mysql-connector-java-5.1.34.jar;C:\Users\wangs\.m2\repository\com\google\guava\guava\18.0\guava-18.0.jar;C:\Users\wangs\.m2\repository\com\google\code\findbugs\jsr305\3.0.0\jsr305-3.0.0.jar;C:\Users\wangs\.m2\repository\com\google\inject\guice\4.0-beta5\guice-4.0-beta5.jar;C:\Users\wangs\.m2\repository\javax\inject\javax.inject\1\javax.inject-1.jar;C:\Users\wangs\.m2\repository\aopalliance\aopalliance\1.0\aopalliance-1.0.jar;C:\Users\wangs\.m2\repository\com\google\inject\extensions\guice-multibindings\4.0-beta5\guice-multibindings-4.0-beta5.jar;C:\Users\wangs\.m2\repository\com\google\inject\extensions\guice-persist\4.0-beta5\guice-persist-4.0-beta5.jar;C:\Users\wangs\.m2\repository\com\google\inject\extensions\guice-servlet\4.0-beta5\guice-servlet-4.0-beta5.jar;C:\Users\wangs\.m2\repository\com\google\inject\extensions\guice-throwingproviders\4.0-beta5\guice-throwingproviders-4.0-beta5.jar;C:\Users\wangs\.m2\repository\com\typesafe\config\1.3.0-M2\config-1.3.0-M2.jar;C:\Users\wangs\.m2\repository\org\hibernate\hibernate-core\4.3.7.Final\hibernate-core-4.3.7.Final.jar;C:\Users\wangs\.m2\repository\org\jboss\logging\jboss-logging\3.1.3.GA\jboss-logging-3.1.3.GA.jar;C:\Users\wangs\.m2\repository\org\jboss\logging\jboss-logging-annotations\1.2.0.Beta1\jboss-logging-annotations-1.2.0.Beta1.jar;C:\Users\wangs\.m2\repository\org\jboss\spec\javax\transaction\jboss-transaction-api_1.2_spec\1.0.0.Final\jboss-transaction-api_1.2_spec-1.0.0.Final.jar;C:\Users\wangs\.m2\repository\dom4j\dom4j\1.6.1\dom4j-1.6.1.jar;C:\Users\wangs\.m2\repository\xml-apis\xml-apis\1.0.b2\xml-apis-1.0.b2.jar;C:\Users\wangs\.m2\repository\org\hibernate\common\hibernate-commons-annotations\4.0.5.Final\hibernate-commons-annotations-4.0.5.Final.jar;C:\Users\wangs\.m2\repository\org\hibernate\javax\persistence\hibernate-jpa-2.1-api\1.0.0.Final\hibernate-jpa-2.1-api-1.0.0.Final.jar;C:\Users\wangs\.m2\repository\org\javassist\javassist\3.18.1-GA\javassist-3.18.1-GA.jar;C:\Users\wangs\.m2\repository\antlr\antlr\2.7.7\antlr-2.7.7.jar;C:\Users\wangs\.m2\repository\org\jboss\jandex\1.1.0.Final\jandex-1.1.0.Final.jar;C:\Users\wangs\.m2\repository\org\hibernate\hibernate-entitymanager\4.3.7.Final\hibernate-entitymanager-4.3.7.Final.jar;C:\Users\wangs\.m2\repository\org\hibernate\hibernate-c3p0\4.3.7.Final\hibernate-c3p0-4.3.7.Final.jar;C:\Users\wangs\.m2\repository\com\mchange\c3p0\0.9.2.1\c3p0-0.9.2.1.jar;C:\Users\wangs\.m2\repository\com\mchange\mchange-commons-java\0.2.3.4\mchange-commons-java-0.2.3.4.jar;C:\Users\wangs\.m2\repository\javax\mail\mail\1.5.0-b01\mail-1.5.0-b01.jar;C:\Users\wangs\.m2\repository\javax\activation\activation\1.1\activation-1.1.jar;C:\Users\wangs\.m2\repository\org\freemarker\freemarker\2.3.22\freemarker-2.3.22.jar;C:\Users\wangs\.m2\repository\org\apache\struts\struts2-core\2.3.20\struts2-core-2.3.20.jar;C:\Users\wangs\.m2\repository\org\apache\struts\xwork\xwork-core\2.3.20\xwork-core-2.3.20.jar;C:\Users\wangs\.m2\repository\org\ow2\asm\asm\5.0.2\asm-5.0.2.jar;C:\Users\wangs\.m2\repository\org\ow2\asm\asm-commons\5.0.2\asm-commons-5.0.2.jar;C:\Users\wangs\.m2\repository\org\ow2\asm\asm-tree\5.0.2\asm-tree-5.0.2.jar;C:\Users\wangs\.m2\repository\ognl\ognl\3.0.6\ognl-3.0.6.jar;C:\Users\wangs\.m2\repository\javassist\javassist\3.11.0.GA\javassist-3.11.0.GA.jar;C:\Users\wangs\.m2\repository\org\apache\struts\struts2-tiles-plugin\2.3.20\struts2-tiles-plugin-2.3.20.jar;C:\Users\wangs\.m2\repository\org\apache\tiles\tiles-core\2.0.6\tiles-core-2.0.6.jar;C:\Users\wangs\.m2\repository\org\apache\tiles\tiles-api\2.0.6\tiles-api-2.0.6.jar;C:\Users\wangs\.m2\repository\commons-digester\commons-digester\1.8\commons-digester-1.8.jar;C:\Users\wangs\.m2\repository\commons-logging\commons-logging-api\1.1\commons-logging-api-1.1.jar;C:\Users\wangs\.m2\repository\org\apache\tiles\tiles-jsp\2.0.6\tiles-jsp-2.0.6.jar;C:\Users\wangs\.m2\repository\org\apache\struts\struts2-json-plugin\2.3.20\struts2-json-plugin-2.3.20.jar;C:\Users\wangs\.m2\repository\javax\servlet\javax.servlet-api\3.1.0\javax.servlet-api-3.1.0.jar;C:\Users\wangs\.m2\repository\javax\servlet\jsp\javax.servlet.jsp-api\2.3.1\javax.servlet.jsp-api-2.3.1.jar;C:\Users\wangs\.m2\repository\org\apache\shiro\shiro-core\1.2.3\shiro-core-1.2.3.jar;C:\Users\wangs\.m2\repository\commons-beanutils\commons-beanutils\1.8.3\commons-beanutils-1.8.3.jar;C:\Users\wangs\.m2\repository\org\apache\shiro\shiro-web\1.2.3\shiro-web-1.2.3.jar;C:\Users\wangs\.m2\repository\org\apache\shiro\shiro-guice\1.2.3\shiro-guice-1.2.3.jar;C:\Users\wangs\.m2\repository\commons-fileupload\commons-fileupload\1.3.1\commons-fileupload-1.3.1.jar;C:\Users\wangs\.m2\repository\commons-io\commons-io\2.2\commons-io-2.2.jar;C:\Users\wangs\.m2\repository\org\apache\commons\commons-lang3\3.3.2\commons-lang3-3.3.2.jar;C:\Users\wangs\.m2\repository\org\apache\commons\commons-email\1.3.3\commons-email-1.3.3.jar;C:\Users\wangs\.m2\repository\com\fasterxml\jackson\core\jackson-core\2.5.1\jackson-core-2.5.1.jar;C:\Users\wangs\.m2\repository\com\fasterxml\jackson\core\jackson-databind\2.5.1\jackson-databind-2.5.1.jar;C:\Users\wangs\.m2\repository\com\fasterxml\jackson\core\jackson-annotations\2.5.1\jackson-annotations-2.5.1.jar;C:\Users\wangs\.m2\repository\org\quartz-scheduler\quartz\2.2.1\quartz-2.2.1.jar;C:\Users\wangs\.m2\repository\c3p0\c3p0\0.9.1.1\c3p0-0.9.1.1.jar;C:\Users\wangs\.m2\repository\org\quartz-scheduler\quartz-jobs\2.2.1\quartz-jobs-2.2.1.jar;, java.vm.vendor=Oracle Corporation, hibernate.ejb.naming_strategy=org.hibernate.cfg.ImprovedNamingStrategy, hibernate.c3p0.maxIdleTimeExcessConnections=20, user.variant=, user.timezone=Asia/Shanghai, java.vm.specification.version=13, os.name=Windows 10, sun.java.launcher=SUN_STANDARD, user.country=CN, javax.persistence.sharedCache.mode=NONE, surefire.test.class.path=D:\whitebox-test\test-maker-group1\test-maker\target\test-classes;D:\whitebox-test\test-maker-group1\test-maker\target\classes;C:\Users\wangs\.m2\repository\junit\junit\4.12\junit-4.12.jar;C:\Users\wangs\.m2\repository\org\hamcrest\hamcrest-core\1.3\hamcrest-core-1.3.jar;C:\Users\wangs\.m2\repository\org\slf4j\slf4j-api\1.7.7\slf4j-api-1.7.7.jar;C:\Users\wangs\.m2\repository\ch\qos\logback\logback-core\1.1.2\logback-core-1.1.2.jar;C:\Users\wangs\.m2\repository\ch\qos\logback\logback-classic\1.1.2\logback-classic-1.1.2.jar;C:\Users\wangs\.m2\repository\mysql\mysql-connector-java\5.1.34\mysql-connector-java-5.1.34.jar;C:\Users\wangs\.m2\repository\com\google\guava\guava\18.0\guava-18.0.jar;C:\Users\wangs\.m2\repository\com\google\code\findbugs\jsr305\3.0.0\jsr305-3.0.0.jar;C:\Users\wangs\.m2\repository\com\google\inject\guice\4.0-beta5\guice-4.0-beta5.jar;C:\Users\wangs\.m2\repository\javax\inject\javax.inject\1\javax.inject-1.jar;C:\Users\wangs\.m2\repository\aopalliance\aopalliance\1.0\aopalliance-1.0.jar;C:\Users\wangs\.m2\repository\com\google\inject\extensions\guice-multibindings\4.0-beta5\guice-multibindings-4.0-beta5.jar;C:\Users\wangs\.m2\repository\com\google\inject\extensions\guice-persist\4.0-beta5\guice-persist-4.0-beta5.jar;C:\Users\wangs\.m2\repository\com\google\inject\extensions\guice-servlet\4.0-beta5\guice-servlet-4.0-beta5.jar;C:\Users\wangs\.m2\repository\com\google\inject\extensions\guice-throwingproviders\4.0-beta5\guice-throwingproviders-4.0-beta5.jar;C:\Users\wangs\.m2\repository\com\typesafe\config\1.3.0-M2\config-1.3.0-M2.jar;C:\Users\wangs\.m2\repository\org\hibernate\hibernate-core\4.3.7.Final\hibernate-core-4.3.7.Final.jar;C:\Users\wangs\.m2\repository\org\jboss\logging\jboss-logging\3.1.3.GA\jboss-logging-3.1.3.GA.jar;C:\Users\wangs\.m2\repository\org\jboss\logging\jboss-logging-annotations\1.2.0.Beta1\jboss-logging-annotations-1.2.0.Beta1.jar;C:\Users\wangs\.m2\repository\org\jboss\spec\javax\transaction\jboss-transaction-api_1.2_spec\1.0.0.Final\jboss-transaction-api_1.2_spec-1.0.0.Final.jar;C:\Users\wangs\.m2\repository\dom4j\dom4j\1.6.1\dom4j-1.6.1.jar;C:\Users\wangs\.m2\repository\xml-apis\xml-apis\1.0.b2\xml-apis-1.0.b2.jar;C:\Users\wangs\.m2\repository\org\hibernate\common\hibernate-commons-annotations\4.0.5.Final\hibernate-commons-annotations-4.0.5.Final.jar;C:\Users\wangs\.m2\repository\org\hibernate\javax\persistence\hibernate-jpa-2.1-api\1.0.0.Final\hibernate-jpa-2.1-api-1.0.0.Final.jar;C:\Users\wangs\.m2\repository\org\javassist\javassist\3.18.1-GA\javassist-3.18.1-GA.jar;C:\Users\wangs\.m2\repository\antlr\antlr\2.7.7\antlr-2.7.7.jar;C:\Users\wangs\.m2\repository\org\jboss\jandex\1.1.0.Final\jandex-1.1.0.Final.jar;C:\Users\wangs\.m2\repository\org\hibernate\hibernate-entitymanager\4.3.7.Final\hibernate-entitymanager-4.3.7.Final.jar;C:\Users\wangs\.m2\repository\org\hibernate\hibernate-c3p0\4.3.7.Final\hibernate-c3p0-4.3.7.Final.jar;C:\Users\wangs\.m2\repository\com\mchange\c3p0\0.9.2.1\c3p0-0.9.2.1.jar;C:\Users\wangs\.m2\repository\com\mchange\mchange-commons-java\0.2.3.4\mchange-commons-java-0.2.3.4.jar;C:\Users\wangs\.m2\repository\javax\mail\mail\1.5.0-b01\mail-1.5.0-b01.jar;C:\Users\wangs\.m2\repository\javax\activation\activation\1.1\activation-1.1.jar;C:\Users\wangs\.m2\repository\org\freemarker\freemarker\2.3.22\freemarker-2.3.22.jar;C:\Users\wangs\.m2\repository\org\apache\struts\struts2-core\2.3.20\struts2-core-2.3.20.jar;C:\Users\wangs\.m2\repository\org\apache\struts\xwork\xwork-core\2.3.20\xwork-core-2.3.20.jar;C:\Users\wangs\.m2\repository\org\ow2\asm\asm\5.0.2\asm-5.0.2.jar;C:\Users\wangs\.m2\repository\org\ow2\asm\asm-commons\5.0.2\asm-commons-5.0.2.jar;C:\Users\wangs\.m2\repository\org\ow2\asm\asm-tree\5.0.2\asm-tree-5.0.2.jar;C:\Users\wangs\.m2\repository\ognl\ognl\3.0.6\ognl-3.0.6.jar;C:\Users\wangs\.m2\repository\javassist\javassist\3.11.0.GA\javassist-3.11.0.GA.jar;C:\Users\wangs\.m2\repository\org\apache\struts\struts2-tiles-plugin\2.3.20\struts2-tiles-plugin-2.3.20.jar;C:\Users\wangs\.m2\repository\org\apache\tiles\tiles-core\2.0.6\tiles-core-2.0.6.jar;C:\Users\wangs\.m2\repository\org\apache\tiles\tiles-api\2.0.6\tiles-api-2.0.6.jar;C:\Users\wangs\.m2\repository\commons-digester\commons-digester\1.8\commons-digester-1.8.jar;C:\Users\wangs\.m2\repository\commons-logging\commons-logging-api\1.1\commons-logging-api-1.1.jar;C:\Users\wangs\.m2\repository\org\apache\tiles\tiles-jsp\2.0.6\tiles-jsp-2.0.6.jar;C:\Users\wangs\.m2\repository\org\apache\struts\struts2-json-plugin\2.3.20\struts2-json-plugin-2.3.20.jar;C:\Users\wangs\.m2\repository\javax\servlet\javax.servlet-api\3.1.0\javax.servlet-api-3.1.0.jar;C:\Users\wangs\.m2\repository\javax\servlet\jsp\javax.servlet.jsp-api\2.3.1\javax.servlet.jsp-api-2.3.1.jar;C:\Users\wangs\.m2\repository\org\apache\shiro\shiro-core\1.2.3\shiro-core-1.2.3.jar;C:\Users\wangs\.m2\repository\commons-beanutils\commons-beanutils\1.8.3\commons-beanutils-1.8.3.jar;C:\Users\wangs\.m2\repository\org\apache\shiro\shiro-web\1.2.3\shiro-web-1.2.3.jar;C:\Users\wangs\.m2\repository\org\apache\shiro\shiro-guice\1.2.3\shiro-guice-1.2.3.jar;C:\Users\wangs\.m2\repository\commons-fileupload\commons-fileupload\1.3.1\commons-fileupload-1.3.1.jar;C:\Users\wangs\.m2\repository\commons-io\commons-io\2.2\commons-io-2.2.jar;C:\Users\wangs\.m2\repository\org\apache\commons\commons-lang3\3.3.2\commons-lang3-3.3.2.jar;C:\Users\wangs\.m2\repository\org\apache\commons\commons-email\1.3.3\commons-email-1.3.3.jar;C:\Users\wangs\.m2\repository\com\fasterxml\jackson\core\jackson-core\2.5.1\jackson-core-2.5.1.jar;C:\Users\wangs\.m2\repository\com\fasterxml\jackson\core\jackson-databind\2.5.1\jackson-databind-2.5.1.jar;C:\Users\wangs\.m2\repository\com\fasterxml\jackson\core\jackson-annotations\2.5.1\jackson-annotations-2.5.1.jar;C:\Users\wangs\.m2\repository\org\quartz-scheduler\quartz\2.2.1\quartz-2.2.1.jar;C:\Users\wangs\.m2\repository\c3p0\c3p0\0.9.1.1\c3p0-0.9.1.1.jar;C:\Users\wangs\.m2\repository\org\quartz-scheduler\quartz-jobs\2.2.1\quartz-jobs-2.2.1.jar;, sun.cpu.endian=little, user.home=C:\Users\wangs, user.language=zh, javax.persistence.jdbc.driver=com.mysql.jdbc.Driver, surefire.real.class.path=D:\whitebox-test\test-maker-group1\test-maker\target\surefire\surefirebooter2198738040546166082.jar, path.separator=;, os.version=10.0, java.runtime.name=Java(TM) SE Runtime Environment, hibernate.ejb.persistenceUnitName=test-maker, java.vm.name=Java HotSpot(TM) 64-Bit Server VM, hibernate.show_sql=true, java.vendor.url.bug=https://bugreport.java.com/bugreport/, user.dir=D:\whitebox-test\test-maker-group1\test-maker, os.arch=amd64, java.vm.info=mixed mode, sharing, java.vm.version=13.0.1+9, hibernate.bytecode.use_reflection_optimizer=false, hibernate.c3p0.validate=true, javax.persistence.jdbc.password=, java.class.version=57.0}
14:27:16.915 [main] DEBUG o.h.secure.spi.JaccIntegrator - Skipping JACC integration as it was not enabled
14:27:16.915 [main] DEBUG o.hibernate.engine.spi.CascadeStyles - External cascade style regsitration [persist : STYLE_PERSIST_SKIPLAZY] overrode base registration [STYLE_PERSIST_SKIPLAZY]
14:27:16.916 [main] DEBUG o.h.j.e.i.j.LegacyCallbackProcessor - Adding onUpdate as PreUpdate callback for entity cn.cstqb.exam.testmaker.entities.PaperQuestion
14:27:16.916 [main] DEBUG o.h.j.e.i.j.LegacyCallbackProcessor - Adding onCreate as PrePersist callback for entity cn.cstqb.exam.testmaker.entities.PaperQuestion
14:27:16.916 [main] DEBUG o.h.j.e.i.j.LegacyCallbackProcessor - Adding onUpdate as PreUpdate callback for entity cn.cstqb.exam.testmaker.entities.KnowledgePoint
14:27:16.916 [main] DEBUG o.h.j.e.i.j.LegacyCallbackProcessor - Adding onCreate as PrePersist callback for entity cn.cstqb.exam.testmaker.entities.KnowledgePoint
14:27:16.917 [main] DEBUG o.h.j.e.i.j.LegacyCallbackProcessor - Adding onUpdate as PreUpdate callback for entity cn.cstqb.exam.testmaker.entities.ProjectStatus
14:27:16.917 [main] DEBUG o.h.j.e.i.j.LegacyCallbackProcessor - Adding onCreate as PrePersist callback for entity cn.cstqb.exam.testmaker.entities.ProjectStatus
14:27:16.917 [main] DEBUG o.h.j.e.i.j.LegacyCallbackProcessor - Adding onUpdate as PreUpdate callback for entity cn.cstqb.exam.testmaker.entities.ReviewAssessment
14:27:16.917 [main] DEBUG o.h.j.e.i.j.LegacyCallbackProcessor - Adding onCreate as PrePersist callback for entity cn.cstqb.exam.testmaker.entities.ReviewAssessment
14:27:16.917 [main] DEBUG o.h.j.e.i.j.LegacyCallbackProcessor - Adding onUpdate as PreUpdate callback for entity cn.cstqb.exam.testmaker.entities.Paper
14:27:16.917 [main] DEBUG o.h.j.e.i.j.LegacyCallbackProcessor - Adding onCreate as PrePersist callback for entity cn.cstqb.exam.testmaker.entities.Paper
14:27:16.917 [main] DEBUG o.h.j.e.i.j.LegacyCallbackProcessor - Adding onUpdate as PreUpdate callback for entity cn.cstqb.exam.testmaker.entities.QuestionType
14:27:16.917 [main] DEBUG o.h.j.e.i.j.LegacyCallbackProcessor - Adding onCreate as PrePersist callback for entity cn.cstqb.exam.testmaker.entities.QuestionType
14:27:16.918 [main] DEBUG o.h.j.e.i.j.LegacyCallbackProcessor - Adding onUpdate as PreUpdate callback for entity cn.cstqb.exam.testmaker.entities.QuestionImage
14:27:16.918 [main] DEBUG o.h.j.e.i.j.LegacyCallbackProcessor - Adding onCreate as PrePersist callback for entity cn.cstqb.exam.testmaker.entities.QuestionImage
14:27:16.918 [main] DEBUG o.h.j.e.i.j.LegacyCallbackProcessor - Adding prependBaseDir as PostLoad callback for entity cn.cstqb.exam.testmaker.entities.QuestionImage
14:27:16.918 [main] DEBUG o.h.j.e.i.j.LegacyCallbackProcessor - Adding hashPassword as PreUpdate callback for entity cn.cstqb.exam.testmaker.entities.User
14:27:16.918 [main] DEBUG o.h.j.e.i.j.LegacyCallbackProcessor - Adding onUpdate as PreUpdate callback for entity cn.cstqb.exam.testmaker.entities.User
14:27:16.918 [main] DEBUG o.h.j.e.i.j.LegacyCallbackProcessor - Adding hashPassword as PrePersist callback for entity cn.cstqb.exam.testmaker.entities.User
14:27:16.918 [main] DEBUG o.h.j.e.i.j.LegacyCallbackProcessor - Adding onCreate as PrePersist callback for entity cn.cstqb.exam.testmaker.entities.User
14:27:16.919 [main] DEBUG o.h.j.e.i.j.LegacyCallbackProcessor - Adding onUpdate as PreUpdate callback for entity cn.cstqb.exam.testmaker.entities.Chapter
14:27:16.919 [main] DEBUG o.h.j.e.i.j.LegacyCallbackProcessor - Adding onCreate as PrePersist callback for entity cn.cstqb.exam.testmaker.entities.Chapter
14:27:16.919 [main] DEBUG o.h.j.e.i.j.LegacyCallbackProcessor - Adding onUpdate as PreUpdate callback for entity cn.cstqb.exam.testmaker.entities.QuestionChoiceImage
14:27:16.919 [main] DEBUG o.h.j.e.i.j.LegacyCallbackProcessor - Adding onCreate as PrePersist callback for entity cn.cstqb.exam.testmaker.entities.QuestionChoiceImage
14:27:16.919 [main] DEBUG o.h.j.e.i.j.LegacyCallbackProcessor - Adding prependBaseDir as PostLoad callback for entity cn.cstqb.exam.testmaker.entities.QuestionChoiceImage
14:27:16.920 [main] DEBUG o.h.j.e.i.j.LegacyCallbackProcessor - Adding onUpdate as PreUpdate callback for entity cn.cstqb.exam.testmaker.entities.QuestionLanguage
14:27:16.920 [main] DEBUG o.h.j.e.i.j.LegacyCallbackProcessor - Adding onCreate as PrePersist callback for entity cn.cstqb.exam.testmaker.entities.QuestionLanguage
14:27:16.920 [main] DEBUG o.h.j.e.i.j.LegacyCallbackProcessor - Adding onUpdate as PreUpdate callback for entity cn.cstqb.exam.testmaker.entities.Syllabus
14:27:16.920 [main] DEBUG o.h.j.e.i.j.LegacyCallbackProcessor - Adding onCreate as PrePersist callback for entity cn.cstqb.exam.testmaker.entities.Syllabus
14:27:16.921 [main] DEBUG o.h.j.e.i.j.LegacyCallbackProcessor - Adding setDefaults as PreUpdate callback for entity cn.cstqb.exam.testmaker.entities.Question
14:27:16.921 [main] DEBUG o.h.j.e.i.j.LegacyCallbackProcessor - Adding onUpdate as PreUpdate callback for entity cn.cstqb.exam.testmaker.entities.Question
14:27:16.922 [main] DEBUG o.h.j.e.i.j.LegacyCallbackProcessor - Adding setDefaults as PrePersist callback for entity cn.cstqb.exam.testmaker.entities.Question
14:27:16.922 [main] DEBUG o.h.j.e.i.j.LegacyCallbackProcessor - Adding onCreate as PrePersist callback for entity cn.cstqb.exam.testmaker.entities.Question
14:27:16.922 [main] DEBUG o.h.j.e.i.j.LegacyCallbackProcessor - Adding onLoad as PostLoad callback for entity cn.cstqb.exam.testmaker.entities.Question
14:27:16.922 [main] DEBUG o.h.j.e.i.j.LegacyCallbackProcessor - Adding onUpdate as PreUpdate callback for entity cn.cstqb.exam.testmaker.entities.Role
14:27:16.922 [main] DEBUG o.h.j.e.i.j.LegacyCallbackProcessor - Adding onCreate as PrePersist callback for entity cn.cstqb.exam.testmaker.entities.Role
14:27:16.923 [main] DEBUG o.h.j.e.i.j.LegacyCallbackProcessor - Adding onUpdate as PreUpdate callback for entity cn.cstqb.exam.testmaker.entities.Project
14:27:16.923 [main] DEBUG o.h.j.e.i.j.LegacyCallbackProcessor - Adding onCreate as PrePersist callback for entity cn.cstqb.exam.testmaker.entities.Project
14:27:16.923 [main] DEBUG o.h.j.e.i.j.LegacyCallbackProcessor - Adding onUpdate as PreUpdate callback for entity cn.cstqb.exam.testmaker.entities.QuestionStatus
14:27:16.923 [main] DEBUG o.h.j.e.i.j.LegacyCallbackProcessor - Adding onCreate as PrePersist callback for entity cn.cstqb.exam.testmaker.entities.QuestionStatus
14:27:16.923 [main] DEBUG o.h.j.e.i.j.LegacyCallbackProcessor - Adding onUpdate as PreUpdate callback for entity cn.cstqb.exam.testmaker.entities.QuestionStatusTransition
14:27:16.923 [main] DEBUG o.h.j.e.i.j.LegacyCallbackProcessor - Adding setDefaults as PrePersist callback for entity cn.cstqb.exam.testmaker.entities.QuestionStatusTransition
14:27:16.924 [main] DEBUG o.h.j.e.i.j.LegacyCallbackProcessor - Adding onCreate as PrePersist callback for entity cn.cstqb.exam.testmaker.entities.QuestionStatusTransition
14:27:16.924 [main] DEBUG o.h.j.e.i.j.LegacyCallbackProcessor - Adding onUpdate as PreUpdate callback for entity cn.cstqb.exam.testmaker.entities.ReviewComment
14:27:16.924 [main] DEBUG o.h.j.e.i.j.LegacyCallbackProcessor - Adding onCreate as PrePersist callback for entity cn.cstqb.exam.testmaker.entities.ReviewComment
14:27:16.924 [main] DEBUG o.h.j.e.i.j.LegacyCallbackProcessor - Adding onUpdate as PreUpdate callback for entity cn.cstqb.exam.testmaker.entities.QuestionChoice
14:27:16.924 [main] DEBUG o.h.j.e.i.j.LegacyCallbackProcessor - Adding onCreate as PrePersist callback for entity cn.cstqb.exam.testmaker.entities.QuestionChoice
14:27:16.925 [main] DEBUG o.h.i.f.i.DefaultIdentifierGeneratorFactory - Setting dialect [org.hibernate.dialect.MySQL5InnoDBDialect]
14:27:16.925 [main] DEBUG o.h.i.f.i.DefaultIdentifierGeneratorFactory - Setting dialect [org.hibernate.dialect.MySQL5InnoDBDialect]
14:27:16.925 [main] DEBUG o.h.i.f.i.DefaultIdentifierGeneratorFactory - Setting dialect [org.hibernate.dialect.MySQL5InnoDBDialect]
14:27:16.925 [main] DEBUG o.h.i.f.i.DefaultIdentifierGeneratorFactory - Setting dialect [org.hibernate.dialect.MySQL5InnoDBDialect]
14:27:16.925 [main] DEBUG o.h.i.f.i.DefaultIdentifierGeneratorFactory - Setting dialect [org.hibernate.dialect.MySQL5InnoDBDialect]
14:27:16.925 [main] DEBUG o.h.i.f.i.DefaultIdentifierGeneratorFactory - Setting dialect [org.hibernate.dialect.MySQL5InnoDBDialect]
14:27:16.925 [main] DEBUG o.h.i.f.i.DefaultIdentifierGeneratorFactory - Setting dialect [org.hibernate.dialect.MySQL5InnoDBDialect]
14:27:16.925 [main] DEBUG o.h.i.f.i.DefaultIdentifierGeneratorFactory - Setting dialect [org.hibernate.dialect.MySQL5InnoDBDialect]
14:27:16.926 [main] DEBUG o.h.i.f.i.DefaultIdentifierGeneratorFactory - Setting dialect [org.hibernate.dialect.MySQL5InnoDBDialect]
14:27:16.926 [main] DEBUG o.h.i.f.i.DefaultIdentifierGeneratorFactory - Setting dialect [org.hibernate.dialect.MySQL5InnoDBDialect]
14:27:16.926 [main] DEBUG o.h.i.f.i.DefaultIdentifierGeneratorFactory - Setting dialect [org.hibernate.dialect.MySQL5InnoDBDialect]
14:27:16.926 [main] DEBUG o.h.i.f.i.DefaultIdentifierGeneratorFactory - Setting dialect [org.hibernate.dialect.MySQL5InnoDBDialect]
14:27:16.926 [main] DEBUG o.h.i.f.i.DefaultIdentifierGeneratorFactory - Setting dialect [org.hibernate.dialect.MySQL5InnoDBDialect]
14:27:16.926 [main] DEBUG o.h.i.f.i.DefaultIdentifierGeneratorFactory - Setting dialect [org.hibernate.dialect.MySQL5InnoDBDialect]
14:27:16.926 [main] DEBUG o.h.i.f.i.DefaultIdentifierGeneratorFactory - Setting dialect [org.hibernate.dialect.MySQL5InnoDBDialect]
14:27:16.926 [main] DEBUG o.h.i.f.i.DefaultIdentifierGeneratorFactory - Setting dialect [org.hibernate.dialect.MySQL5InnoDBDialect]
14:27:16.927 [main] DEBUG o.h.i.f.i.DefaultIdentifierGeneratorFactory - Setting dialect [org.hibernate.dialect.MySQL5InnoDBDialect]
14:27:16.927 [main] DEBUG o.h.i.f.i.DefaultIdentifierGeneratorFactory - Setting dialect [org.hibernate.dialect.MySQL5InnoDBDialect]
14:27:16.940 [main] DEBUG c.c.e.t.c.ApplicationConfigContext - difficulty level: [3]
14:27:16.940 [main] DEBUG c.c.e.t.c.ApplicationConfigContext - difficulty level: [2]
14:27:16.940 [main] DEBUG c.c.e.t.c.ApplicationConfigContext - difficulty level: [1]
14:27:16.958 [main] DEBUG o.h.p.c.AbstractCollectionPersister - Static SQL for collection: cn.cstqb.exam.testmaker.entities.Syllabus.chapters
14:27:16.959 [main] DEBUG o.h.p.c.AbstractCollectionPersister -  Row insert: update chapter set syllabus_id=? where id=?
14:27:16.959 [main] DEBUG o.h.p.c.AbstractCollectionPersister -  Row update: update chapter set  where id=?
14:27:16.959 [main] DEBUG o.h.p.c.AbstractCollectionPersister -  Row delete: update chapter set syllabus_id=null where syllabus_id=? and id=?
14:27:16.959 [main] DEBUG o.h.p.c.AbstractCollectionPersister -  One-shot delete: update chapter set syllabus_id=null where syllabus_id=?
14:27:16.959 [main] DEBUG o.h.p.c.AbstractCollectionPersister - Static SQL for collection: cn.cstqb.exam.testmaker.entities.Question.reviewers
14:27:16.959 [main] DEBUG o.h.p.c.AbstractCollectionPersister -  Row insert: insert into question_reviewers (question_id, reviewer_id) values (?, ?)
14:27:16.959 [main] DEBUG o.h.p.c.AbstractCollectionPersister -  Row update: update question_reviewers set reviewer_id=? where question_id=? and reviewer_id=?
14:27:16.959 [main] DEBUG o.h.p.c.AbstractCollectionPersister -  Row delete: delete from question_reviewers where question_id=? and reviewer_id=?
14:27:16.959 [main] DEBUG o.h.p.c.AbstractCollectionPersister -  One-shot delete: delete from question_reviewers where question_id=?
14:27:16.959 [main] DEBUG o.h.p.c.AbstractCollectionPersister - Static SQL for collection: cn.cstqb.exam.testmaker.entities.Project.users
14:27:16.959 [main] DEBUG o.h.p.c.AbstractCollectionPersister -  Row insert: insert into project_users (project_id, user_id) values (?, ?)
14:27:16.959 [main] DEBUG o.h.p.c.AbstractCollectionPersister -  Row update: update project_users set user_id=? where project_id=? and user_id=?
14:27:16.959 [main] DEBUG o.h.p.c.AbstractCollectionPersister -  Row delete: delete from project_users where project_id=? and user_id=?
14:27:16.959 [main] DEBUG o.h.p.c.AbstractCollectionPersister -  One-shot delete: delete from project_users where project_id=?
14:27:16.960 [main] DEBUG o.h.p.c.AbstractCollectionPersister - Static SQL for collection: cn.cstqb.exam.testmaker.entities.QuestionChoice.images
14:27:16.960 [main] DEBUG o.h.p.c.AbstractCollectionPersister -  Row insert: update question_choice_image set question_choice_id=? where id=?
14:27:16.960 [main] DEBUG o.h.p.c.AbstractCollectionPersister -  Row update: update question_choice_image set  where id=?
14:27:16.960 [main] DEBUG o.h.p.c.AbstractCollectionPersister -  Row delete: update question_choice_image set question_choice_id=null where question_choice_id=? and id=?
14:27:16.960 [main] DEBUG o.h.p.c.AbstractCollectionPersister -  One-shot delete: update question_choice_image set question_choice_id=null where question_choice_id=?
14:27:16.960 [main] DEBUG o.h.p.c.AbstractCollectionPersister - Static SQL for collection: cn.cstqb.exam.testmaker.entities.Question.images
14:27:16.960 [main] DEBUG o.h.p.c.AbstractCollectionPersister -  Row insert: update question_image set question_id=? where id=?
14:27:16.960 [main] DEBUG o.h.p.c.AbstractCollectionPersister -  Row update: update question_image set  where id=?
14:27:16.960 [main] DEBUG o.h.p.c.AbstractCollectionPersister -  Row delete: update question_image set question_id=null where question_id=? and id=?
14:27:16.960 [main] DEBUG o.h.p.c.AbstractCollectionPersister -  One-shot delete: update question_image set question_id=null where question_id=?
14:27:16.961 [main] DEBUG o.h.p.c.AbstractCollectionPersister - Static SQL for collection: cn.cstqb.exam.testmaker.entities.User.projects
14:27:16.961 [main] DEBUG o.h.p.c.AbstractCollectionPersister -  Row insert: insert into project_users (user_id, project_id) values (?, ?)
14:27:16.961 [main] DEBUG o.h.p.c.AbstractCollectionPersister -  Row update: update project_users set project_id=? where user_id=? and project_id=?
14:27:16.961 [main] DEBUG o.h.p.c.AbstractCollectionPersister -  Row delete: delete from project_users where user_id=? and project_id=?
14:27:16.961 [main] DEBUG o.h.p.c.AbstractCollectionPersister -  One-shot delete: delete from project_users where user_id=?
14:27:16.961 [main] DEBUG o.h.p.c.AbstractCollectionPersister - Static SQL for collection: cn.cstqb.exam.testmaker.entities.Chapter.points
14:27:16.961 [main] DEBUG o.h.p.c.AbstractCollectionPersister -  Row insert: update knowledge_point set chapter_id=? where id=?
14:27:16.961 [main] DEBUG o.h.p.c.AbstractCollectionPersister -  Row update: update knowledge_point set  where id=?
14:27:16.961 [main] DEBUG o.h.p.c.AbstractCollectionPersister -  Row delete: update knowledge_point set chapter_id=null where chapter_id=? and id=?
14:27:16.961 [main] DEBUG o.h.p.c.AbstractCollectionPersister -  One-shot delete: update knowledge_point set chapter_id=null where chapter_id=?
14:27:16.961 [main] DEBUG o.h.p.entity.AbstractEntityPersister - Static SQL for entity: cn.cstqb.exam.testmaker.entities.PaperQuestion
14:27:16.961 [main] DEBUG o.h.p.entity.AbstractEntityPersister -  Version select: select id from paper_question where id =?
14:27:16.962 [main] DEBUG o.h.p.entity.AbstractEntityPersister -  Snapshot select: select paperquest_.id, paperquest_.updated_on as updated_3_3_, paperquest_.paper_id as paper_id4_3_, paperquest_.paper_question_id as paper_qu5_3_ from paper_question paperquest_ where paperquest_.id=?
14:27:16.962 [main] DEBUG o.h.p.entity.AbstractEntityPersister -  Insert 0: insert into paper_question (created_on, updated_on, paper_id, paper_question_id, id) values (?, ?, ?, ?, ?)
14:27:16.962 [main] DEBUG o.h.p.entity.AbstractEntityPersister -  Update 0: update paper_question set updated_on=?, paper_id=?, paper_question_id=? where id=?
14:27:16.962 [main] DEBUG o.h.p.entity.AbstractEntityPersister -  Delete 0: delete from paper_question where id=?
14:27:16.962 [main] DEBUG o.h.p.entity.AbstractEntityPersister -  Identity insert: insert into paper_question (created_on, updated_on, paper_id, paper_question_id) values (?, ?, ?, ?)
14:27:16.962 [main] DEBUG o.h.p.w.spi.MetamodelGraphWalker - Visiting attribute path : createdOn
14:27:16.962 [main] DEBUG o.h.p.w.spi.MetamodelGraphWalker - Visiting attribute path : updatedOn
14:27:16.962 [main] DEBUG o.h.p.w.spi.MetamodelGraphWalker - Visiting attribute path : paper
14:27:16.962 [main] DEBUG o.h.p.w.spi.MetamodelGraphWalker - Visiting attribute path : paper.createdOn
14:27:16.962 [main] DEBUG o.h.p.w.spi.MetamodelGraphWalker - Visiting attribute path : paper.updatedOn
14:27:16.962 [main] DEBUG o.h.p.w.spi.MetamodelGraphWalker - Visiting attribute path : paper.author
14:27:16.962 [main] DEBUG o.h.p.w.spi.MetamodelGraphWalker - Visiting attribute path : paper.author.createdOn
14:27:16.963 [main] DEBUG o.h.p.w.spi.MetamodelGraphWalker - Visiting attribute path : paper.author.updatedOn
14:27:16.963 [main] DEBUG o.h.p.w.spi.MetamodelGraphWalker - Visiting attribute path : paper.author.email
14:27:16.963 [main] DEBUG o.h.p.w.spi.MetamodelGraphWalker - Visiting attribute path : paper.author.enabled
14:27:16.963 [main] DEBUG o.h.p.w.spi.MetamodelGraphWalker - Visiting attribute path : paper.author.fullName
14:27:16.963 [main] DEBUG o.h.p.w.spi.MetamodelGraphWalker - Visiting attribute path : paper.author.isAdmin
14:27:16.963 [main] DEBUG o.h.p.w.spi.MetamodelGraphWalker - Visiting attribute path : paper.author.lastLogin
14:27:16.963 [main] DEBUG o.h.p.w.spi.MetamodelGraphWalker - Visiting attribute path : paper.author.loginCount
14:27:16.963 [main] DEBUG o.h.p.w.spi.MetamodelGraphWalker - Visiting attribute path : paper.author.password
14:27:16.963 [main] DEBUG o.h.p.w.spi.MetamodelGraphWalker - Visiting attribute path : paper.author.phone
14:27:16.963 [main] DEBUG o.h.p.w.spi.MetamodelGraphWalker - Visiting attribute path : paper.author.projects
14:27:16.963 [main] DEBUG o.h.p.w.spi.MetamodelGraphWalker - Visiting attribute path : paper.author.username
14:27:16.963 [main] DEBUG o.h.p.w.spi.MetamodelGraphWalker - Visiting attribute path : paper.description
14:27:16.963 [main] DEBUG o.h.p.w.spi.MetamodelGraphWalker - Visiting attribute path : paper.paper_name
14:27:16.963 [main] DEBUG o.h.p.w.spi.MetamodelGraphWalker - Visiting attribute path : paper.project
14:27:16.963 [main] DEBUG o.h.p.w.spi.MetamodelGraphWalker - Visiting attribute path : paper.project.createdOn
14:27:16.963 [main] DEBUG o.h.p.w.spi.MetamodelGraphWalker - Visiting attribute path : paper.project.updatedOn
14:27:16.963 [main] DEBUG o.h.p.w.spi.MetamodelGraphWalker - Visiting attribute path : paper.project.customField1
14:27:16.963 [main] DEBUG o.h.p.w.spi.MetamodelGraphWalker - Visiting attribute path : paper.project.customField2
14:27:16.963 [main] DEBUG o.h.p.w.spi.MetamodelGraphWalker - Visiting attribute path : paper.project.customField3
14:27:16.963 [main] DEBUG o.h.p.w.spi.MetamodelGraphWalker - Visiting attribute path : paper.project.exportedBy
14:27:16.963 [main] DEBUG o.h.p.w.spi.MetamodelGraphWalker - Visiting attribute path : paper.project.exportedOn
14:27:16.963 [main] DEBUG o.h.p.w.spi.MetamodelGraphWalker - Visiting attribute path : paper.project.facilitator
14:27:16.963 [main] DEBUG o.h.p.w.spi.MetamodelGraphWalker - Visiting attribute path : paper.project.finishDate
14:27:16.963 [main] DEBUG o.h.p.w.spi.MetamodelGraphWalker - Visiting attribute path : paper.project.name
14:27:16.963 [main] DEBUG o.h.p.w.spi.MetamodelGraphWalker - Visiting attribute path : paper.project.startDate
14:27:16.963 [main] DEBUG o.h.p.w.spi.MetamodelGraphWalker - Visiting attribute path : paper.project.status
14:27:16.963 [main] DEBUG o.h.p.w.spi.MetamodelGraphWalker - Visiting attribute path : paper.project.syllabus
14:27:16.963 [main] DEBUG o.h.p.w.spi.MetamodelGraphWalker - Visiting attribute path : paper.project.users
14:27:16.963 [main] DEBUG o.h.p.w.spi.MetamodelGraphWalker - Visiting attribute path : paper.score
14:27:16.963 [main] DEBUG o.h.p.w.spi.MetamodelGraphWalker - Visiting attribute path : question
14:27:16.964 [main] DEBUG o.h.p.w.spi.MetamodelGraphWalker - Visiting attribute path : question.createdOn
14:27:16.964 [main] DEBUG o.h.p.w.spi.MetamodelGraphWalker - Visiting attribute path : question.updatedOn
14:27:16.964 [main] DEBUG o.h.p.w.spi.MetamodelGraphWalker - Visiting attribute path : question.author
14:27:16.964 [main] DEBUG o.h.p.w.spi.MetamodelGraphWalker - Visiting attribute path : question.author.createdOn
14:27:16.964 [main] DEBUG o.h.p.w.spi.MetamodelGraphWalker - Visiting attribute path : question.author.updatedOn
14:27:16.964 [main] DEBUG o.h.p.w.spi.MetamodelGraphWalker - Visiting attribute path : question.author.email
14:27:16.964 [main] DEBUG o.h.p.w.spi.MetamodelGraphWalker - Visiting attribute path : question.author.enabled
14:27:16.964 [main] DEBUG o.h.p.w.spi.MetamodelGraphWalker - Visiting attribute path : question.author.fullName
14:27:16.964 [main] DEBUG o.h.p.w.spi.MetamodelGraphWalker - Visiting attribute path : question.author.isAdmin
14:27:16.964 [main] DEBUG o.h.p.w.spi.MetamodelGraphWalker - Visiting attribute path : question.author.lastLogin
14:27:16.964 [main] DEBUG o.h.p.w.spi.MetamodelGraphWalker - Visiting attribute path : question.author.loginCount
14:27:16.964 [main] DEBUG o.h.p.w.spi.MetamodelGraphWalker - Visiting attribute path : question.author.password
14:27:16.964 [main] DEBUG o.h.p.w.spi.MetamodelGraphWalker - Visiting attribute path : question.author.phone
14:27:16.964 [main] DEBUG o.h.p.w.spi.MetamodelGraphWalker - Visiting attribute path : question.author.projects
14:27:16.964 [main] DEBUG o.h.p.w.spi.MetamodelGraphWalker - Visiting attribute path : question.author.username
14:27:16.964 [main] DEBUG o.h.p.w.spi.MetamodelGraphWalker - Visiting attribute path : question.authoringFinishDate
14:27:16.964 [main] DEBUG o.h.p.w.spi.MetamodelGraphWalker - Visiting attribute path : question.authoringStartDate
14:27:16.964 [main] DEBUG o.h.p.w.spi.MetamodelGraphWalker - Visiting attribute path : question.customField2
14:27:16.964 [main] DEBUG o.h.p.w.spi.MetamodelGraphWalker - Visiting attribute path : question.customField3
14:27:16.964 [main] DEBUG o.h.p.w.spi.MetamodelGraphWalker - Visiting attribute path : question.customFiled1
14:27:16.964 [main] DEBUG o.h.p.w.spi.MetamodelGraphWalker - Visiting attribute path : question.description
14:27:16.964 [main] DEBUG o.h.p.w.spi.MetamodelGraphWalker - Visiting attribute path : question.difficulty
14:27:16.964 [main] DEBUG o.h.p.w.spi.MetamodelGraphWalker - Visiting attribute path : question.images
14:27:16.964 [main] DEBUG o.h.p.w.spi.MetamodelGraphWalker - Visiting attribute path : question.knowledgePoint
14:27:16.964 [main] DEBUG o.h.p.w.spi.MetamodelGraphWalker - Visiting attribute path : question.knowledgePoint.createdOn
14:27:16.964 [main] DEBUG o.h.p.w.spi.MetamodelGraphWalker - Visiting attribute path : question.knowledgePoint.updatedOn
14:27:16.964 [main] DEBUG o.h.p.w.spi.MetamodelGraphWalker - Visiting attribute path : question.knowledgePoint.chapter
14:27:16.964 [main] DEBUG o.h.p.w.spi.MetamodelGraphWalker - Visiting attribute path : question.knowledgePoint.kLevel
14:27:16.965 [main] DEBUG o.h.p.w.spi.MetamodelGraphWalker - Visiting attribute path : question.knowledgePoint.number
14:27:16.965 [main] DEBUG o.h.p.w.spi.MetamodelGraphWalker - Visiting attribute path : question.knowledgePoint.score
14:27:16.965 [main] DEBUG o.h.p.w.spi.MetamodelGraphWalker - Visiting attribute path : question.knowledgePoint.title
14:27:16.965 [main] DEBUG o.h.p.w.spi.MetamodelGraphWalker - Visiting attribute path : question.language
14:27:16.965 [main] DEBUG o.h.p.w.spi.MetamodelGraphWalker - Visiting attribute path : question.language.createdOn
14:27:16.965 [main] DEBUG o.h.p.w.spi.MetamodelGraphWalker - Visiting attribute path : question.language.updatedOn
14:27:16.965 [main] DEBUG o.h.p.w.spi.MetamodelGraphWalker - Visiting attribute path : question.language.name
14:27:16.965 [main] DEBUG o.h.p.w.spi.MetamodelGraphWalker - Visiting attribute path : question.memo
14:27:16.965 [main] DEBUG o.h.p.w.spi.MetamodelGraphWalker - Visiting attribute path : question.multipleChoice
14:27:16.965 [main] DEBUG o.h.p.w.spi.MetamodelGraphWalker - Visiting attribute path : question.project
14:27:16.965 [main] DEBUG o.h.p.w.spi.MetamodelGraphWalker - Visiting attribute path : question.project.createdOn
14:27:16.965 [main] DEBUG o.h.p.w.spi.MetamodelGraphWalker - Visiting attribute path : question.project.updatedOn
14:27:16.965 [main] DEBUG o.h.p.w.spi.MetamodelGraphWalker - Visiting attribute path : question.project.customField1
14:27:16.965 [main] DEBUG o.h.p.w.spi.MetamodelGraphWalker - Visiting attribute path : question.project.customField2
14:27:16.965 [main] DEBUG o.h.p.w.spi.MetamodelGraphWalker - Visiting attribute path : question.project.customField3
14:27:16.965 [main] DEBUG o.h.p.w.spi.MetamodelGraphWalker - Visiting attribute path : question.project.exportedBy
14:27:16.965 [main] DEBUG o.h.p.w.spi.MetamodelGraphWalker - Visiting attribute path : question.project.exportedOn
14:27:16.965 [main] DEBUG o.h.p.w.spi.MetamodelGraphWalker - Visiting attribute path : question.project.facilitator
14:27:16.965 [main] DEBUG o.h.p.w.spi.MetamodelGraphWalker - Visiting attribute path : question.project.finishDate
14:27:16.965 [main] DEBUG o.h.p.w.spi.MetamodelGraphWalker - Visiting attribute path : question.project.name
14:27:16.965 [main] DEBUG o.h.p.w.spi.MetamodelGraphWalker - Visiting attribute path : question.project.startDate
14:27:16.965 [main] DEBUG o.h.p.w.spi.MetamodelGraphWalker - Visiting attribute path : question.project.status
14:27:16.965 [main] DEBUG o.h.p.w.spi.MetamodelGraphWalker - Visiting attribute path : question.project.syllabus
14:27:16.965 [main] DEBUG o.h.p.w.spi.MetamodelGraphWalker - Visiting attribute path : question.project.users
14:27:16.965 [main] DEBUG o.h.p.w.spi.MetamodelGraphWalker - Visiting attribute path : question.published
14:27:16.965 [main] DEBUG o.h.p.w.spi.MetamodelGraphWalker - Visiting attribute path : question.qualityAdmin
14:27:16.965 [main] DEBUG o.h.p.w.spi.MetamodelGraphWalker - Visiting attribute path : question.qualityAdmin.createdOn
14:27:16.965 [main] DEBUG o.h.p.w.spi.MetamodelGraphWalker - Visiting attribute path : question.qualityAdmin.updatedOn
14:27:16.965 [main] DEBUG o.h.p.w.spi.MetamodelGraphWalker - Visiting attribute path : question.qualityAdmin.email
14:27:16.965 [main] DEBUG o.h.p.w.spi.MetamodelGraphWalker - Visiting attribute path : question.qualityAdmin.enabled
14:27:16.965 [main] DEBUG o.h.p.w.spi.MetamodelGraphWalker - Visiting attribute path : question.qualityAdmin.fullName
14:27:16.965 [main] DEBUG o.h.p.w.spi.MetamodelGraphWalker - Visiting attribute path : question.qualityAdmin.isAdmin
14:27:16.965 [main] DEBUG o.h.p.w.spi.MetamodelGraphWalker - Visiting attribute path : question.qualityAdmin.lastLogin
14:27:16.965 [main] DEBUG o.h.p.w.spi.MetamodelGraphWalker - Visiting attribute path : question.qualityAdmin.loginCount
14:27:16.966 [main] DEBUG o.h.p.w.spi.MetamodelGraphWalker - Visiting attribute path : question.qualityAdmin.password
14:27:16.966 [main] DEBUG o.h.p.w.spi.MetamodelGraphWalker - Visiting attribute path : question.qualityAdmin.phone
14:27:16.966 [main] DEBUG o.h.p.w.spi.MetamodelGraphWalker - Visiting attribute path : question.qualityAdmin.projects
14:27:16.966 [main] DEBUG o.h.p.w.spi.MetamodelGraphWalker - Visiting attribute path : question.qualityAdmin.username
14:27:16.966 [main] DEBUG o.h.p.w.spi.MetamodelGraphWalker - Visiting attribute path : question.remark
14:27:16.966 [main] DEBUG o.h.p.w.spi.MetamodelGraphWalker - Visiting attribute path : question.reviewers
14:27:16.966 [main] DEBUG o.h.p.w.spi.MetamodelGraphWalker - Visiting attribute path : question.reviewingFinishDate
14:27:16.966 [main] DEBUG o.h.p.w.spi.MetamodelGraphWalker - Visiting attribute path : question.reviewingStartDate
14:27:16.966 [main] DEBUG o.h.p.w.spi.MetamodelGraphWalker - Visiting attribute path : question.scenario
14:27:16.966 [main] DEBUG o.h.p.w.spi.MetamodelGraphWalker - Visiting attribute path : question.score
14:27:16.966 [main] DEBUG o.h.p.w.spi.MetamodelGraphWalker - Visiting attribute path : question.status
14:27:16.966 [main] DEBUG o.h.p.w.spi.MetamodelGraphWalker - Visiting attribute path : question.status.createdOn
14:27:16.966 [main] DEBUG o.h.p.w.spi.MetamodelGraphWalker - Visiting attribute path : question.status.updatedOn
14:27:16.966 [main] DEBUG o.h.p.w.spi.MetamodelGraphWalker - Visiting attribute path : question.status.isFinish
14:27:16.966 [main] DEBUG o.h.p.w.spi.MetamodelGraphWalker - Visiting attribute path : question.status.isStart
14:27:16.966 [main] DEBUG o.h.p.w.spi.MetamodelGraphWalker - Visiting attribute path : question.status.name
14:27:16.966 [main] DEBUG o.h.p.w.spi.MetamodelGraphWalker - Visiting attribute path : question.status.accessibleByAuthor
14:27:16.966 [main] DEBUG o.h.p.w.spi.MetamodelGraphWalker - Visiting attribute path : question.status.accessibleByFacilitator
14:27:16.966 [main] DEBUG o.h.p.w.spi.MetamodelGraphWalker - Visiting attribute path : question.status.accessibleByQualityAdmin
14:27:16.966 [main] DEBUG o.h.p.w.spi.MetamodelGraphWalker - Visiting attribute path : question.status.accessibleByReviewer
14:27:16.966 [main] DEBUG o.h.p.w.spi.MetamodelGraphWalker - Visiting attribute path : question.stem
14:27:16.966 [main] DEBUG o.h.p.w.spi.MetamodelGraphWalker - Visiting attribute path : question.type
14:27:16.966 [main] DEBUG o.h.p.w.spi.MetamodelGraphWalker - Visiting attribute path : question.type.createdOn
14:27:16.966 [main] DEBUG o.h.p.w.spi.MetamodelGraphWalker - Visiting attribute path : question.type.updatedOn
14:27:16.966 [main] DEBUG o.h.p.w.spi.MetamodelGraphWalker - Visiting attribute path : question.type.name
14:27:16.967 [main] DEBUG o.h.p.w.spi.MetamodelGraphWalker - Visiting attribute path : createdOn
14:27:16.967 [main] DEBUG o.h.p.w.spi.MetamodelGraphWalker - Visiting attribute path : updatedOn
14:27:16.967 [main] DEBUG o.h.p.w.spi.MetamodelGraphWalker - Visiting attribute path : paper
14:27:16.967 [main] DEBUG o.h.p.w.spi.MetamodelGraphWalker - Visiting attribute path : paper.createdOn
14:27:16.967 [main] DEBUG o.h.p.w.spi.MetamodelGraphWalker - Visiting attribute path : paper.updatedOn
14:27:16.967 [main] DEBUG o.h.p.w.spi.MetamodelGraphWalker - Visiting attribute path : paper.author
14:27:16.967 [main] DEBUG o.h.p.w.spi.MetamodelGraphWalker - Visiting attribute path : paper.author.createdOn
14:27:16.967 [main] DEBUG o.h.p.w.spi.MetamodelGraphWalker - Visiting attribute path : paper.author.updatedOn
14:27:16.967 [main] DEBUG o.h.p.w.spi.MetamodelGraphWalker - Visiting attribute path : paper.author.email
14:27:16.967 [main] DEBUG o.h.p.w.spi.MetamodelGraphWalker - Visiting attribute path : paper.author.enabled
14:27:16.967 [main] DEBUG o.h.p.w.spi.MetamodelGraphWalker - Visiting attribute path : paper.author.fullName
14:27:16.967 [main] DEBUG o.h.p.w.spi.MetamodelGraphWalker - Visiting attribute path : paper.author.isAdmin
14:27:16.967 [main] DEBUG o.h.p.w.spi.MetamodelGraphWalker - Visiting attribute path : paper.author.lastLogin
14:27:16.967 [main] DEBUG o.h.p.w.spi.MetamodelGraphWalker - Visiting attribute path : paper.author.loginCount
14:27:16.968 [main] DEBUG o.h.p.w.spi.MetamodelGraphWalker - Visiting attribute path : paper.author.password
14:27:16.968 [main] DEBUG o.h.p.w.spi.MetamodelGraphWalker - Visiting attribute path : paper.author.phone
14:27:16.968 [main] DEBUG o.h.p.w.spi.MetamodelGraphWalker - Visiting attribute path : paper.author.projects
14:27:16.968 [main] DEBUG o.h.p.w.spi.MetamodelGraphWalker - Visiting attribute path : paper.author.username
14:27:16.968 [main] DEBUG o.h.p.w.spi.MetamodelGraphWalker - Visiting attribute path : paper.description
14:27:16.968 [main] DEBUG o.h.p.w.spi.MetamodelGraphWalker - Visiting attribute path : paper.paper_name
14:27:16.968 [main] DEBUG o.h.p.w.spi.MetamodelGraphWalker - Visiting attribute path : paper.project
14:27:16.968 [main] DEBUG o.h.p.w.spi.MetamodelGraphWalker - Visiting attribute path : paper.project.createdOn
14:27:16.968 [main] DEBUG o.h.p.w.spi.MetamodelGraphWalker - Visiting attribute path : paper.project.updatedOn
14:27:16.968 [main] DEBUG o.h.p.w.spi.MetamodelGraphWalker - Visiting attribute path : paper.project.customField1
14:27:16.968 [main] DEBUG o.h.p.w.spi.MetamodelGraphWalker - Visiting attribute path : paper.project.customField2
14:27:16.968 [main] DEBUG o.h.p.w.spi.MetamodelGraphWalker - Visiting attribute path : paper.project.customField3
14:27:16.968 [main] DEBUG o.h.p.w.spi.MetamodelGraphWalker - Visiting attribute path : paper.project.exportedBy
14:27:16.968 [main] DEBUG o.h.p.w.spi.MetamodelGraphWalker - Visiting attribute path : paper.project.exportedOn
14:27:16.968 [main] DEBUG o.h.p.w.spi.MetamodelGraphWalker - Visiting attribute path : paper.project.facilitator
14:27:16.968 [main] DEBUG o.h.p.w.spi.MetamodelGraphWalker - Visiting attribute path : paper.project.finishDate
14:27:16.968 [main] DEBUG o.h.p.w.spi.MetamodelGraphWalker - Visiting attribute path : paper.project.name
14:27:16.968 [main] DEBUG o.h.p.w.spi.MetamodelGraphWalker - Visiting attribute path : paper.project.startDate
14:27:16.968 [main] DEBUG o.h.p.w.spi.MetamodelGraphWalker - Visiting attribute path : paper.project.status
14:27:16.968 [main] DEBUG o.h.p.w.spi.MetamodelGraphWalker - Visiting attribute path : paper.project.syllabus
14:27:16.968 [main] DEBUG o.h.p.w.spi.MetamodelGraphWalker - Visiting attribute path : paper.project.users
14:27:16.968 [main] DEBUG o.h.p.w.spi.MetamodelGraphWalker - Visiting attribute path : paper.score
14:27:16.968 [main] DEBUG o.h.p.w.spi.MetamodelGraphWalker - Visiting attribute path : question
14:27:16.968 [main] DEBUG o.h.p.w.spi.MetamodelGraphWalker - Visiting attribute path : question.createdOn
14:27:16.968 [main] DEBUG o.h.p.w.spi.MetamodelGraphWalker - Visiting attribute path : question.updatedOn
14:27:16.968 [main] DEBUG o.h.p.w.spi.MetamodelGraphWalker - Visiting attribute path : question.author
14:27:16.968 [main] DEBUG o.h.p.w.spi.MetamodelGraphWalker - Visiting attribute path : question.author.createdOn
14:27:16.968 [main] DEBUG o.h.p.w.spi.MetamodelGraphWalker - Visiting attribute path : question.author.updatedOn
14:27:16.968 [main] DEBUG o.h.p.w.spi.MetamodelGraphWalker - Visiting attribute path : question.author.email
14:27:16.968 [main] DEBUG o.h.p.w.spi.MetamodelGraphWalker - Visiting attribute path : question.author.enabled
14:27:16.968 [main] DEBUG o.h.p.w.spi.MetamodelGraphWalker - Visiting attribute path : question.author.fullName
14:27:16.969 [main] DEBUG o.h.p.w.spi.MetamodelGraphWalker - Visiting attribute path : question.author.isAdmin
14:27:16.969 [main] DEBUG o.h.p.w.spi.MetamodelGraphWalker - Visiting attribute path : question.author.lastLogin
14:27:16.969 [main] DEBUG o.h.p.w.spi.MetamodelGraphWalker - Visiting attribute path : question.author.loginCount
14:27:16.969 [main] DEBUG o.h.p.w.spi.MetamodelGraphWalker - Visiting attribute path : question.author.password
14:27:16.969 [main] DEBUG o.h.p.w.spi.MetamodelGraphWalker - Visiting attribute path : question.author.phone
14:27:16.969 [main] DEBUG o.h.p.w.spi.MetamodelGraphWalker - Visiting attribute path : question.author.projects
14:27:16.969 [main] DEBUG o.h.p.w.spi.MetamodelGraphWalker - Visiting attribute path : question.author.username
14:27:16.969 [main] DEBUG o.h.p.w.spi.MetamodelGraphWalker - Visiting attribute path : question.authoringFinishDate
14:27:16.969 [main] DEBUG o.h.p.w.spi.MetamodelGraphWalker - Visiting attribute path : question.authoringStartDate
14:27:16.969 [main] DEBUG o.h.p.w.spi.MetamodelGraphWalker - Visiting attribute path : question.customField2
14:27:16.969 [main] DEBUG o.h.p.w.spi.MetamodelGraphWalker - Visiting attribute path : question.customField3
14:27:16.969 [main] DEBUG o.h.p.w.spi.MetamodelGraphWalker - Visiting attribute path : question.customFiled1
14:27:16.969 [main] DEBUG o.h.p.w.spi.MetamodelGraphWalker - Visiting attribute path : question.description
14:27:16.969 [main] DEBUG o.h.p.w.spi.MetamodelGraphWalker - Visiting attribute path : question.difficulty
14:27:16.969 [main] DEBUG o.h.p.w.spi.MetamodelGraphWalker - Visiting attribute path : question.images
14:27:16.969 [main] DEBUG o.h.p.w.spi.MetamodelGraphWalker - Visiting attribute path : question.knowledgePoint
14:27:16.969 [main] DEBUG o.h.p.w.spi.MetamodelGraphWalker - Visiting attribute path : question.knowledgePoint.createdOn
14:27:16.969 [main] DEBUG o.h.p.w.spi.MetamodelGraphWalker - Visiting attribute path : question.knowledgePoint.updatedOn
14:27:16.969 [main] DEBUG o.h.p.w.spi.MetamodelGraphWalker - Visiting attribute path : question.knowledgePoint.chapter
14:27:16.969 [main] DEBUG o.h.p.w.spi.MetamodelGraphWalker - Visiting attribute path : question.knowledgePoint.kLevel
14:27:16.969 [main] DEBUG o.h.p.w.spi.MetamodelGraphWalker - Visiting attribute path : question.knowledgePoint.number
14:27:16.970 [main] DEBUG o.h.p.w.spi.MetamodelGraphWalker - Visiting attribute path : question.knowledgePoint.score
14:27:16.970 [main] DEBUG o.h.p.w.spi.MetamodelGraphWalker - Visiting attribute path : question.knowledgePoint.title
14:27:16.970 [main] DEBUG o.h.p.w.spi.MetamodelGraphWalker - Visiting attribute path : question.language
14:27:16.970 [main] DEBUG o.h.p.w.spi.MetamodelGraphWalker - Visiting attribute path : question.language.createdOn
14:27:16.970 [main] DEBUG o.h.p.w.spi.MetamodelGraphWalker - Visiting attribute path : question.language.updatedOn
14:27:16.970 [main] DEBUG o.h.p.w.spi.MetamodelGraphWalker - Visiting attribute path : question.language.name
14:27:16.970 [main] DEBUG o.h.p.w.spi.MetamodelGraphWalker - Visiting attribute path : question.memo
14:27:16.970 [main] DEBUG o.h.p.w.spi.MetamodelGraphWalker - Visiting attribute path : question.multipleChoice
14:27:16.970 [main] DEBUG o.h.p.w.spi.MetamodelGraphWalker - Visiting attribute path : question.project
14:27:16.970 [main] DEBUG o.h.p.w.spi.MetamodelGraphWalker - Visiting attribute path : question.project.createdOn
14:27:16.970 [main] DEBUG o.h.p.w.spi.MetamodelGraphWalker - Visiting attribute path : question.project.updatedOn
14:27:16.970 [main] DEBUG o.h.p.w.spi.MetamodelGraphWalker - Visiting attribute path : question.project.customField1
14:27:16.970 [main] DEBUG o.h.p.w.spi.MetamodelGraphWalker - Visiting attribute path : question.project.customField2
14:27:16.970 [main] DEBUG o.h.p.w.spi.MetamodelGraphWalker - Visiting attribute path : question.project.customField3
14:27:16.970 [main] DEBUG o.h.p.w.spi.MetamodelGraphWalker - Visiting attribute path : question.project.exportedBy
14:27:16.970 [main] DEBUG o.h.p.w.spi.MetamodelGraphWalker - Visiting attribute path : question.project.exportedOn
14:27:16.970 [main] DEBUG o.h.p.w.spi.MetamodelGraphWalker - Visiting attribute path : question.project.facilitator
14:27:16.970 [main] DEBUG o.h.p.w.spi.MetamodelGraphWalker - Visiting attribute path : question.project.finishDate
14:27:16.970 [main] DEBUG o.h.p.w.spi.MetamodelGraphWalker - Visiting attribute path : question.project.name
14:27:16.970 [main] DEBUG o.h.p.w.spi.MetamodelGraphWalker - Visiting attribute path : question.project.startDate
14:27:16.971 [main] DEBUG o.h.p.w.spi.MetamodelGraphWalker - Visiting attribute path : question.project.status
14:27:16.971 [main] DEBUG o.h.p.w.spi.MetamodelGraphWalker - Visiting attribute path : question.project.syllabus
14:27:16.971 [main] DEBUG o.h.p.w.spi.MetamodelGraphWalker - Visiting attribute path : question.project.users
14:27:16.971 [main] DEBUG o.h.p.w.spi.MetamodelGraphWalker - Visiting attribute path : question.published
14:27:16.971 [main] DEBUG o.h.p.w.spi.MetamodelGraphWalker - Visiting attribute path : question.qualityAdmin
14:27:16.971 [main] DEBUG o.h.p.w.spi.MetamodelGraphWalker - Visiting attribute path : question.qualityAdmin.createdOn
14:27:16.971 [main] DEBUG o.h.p.w.spi.MetamodelGraphWalker - Visiting attribute path : question.qualityAdmin.updatedOn
14:27:16.971 [main] DEBUG o.h.p.w.spi.MetamodelGraphWalker - Visiting attribute path : question.qualityAdmin.email
14:27:16.971 [main] DEBUG o.h.p.w.spi.MetamodelGraphWalker - Visiting attribute path : question.qualityAdmin.enabled
14:27:16.971 [main] DEBUG o.h.p.w.spi.MetamodelGraphWalker - Visiting attribute path : question.qualityAdmin.fullName
14:27:16.971 [main] DEBUG o.h.p.w.spi.MetamodelGraphWalker - Visiting attribute path : question.qualityAdmin.isAdmin
14:27:16.971 [main] DEBUG o.h.p.w.spi.MetamodelGraphWalker - Visiting attribute path : question.qualityAdmin.lastLogin
14:27:16.971 [main] DEBUG o.h.p.w.spi.MetamodelGraphWalker - Visiting attribute path : question.qualityAdmin.loginCount
14:27:16.971 [main] DEBUG o.h.p.w.spi.MetamodelGraphWalker - Visiting attribute path : question.qualityAdmin.password
14:27:16.971 [main] DEBUG o.h.p.w.spi.MetamodelGraphWalker - Visiting attribute path : question.qualityAdmin.phone
14:27:16.971 [main] DEBUG o.h.p.w.spi.MetamodelGraphWalker - Visiting attribute path : question.qualityAdmin.projects
14:27:16.971 [main] DEBUG o.h.p.w.spi.MetamodelGraphWalker - Visiting attribute path : question.qualityAdmin.username
14:27:16.971 [main] DEBUG o.h.p.w.spi.MetamodelGraphWalker - Visiting attribute path : question.remark
14:27:16.971 [main] DEBUG o.h.p.w.spi.MetamodelGraphWalker - Visiting attribute path : question.reviewers
14:27:16.971 [main] DEBUG o.h.p.w.spi.MetamodelGraphWalker - Visiting attribute path : question.reviewingFinishDate
14:27:16.971 [main] DEBUG o.h.p.w.spi.MetamodelGraphWalker - Visiting attribute path : question.reviewingStartDate
14:27:16.971 [main] DEBUG o.h.p.w.spi.MetamodelGraphWalker - Visiting attribute path : question.scenario
14:27:16.972 [main] DEBUG o.h.p.w.spi.MetamodelGraphWalker - Visiting attribute path : question.score
14:27:16.972 [main] DEBUG o.h.p.w.spi.MetamodelGraphWalker - Visiting attribute path : question.status
14:27:16.972 [main] DEBUG o.h.p.w.spi.MetamodelGraphWalker - Visiting attribute path : question.status.createdOn
14:27:16.972 [main] DEBUG o.h.p.w.spi.MetamodelGraphWalker - Visiting attribute path : question.status.updatedOn
14:27:16.972 [main] DEBUG o.h.p.w.spi.MetamodelGraphWalker - Visiting attribute path : question.status.isFinish
14:27:16.972 [main] DEBUG o.h.p.w.spi.MetamodelGraphWalker - Visiting attribute path : question.status.isStart
14:27:16.972 [main] DEBUG o.h.p.w.spi.MetamodelGraphWalker - Visiting attribute path : question.status.name
14:27:16.972 [main] DEBUG o.h.p.w.spi.MetamodelGraphWalker - Visiting attribute path : question.status.accessibleByAuthor
14:27:16.972 [main] DEBUG o.h.p.w.spi.MetamodelGraphWalker - Visiting attribute path : question.status.accessibleByFacilitator
14:27:16.972 [main] DEBUG o.h.p.w.spi.MetamodelGraphWalker - Visiting attribute path : question.status.accessibleByQualityAdmin
14:27:16.972 [main] DEBUG o.h.p.w.spi.MetamodelGraphWalker - Visiting attribute path : question.status.accessibleByReviewer
14:27:16.972 [main] DEBUG o.h.p.w.spi.MetamodelGraphWalker - Visiting attribute path : question.stem
14:27:16.972 [main] DEBUG o.h.p.w.spi.MetamodelGraphWalker - Visiting attribute path : question.type
14:27:16.972 [main] DEBUG o.h.p.w.spi.MetamodelGraphWalker - Visiting attribute path : question.type.createdOn
14:27:16.972 [main] DEBUG o.h.p.w.spi.MetamodelGraphWalker - Visiting attribute path : question.type.updatedOn
14:27:16.972 [main] DEBUG o.h.p.w.spi.MetamodelGraphWalker - Visiting attribute path : question.type.name
14:27:16.973 [main] DEBUG o.h.p.w.spi.MetamodelGraphWalker - Visiting attribute path : createdOn
14:27:16.973 [main] DEBUG o.h.p.w.spi.MetamodelGraphWalker - Visiting attribute path : updatedOn
14:27:16.973 [main] DEBUG o.h.p.w.spi.MetamodelGraphWalker - Visiting attribute path : paper
14:27:16.974 [main] DEBUG o.h.p.w.spi.MetamodelGraphWalker - Visiting attribute path : question
14:27:16.974 [main] DEBUG o.h.p.w.spi.MetamodelGraphWalker - Visiting attribute path : createdOn
14:27:16.974 [main] DEBUG o.h.p.w.spi.MetamodelGraphWalker - Visiting attribute path : updatedOn
14:27:16.974 [main] DEBUG o.h.p.w.spi.MetamodelGraphWalker - Visiting attribute path : paper
14:27:16.974 [main] DEBUG o.h.p.w.spi.MetamodelGraphWalker - Visiting attribute path : question
14:27:16.974 [main] DEBUG o.h.p.w.spi.MetamodelGraphWalker - Visiting attribute path : createdOn
14:27:16.975 [main] DEBUG o.h.p.w.spi.MetamodelGraphWalker - Visiting attribute path : updatedOn
14:27:16.975 [main] DEBUG o.h.p.w.spi.MetamodelGraphWalker - Visiting attribute path : paper
14:27:16.975 [main] DEBUG o.h.p.w.spi.MetamodelGraphWalker - Visiting attribute path : question
14:27:16.975 [main] DEBUG o.h.p.w.spi.MetamodelGraphWalker - Visiting attribute path : createdOn
14:27:16.975 [main] DEBUG o.h.p.w.spi.MetamodelGraphWalker - Visiting attribute path : updatedOn
14:27:16.975 [main] DEBUG o.h.p.w.spi.MetamodelGraphWalker - Visiting attribute path : paper
14:27:16.975 [main] DEBUG o.h.p.w.spi.MetamodelGraphWalker - Visiting attribute path : question
14:27:16.975 [main] DEBUG o.h.p.w.spi.MetamodelGraphWalker - Visiting attribute path : createdOn
14:27:16.975 [main] DEBUG o.h.p.w.spi.MetamodelGraphWalker - Visiting attribute path : updatedOn
14:27:16.975 [main] DEBUG o.h.p.w.spi.MetamodelGraphWalker - Visiting attribute path : paper
14:27:16.975 [main] DEBUG o.h.p.w.spi.MetamodelGraphWalker - Visiting attribute path : question
14:27:16.975 [main] DEBUG o.h.p.w.spi.MetamodelGraphWalker - Visiting attribute path : createdOn
14:27:16.975 [main] DEBUG o.h.p.w.spi.MetamodelGraphWalker - Visiting attribute path : updatedOn
14:27:16.975 [main] DEBUG o.h.p.w.spi.MetamodelGraphWalker - Visiting attribute path : paper
14:27:16.975 [main] DEBUG o.h.p.w.spi.MetamodelGraphWalker - Visiting attribute path : question
14:27:16.976 [main] DEBUG o.h.p.w.spi.MetamodelGraphWalker - Visiting attribute path : createdOn
14:27:16.976 [main] DEBUG o.h.p.w.spi.MetamodelGraphWalker - Visiting attribute path : updatedOn
14:27:16.976 [main] DEBUG o.h.p.w.spi.MetamodelGraphWalker - Visiting attribute path : paper
14:27:16.976 [main] DEBUG o.h.p.w.spi.MetamodelGraphWalker - Visiting attribute path : question
14:27:16.976 [main] DEBUG o.h.p.w.spi.MetamodelGraphWalker - Visiting attribute path : createdOn
14:27:16.976 [main] DEBUG o.h.p.w.spi.MetamodelGraphWalker - Visiting attribute path : updatedOn
14:27:16.976 [main] DEBUG o.h.p.w.spi.MetamodelGraphWalker - Visiting attribute path : paper
14:27:16.976 [main] DEBUG o.h.p.w.spi.MetamodelGraphWalker - Visiting attribute path : question
14:27:16.976 [main] DEBUG o.h.p.w.spi.MetamodelGraphWalker - Visiting attribute path : createdOn
14:27:16.976 [main] DEBUG o.h.p.w.spi.MetamodelGraphWalker - Visiting attribute path : updatedOn
14:27:16.976 [main] DEBUG o.h.p.w.spi.MetamodelGraphWalker - Visiting attribute path : paper
14:27:16.976 [main] DEBUG o.h.p.w.spi.MetamodelGraphWalker - Visiting attribute path : question
14:27:16.977 [main] DEBUG o.h.p.entity.AbstractEntityPersister - Static SQL for entity: cn.cstqb.exam.testmaker.entities.KnowledgePoint
14:27:16.977 [main] DEBUG o.h.p.entity.AbstractEntityPersister -  Version select: select id from knowledge_point where id =?
14:27:16.977 [main] DEBUG o.h.p.entity.AbstractEntityPersister -  Snapshot select: select knowledgep_.id, knowledgep_.updated_on as updated_3_1_, knowledgep_.chapter_id as chapter_8_1_, knowledgep_.k_level as k_level4_1_, knowledgep_.number as number5_1_, knowledgep_.score as score6_1_, knowledgep_.title as title7_1_ from knowledge_point knowledgep_ where knowledgep_.id=?
14:27:16.977 [main] DEBUG o.h.p.entity.AbstractEntityPersister -  Insert 0: insert into knowledge_point (created_on, updated_on, chapter_id, k_level, number, score, title, id) values (?, ?, ?, ?, ?, ?, ?, ?)
14:27:16.977 [main] DEBUG o.h.p.entity.AbstractEntityPersister -  Update 0: update knowledge_point set updated_on=?, chapter_id=?, k_level=?, number=?, score=?, title=? where id=?
14:27:16.977 [main] DEBUG o.h.p.entity.AbstractEntityPersister -  Delete 0: delete from knowledge_point where id=?
14:27:16.977 [main] DEBUG o.h.p.entity.AbstractEntityPersister -  Identity insert: insert into knowledge_point (created_on, updated_on, chapter_id, k_level, number, score, title) values (?, ?, ?, ?, ?, ?, ?)
14:27:16.977 [main] DEBUG o.h.p.w.spi.MetamodelGraphWalker - Visiting attribute path : createdOn
14:27:16.979 [main] DEBUG o.h.p.w.spi.MetamodelGraphWalker - Visiting attribute path : updatedOn
14:27:16.979 [main] DEBUG o.h.p.w.spi.MetamodelGraphWalker - Visiting attribute path : chapter
14:27:16.979 [main] DEBUG o.h.p.w.spi.MetamodelGraphWalker - Visiting attribute path : chapter.createdOn
14:27:16.979 [main] DEBUG o.h.p.w.spi.MetamodelGraphWalker - Visiting attribute path : chapter.updatedOn
14:27:16.979 [main] DEBUG o.h.p.w.spi.MetamodelGraphWalker - Visiting attribute path : chapter.number
14:27:16.979 [main] DEBUG o.h.p.w.spi.MetamodelGraphWalker - Visiting attribute path : chapter.points
14:27:16.979 [main] DEBUG o.h.p.w.spi.MetamodelGraphWalker - Property path deemed to be circular : chapter.points
14:27:16.979 [main] DEBUG o.h.p.w.spi.MetamodelGraphWalker - Visiting attribute path : chapter.syllabus
14:27:16.979 [main] DEBUG o.h.p.w.spi.MetamodelGraphWalker - Visiting attribute path : chapter.syllabus.createdOn
14:27:16.979 [main] DEBUG o.h.p.w.spi.MetamodelGraphWalker - Visiting attribute path : chapter.syllabus.updatedOn
14:27:16.979 [main] DEBUG o.h.p.w.spi.MetamodelGraphWalker - Visiting attribute path : chapter.syllabus.chapters
14:27:16.979 [main] DEBUG o.h.p.w.spi.MetamodelGraphWalker - Property path deemed to be circular : chapter.syllabus.chapters
14:27:16.979 [main] DEBUG o.h.p.w.spi.MetamodelGraphWalker - Visiting attribute path : chapter.syllabus.isDisabled
14:27:16.979 [main] DEBUG o.h.p.w.spi.MetamodelGraphWalker - Visiting attribute path : chapter.syllabus.level
14:27:16.979 [main] DEBUG o.h.p.w.spi.MetamodelGraphWalker - Visiting attribute path : chapter.syllabus.version
14:27:16.979 [main] DEBUG o.h.p.w.spi.MetamodelGraphWalker - Visiting attribute path : chapter.title
14:27:16.979 [main] DEBUG o.h.p.w.spi.MetamodelGraphWalker - Visiting attribute path : kLevel
14:27:16.979 [main] DEBUG o.h.p.w.spi.MetamodelGraphWalker - Visiting attribute path : number
14:27:16.979 [main] DEBUG o.h.p.w.spi.MetamodelGraphWalker - Visiting attribute path : score
14:27:16.979 [main] DEBUG o.h.p.w.spi.MetamodelGraphWalker - Visiting attribute path : title
14:27:16.979 [main] DEBUG o.h.p.w.spi.MetamodelGraphWalker - Visiting attribute path : createdOn
14:27:16.979 [main] DEBUG o.h.p.w.spi.MetamodelGraphWalker - Visiting attribute path : updatedOn
14:27:16.979 [main] DEBUG o.h.p.w.spi.MetamodelGraphWalker - Visiting attribute path : chapter
14:27:16.979 [main] DEBUG o.h.p.w.spi.MetamodelGraphWalker - Visiting attribute path : chapter.createdOn
14:27:16.979 [main] DEBUG o.h.p.w.spi.MetamodelGraphWalker - Visiting attribute path : chapter.updatedOn
14:27:16.979 [main] DEBUG o.h.p.w.spi.MetamodelGraphWalker - Visiting attribute path : chapter.number
14:27:16.979 [main] DEBUG o.h.p.w.spi.MetamodelGraphWalker - Visiting attribute path : chapter.points
14:27:16.980 [main] DEBUG o.h.p.w.spi.MetamodelGraphWalker - Property path deemed to be circular : chapter.points
14:27:16.980 [main] DEBUG o.h.p.w.spi.MetamodelGraphWalker - Visiting attribute path : chapter.syllabus
14:27:16.980 [main] DEBUG o.h.p.w.spi.MetamodelGraphWalker - Visiting attribute path : chapter.syllabus.createdOn
14:27:16.980 [main] DEBUG o.h.p.w.spi.MetamodelGraphWalker - Visiting attribute path : chapter.syllabus.updatedOn
14:27:16.980 [main] DEBUG o.h.p.w.spi.MetamodelGraphWalker - Visiting attribute path : chapter.syllabus.chapters
14:27:16.980 [main] DEBUG o.h.p.w.spi.MetamodelGraphWalker - Property path deemed to be circular : chapter.syllabus.chapters
14:27:16.980 [main] DEBUG o.h.p.w.spi.MetamodelGraphWalker - Visiting attribute path : chapter.syllabus.isDisabled
14:27:16.980 [main] DEBUG o.h.p.w.spi.MetamodelGraphWalker - Visiting attribute path : chapter.syllabus.level
14:27:16.980 [main] DEBUG o.h.p.w.spi.MetamodelGraphWalker - Visiting attribute path : chapter.syllabus.version
14:27:16.980 [main] DEBUG o.h.p.w.spi.MetamodelGraphWalker - Visiting attribute path : chapter.title
14:27:16.980 [main] DEBUG o.h.p.w.spi.MetamodelGraphWalker - Visiting attribute path : kLevel
14:27:16.980 [main] DEBUG o.h.p.w.spi.MetamodelGraphWalker - Visiting attribute path : number
14:27:16.980 [main] DEBUG o.h.p.w.spi.MetamodelGraphWalker - Visiting attribute path : score
14:27:16.980 [main] DEBUG o.h.p.w.spi.MetamodelGraphWalker - Visiting attribute path : title
14:27:16.981 [main] DEBUG o.h.p.w.spi.MetamodelGraphWalker - Visiting attribute path : createdOn
14:27:16.981 [main] DEBUG o.h.p.w.spi.MetamodelGraphWalker - Visiting attribute path : updatedOn
14:27:16.981 [main] DEBUG o.h.p.w.spi.MetamodelGraphWalker - Visiting attribute path : chapter
14:27:16.981 [main] DEBUG o.h.p.w.spi.MetamodelGraphWalker - Visiting attribute path : kLevel
14:27:16.981 [main] DEBUG o.h.p.w.spi.MetamodelGraphWalker - Visiting attribute path : number
14:27:16.981 [main] DEBUG o.h.p.w.spi.MetamodelGraphWalker - Visiting attribute path : score
14:27:16.981 [main] DEBUG o.h.p.w.spi.MetamodelGraphWalker - Visiting attribute path : title
14:27:16.981 [main] DEBUG o.h.p.w.spi.MetamodelGraphWalker - Visiting attribute path : createdOn
14:27:16.981 [main] DEBUG o.h.p.w.spi.MetamodelGraphWalker - Visiting attribute path : updatedOn
14:27:16.981 [main] DEBUG o.h.p.w.spi.MetamodelGraphWalker - Visiting attribute path : chapter
14:27:16.981 [main] DEBUG o.h.p.w.spi.MetamodelGraphWalker - Visiting attribute path : kLevel
14:27:16.981 [main] DEBUG o.h.p.w.spi.MetamodelGraphWalker - Visiting attribute path : number
14:27:16.981 [main] DEBUG o.h.p.w.spi.MetamodelGraphWalker - Visiting attribute path : score
14:27:16.981 [main] DEBUG o.h.p.w.spi.MetamodelGraphWalker - Visiting attribute path : title
14:27:16.982 [main] DEBUG o.h.p.w.spi.MetamodelGraphWalker - Visiting attribute path : createdOn
14:27:16.982 [main] DEBUG o.h.p.w.spi.MetamodelGraphWalker - Visiting attribute path : updatedOn
14:27:16.982 [main] DEBUG o.h.p.w.spi.MetamodelGraphWalker - Visiting attribute path : chapter
14:27:16.982 [main] DEBUG o.h.p.w.spi.MetamodelGraphWalker - Visiting attribute path : kLevel
14:27:16.982 [main] DEBUG o.h.p.w.spi.MetamodelGraphWalker - Visiting attribute path : number
14:27:16.982 [main] DEBUG o.h.p.w.spi.MetamodelGraphWalker - Visiting attribute path : score
14:27:16.982 [main] DEBUG o.h.p.w.spi.MetamodelGraphWalker - Visiting attribute path : title
14:27:16.982 [main] DEBUG o.h.p.w.spi.MetamodelGraphWalker - Visiting attribute path : createdOn
14:27:16.982 [main] DEBUG o.h.p.w.spi.MetamodelGraphWalker - Visiting attribute path : updatedOn
14:27:16.982 [main] DEBUG o.h.p.w.spi.MetamodelGraphWalker - Visiting attribute path : chapter
14:27:16.983 [main] DEBUG o.h.p.w.spi.MetamodelGraphWalker - Visiting attribute path : kLevel
14:27:16.983 [main] DEBUG o.h.p.w.spi.MetamodelGraphWalker - Visiting attribute path : number
14:27:16.983 [main] DEBUG o.h.p.w.spi.MetamodelGraphWalker - Visiting attribute path : score
14:27:16.984 [main] DEBUG o.h.p.w.spi.MetamodelGraphWalker - Visiting attribute path : title
14:27:16.984 [main] DEBUG o.h.p.w.spi.MetamodelGraphWalker - Visiting attribute path : createdOn
14:27:16.984 [main] DEBUG o.h.p.w.spi.MetamodelGraphWalker - Visiting attribute path : updatedOn
14:27:16.984 [main] DEBUG o.h.p.w.spi.MetamodelGraphWalker - Visiting attribute path : chapter
14:27:16.984 [main] DEBUG o.h.p.w.spi.MetamodelGraphWalker - Visiting attribute path : kLevel
14:27:16.984 [main] DEBUG o.h.p.w.spi.MetamodelGraphWalker - Visiting attribute path : number
14:27:16.984 [main] DEBUG o.h.p.w.spi.MetamodelGraphWalker - Visiting attribute path : score
14:27:16.984 [main] DEBUG o.h.p.w.spi.MetamodelGraphWalker - Visiting attribute path : title
14:27:16.984 [main] DEBUG o.h.p.w.spi.MetamodelGraphWalker - Visiting attribute path : createdOn
14:27:16.984 [main] DEBUG o.h.p.w.spi.MetamodelGraphWalker - Visiting attribute path : updatedOn
14:27:16.984 [main] DEBUG o.h.p.w.spi.MetamodelGraphWalker - Visiting attribute path : chapter
14:27:16.984 [main] DEBUG o.h.p.w.spi.MetamodelGraphWalker - Visiting attribute path : kLevel
14:27:16.984 [main] DEBUG o.h.p.w.spi.MetamodelGraphWalker - Visiting attribute path : number
14:27:16.984 [main] DEBUG o.h.p.w.spi.MetamodelGraphWalker - Visiting attribute path : score
14:27:16.984 [main] DEBUG o.h.p.w.spi.MetamodelGraphWalker - Visiting attribute path : title
14:27:16.984 [main] DEBUG o.h.p.w.spi.MetamodelGraphWalker - Visiting attribute path : createdOn
14:27:16.984 [main] DEBUG o.h.p.w.spi.MetamodelGraphWalker - Visiting attribute path : updatedOn
14:27:16.985 [main] DEBUG o.h.p.w.spi.MetamodelGraphWalker - Visiting attribute path : chapter
14:27:16.985 [main] DEBUG o.h.p.w.spi.MetamodelGraphWalker - Visiting attribute path : kLevel
14:27:16.985 [main] DEBUG o.h.p.w.spi.MetamodelGraphWalker - Visiting attribute path : number
14:27:16.986 [main] DEBUG o.h.p.w.spi.MetamodelGraphWalker - Visiting attribute path : score
14:27:16.986 [main] DEBUG o.h.p.w.spi.MetamodelGraphWalker - Visiting attribute path : title
14:27:16.986 [main] DEBUG o.h.p.w.spi.MetamodelGraphWalker - Visiting attribute path : createdOn
14:27:16.986 [main] DEBUG o.h.p.w.spi.MetamodelGraphWalker - Visiting attribute path : updatedOn
14:27:16.986 [main] DEBUG o.h.p.w.spi.MetamodelGraphWalker - Visiting attribute path : chapter
14:27:16.986 [main] DEBUG o.h.p.w.spi.MetamodelGraphWalker - Visiting attribute path : kLevel
14:27:16.986 [main] DEBUG o.h.p.w.spi.MetamodelGraphWalker - Visiting attribute path : number
14:27:16.986 [main] DEBUG o.h.p.w.spi.MetamodelGraphWalker - Visiting attribute path : score
14:27:16.986 [main] DEBUG o.h.p.w.spi.MetamodelGraphWalker - Visiting attribute path : title
14:27:16.986 [main] DEBUG o.h.p.w.spi.MetamodelGraphWalker - Visiting attribute path : createdOn
14:27:16.986 [main] DEBUG o.h.p.w.spi.MetamodelGraphWalker - Visiting attribute path : updatedOn
14:27:16.986 [main] DEBUG o.h.p.w.spi.MetamodelGraphWalker - Visiting attribute path : chapter
14:27:16.986 [main] DEBUG o.h.p.w.spi.MetamodelGraphWalker - Visiting attribute path : kLevel
14:27:16.986 [main] DEBUG o.h.p.w.spi.MetamodelGraphWalker - Visiting attribute path : number
14:27:16.986 [main] DEBUG o.h.p.w.spi.MetamodelGraphWalker - Visiting attribute path : score
14:27:16.986 [main] DEBUG o.h.p.w.spi.MetamodelGraphWalker - Visiting attribute path : title
14:27:16.987 [main] DEBUG o.h.p.entity.AbstractEntityPersister - Static SQL for entity: cn.cstqb.exam.testmaker.entities.ProjectStatus
14:27:16.987 [main] DEBUG o.h.p.entity.AbstractEntityPersister -  Version select: select id from project_status where id =?
14:27:16.987 [main] DEBUG o.h.p.entity.AbstractEntityPersister -  Snapshot select: select projectsta_.id, projectsta_.updated_on as updated_3_5_, projectsta_.is_finish as is_finis4_5_, projectsta_.is_start as is_start5_5_, projectsta_.name as name6_5_ from project_status projectsta_ where projectsta_.id=?
14:27:16.987 [main] DEBUG o.h.p.entity.AbstractEntityPersister -  Insert 0: insert into project_status (created_on, updated_on, is_finish, is_start, name, id) values (?, ?, ?, ?, ?, ?)
14:27:16.987 [main] DEBUG o.h.p.entity.AbstractEntityPersister -  Update 0: update project_status set updated_on=?, is_finish=?, is_start=?, name=? where id=?
14:27:16.987 [main] DEBUG o.h.p.entity.AbstractEntityPersister -  Delete 0: delete from project_status where id=?
14:27:16.987 [main] DEBUG o.h.p.entity.AbstractEntityPersister -  Identity insert: insert into project_status (created_on, updated_on, is_finish, is_start, name) values (?, ?, ?, ?, ?)
14:27:16.987 [main] DEBUG o.h.p.w.spi.MetamodelGraphWalker - Visiting attribute path : createdOn
14:27:16.987 [main] DEBUG o.h.p.w.spi.MetamodelGraphWalker - Visiting attribute path : updatedOn
14:27:16.987 [main] DEBUG o.h.p.w.spi.MetamodelGraphWalker - Visiting attribute path : isFinish
14:27:16.987 [main] DEBUG o.h.p.w.spi.MetamodelGraphWalker - Visiting attribute path : isStart
14:27:16.987 [main] DEBUG o.h.p.w.spi.MetamodelGraphWalker - Visiting attribute path : name
14:27:16.988 [main] DEBUG o.h.p.w.spi.MetamodelGraphWalker - Visiting attribute path : createdOn
14:27:16.988 [main] DEBUG o.h.p.w.spi.MetamodelGraphWalker - Visiting attribute path : updatedOn
14:27:16.988 [main] DEBUG o.h.p.w.spi.MetamodelGraphWalker - Visiting attribute path : isFinish
14:27:16.988 [main] DEBUG o.h.p.w.spi.MetamodelGraphWalker - Visiting attribute path : isStart
14:27:16.988 [main] DEBUG o.h.p.w.spi.MetamodelGraphWalker - Visiting attribute path : name
14:27:16.989 [main] DEBUG o.h.p.w.spi.MetamodelGraphWalker - Visiting attribute path : createdOn
14:27:16.989 [main] DEBUG o.h.p.w.spi.MetamodelGraphWalker - Visiting attribute path : updatedOn
14:27:16.989 [main] DEBUG o.h.p.w.spi.MetamodelGraphWalker - Visiting attribute path : isFinish
14:27:16.989 [main] DEBUG o.h.p.w.spi.MetamodelGraphWalker - Visiting attribute path : isStart
14:27:16.989 [main] DEBUG o.h.p.w.spi.MetamodelGraphWalker - Visiting attribute path : name
14:27:16.989 [main] DEBUG o.h.p.w.spi.MetamodelGraphWalker - Visiting attribute path : createdOn
14:27:16.989 [main] DEBUG o.h.p.w.spi.MetamodelGraphWalker - Visiting attribute path : updatedOn
14:27:16.989 [main] DEBUG o.h.p.w.spi.MetamodelGraphWalker - Visiting attribute path : isFinish
14:27:16.989 [main] DEBUG o.h.p.w.spi.MetamodelGraphWalker - Visiting attribute path : isStart
14:27:16.989 [main] DEBUG o.h.p.w.spi.MetamodelGraphWalker - Visiting attribute path : name
14:27:16.989 [main] DEBUG o.h.p.w.spi.MetamodelGraphWalker - Visiting attribute path : createdOn
14:27:16.989 [main] DEBUG o.h.p.w.spi.MetamodelGraphWalker - Visiting attribute path : updatedOn
14:27:16.989 [main] DEBUG o.h.p.w.spi.MetamodelGraphWalker - Visiting attribute path : isFinish
14:27:16.990 [main] DEBUG o.h.p.w.spi.MetamodelGraphWalker - Visiting attribute path : isStart
14:27:16.990 [main] DEBUG o.h.p.w.spi.MetamodelGraphWalker - Visiting attribute path : name
14:27:16.990 [main] DEBUG o.h.p.w.spi.MetamodelGraphWalker - Visiting attribute path : createdOn
14:27:16.990 [main] DEBUG o.h.p.w.spi.MetamodelGraphWalker - Visiting attribute path : updatedOn
14:27:16.990 [main] DEBUG o.h.p.w.spi.MetamodelGraphWalker - Visiting attribute path : isFinish
14:27:16.990 [main] DEBUG o.h.p.w.spi.MetamodelGraphWalker - Visiting attribute path : isStart
14:27:16.990 [main] DEBUG o.h.p.w.spi.MetamodelGraphWalker - Visiting attribute path : name
14:27:16.990 [main] DEBUG o.h.p.w.spi.MetamodelGraphWalker - Visiting attribute path : createdOn
14:27:16.990 [main] DEBUG o.h.p.w.spi.MetamodelGraphWalker - Visiting attribute path : updatedOn
14:27:16.990 [main] DEBUG o.h.p.w.spi.MetamodelGraphWalker - Visiting attribute path : isFinish
14:27:16.990 [main] DEBUG o.h.p.w.spi.MetamodelGraphWalker - Visiting attribute path : isStart
14:27:16.990 [main] DEBUG o.h.p.w.spi.MetamodelGraphWalker - Visiting attribute path : name
14:27:16.990 [main] DEBUG o.h.p.w.spi.MetamodelGraphWalker - Visiting attribute path : createdOn
14:27:16.990 [main] DEBUG o.h.p.w.spi.MetamodelGraphWalker - Visiting attribute path : updatedOn
14:27:16.990 [main] DEBUG o.h.p.w.spi.MetamodelGraphWalker - Visiting attribute path : isFinish
14:27:16.990 [main] DEBUG o.h.p.w.spi.MetamodelGraphWalker - Visiting attribute path : isStart
14:27:16.990 [main] DEBUG o.h.p.w.spi.MetamodelGraphWalker - Visiting attribute path : name
14:27:16.991 [main] DEBUG o.h.p.w.spi.MetamodelGraphWalker - Visiting attribute path : createdOn
14:27:16.991 [main] DEBUG o.h.p.w.spi.MetamodelGraphWalker - Visiting attribute path : updatedOn
14:27:16.991 [main] DEBUG o.h.p.w.spi.MetamodelGraphWalker - Visiting attribute path : isFinish
14:27:16.991 [main] DEBUG o.h.p.w.spi.MetamodelGraphWalker - Visiting attribute path : isStart
14:27:16.991 [main] DEBUG o.h.p.w.spi.MetamodelGraphWalker - Visiting attribute path : name
14:27:16.991 [main] DEBUG o.h.p.w.spi.MetamodelGraphWalker - Visiting attribute path : createdOn
14:27:16.991 [main] DEBUG o.h.p.w.spi.MetamodelGraphWalker - Visiting attribute path : updatedOn
14:27:16.991 [main] DEBUG o.h.p.w.spi.MetamodelGraphWalker - Visiting attribute path : isFinish
14:27:16.991 [main] DEBUG o.h.p.w.spi.MetamodelGraphWalker - Visiting attribute path : isStart
14:27:16.991 [main] DEBUG o.h.p.w.spi.MetamodelGraphWalker - Visiting attribute path : name
14:27:16.992 [main] DEBUG o.h.p.w.spi.MetamodelGraphWalker - Visiting attribute path : createdOn
14:27:16.992 [main] DEBUG o.h.p.w.spi.MetamodelGraphWalker - Visiting attribute path : updatedOn
14:27:16.992 [main] DEBUG o.h.p.w.spi.MetamodelGraphWalker - Visiting attribute path : isFinish
14:27:16.992 [main] DEBUG o.h.p.w.spi.MetamodelGraphWalker - Visiting attribute path : isStart
14:27:16.992 [main] DEBUG o.h.p.w.spi.MetamodelGraphWalker - Visiting attribute path : name
14:27:16.993 [main] DEBUG o.h.p.entity.AbstractEntityPersister - Static SQL for entity: cn.cstqb.exam.testmaker.entities.ReviewAssessment
14:27:16.993 [main] DEBUG o.h.p.entity.AbstractEntityPersister -  Version select: select id from review_assessment where id =?
14:27:16.993 [main] DEBUG o.h.p.entity.AbstractEntityPersister -  Snapshot select: select reviewasse_.id, reviewasse_.updated_on as updated_3_16_, reviewasse_.name as name4_16_ from review_assessment reviewasse_ where reviewasse_.id=?
14:27:16.993 [main] DEBUG o.h.p.entity.AbstractEntityPersister -  Insert 0: insert into review_assessment (created_on, updated_on, name, id) values (?, ?, ?, ?)
14:27:16.993 [main] DEBUG o.h.p.entity.AbstractEntityPersister -  Update 0: update review_assessment set updated_on=?, name=? where id=?
14:27:16.993 [main] DEBUG o.h.p.entity.AbstractEntityPersister -  Delete 0: delete from review_assessment where id=?
14:27:16.993 [main] DEBUG o.h.p.entity.AbstractEntityPersister -  Identity insert: insert into review_assessment (created_on, updated_on, name) values (?, ?, ?)
14:27:16.993 [main] DEBUG o.h.p.w.spi.MetamodelGraphWalker - Visiting attribute path : createdOn
14:27:16.993 [main] DEBUG o.h.p.w.spi.MetamodelGraphWalker - Visiting attribute path : updatedOn
14:27:16.993 [main] DEBUG o.h.p.w.spi.MetamodelGraphWalker - Visiting attribute path : name
14:27:16.994 [main] DEBUG o.h.p.w.spi.MetamodelGraphWalker - Visiting attribute path : createdOn
14:27:16.994 [main] DEBUG o.h.p.w.spi.MetamodelGraphWalker - Visiting attribute path : updatedOn
14:27:16.994 [main] DEBUG o.h.p.w.spi.MetamodelGraphWalker - Visiting attribute path : name
14:27:16.994 [main] DEBUG o.h.p.w.spi.MetamodelGraphWalker - Visiting attribute path : createdOn
14:27:16.994 [main] DEBUG o.h.p.w.spi.MetamodelGraphWalker - Visiting attribute path : updatedOn
14:27:16.994 [main] DEBUG o.h.p.w.spi.MetamodelGraphWalker - Visiting attribute path : name
14:27:16.994 [main] DEBUG o.h.p.w.spi.MetamodelGraphWalker - Visiting attribute path : createdOn
14:27:16.994 [main] DEBUG o.h.p.w.spi.MetamodelGraphWalker - Visiting attribute path : updatedOn
14:27:16.994 [main] DEBUG o.h.p.w.spi.MetamodelGraphWalker - Visiting attribute path : name
14:27:16.994 [main] DEBUG o.h.p.w.spi.MetamodelGraphWalker - Visiting attribute path : createdOn
14:27:16.994 [main] DEBUG o.h.p.w.spi.MetamodelGraphWalker - Visiting attribute path : updatedOn
14:27:16.994 [main] DEBUG o.h.p.w.spi.MetamodelGraphWalker - Visiting attribute path : name
14:27:16.995 [main] DEBUG o.h.p.w.spi.MetamodelGraphWalker - Visiting attribute path : createdOn
14:27:16.995 [main] DEBUG o.h.p.w.spi.MetamodelGraphWalker - Visiting attribute path : updatedOn
14:27:16.995 [main] DEBUG o.h.p.w.spi.MetamodelGraphWalker - Visiting attribute path : name
14:27:16.995 [main] DEBUG o.h.p.w.spi.MetamodelGraphWalker - Visiting attribute path : createdOn
14:27:16.995 [main] DEBUG o.h.p.w.spi.MetamodelGraphWalker - Visiting attribute path : updatedOn
14:27:16.995 [main] DEBUG o.h.p.w.spi.MetamodelGraphWalker - Visiting attribute path : name
14:27:16.995 [main] DEBUG o.h.p.w.spi.MetamodelGraphWalker - Visiting attribute path : createdOn
14:27:16.995 [main] DEBUG o.h.p.w.spi.MetamodelGraphWalker - Visiting attribute path : updatedOn
14:27:16.995 [main] DEBUG o.h.p.w.spi.MetamodelGraphWalker - Visiting attribute path : name
14:27:16.995 [main] DEBUG o.h.p.w.spi.MetamodelGraphWalker - Visiting attribute path : createdOn
14:27:16.995 [main] DEBUG o.h.p.w.spi.MetamodelGraphWalker - Visiting attribute path : updatedOn
14:27:16.995 [main] DEBUG o.h.p.w.spi.MetamodelGraphWalker - Visiting attribute path : name
14:27:16.995 [main] DEBUG o.h.p.w.spi.MetamodelGraphWalker - Visiting attribute path : createdOn
14:27:16.995 [main] DEBUG o.h.p.w.spi.MetamodelGraphWalker - Visiting attribute path : updatedOn
14:27:16.995 [main] DEBUG o.h.p.w.spi.MetamodelGraphWalker - Visiting attribute path : name
14:27:16.996 [main] DEBUG o.h.p.w.spi.MetamodelGraphWalker - Visiting attribute path : createdOn
14:27:16.997 [main] DEBUG o.h.p.w.spi.MetamodelGraphWalker - Visiting attribute path : updatedOn
14:27:16.997 [main] DEBUG o.h.p.w.spi.MetamodelGraphWalker - Visiting attribute path : name
14:27:16.997 [main] DEBUG o.h.p.entity.AbstractEntityPersister - Static SQL for entity: cn.cstqb.exam.testmaker.entities.Paper
14:27:16.997 [main] DEBUG o.h.p.entity.AbstractEntityPersister -  Version select: select id from paper where id =?
14:27:16.997 [main] DEBUG o.h.p.entity.AbstractEntityPersister -  Snapshot select: select paper_.id, paper_.updated_on as updated_3_2_, paper_.author_id as author_i7_2_, paper_.description as descript4_2_, paper_.paper_name as paper_na5_2_, paper_.project_id as project_8_2_, paper_.score as score6_2_ from paper paper_ where paper_.id=?
14:27:16.997 [main] DEBUG o.h.p.entity.AbstractEntityPersister -  Insert 0: insert into paper (created_on, updated_on, author_id, description, paper_name, project_id, score, id) values (?, ?, ?, ?, ?, ?, ?, ?)
14:27:16.997 [main] DEBUG o.h.p.entity.AbstractEntityPersister -  Update 0: update paper set updated_on=?, author_id=?, description=?, paper_name=?, project_id=?, score=? where id=?
14:27:16.997 [main] DEBUG o.h.p.entity.AbstractEntityPersister -  Delete 0: delete from paper where id=?
14:27:16.997 [main] DEBUG o.h.p.entity.AbstractEntityPersister -  Identity insert: insert into paper (created_on, updated_on, author_id, description, paper_name, project_id, score) values (?, ?, ?, ?, ?, ?, ?)
14:27:16.997 [main] DEBUG o.h.p.w.spi.MetamodelGraphWalker - Visiting attribute path : createdOn
14:27:16.997 [main] DEBUG o.h.p.w.spi.MetamodelGraphWalker - Visiting attribute path : updatedOn
14:27:16.997 [main] DEBUG o.h.p.w.spi.MetamodelGraphWalker - Visiting attribute path : author
14:27:16.998 [main] DEBUG o.h.p.w.spi.MetamodelGraphWalker - Visiting attribute path : author.createdOn
14:27:16.998 [main] DEBUG o.h.p.w.spi.MetamodelGraphWalker - Visiting attribute path : author.updatedOn
14:27:16.998 [main] DEBUG o.h.p.w.spi.MetamodelGraphWalker - Visiting attribute path : author.email
14:27:16.998 [main] DEBUG o.h.p.w.spi.MetamodelGraphWalker - Visiting attribute path : author.enabled
14:27:16.998 [main] DEBUG o.h.p.w.spi.MetamodelGraphWalker - Visiting attribute path : author.fullName
14:27:16.998 [main] DEBUG o.h.p.w.spi.MetamodelGraphWalker - Visiting attribute path : author.isAdmin
14:27:16.998 [main] DEBUG o.h.p.w.spi.MetamodelGraphWalker - Visiting attribute path : author.lastLogin
14:27:16.998 [main] DEBUG o.h.p.w.spi.MetamodelGraphWalker - Visiting attribute path : author.loginCount
14:27:16.998 [main] DEBUG o.h.p.w.spi.MetamodelGraphWalker - Visiting attribute path : author.password
14:27:16.998 [main] DEBUG o.h.p.w.spi.MetamodelGraphWalker - Visiting attribute path : author.phone
14:27:16.998 [main] DEBUG o.h.p.w.spi.MetamodelGraphWalker - Visiting attribute path : author.projects
14:27:16.998 [main] DEBUG o.h.p.w.spi.MetamodelGraphWalker - Visiting attribute path : author.username
14:27:16.998 [main] DEBUG o.h.p.w.spi.MetamodelGraphWalker - Visiting attribute path : description
14:27:16.998 [main] DEBUG o.h.p.w.spi.MetamodelGraphWalker - Visiting attribute path : paper_name
14:27:16.999 [main] DEBUG o.h.p.w.spi.MetamodelGraphWalker - Visiting attribute path : project
14:27:16.999 [main] DEBUG o.h.p.w.spi.MetamodelGraphWalker - Visiting attribute path : project.createdOn
14:27:16.999 [main] DEBUG o.h.p.w.spi.MetamodelGraphWalker - Visiting attribute path : project.updatedOn
14:27:16.999 [main] DEBUG o.h.p.w.spi.MetamodelGraphWalker - Visiting attribute path : project.customField1
14:27:16.999 [main] DEBUG o.h.p.w.spi.MetamodelGraphWalker - Visiting attribute path : project.customField2
14:27:16.999 [main] DEBUG o.h.p.w.spi.MetamodelGraphWalker - Visiting attribute path : project.customField3
14:27:16.999 [main] DEBUG o.h.p.w.spi.MetamodelGraphWalker - Visiting attribute path : project.exportedBy
14:27:16.999 [main] DEBUG o.h.p.w.spi.MetamodelGraphWalker - Visiting attribute path : project.exportedBy.createdOn
14:27:16.999 [main] DEBUG o.h.p.w.spi.MetamodelGraphWalker - Visiting attribute path : project.exportedBy.updatedOn
14:27:16.999 [main] DEBUG o.h.p.w.spi.MetamodelGraphWalker - Visiting attribute path : project.exportedBy.email
14:27:16.999 [main] DEBUG o.h.p.w.spi.MetamodelGraphWalker - Visiting attribute path : project.exportedBy.enabled
14:27:16.999 [main] DEBUG o.h.p.w.spi.MetamodelGraphWalker - Visiting attribute path : project.exportedBy.fullName
14:27:16.999 [main] DEBUG o.h.p.w.spi.MetamodelGraphWalker - Visiting attribute path : project.exportedBy.isAdmin
14:27:16.999 [main] DEBUG o.h.p.w.spi.MetamodelGraphWalker - Visiting attribute path : project.exportedBy.lastLogin
14:27:16.999 [main] DEBUG o.h.p.w.spi.MetamodelGraphWalker - Visiting attribute path : project.exportedBy.loginCount
14:27:16.999 [main] DEBUG o.h.p.w.spi.MetamodelGraphWalker - Visiting attribute path : project.exportedBy.password
14:27:16.999 [main] DEBUG o.h.p.w.spi.MetamodelGraphWalker - Visiting attribute path : project.exportedBy.phone
14:27:16.999 [main] DEBUG o.h.p.w.spi.MetamodelGraphWalker - Visiting attribute path : project.exportedBy.projects
14:27:16.999 [main] DEBUG o.h.p.w.spi.MetamodelGraphWalker - Visiting attribute path : project.exportedBy.username
14:27:17.000 [main] DEBUG o.h.p.w.spi.MetamodelGraphWalker - Visiting attribute path : project.exportedOn
14:27:17.000 [main] DEBUG o.h.p.w.spi.MetamodelGraphWalker - Visiting attribute path : project.facilitator
14:27:17.000 [main] DEBUG o.h.p.w.spi.MetamodelGraphWalker - Visiting attribute path : project.facilitator.createdOn
14:27:17.000 [main] DEBUG o.h.p.w.spi.MetamodelGraphWalker - Visiting attribute path : project.facilitator.updatedOn
14:27:17.000 [main] DEBUG o.h.p.w.spi.MetamodelGraphWalker - Visiting attribute path : project.facilitator.email
14:27:17.000 [main] DEBUG o.h.p.w.spi.MetamodelGraphWalker - Visiting attribute path : project.facilitator.enabled
14:27:17.000 [main] DEBUG o.h.p.w.spi.MetamodelGraphWalker - Visiting attribute path : project.facilitator.fullName
14:27:17.000 [main] DEBUG o.h.p.w.spi.MetamodelGraphWalker - Visiting attribute path : project.facilitator.isAdmin
14:27:17.000 [main] DEBUG o.h.p.w.spi.MetamodelGraphWalker - Visiting attribute path : project.facilitator.lastLogin
14:27:17.000 [main] DEBUG o.h.p.w.spi.MetamodelGraphWalker - Visiting attribute path : project.facilitator.loginCount
14:27:17.000 [main] DEBUG o.h.p.w.spi.MetamodelGraphWalker - Visiting attribute path : project.facilitator.password
14:27:17.000 [main] DEBUG o.h.p.w.spi.MetamodelGraphWalker - Visiting attribute path : project.facilitator.phone
14:27:17.000 [main] DEBUG o.h.p.w.spi.MetamodelGraphWalker - Visiting attribute path : project.facilitator.projects
14:27:17.000 [main] DEBUG o.h.p.w.spi.MetamodelGraphWalker - Visiting attribute path : project.facilitator.username
14:27:17.000 [main] DEBUG o.h.p.w.spi.MetamodelGraphWalker - Visiting attribute path : project.finishDate
14:27:17.000 [main] DEBUG o.h.p.w.spi.MetamodelGraphWalker - Visiting attribute path : project.name
14:27:17.000 [main] DEBUG o.h.p.w.spi.MetamodelGraphWalker - Visiting attribute path : project.startDate
14:27:17.000 [main] DEBUG o.h.p.w.spi.MetamodelGraphWalker - Visiting attribute path : project.status
14:27:17.000 [main] DEBUG o.h.p.w.spi.MetamodelGraphWalker - Visiting attribute path : project.status.createdOn
14:27:17.000 [main] DEBUG o.h.p.w.spi.MetamodelGraphWalker - Visiting attribute path : project.status.updatedOn
14:27:17.000 [main] DEBUG o.h.p.w.spi.MetamodelGraphWalker - Visiting attribute path : project.status.isFinish
14:27:17.000 [main] DEBUG o.h.p.w.spi.MetamodelGraphWalker - Visiting attribute path : project.status.isStart
14:27:17.000 [main] DEBUG o.h.p.w.spi.MetamodelGraphWalker - Visiting attribute path : project.status.name
14:27:17.001 [main] DEBUG o.h.p.w.spi.MetamodelGraphWalker - Visiting attribute path : project.syllabus
14:27:17.001 [main] DEBUG o.h.p.w.spi.MetamodelGraphWalker - Visiting attribute path : project.syllabus.createdOn
14:27:17.001 [main] DEBUG o.h.p.w.spi.MetamodelGraphWalker - Visiting attribute path : project.syllabus.updatedOn
14:27:17.001 [main] DEBUG o.h.p.w.spi.MetamodelGraphWalker - Visiting attribute path : project.syllabus.chapters
14:27:17.001 [main] DEBUG o.h.p.w.spi.MetamodelGraphWalker - Visiting attribute path : project.syllabus.isDisabled
14:27:17.001 [main] DEBUG o.h.p.w.spi.MetamodelGraphWalker - Visiting attribute path : project.syllabus.level
14:27:17.001 [main] DEBUG o.h.p.w.spi.MetamodelGraphWalker - Visiting attribute path : project.syllabus.version
14:27:17.001 [main] DEBUG o.h.p.w.spi.MetamodelGraphWalker - Visiting attribute path : project.users
14:27:17.001 [main] DEBUG o.h.p.w.spi.MetamodelGraphWalker - Visiting attribute path : score
14:27:17.002 [main] DEBUG o.h.p.w.spi.MetamodelGraphWalker - Visiting attribute path : createdOn
14:27:17.002 [main] DEBUG o.h.p.w.spi.MetamodelGraphWalker - Visiting attribute path : updatedOn
14:27:17.002 [main] DEBUG o.h.p.w.spi.MetamodelGraphWalker - Visiting attribute path : author
14:27:17.002 [main] DEBUG o.h.p.w.spi.MetamodelGraphWalker - Visiting attribute path : author.createdOn
14:27:17.002 [main] DEBUG o.h.p.w.spi.MetamodelGraphWalker - Visiting attribute path : author.updatedOn
14:27:17.002 [main] DEBUG o.h.p.w.spi.MetamodelGraphWalker - Visiting attribute path : author.email
14:27:17.002 [main] DEBUG o.h.p.w.spi.MetamodelGraphWalker - Visiting attribute path : author.enabled
14:27:17.002 [main] DEBUG o.h.p.w.spi.MetamodelGraphWalker - Visiting attribute path : author.fullName
14:27:17.002 [main] DEBUG o.h.p.w.spi.MetamodelGraphWalker - Visiting attribute path : author.isAdmin
14:27:17.002 [main] DEBUG o.h.p.w.spi.MetamodelGraphWalker - Visiting attribute path : author.lastLogin
14:27:17.002 [main] DEBUG o.h.p.w.spi.MetamodelGraphWalker - Visiting attribute path : author.loginCount
14:27:17.002 [main] DEBUG o.h.p.w.spi.MetamodelGraphWalker - Visiting attribute path : author.password
14:27:17.002 [main] DEBUG o.h.p.w.spi.MetamodelGraphWalker - Visiting attribute path : author.phone
14:27:17.002 [main] DEBUG o.h.p.w.spi.MetamodelGraphWalker - Visiting attribute path : author.projects
14:27:17.002 [main] DEBUG o.h.p.w.spi.MetamodelGraphWalker - Visiting attribute path : author.username
14:27:17.002 [main] DEBUG o.h.p.w.spi.MetamodelGraphWalker - Visiting attribute path : description
14:27:17.002 [main] DEBUG o.h.p.w.spi.MetamodelGraphWalker - Visiting attribute path : paper_name
14:27:17.003 [main] DEBUG o.h.p.w.spi.MetamodelGraphWalker - Visiting attribute path : project
14:27:17.003 [main] DEBUG o.h.p.w.spi.MetamodelGraphWalker - Visiting attribute path : project.createdOn
14:27:17.003 [main] DEBUG o.h.p.w.spi.MetamodelGraphWalker - Visiting attribute path : project.updatedOn
14:27:17.003 [main] DEBUG o.h.p.w.spi.MetamodelGraphWalker - Visiting attribute path : project.customField1
14:27:17.003 [main] DEBUG o.h.p.w.spi.MetamodelGraphWalker - Visiting attribute path : project.customField2
14:27:17.003 [main] DEBUG o.h.p.w.spi.MetamodelGraphWalker - Visiting attribute path : project.customField3
14:27:17.003 [main] DEBUG o.h.p.w.spi.MetamodelGraphWalker - Visiting attribute path : project.exportedBy
14:27:17.003 [main] DEBUG o.h.p.w.spi.MetamodelGraphWalker - Visiting attribute path : project.exportedBy.createdOn
14:27:17.003 [main] DEBUG o.h.p.w.spi.MetamodelGraphWalker - Visiting attribute path : project.exportedBy.updatedOn
14:27:17.003 [main] DEBUG o.h.p.w.spi.MetamodelGraphWalker - Visiting attribute path : project.exportedBy.email
14:27:17.003 [main] DEBUG o.h.p.w.spi.MetamodelGraphWalker - Visiting attribute path : project.exportedBy.enabled
14:27:17.003 [main] DEBUG o.h.p.w.spi.MetamodelGraphWalker - Visiting attribute path : project.exportedBy.fullName
14:27:17.003 [main] DEBUG o.h.p.w.spi.MetamodelGraphWalker - Visiting attribute path : project.exportedBy.isAdmin
14:27:17.004 [main] DEBUG o.h.p.w.spi.MetamodelGraphWalker - Visiting attribute path : project.exportedBy.lastLogin
14:27:17.004 [main] DEBUG o.h.p.w.spi.MetamodelGraphWalker - Visiting attribute path : project.exportedBy.loginCount
14:27:17.004 [main] DEBUG o.h.p.w.spi.MetamodelGraphWalker - Visiting attribute path : project.exportedBy.password
14:27:17.004 [main] DEBUG o.h.p.w.spi.MetamodelGraphWalker - Visiting attribute path : project.exportedBy.phone
14:27:17.004 [main] DEBUG o.h.p.w.spi.MetamodelGraphWalker - Visiting attribute path : project.exportedBy.projects
14:27:17.004 [main] DEBUG o.h.p.w.spi.MetamodelGraphWalker - Visiting attribute path : project.exportedBy.username
14:27:17.004 [main] DEBUG o.h.p.w.spi.MetamodelGraphWalker - Visiting attribute path : project.exportedOn
14:27:17.004 [main] DEBUG o.h.p.w.spi.MetamodelGraphWalker - Visiting attribute path : project.facilitator
14:27:17.004 [main] DEBUG o.h.p.w.spi.MetamodelGraphWalker - Visiting attribute path : project.facilitator.createdOn
14:27:17.004 [main] DEBUG o.h.p.w.spi.MetamodelGraphWalker - Visiting attribute path : project.facilitator.updatedOn
14:27:17.004 [main] DEBUG o.h.p.w.spi.MetamodelGraphWalker - Visiting attribute path : project.facilitator.email
14:27:17.004 [main] DEBUG o.h.p.w.spi.MetamodelGraphWalker - Visiting attribute path : project.facilitator.enabled
14:27:17.004 [main] DEBUG o.h.p.w.spi.MetamodelGraphWalker - Visiting attribute path : project.facilitator.fullName
14:27:17.004 [main] DEBUG o.h.p.w.spi.MetamodelGraphWalker - Visiting attribute path : project.facilitator.isAdmin
14:27:17.004 [main] DEBUG o.h.p.w.spi.MetamodelGraphWalker - Visiting attribute path : project.facilitator.lastLogin
14:27:17.004 [main] DEBUG o.h.p.w.spi.MetamodelGraphWalker - Visiting attribute path : project.facilitator.loginCount
14:27:17.004 [main] DEBUG o.h.p.w.spi.MetamodelGraphWalker - Visiting attribute path : project.facilitator.password
14:27:17.004 [main] DEBUG o.h.p.w.spi.MetamodelGraphWalker - Visiting attribute path : project.facilitator.phone
14:27:17.004 [main] DEBUG o.h.p.w.spi.MetamodelGraphWalker - Visiting attribute path : project.facilitator.projects
14:27:17.004 [main] DEBUG o.h.p.w.spi.MetamodelGraphWalker - Visiting attribute path : project.facilitator.username
14:27:17.004 [main] DEBUG o.h.p.w.spi.MetamodelGraphWalker - Visiting attribute path : project.finishDate
14:27:17.004 [main] DEBUG o.h.p.w.spi.MetamodelGraphWalker - Visiting attribute path : project.name
14:27:17.004 [main] DEBUG o.h.p.w.spi.MetamodelGraphWalker - Visiting attribute path : project.startDate
14:27:17.004 [main] DEBUG o.h.p.w.spi.MetamodelGraphWalker - Visiting attribute path : project.status
14:27:17.004 [main] DEBUG o.h.p.w.spi.MetamodelGraphWalker - Visiting attribute path : project.status.createdOn
14:27:17.004 [main] DEBUG o.h.p.w.spi.MetamodelGraphWalker - Visiting attribute path : project.status.updatedOn
14:27:17.004 [main] DEBUG o.h.p.w.spi.MetamodelGraphWalker - Visiting attribute path : project.status.isFinish
14:27:17.004 [main] DEBUG o.h.p.w.spi.MetamodelGraphWalker - Visiting attribute path : project.status.isStart
14:27:17.004 [main] DEBUG o.h.p.w.spi.MetamodelGraphWalker - Visiting attribute path : project.status.name
14:27:17.004 [main] DEBUG o.h.p.w.spi.MetamodelGraphWalker - Visiting attribute path : project.syllabus
14:27:17.005 [main] DEBUG o.h.p.w.spi.MetamodelGraphWalker - Visiting attribute path : project.syllabus.createdOn
14:27:17.005 [main] DEBUG o.h.p.w.spi.MetamodelGraphWalker - Visiting attribute path : project.syllabus.updatedOn
14:27:17.005 [main] DEBUG o.h.p.w.spi.MetamodelGraphWalker - Visiting attribute path : project.syllabus.chapters
14:27:17.005 [main] DEBUG o.h.p.w.spi.MetamodelGraphWalker - Visiting attribute path : project.syllabus.isDisabled
14:27:17.005 [main] DEBUG o.h.p.w.spi.MetamodelGraphWalker - Visiting attribute path : project.syllabus.level
14:27:17.005 [main] DEBUG o.h.p.w.spi.MetamodelGraphWalker - Visiting attribute path : project.syllabus.version
14:27:17.005 [main] DEBUG o.h.p.w.spi.MetamodelGraphWalker - Visiting attribute path : project.users
14:27:17.005 [main] DEBUG o.h.p.w.spi.MetamodelGraphWalker - Visiting attribute path : score
14:27:17.006 [main] DEBUG o.h.p.w.spi.MetamodelGraphWalker - Visiting attribute path : createdOn
14:27:17.006 [main] DEBUG o.h.p.w.spi.MetamodelGraphWalker - Visiting attribute path : updatedOn
14:27:17.006 [main] DEBUG o.h.p.w.spi.MetamodelGraphWalker - Visiting attribute path : author
14:27:17.006 [main] DEBUG o.h.p.w.spi.MetamodelGraphWalker - Visiting attribute path : description
14:27:17.006 [main] DEBUG o.h.p.w.spi.MetamodelGraphWalker - Visiting attribute path : paper_name
14:27:17.006 [main] DEBUG o.h.p.w.spi.MetamodelGraphWalker - Visiting attribute path : project
14:27:17.006 [main] DEBUG o.h.p.w.spi.MetamodelGraphWalker - Visiting attribute path : score
14:27:17.006 [main] DEBUG o.h.p.w.spi.MetamodelGraphWalker - Visiting attribute path : createdOn
14:27:17.006 [main] DEBUG o.h.p.w.spi.MetamodelGraphWalker - Visiting attribute path : updatedOn
14:27:17.006 [main] DEBUG o.h.p.w.spi.MetamodelGraphWalker - Visiting attribute path : author
14:27:17.006 [main] DEBUG o.h.p.w.spi.MetamodelGraphWalker - Visiting attribute path : description
14:27:17.006 [main] DEBUG o.h.p.w.spi.MetamodelGraphWalker - Visiting attribute path : paper_name
14:27:17.006 [main] DEBUG o.h.p.w.spi.MetamodelGraphWalker - Visiting attribute path : project
14:27:17.006 [main] DEBUG o.h.p.w.spi.MetamodelGraphWalker - Visiting attribute path : score
14:27:17.007 [main] DEBUG o.h.p.w.spi.MetamodelGraphWalker - Visiting attribute path : createdOn
14:27:17.007 [main] DEBUG o.h.p.w.spi.MetamodelGraphWalker - Visiting attribute path : updatedOn
14:27:17.007 [main] DEBUG o.h.p.w.spi.MetamodelGraphWalker - Visiting attribute path : author
14:27:17.007 [main] DEBUG o.h.p.w.spi.MetamodelGraphWalker - Visiting attribute path : description
14:27:17.007 [main] DEBUG o.h.p.w.spi.MetamodelGraphWalker - Visiting attribute path : paper_name
14:27:17.007 [main] DEBUG o.h.p.w.spi.MetamodelGraphWalker - Visiting attribute path : project
14:27:17.007 [main] DEBUG o.h.p.w.spi.MetamodelGraphWalker - Visiting attribute path : score
14:27:17.007 [main] DEBUG o.h.p.w.spi.MetamodelGraphWalker - Visiting attribute path : createdOn
14:27:17.007 [main] DEBUG o.h.p.w.spi.MetamodelGraphWalker - Visiting attribute path : updatedOn
14:27:17.007 [main] DEBUG o.h.p.w.spi.MetamodelGraphWalker - Visiting attribute path : author
14:27:17.007 [main] DEBUG o.h.p.w.spi.MetamodelGraphWalker - Visiting attribute path : description
14:27:17.007 [main] DEBUG o.h.p.w.spi.MetamodelGraphWalker - Visiting attribute path : paper_name
14:27:17.007 [main] DEBUG o.h.p.w.spi.MetamodelGraphWalker - Visiting attribute path : project
14:27:17.007 [main] DEBUG o.h.p.w.spi.MetamodelGraphWalker - Visiting attribute path : score
14:27:17.008 [main] DEBUG o.h.p.w.spi.MetamodelGraphWalker - Visiting attribute path : createdOn
14:27:17.008 [main] DEBUG o.h.p.w.spi.MetamodelGraphWalker - Visiting attribute path : updatedOn
14:27:17.008 [main] DEBUG o.h.p.w.spi.MetamodelGraphWalker - Visiting attribute path : author
14:27:17.008 [main] DEBUG o.h.p.w.spi.MetamodelGraphWalker - Visiting attribute path : description
14:27:17.008 [main] DEBUG o.h.p.w.spi.MetamodelGraphWalker - Visiting attribute path : paper_name
14:27:17.008 [main] DEBUG o.h.p.w.spi.MetamodelGraphWalker - Visiting attribute path : project
14:27:17.008 [main] DEBUG o.h.p.w.spi.MetamodelGraphWalker - Visiting attribute path : score
14:27:17.008 [main] DEBUG o.h.p.w.spi.MetamodelGraphWalker - Visiting attribute path : createdOn
14:27:17.008 [main] DEBUG o.h.p.w.spi.MetamodelGraphWalker - Visiting attribute path : updatedOn
14:27:17.008 [main] DEBUG o.h.p.w.spi.MetamodelGraphWalker - Visiting attribute path : author
14:27:17.008 [main] DEBUG o.h.p.w.spi.MetamodelGraphWalker - Visiting attribute path : description
14:27:17.008 [main] DEBUG o.h.p.w.spi.MetamodelGraphWalker - Visiting attribute path : paper_name
14:27:17.008 [main] DEBUG o.h.p.w.spi.MetamodelGraphWalker - Visiting attribute path : project
14:27:17.008 [main] DEBUG o.h.p.w.spi.MetamodelGraphWalker - Visiting attribute path : score
14:27:17.009 [main] DEBUG o.h.p.w.spi.MetamodelGraphWalker - Visiting attribute path : createdOn
14:27:17.009 [main] DEBUG o.h.p.w.spi.MetamodelGraphWalker - Visiting attribute path : updatedOn
14:27:17.009 [main] DEBUG o.h.p.w.spi.MetamodelGraphWalker - Visiting attribute path : author
14:27:17.009 [main] DEBUG o.h.p.w.spi.MetamodelGraphWalker - Visiting attribute path : description
14:27:17.009 [main] DEBUG o.h.p.w.spi.MetamodelGraphWalker - Visiting attribute path : paper_name
14:27:17.009 [main] DEBUG o.h.p.w.spi.MetamodelGraphWalker - Visiting attribute path : project
14:27:17.009 [main] DEBUG o.h.p.w.spi.MetamodelGraphWalker - Visiting attribute path : score
14:27:17.009 [main] DEBUG o.h.p.w.spi.MetamodelGraphWalker - Visiting attribute path : createdOn
14:27:17.009 [main] DEBUG o.h.p.w.spi.MetamodelGraphWalker - Visiting attribute path : updatedOn
14:27:17.009 [main] DEBUG o.h.p.w.spi.MetamodelGraphWalker - Visiting attribute path : author
14:27:17.009 [main] DEBUG o.h.p.w.spi.MetamodelGraphWalker - Visiting attribute path : description
14:27:17.009 [main] DEBUG o.h.p.w.spi.MetamodelGraphWalker - Visiting attribute path : paper_name
14:27:17.009 [main] DEBUG o.h.p.w.spi.MetamodelGraphWalker - Visiting attribute path : project
14:27:17.009 [main] DEBUG o.h.p.w.spi.MetamodelGraphWalker - Visiting attribute path : score
14:27:17.010 [main] DEBUG o.h.p.w.spi.MetamodelGraphWalker - Visiting attribute path : createdOn
14:27:17.010 [main] DEBUG o.h.p.w.spi.MetamodelGraphWalker - Visiting attribute path : updatedOn
14:27:17.010 [main] DEBUG o.h.p.w.spi.MetamodelGraphWalker - Visiting attribute path : author
14:27:17.010 [main] DEBUG o.h.p.w.spi.MetamodelGraphWalker - Visiting attribute path : description
14:27:17.011 [main] DEBUG o.h.p.w.spi.MetamodelGraphWalker - Visiting attribute path : paper_name
14:27:17.011 [main] DEBUG o.h.p.w.spi.MetamodelGraphWalker - Visiting attribute path : project
14:27:17.011 [main] DEBUG o.h.p.w.spi.MetamodelGraphWalker - Visiting attribute path : score
14:27:17.011 [main] DEBUG o.h.p.entity.AbstractEntityPersister - Static SQL for entity: cn.cstqb.exam.testmaker.entities.QuestionType
14:27:17.011 [main] DEBUG o.h.p.entity.AbstractEntityPersister -  Version select: select id from question_type where id =?
14:27:17.011 [main] DEBUG o.h.p.entity.AbstractEntityPersister -  Snapshot select: select questionty_.id, questionty_.updated_on as updated_3_15_, questionty_.name as name4_15_ from question_type questionty_ where questionty_.id=?
14:27:17.011 [main] DEBUG o.h.p.entity.AbstractEntityPersister -  Insert 0: insert into question_type (created_on, updated_on, name, id) values (?, ?, ?, ?)
14:27:17.011 [main] DEBUG o.h.p.entity.AbstractEntityPersister -  Update 0: update question_type set updated_on=?, name=? where id=?
14:27:17.011 [main] DEBUG o.h.p.entity.AbstractEntityPersister -  Delete 0: delete from question_type where id=?
14:27:17.011 [main] DEBUG o.h.p.entity.AbstractEntityPersister -  Identity insert: insert into question_type (created_on, updated_on, name) values (?, ?, ?)
14:27:17.011 [main] DEBUG o.h.p.w.spi.MetamodelGraphWalker - Visiting attribute path : createdOn
14:27:17.011 [main] DEBUG o.h.p.w.spi.MetamodelGraphWalker - Visiting attribute path : updatedOn
14:27:17.011 [main] DEBUG o.h.p.w.spi.MetamodelGraphWalker - Visiting attribute path : name
14:27:17.012 [main] DEBUG o.h.p.w.spi.MetamodelGraphWalker - Visiting attribute path : createdOn
14:27:17.012 [main] DEBUG o.h.p.w.spi.MetamodelGraphWalker - Visiting attribute path : updatedOn
14:27:17.012 [main] DEBUG o.h.p.w.spi.MetamodelGraphWalker - Visiting attribute path : name
14:27:17.012 [main] DEBUG o.h.p.w.spi.MetamodelGraphWalker - Visiting attribute path : createdOn
14:27:17.012 [main] DEBUG o.h.p.w.spi.MetamodelGraphWalker - Visiting attribute path : updatedOn
14:27:17.012 [main] DEBUG o.h.p.w.spi.MetamodelGraphWalker - Visiting attribute path : name
14:27:17.012 [main] DEBUG o.h.p.w.spi.MetamodelGraphWalker - Visiting attribute path : createdOn
14:27:17.012 [main] DEBUG o.h.p.w.spi.MetamodelGraphWalker - Visiting attribute path : updatedOn
14:27:17.012 [main] DEBUG o.h.p.w.spi.MetamodelGraphWalker - Visiting attribute path : name
14:27:17.013 [main] DEBUG o.h.p.w.spi.MetamodelGraphWalker - Visiting attribute path : createdOn
14:27:17.013 [main] DEBUG o.h.p.w.spi.MetamodelGraphWalker - Visiting attribute path : updatedOn
14:27:17.013 [main] DEBUG o.h.p.w.spi.MetamodelGraphWalker - Visiting attribute path : name
14:27:17.013 [main] DEBUG o.h.p.w.spi.MetamodelGraphWalker - Visiting attribute path : createdOn
14:27:17.013 [main] DEBUG o.h.p.w.spi.MetamodelGraphWalker - Visiting attribute path : updatedOn
14:27:17.013 [main] DEBUG o.h.p.w.spi.MetamodelGraphWalker - Visiting attribute path : name
14:27:17.013 [main] DEBUG o.h.p.w.spi.MetamodelGraphWalker - Visiting attribute path : createdOn
14:27:17.013 [main] DEBUG o.h.p.w.spi.MetamodelGraphWalker - Visiting attribute path : updatedOn
14:27:17.013 [main] DEBUG o.h.p.w.spi.MetamodelGraphWalker - Visiting attribute path : name
14:27:17.013 [main] DEBUG o.h.p.w.spi.MetamodelGraphWalker - Visiting attribute path : createdOn
14:27:17.013 [main] DEBUG o.h.p.w.spi.MetamodelGraphWalker - Visiting attribute path : updatedOn
14:27:17.013 [main] DEBUG o.h.p.w.spi.MetamodelGraphWalker - Visiting attribute path : name
14:27:17.014 [main] DEBUG o.h.p.w.spi.MetamodelGraphWalker - Visiting attribute path : createdOn
14:27:17.014 [main] DEBUG o.h.p.w.spi.MetamodelGraphWalker - Visiting attribute path : updatedOn
14:27:17.014 [main] DEBUG o.h.p.w.spi.MetamodelGraphWalker - Visiting attribute path : name
14:27:17.014 [main] DEBUG o.h.p.w.spi.MetamodelGraphWalker - Visiting attribute path : createdOn
14:27:17.014 [main] DEBUG o.h.p.w.spi.MetamodelGraphWalker - Visiting attribute path : updatedOn
14:27:17.014 [main] DEBUG o.h.p.w.spi.MetamodelGraphWalker - Visiting attribute path : name
14:27:17.014 [main] DEBUG o.h.p.w.spi.MetamodelGraphWalker - Visiting attribute path : createdOn
14:27:17.014 [main] DEBUG o.h.p.w.spi.MetamodelGraphWalker - Visiting attribute path : updatedOn
14:27:17.014 [main] DEBUG o.h.p.w.spi.MetamodelGraphWalker - Visiting attribute path : name
14:27:17.015 [main] DEBUG o.h.p.entity.AbstractEntityPersister - Static SQL for entity: cn.cstqb.exam.testmaker.entities.QuestionImage
14:27:17.015 [main] DEBUG o.h.p.entity.AbstractEntityPersister -  Version select: select id from question_image where id =?
14:27:17.015 [main] DEBUG o.h.p.entity.AbstractEntityPersister -  Snapshot select: select questionim_.id, questionim_.updated_on as updated_3_10_, questionim_.path as path4_10_, questionim_.caption as caption5_10_, questionim_.question_id as question6_10_ from question_image questionim_ where questionim_.id=?
14:27:17.015 [main] DEBUG o.h.p.entity.AbstractEntityPersister -  Insert 0: insert into question_image (created_on, updated_on, path, caption, question_id, id) values (?, ?, ?, ?, ?, ?)
14:27:17.015 [main] DEBUG o.h.p.entity.AbstractEntityPersister -  Update 0: update question_image set updated_on=?, path=?, caption=?, question_id=? where id=?
14:27:17.015 [main] DEBUG o.h.p.entity.AbstractEntityPersister -  Delete 0: delete from question_image where id=?
14:27:17.015 [main] DEBUG o.h.p.entity.AbstractEntityPersister -  Identity insert: insert into question_image (created_on, updated_on, path, caption, question_id) values (?, ?, ?, ?, ?)
14:27:17.015 [main] DEBUG o.h.p.w.spi.MetamodelGraphWalker - Visiting attribute path : createdOn
14:27:17.015 [main] DEBUG o.h.p.w.spi.MetamodelGraphWalker - Visiting attribute path : updatedOn
14:27:17.015 [main] DEBUG o.h.p.w.spi.MetamodelGraphWalker - Visiting attribute path : path
14:27:17.015 [main] DEBUG o.h.p.w.spi.MetamodelGraphWalker - Visiting attribute path : caption
14:27:17.015 [main] DEBUG o.h.p.w.spi.MetamodelGraphWalker - Visiting attribute path : question
14:27:17.016 [main] DEBUG o.h.p.w.spi.MetamodelGraphWalker - Visiting attribute path : question.createdOn
14:27:17.016 [main] DEBUG o.h.p.w.spi.MetamodelGraphWalker - Visiting attribute path : question.updatedOn
14:27:17.016 [main] DEBUG o.h.p.w.spi.MetamodelGraphWalker - Visiting attribute path : question.author
14:27:17.016 [main] DEBUG o.h.p.w.spi.MetamodelGraphWalker - Visiting attribute path : question.author.createdOn
14:27:17.016 [main] DEBUG o.h.p.w.spi.MetamodelGraphWalker - Visiting attribute path : question.author.updatedOn
14:27:17.016 [main] DEBUG o.h.p.w.spi.MetamodelGraphWalker - Visiting attribute path : question.author.email
14:27:17.016 [main] DEBUG o.h.p.w.spi.MetamodelGraphWalker - Visiting attribute path : question.author.enabled
14:27:17.016 [main] DEBUG o.h.p.w.spi.MetamodelGraphWalker - Visiting attribute path : question.author.fullName
14:27:17.016 [main] DEBUG o.h.p.w.spi.MetamodelGraphWalker - Visiting attribute path : question.author.isAdmin
14:27:17.016 [main] DEBUG o.h.p.w.spi.MetamodelGraphWalker - Visiting attribute path : question.author.lastLogin
14:27:17.016 [main] DEBUG o.h.p.w.spi.MetamodelGraphWalker - Visiting attribute path : question.author.loginCount
14:27:17.016 [main] DEBUG o.h.p.w.spi.MetamodelGraphWalker - Visiting attribute path : question.author.password
14:27:17.016 [main] DEBUG o.h.p.w.spi.MetamodelGraphWalker - Visiting attribute path : question.author.phone
14:27:17.016 [main] DEBUG o.h.p.w.spi.MetamodelGraphWalker - Visiting attribute path : question.author.projects
14:27:17.016 [main] DEBUG o.h.p.w.spi.MetamodelGraphWalker - Visiting attribute path : question.author.username
14:27:17.016 [main] DEBUG o.h.p.w.spi.MetamodelGraphWalker - Visiting attribute path : question.authoringFinishDate
14:27:17.016 [main] DEBUG o.h.p.w.spi.MetamodelGraphWalker - Visiting attribute path : question.authoringStartDate
14:27:17.016 [main] DEBUG o.h.p.w.spi.MetamodelGraphWalker - Visiting attribute path : question.customField2
14:27:17.017 [main] DEBUG o.h.p.w.spi.MetamodelGraphWalker - Visiting attribute path : question.customField3
14:27:17.017 [main] DEBUG o.h.p.w.spi.MetamodelGraphWalker - Visiting attribute path : question.customFiled1
14:27:17.017 [main] DEBUG o.h.p.w.spi.MetamodelGraphWalker - Visiting attribute path : question.description
14:27:17.017 [main] DEBUG o.h.p.w.spi.MetamodelGraphWalker - Visiting attribute path : question.difficulty
14:27:17.017 [main] DEBUG o.h.p.w.spi.MetamodelGraphWalker - Visiting attribute path : question.images
14:27:17.017 [main] DEBUG o.h.p.w.spi.MetamodelGraphWalker - Property path deemed to be circular : question.images
14:27:17.017 [main] DEBUG o.h.p.w.spi.MetamodelGraphWalker - Visiting attribute path : question.knowledgePoint
14:27:17.017 [main] DEBUG o.h.p.w.spi.MetamodelGraphWalker - Visiting attribute path : question.knowledgePoint.createdOn
14:27:17.017 [main] DEBUG o.h.p.w.spi.MetamodelGraphWalker - Visiting attribute path : question.knowledgePoint.updatedOn
14:27:17.017 [main] DEBUG o.h.p.w.spi.MetamodelGraphWalker - Visiting attribute path : question.knowledgePoint.chapter
14:27:17.017 [main] DEBUG o.h.p.w.spi.MetamodelGraphWalker - Visiting attribute path : question.knowledgePoint.kLevel
14:27:17.017 [main] DEBUG o.h.p.w.spi.MetamodelGraphWalker - Visiting attribute path : question.knowledgePoint.number
14:27:17.018 [main] DEBUG o.h.p.w.spi.MetamodelGraphWalker - Visiting attribute path : question.knowledgePoint.score
14:27:17.018 [main] DEBUG o.h.p.w.spi.MetamodelGraphWalker - Visiting attribute path : question.knowledgePoint.title
14:27:17.018 [main] DEBUG o.h.p.w.spi.MetamodelGraphWalker - Visiting attribute path : question.language
14:27:17.018 [main] DEBUG o.h.p.w.spi.MetamodelGraphWalker - Visiting attribute path : question.language.createdOn
14:27:17.018 [main] DEBUG o.h.p.w.spi.MetamodelGraphWalker - Visiting attribute path : question.language.updatedOn
14:27:17.018 [main] DEBUG o.h.p.w.spi.MetamodelGraphWalker - Visiting attribute path : question.language.name
14:27:17.018 [main] DEBUG o.h.p.w.spi.MetamodelGraphWalker - Visiting attribute path : question.memo
14:27:17.018 [main] DEBUG o.h.p.w.spi.MetamodelGraphWalker - Visiting attribute path : question.multipleChoice
14:27:17.018 [main] DEBUG o.h.p.w.spi.MetamodelGraphWalker - Visiting attribute path : question.project
14:27:17.018 [main] DEBUG o.h.p.w.spi.MetamodelGraphWalker - Visiting attribute path : question.project.createdOn
14:27:17.018 [main] DEBUG o.h.p.w.spi.MetamodelGraphWalker - Visiting attribute path : question.project.updatedOn
14:27:17.018 [main] DEBUG o.h.p.w.spi.MetamodelGraphWalker - Visiting attribute path : question.project.customField1
14:27:17.018 [main] DEBUG o.h.p.w.spi.MetamodelGraphWalker - Visiting attribute path : question.project.customField2
14:27:17.018 [main] DEBUG o.h.p.w.spi.MetamodelGraphWalker - Visiting attribute path : question.project.customField3
14:27:17.018 [main] DEBUG o.h.p.w.spi.MetamodelGraphWalker - Visiting attribute path : question.project.exportedBy
14:27:17.018 [main] DEBUG o.h.p.w.spi.MetamodelGraphWalker - Visiting attribute path : question.project.exportedOn
14:27:17.018 [main] DEBUG o.h.p.w.spi.MetamodelGraphWalker - Visiting attribute path : question.project.facilitator
14:27:17.018 [main] DEBUG o.h.p.w.spi.MetamodelGraphWalker - Visiting attribute path : question.project.finishDate
14:27:17.018 [main] DEBUG o.h.p.w.spi.MetamodelGraphWalker - Visiting attribute path : question.project.name
14:27:17.018 [main] DEBUG o.h.p.w.spi.MetamodelGraphWalker - Visiting attribute path : question.project.startDate
14:27:17.018 [main] DEBUG o.h.p.w.spi.MetamodelGraphWalker - Visiting attribute path : question.project.status
14:27:17.018 [main] DEBUG o.h.p.w.spi.MetamodelGraphWalker - Visiting attribute path : question.project.syllabus
14:27:17.018 [main] DEBUG o.h.p.w.spi.MetamodelGraphWalker - Visiting attribute path : question.project.users
14:27:17.018 [main] DEBUG o.h.p.w.spi.MetamodelGraphWalker - Visiting attribute path : question.published
14:27:17.018 [main] DEBUG o.h.p.w.spi.MetamodelGraphWalker - Visiting attribute path : question.qualityAdmin
14:27:17.018 [main] DEBUG o.h.p.w.spi.MetamodelGraphWalker - Visiting attribute path : question.qualityAdmin.createdOn
14:27:17.018 [main] DEBUG o.h.p.w.spi.MetamodelGraphWalker - Visiting attribute path : question.qualityAdmin.updatedOn
14:27:17.018 [main] DEBUG o.h.p.w.spi.MetamodelGraphWalker - Visiting attribute path : question.qualityAdmin.email
14:27:17.018 [main] DEBUG o.h.p.w.spi.MetamodelGraphWalker - Visiting attribute path : question.qualityAdmin.enabled
14:27:17.018 [main] DEBUG o.h.p.w.spi.MetamodelGraphWalker - Visiting attribute path : question.qualityAdmin.fullName
14:27:17.018 [main] DEBUG o.h.p.w.spi.MetamodelGraphWalker - Visiting attribute path : question.qualityAdmin.isAdmin
14:27:17.018 [main] DEBUG o.h.p.w.spi.MetamodelGraphWalker - Visiting attribute path : question.qualityAdmin.lastLogin
14:27:17.018 [main] DEBUG o.h.p.w.spi.MetamodelGraphWalker - Visiting attribute path : question.qualityAdmin.loginCount
14:27:17.018 [main] DEBUG o.h.p.w.spi.MetamodelGraphWalker - Visiting attribute path : question.qualityAdmin.password
14:27:17.018 [main] DEBUG o.h.p.w.spi.MetamodelGraphWalker - Visiting attribute path : question.qualityAdmin.phone
14:27:17.019 [main] DEBUG o.h.p.w.spi.MetamodelGraphWalker - Visiting attribute path : question.qualityAdmin.projects
14:27:17.019 [main] DEBUG o.h.p.w.spi.MetamodelGraphWalker - Visiting attribute path : question.qualityAdmin.username
14:27:17.019 [main] DEBUG o.h.p.w.spi.MetamodelGraphWalker - Visiting attribute path : question.remark
14:27:17.019 [main] DEBUG o.h.p.w.spi.MetamodelGraphWalker - Visiting attribute path : question.reviewers
14:27:17.019 [main] DEBUG o.h.p.w.spi.MetamodelGraphWalker - Visiting attribute path : question.reviewingFinishDate
14:27:17.019 [main] DEBUG o.h.p.w.spi.MetamodelGraphWalker - Visiting attribute path : question.reviewingStartDate
14:27:17.019 [main] DEBUG o.h.p.w.spi.MetamodelGraphWalker - Visiting attribute path : question.scenario
14:27:17.019 [main] DEBUG o.h.p.w.spi.MetamodelGraphWalker - Visiting attribute path : question.score
14:27:17.019 [main] DEBUG o.h.p.w.spi.MetamodelGraphWalker - Visiting attribute path : question.status
14:27:17.019 [main] DEBUG o.h.p.w.spi.MetamodelGraphWalker - Visiting attribute path : question.status.createdOn
14:27:17.019 [main] DEBUG o.h.p.w.spi.MetamodelGraphWalker - Visiting attribute path : question.status.updatedOn
14:27:17.019 [main] DEBUG o.h.p.w.spi.MetamodelGraphWalker - Visiting attribute path : question.status.isFinish
14:27:17.019 [main] DEBUG o.h.p.w.spi.MetamodelGraphWalker - Visiting attribute path : question.status.isStart
14:27:17.019 [main] DEBUG o.h.p.w.spi.MetamodelGraphWalker - Visiting attribute path : question.status.name
14:27:17.019 [main] DEBUG o.h.p.w.spi.MetamodelGraphWalker - Visiting attribute path : question.status.accessibleByAuthor
14:27:17.019 [main] DEBUG o.h.p.w.spi.MetamodelGraphWalker - Visiting attribute path : question.status.accessibleByFacilitator
14:27:17.019 [main] DEBUG o.h.p.w.spi.MetamodelGraphWalker - Visiting attribute path : question.status.accessibleByQualityAdmin
14:27:17.019 [main] DEBUG o.h.p.w.spi.MetamodelGraphWalker - Visiting attribute path : question.status.accessibleByReviewer
14:27:17.019 [main] DEBUG o.h.p.w.spi.MetamodelGraphWalker - Visiting attribute path : question.stem
14:27:17.019 [main] DEBUG o.h.p.w.spi.MetamodelGraphWalker - Visiting attribute path : question.type
14:27:17.019 [main] DEBUG o.h.p.w.spi.MetamodelGraphWalker - Visiting attribute path : question.type.createdOn
14:27:17.019 [main] DEBUG o.h.p.w.spi.MetamodelGraphWalker - Visiting attribute path : question.type.updatedOn
14:27:17.019 [main] DEBUG o.h.p.w.spi.MetamodelGraphWalker - Visiting attribute path : question.type.name
14:27:17.020 [main] DEBUG o.h.p.w.spi.MetamodelGraphWalker - Visiting attribute path : createdOn
14:27:17.020 [main] DEBUG o.h.p.w.spi.MetamodelGraphWalker - Visiting attribute path : updatedOn
14:27:17.021 [main] DEBUG o.h.p.w.spi.MetamodelGraphWalker - Visiting attribute path : path
14:27:17.021 [main] DEBUG o.h.p.w.spi.MetamodelGraphWalker - Visiting attribute path : caption
14:27:17.021 [main] DEBUG o.h.p.w.spi.MetamodelGraphWalker - Visiting attribute path : question
14:27:17.021 [main] DEBUG o.h.p.w.spi.MetamodelGraphWalker - Visiting attribute path : question.createdOn
14:27:17.021 [main] DEBUG o.h.p.w.spi.MetamodelGraphWalker - Visiting attribute path : question.updatedOn
14:27:17.021 [main] DEBUG o.h.p.w.spi.MetamodelGraphWalker - Visiting attribute path : question.author
14:27:17.021 [main] DEBUG o.h.p.w.spi.MetamodelGraphWalker - Visiting attribute path : question.author.createdOn
14:27:17.021 [main] DEBUG o.h.p.w.spi.MetamodelGraphWalker - Visiting attribute path : question.author.updatedOn
14:27:17.021 [main] DEBUG o.h.p.w.spi.MetamodelGraphWalker - Visiting attribute path : question.author.email
14:27:17.021 [main] DEBUG o.h.p.w.spi.MetamodelGraphWalker - Visiting attribute path : question.author.enabled
14:27:17.021 [main] DEBUG o.h.p.w.spi.MetamodelGraphWalker - Visiting attribute path : question.author.fullName
14:27:17.021 [main] DEBUG o.h.p.w.spi.MetamodelGraphWalker - Visiting attribute path : question.author.isAdmin
14:27:17.021 [main] DEBUG o.h.p.w.spi.MetamodelGraphWalker - Visiting attribute path : question.author.lastLogin
14:27:17.021 [main] DEBUG o.h.p.w.spi.MetamodelGraphWalker - Visiting attribute path : question.author.loginCount
14:27:17.021 [main] DEBUG o.h.p.w.spi.MetamodelGraphWalker - Visiting attribute path : question.author.password
14:27:17.021 [main] DEBUG o.h.p.w.spi.MetamodelGraphWalker - Visiting attribute path : question.author.phone
14:27:17.021 [main] DEBUG o.h.p.w.spi.MetamodelGraphWalker - Visiting attribute path : question.author.projects
14:27:17.021 [main] DEBUG o.h.p.w.spi.MetamodelGraphWalker - Visiting attribute path : question.author.username
14:27:17.021 [main] DEBUG o.h.p.w.spi.MetamodelGraphWalker - Visiting attribute path : question.authoringFinishDate
14:27:17.021 [main] DEBUG o.h.p.w.spi.MetamodelGraphWalker - Visiting attribute path : question.authoringStartDate
14:27:17.021 [main] DEBUG o.h.p.w.spi.MetamodelGraphWalker - Visiting attribute path : question.customField2
14:27:17.021 [main] DEBUG o.h.p.w.spi.MetamodelGraphWalker - Visiting attribute path : question.customField3
14:27:17.021 [main] DEBUG o.h.p.w.spi.MetamodelGraphWalker - Visiting attribute path : question.customFiled1
14:27:17.021 [main] DEBUG o.h.p.w.spi.MetamodelGraphWalker - Visiting attribute path : question.description
14:27:17.021 [main] DEBUG o.h.p.w.spi.MetamodelGraphWalker - Visiting attribute path : question.difficulty
14:27:17.021 [main] DEBUG o.h.p.w.spi.MetamodelGraphWalker - Visiting attribute path : question.images
14:27:17.021 [main] DEBUG o.h.p.w.spi.MetamodelGraphWalker - Property path deemed to be circular : question.images
14:27:17.021 [main] DEBUG o.h.p.w.spi.MetamodelGraphWalker - Visiting attribute path : question.knowledgePoint
14:27:17.022 [main] DEBUG o.h.p.w.spi.MetamodelGraphWalker - Visiting attribute path : question.knowledgePoint.createdOn
14:27:17.022 [main] DEBUG o.h.p.w.spi.MetamodelGraphWalker - Visiting attribute path : question.knowledgePoint.updatedOn
14:27:17.022 [main] DEBUG o.h.p.w.spi.MetamodelGraphWalker - Visiting attribute path : question.knowledgePoint.chapter
14:27:17.022 [main] DEBUG o.h.p.w.spi.MetamodelGraphWalker - Visiting attribute path : question.knowledgePoint.kLevel
14:27:17.022 [main] DEBUG o.h.p.w.spi.MetamodelGraphWalker - Visiting attribute path : question.knowledgePoint.number
14:27:17.022 [main] DEBUG o.h.p.w.spi.MetamodelGraphWalker - Visiting attribute path : question.knowledgePoint.score
14:27:17.022 [main] DEBUG o.h.p.w.spi.MetamodelGraphWalker - Visiting attribute path : question.knowledgePoint.title
14:27:17.022 [main] DEBUG o.h.p.w.spi.MetamodelGraphWalker - Visiting attribute path : question.language
14:27:17.022 [main] DEBUG o.h.p.w.spi.MetamodelGraphWalker - Visiting attribute path : question.language.createdOn
14:27:17.022 [main] DEBUG o.h.p.w.spi.MetamodelGraphWalker - Visiting attribute path : question.language.updatedOn
14:27:17.022 [main] DEBUG o.h.p.w.spi.MetamodelGraphWalker - Visiting attribute path : question.language.name
14:27:17.022 [main] DEBUG o.h.p.w.spi.MetamodelGraphWalker - Visiting attribute path : question.memo
14:27:17.022 [main] DEBUG o.h.p.w.spi.MetamodelGraphWalker - Visiting attribute path : question.multipleChoice
14:27:17.022 [main] DEBUG o.h.p.w.spi.MetamodelGraphWalker - Visiting attribute path : question.project
14:27:17.022 [main] DEBUG o.h.p.w.spi.MetamodelGraphWalker - Visiting attribute path : question.project.createdOn
14:27:17.022 [main] DEBUG o.h.p.w.spi.MetamodelGraphWalker - Visiting attribute path : question.project.updatedOn
14:27:17.022 [main] DEBUG o.h.p.w.spi.MetamodelGraphWalker - Visiting attribute path : question.project.customField1
14:27:17.022 [main] DEBUG o.h.p.w.spi.MetamodelGraphWalker - Visiting attribute path : question.project.customField2
14:27:17.022 [main] DEBUG o.h.p.w.spi.MetamodelGraphWalker - Visiting attribute path : question.project.customField3
14:27:17.022 [main] DEBUG o.h.p.w.spi.MetamodelGraphWalker - Visiting attribute path : question.project.exportedBy
14:27:17.022 [main] DEBUG o.h.p.w.spi.MetamodelGraphWalker - Visiting attribute path : question.project.exportedOn
14:27:17.022 [main] DEBUG o.h.p.w.spi.MetamodelGraphWalker - Visiting attribute path : question.project.facilitator
14:27:17.022 [main] DEBUG o.h.p.w.spi.MetamodelGraphWalker - Visiting attribute path : question.project.finishDate
14:27:17.022 [main] DEBUG o.h.p.w.spi.MetamodelGraphWalker - Visiting attribute path : question.project.name
14:27:17.022 [main] DEBUG o.h.p.w.spi.MetamodelGraphWalker - Visiting attribute path : question.project.startDate
14:27:17.022 [main] DEBUG o.h.p.w.spi.MetamodelGraphWalker - Visiting attribute path : question.project.status
14:27:17.023 [main] DEBUG o.h.p.w.spi.MetamodelGraphWalker - Visiting attribute path : question.project.syllabus
14:27:17.023 [main] DEBUG o.h.p.w.spi.MetamodelGraphWalker - Visiting attribute path : question.project.users
14:27:17.023 [main] DEBUG o.h.p.w.spi.MetamodelGraphWalker - Visiting attribute path : question.published
14:27:17.023 [main] DEBUG o.h.p.w.spi.MetamodelGraphWalker - Visiting attribute path : question.qualityAdmin
14:27:17.023 [main] DEBUG o.h.p.w.spi.MetamodelGraphWalker - Visiting attribute path : question.qualityAdmin.createdOn
14:27:17.023 [main] DEBUG o.h.p.w.spi.MetamodelGraphWalker - Visiting attribute path : question.qualityAdmin.updatedOn
14:27:17.023 [main] DEBUG o.h.p.w.spi.MetamodelGraphWalker - Visiting attribute path : question.qualityAdmin.email
14:27:17.023 [main] DEBUG o.h.p.w.spi.MetamodelGraphWalker - Visiting attribute path : question.qualityAdmin.enabled
14:27:17.023 [main] DEBUG o.h.p.w.spi.MetamodelGraphWalker - Visiting attribute path : question.qualityAdmin.fullName
14:27:17.023 [main] DEBUG o.h.p.w.spi.MetamodelGraphWalker - Visiting attribute path : question.qualityAdmin.isAdmin
14:27:17.023 [main] DEBUG o.h.p.w.spi.MetamodelGraphWalker - Visiting attribute path : question.qualityAdmin.lastLogin
14:27:17.023 [main] DEBUG o.h.p.w.spi.MetamodelGraphWalker - Visiting attribute path : question.qualityAdmin.loginCount
14:27:17.023 [main] DEBUG o.h.p.w.spi.MetamodelGraphWalker - Visiting attribute path : question.qualityAdmin.password
14:27:17.023 [main] DEBUG o.h.p.w.spi.MetamodelGraphWalker - Visiting attribute path : question.qualityAdmin.phone
14:27:17.023 [main] DEBUG o.h.p.w.spi.MetamodelGraphWalker - Visiting attribute path : question.qualityAdmin.projects
14:27:17.023 [main] DEBUG o.h.p.w.spi.MetamodelGraphWalker - Visiting attribute path : question.qualityAdmin.username
14:27:17.023 [main] DEBUG o.h.p.w.spi.MetamodelGraphWalker - Visiting attribute path : question.remark
14:27:17.023 [main] DEBUG o.h.p.w.spi.MetamodelGraphWalker - Visiting attribute path : question.reviewers
14:27:17.023 [main] DEBUG o.h.p.w.spi.MetamodelGraphWalker - Visiting attribute path : question.reviewingFinishDate
14:27:17.023 [main] DEBUG o.h.p.w.spi.MetamodelGraphWalker - Visiting attribute path : question.reviewingStartDate
14:27:17.023 [main] DEBUG o.h.p.w.spi.MetamodelGraphWalker - Visiting attribute path : question.scenario
14:27:17.023 [main] DEBUG o.h.p.w.spi.MetamodelGraphWalker - Visiting attribute path : question.score
14:27:17.023 [main] DEBUG o.h.p.w.spi.MetamodelGraphWalker - Visiting attribute path : question.status
14:27:17.023 [main] DEBUG o.h.p.w.spi.MetamodelGraphWalker - Visiting attribute path : question.status.createdOn
14:27:17.023 [main] DEBUG o.h.p.w.spi.MetamodelGraphWalker - Visiting attribute path : question.status.updatedOn
14:27:17.023 [main] DEBUG o.h.p.w.spi.MetamodelGraphWalker - Visiting attribute path : question.status.isFinish
14:27:17.023 [main] DEBUG o.h.p.w.spi.MetamodelGraphWalker - Visiting attribute path : question.status.isStart
14:27:17.023 [main] DEBUG o.h.p.w.spi.MetamodelGraphWalker - Visiting attribute path : question.status.name
14:27:17.023 [main] DEBUG o.h.p.w.spi.MetamodelGraphWalker - Visiting attribute path : question.status.accessibleByAuthor
14:27:17.023 [main] DEBUG o.h.p.w.spi.MetamodelGraphWalker - Visiting attribute path : question.status.accessibleByFacilitator
14:27:17.023 [main] DEBUG o.h.p.w.spi.MetamodelGraphWalker - Visiting attribute path : question.status.accessibleByQualityAdmin
14:27:17.023 [main] DEBUG o.h.p.w.spi.MetamodelGraphWalker - Visiting attribute path : question.status.accessibleByReviewer
14:27:17.023 [main] DEBUG o.h.p.w.spi.MetamodelGraphWalker - Visiting attribute path : question.stem
14:27:17.023 [main] DEBUG o.h.p.w.spi.MetamodelGraphWalker - Visiting attribute path : question.type
14:27:17.023 [main] DEBUG o.h.p.w.spi.MetamodelGraphWalker - Visiting attribute path : question.type.createdOn
14:27:17.023 [main] DEBUG o.h.p.w.spi.MetamodelGraphWalker - Visiting attribute path : question.type.updatedOn
14:27:17.024 [main] DEBUG o.h.p.w.spi.MetamodelGraphWalker - Visiting attribute path : question.type.name
14:27:17.025 [main] DEBUG o.h.p.w.spi.MetamodelGraphWalker - Visiting attribute path : createdOn
14:27:17.025 [main] DEBUG o.h.p.w.spi.MetamodelGraphWalker - Visiting attribute path : updatedOn
14:27:17.025 [main] DEBUG o.h.p.w.spi.MetamodelGraphWalker - Visiting attribute path : path
14:27:17.025 [main] DEBUG o.h.p.w.spi.MetamodelGraphWalker - Visiting attribute path : caption
14:27:17.025 [main] DEBUG o.h.p.w.spi.MetamodelGraphWalker - Visiting attribute path : question
14:27:17.026 [main] DEBUG o.h.p.w.spi.MetamodelGraphWalker - Visiting attribute path : createdOn
14:27:17.026 [main] DEBUG o.h.p.w.spi.MetamodelGraphWalker - Visiting attribute path : updatedOn
14:27:17.026 [main] DEBUG o.h.p.w.spi.MetamodelGraphWalker - Visiting attribute path : path
14:27:17.026 [main] DEBUG o.h.p.w.spi.MetamodelGraphWalker - Visiting attribute path : caption
14:27:17.026 [main] DEBUG o.h.p.w.spi.MetamodelGraphWalker - Visiting attribute path : question
14:27:17.026 [main] DEBUG o.h.p.w.spi.MetamodelGraphWalker - Visiting attribute path : createdOn
14:27:17.026 [main] DEBUG o.h.p.w.spi.MetamodelGraphWalker - Visiting attribute path : updatedOn
14:27:17.026 [main] DEBUG o.h.p.w.spi.MetamodelGraphWalker - Visiting attribute path : path
14:27:17.026 [main] DEBUG o.h.p.w.spi.MetamodelGraphWalker - Visiting attribute path : caption
14:27:17.026 [main] DEBUG o.h.p.w.spi.MetamodelGraphWalker - Visiting attribute path : question
14:27:17.026 [main] DEBUG o.h.p.w.spi.MetamodelGraphWalker - Visiting attribute path : createdOn
14:27:17.026 [main] DEBUG o.h.p.w.spi.MetamodelGraphWalker - Visiting attribute path : updatedOn
14:27:17.026 [main] DEBUG o.h.p.w.spi.MetamodelGraphWalker - Visiting attribute path : path
14:27:17.026 [main] DEBUG o.h.p.w.spi.MetamodelGraphWalker - Visiting attribute path : caption
14:27:17.026 [main] DEBUG o.h.p.w.spi.MetamodelGraphWalker - Visiting attribute path : question
14:27:17.026 [main] DEBUG o.h.p.w.spi.MetamodelGraphWalker - Visiting attribute path : createdOn
14:27:17.026 [main] DEBUG o.h.p.w.spi.MetamodelGraphWalker - Visiting attribute path : updatedOn
14:27:17.026 [main] DEBUG o.h.p.w.spi.MetamodelGraphWalker - Visiting attribute path : path
14:27:17.026 [main] DEBUG o.h.p.w.spi.MetamodelGraphWalker - Visiting attribute path : caption
14:27:17.026 [main] DEBUG o.h.p.w.spi.MetamodelGraphWalker - Visiting attribute path : question
14:27:17.026 [main] DEBUG o.h.p.w.spi.MetamodelGraphWalker - Visiting attribute path : createdOn
14:27:17.026 [main] DEBUG o.h.p.w.spi.MetamodelGraphWalker - Visiting attribute path : updatedOn
14:27:17.026 [main] DEBUG o.h.p.w.spi.MetamodelGraphWalker - Visiting attribute path : path
14:27:17.026 [main] DEBUG o.h.p.w.spi.MetamodelGraphWalker - Visiting attribute path : caption
14:27:17.026 [main] DEBUG o.h.p.w.spi.MetamodelGraphWalker - Visiting attribute path : question
14:27:17.026 [main] DEBUG o.h.p.w.spi.MetamodelGraphWalker - Visiting attribute path : createdOn
14:27:17.026 [main] DEBUG o.h.p.w.spi.MetamodelGraphWalker - Visiting attribute path : updatedOn
14:27:17.026 [main] DEBUG o.h.p.w.spi.MetamodelGraphWalker - Visiting attribute path : path
14:27:17.026 [main] DEBUG o.h.p.w.spi.MetamodelGraphWalker - Visiting attribute path : caption
14:27:17.026 [main] DEBUG o.h.p.w.spi.MetamodelGraphWalker - Visiting attribute path : question
14:27:17.026 [main] DEBUG o.h.p.w.spi.MetamodelGraphWalker - Visiting attribute path : createdOn
14:27:17.026 [main] DEBUG o.h.p.w.spi.MetamodelGraphWalker - Visiting attribute path : updatedOn
14:27:17.026 [main] DEBUG o.h.p.w.spi.MetamodelGraphWalker - Visiting attribute path : path
14:27:17.027 [main] DEBUG o.h.p.w.spi.MetamodelGraphWalker - Visiting attribute path : caption
14:27:17.027 [main] DEBUG o.h.p.w.spi.MetamodelGraphWalker - Visiting attribute path : question
14:27:17.027 [main] DEBUG o.h.p.w.spi.MetamodelGraphWalker - Visiting attribute path : createdOn
14:27:17.027 [main] DEBUG o.h.p.w.spi.MetamodelGraphWalker - Visiting attribute path : updatedOn
14:27:17.027 [main] DEBUG o.h.p.w.spi.MetamodelGraphWalker - Visiting attribute path : path
14:27:17.027 [main] DEBUG o.h.p.w.spi.MetamodelGraphWalker - Visiting attribute path : caption
14:27:17.027 [main] DEBUG o.h.p.w.spi.MetamodelGraphWalker - Visiting attribute path : question
14:27:17.027 [main] DEBUG o.h.p.entity.AbstractEntityPersister - Static SQL for entity: cn.cstqb.exam.testmaker.entities.User
14:27:17.027 [main] DEBUG o.h.p.entity.AbstractEntityPersister -  Version select: select id from user where id =?
14:27:17.028 [main] DEBUG o.h.p.entity.AbstractEntityPersister -  Snapshot select: select user_.id, user_.updated_on as updated_3_20_, user_.email as email4_20_, user_.enabled as enabled5_20_, user_.full_name as full_nam6_20_, user_.is_admin as is_admin7_20_, user_.last_login as last_log8_20_, user_.login_count as login_co9_20_, user_.password as passwor10_20_, user_.phone as phone11_20_ from user user_ where user_.id=?
14:27:17.028 [main] DEBUG o.h.p.entity.AbstractEntityPersister -  Insert 0: insert into user (created_on, updated_on, email, enabled, full_name, is_admin, last_login, login_count, password, phone, username, id) values (?, ?, ?, ?, ?, ?, ?, ?, ?, ?, ?, ?)
14:27:17.028 [main] DEBUG o.h.p.entity.AbstractEntityPersister -  Update 0: update user set updated_on=?, email=?, enabled=?, full_name=?, is_admin=?, last_login=?, login_count=?, password=?, phone=? where id=?
14:27:17.028 [main] DEBUG o.h.p.entity.AbstractEntityPersister -  Delete 0: delete from user where id=?
14:27:17.028 [main] DEBUG o.h.p.entity.AbstractEntityPersister -  Identity insert: insert into user (created_on, updated_on, email, enabled, full_name, is_admin, last_login, login_count, password, phone, username) values (?, ?, ?, ?, ?, ?, ?, ?, ?, ?, ?)
14:27:17.028 [main] DEBUG o.h.p.w.spi.MetamodelGraphWalker - Visiting attribute path : createdOn
14:27:17.028 [main] DEBUG o.h.p.w.spi.MetamodelGraphWalker - Visiting attribute path : updatedOn
14:27:17.028 [main] DEBUG o.h.p.w.spi.MetamodelGraphWalker - Visiting attribute path : email
14:27:17.028 [main] DEBUG o.h.p.w.spi.MetamodelGraphWalker - Visiting attribute path : enabled
14:27:17.028 [main] DEBUG o.h.p.w.spi.MetamodelGraphWalker - Visiting attribute path : fullName
14:27:17.028 [main] DEBUG o.h.p.w.spi.MetamodelGraphWalker - Visiting attribute path : isAdmin
14:27:17.028 [main] DEBUG o.h.p.w.spi.MetamodelGraphWalker - Visiting attribute path : lastLogin
14:27:17.028 [main] DEBUG o.h.p.w.spi.MetamodelGraphWalker - Visiting attribute path : loginCount
14:27:17.028 [main] DEBUG o.h.p.w.spi.MetamodelGraphWalker - Visiting attribute path : password
14:27:17.028 [main] DEBUG o.h.p.w.spi.MetamodelGraphWalker - Visiting attribute path : phone
14:27:17.028 [main] DEBUG o.h.p.w.spi.MetamodelGraphWalker - Visiting attribute path : projects
14:27:17.028 [main] DEBUG o.h.p.w.spi.MetamodelGraphWalker - Visiting attribute path : username
14:27:17.028 [main] DEBUG o.h.p.w.spi.MetamodelGraphWalker - Visiting attribute path : createdOn
14:27:17.028 [main] DEBUG o.h.p.w.spi.MetamodelGraphWalker - Visiting attribute path : updatedOn
14:27:17.028 [main] DEBUG o.h.p.w.spi.MetamodelGraphWalker - Visiting attribute path : email
14:27:17.028 [main] DEBUG o.h.p.w.spi.MetamodelGraphWalker - Visiting attribute path : enabled
14:27:17.029 [main] DEBUG o.h.p.w.spi.MetamodelGraphWalker - Visiting attribute path : fullName
14:27:17.029 [main] DEBUG o.h.p.w.spi.MetamodelGraphWalker - Visiting attribute path : isAdmin
14:27:17.029 [main] DEBUG o.h.p.w.spi.MetamodelGraphWalker - Visiting attribute path : lastLogin
14:27:17.029 [main] DEBUG o.h.p.w.spi.MetamodelGraphWalker - Visiting attribute path : loginCount
14:27:17.029 [main] DEBUG o.h.p.w.spi.MetamodelGraphWalker - Visiting attribute path : password
14:27:17.029 [main] DEBUG o.h.p.w.spi.MetamodelGraphWalker - Visiting attribute path : phone
14:27:17.029 [main] DEBUG o.h.p.w.spi.MetamodelGraphWalker - Visiting attribute path : projects
14:27:17.029 [main] DEBUG o.h.p.w.spi.MetamodelGraphWalker - Visiting attribute path : username
14:27:17.029 [main] DEBUG o.h.p.w.spi.MetamodelGraphWalker - Visiting attribute path : createdOn
14:27:17.029 [main] DEBUG o.h.p.w.spi.MetamodelGraphWalker - Visiting attribute path : updatedOn
14:27:17.029 [main] DEBUG o.h.p.w.spi.MetamodelGraphWalker - Visiting attribute path : email
14:27:17.029 [main] DEBUG o.h.p.w.spi.MetamodelGraphWalker - Visiting attribute path : enabled
14:27:17.029 [main] DEBUG o.h.p.w.spi.MetamodelGraphWalker - Visiting attribute path : fullName
14:27:17.029 [main] DEBUG o.h.p.w.spi.MetamodelGraphWalker - Visiting attribute path : isAdmin
14:27:17.029 [main] DEBUG o.h.p.w.spi.MetamodelGraphWalker - Visiting attribute path : lastLogin
14:27:17.029 [main] DEBUG o.h.p.w.spi.MetamodelGraphWalker - Visiting attribute path : loginCount
14:27:17.029 [main] DEBUG o.h.p.w.spi.MetamodelGraphWalker - Visiting attribute path : password
14:27:17.029 [main] DEBUG o.h.p.w.spi.MetamodelGraphWalker - Visiting attribute path : phone
14:27:17.029 [main] DEBUG o.h.p.w.spi.MetamodelGraphWalker - Visiting attribute path : projects
14:27:17.029 [main] DEBUG o.h.p.w.spi.MetamodelGraphWalker - Visiting attribute path : username
14:27:17.029 [main] DEBUG o.h.p.w.spi.MetamodelGraphWalker - Visiting attribute path : createdOn
14:27:17.029 [main] DEBUG o.h.p.w.spi.MetamodelGraphWalker - Visiting attribute path : updatedOn
14:27:17.029 [main] DEBUG o.h.p.w.spi.MetamodelGraphWalker - Visiting attribute path : email
14:27:17.029 [main] DEBUG o.h.p.w.spi.MetamodelGraphWalker - Visiting attribute path : enabled
14:27:17.030 [main] DEBUG o.h.p.w.spi.MetamodelGraphWalker - Visiting attribute path : fullName
14:27:17.030 [main] DEBUG o.h.p.w.spi.MetamodelGraphWalker - Visiting attribute path : isAdmin
14:27:17.030 [main] DEBUG o.h.p.w.spi.MetamodelGraphWalker - Visiting attribute path : lastLogin
14:27:17.030 [main] DEBUG o.h.p.w.spi.MetamodelGraphWalker - Visiting attribute path : loginCount
14:27:17.030 [main] DEBUG o.h.p.w.spi.MetamodelGraphWalker - Visiting attribute path : password
14:27:17.030 [main] DEBUG o.h.p.w.spi.MetamodelGraphWalker - Visiting attribute path : phone
14:27:17.030 [main] DEBUG o.h.p.w.spi.MetamodelGraphWalker - Visiting attribute path : projects
14:27:17.030 [main] DEBUG o.h.p.w.spi.MetamodelGraphWalker - Visiting attribute path : username
14:27:17.031 [main] DEBUG o.h.p.w.spi.MetamodelGraphWalker - Visiting attribute path : createdOn
14:27:17.031 [main] DEBUG o.h.p.w.spi.MetamodelGraphWalker - Visiting attribute path : updatedOn
14:27:17.031 [main] DEBUG o.h.p.w.spi.MetamodelGraphWalker - Visiting attribute path : email
14:27:17.031 [main] DEBUG o.h.p.w.spi.MetamodelGraphWalker - Visiting attribute path : enabled
14:27:17.031 [main] DEBUG o.h.p.w.spi.MetamodelGraphWalker - Visiting attribute path : fullName
14:27:17.031 [main] DEBUG o.h.p.w.spi.MetamodelGraphWalker - Visiting attribute path : isAdmin
14:27:17.031 [main] DEBUG o.h.p.w.spi.MetamodelGraphWalker - Visiting attribute path : lastLogin
14:27:17.031 [main] DEBUG o.h.p.w.spi.MetamodelGraphWalker - Visiting attribute path : loginCount
14:27:17.031 [main] DEBUG o.h.p.w.spi.MetamodelGraphWalker - Visiting attribute path : password
14:27:17.031 [main] DEBUG o.h.p.w.spi.MetamodelGraphWalker - Visiting attribute path : phone
14:27:17.031 [main] DEBUG o.h.p.w.spi.MetamodelGraphWalker - Visiting attribute path : projects
14:27:17.031 [main] DEBUG o.h.p.w.spi.MetamodelGraphWalker - Visiting attribute path : username
14:27:17.031 [main] DEBUG o.h.p.w.spi.MetamodelGraphWalker - Visiting attribute path : createdOn
14:27:17.031 [main] DEBUG o.h.p.w.spi.MetamodelGraphWalker - Visiting attribute path : updatedOn
14:27:17.031 [main] DEBUG o.h.p.w.spi.MetamodelGraphWalker - Visiting attribute path : email
14:27:17.031 [main] DEBUG o.h.p.w.spi.MetamodelGraphWalker - Visiting attribute path : enabled
14:27:17.031 [main] DEBUG o.h.p.w.spi.MetamodelGraphWalker - Visiting attribute path : fullName
14:27:17.031 [main] DEBUG o.h.p.w.spi.MetamodelGraphWalker - Visiting attribute path : isAdmin
14:27:17.031 [main] DEBUG o.h.p.w.spi.MetamodelGraphWalker - Visiting attribute path : lastLogin
14:27:17.031 [main] DEBUG o.h.p.w.spi.MetamodelGraphWalker - Visiting attribute path : loginCount
14:27:17.031 [main] DEBUG o.h.p.w.spi.MetamodelGraphWalker - Visiting attribute path : password
14:27:17.031 [main] DEBUG o.h.p.w.spi.MetamodelGraphWalker - Visiting attribute path : phone
14:27:17.031 [main] DEBUG o.h.p.w.spi.MetamodelGraphWalker - Visiting attribute path : projects
14:27:17.031 [main] DEBUG o.h.p.w.spi.MetamodelGraphWalker - Visiting attribute path : username
14:27:17.032 [main] DEBUG o.h.p.w.spi.MetamodelGraphWalker - Visiting attribute path : createdOn
14:27:17.032 [main] DEBUG o.h.p.w.spi.MetamodelGraphWalker - Visiting attribute path : updatedOn
14:27:17.032 [main] DEBUG o.h.p.w.spi.MetamodelGraphWalker - Visiting attribute path : email
14:27:17.032 [main] DEBUG o.h.p.w.spi.MetamodelGraphWalker - Visiting attribute path : enabled
14:27:17.032 [main] DEBUG o.h.p.w.spi.MetamodelGraphWalker - Visiting attribute path : fullName
14:27:17.032 [main] DEBUG o.h.p.w.spi.MetamodelGraphWalker - Visiting attribute path : isAdmin
14:27:17.032 [main] DEBUG o.h.p.w.spi.MetamodelGraphWalker - Visiting attribute path : lastLogin
14:27:17.032 [main] DEBUG o.h.p.w.spi.MetamodelGraphWalker - Visiting attribute path : loginCount
14:27:17.032 [main] DEBUG o.h.p.w.spi.MetamodelGraphWalker - Visiting attribute path : password
14:27:17.032 [main] DEBUG o.h.p.w.spi.MetamodelGraphWalker - Visiting attribute path : phone
14:27:17.032 [main] DEBUG o.h.p.w.spi.MetamodelGraphWalker - Visiting attribute path : projects
14:27:17.032 [main] DEBUG o.h.p.w.spi.MetamodelGraphWalker - Visiting attribute path : username
14:27:17.032 [main] DEBUG o.h.p.w.spi.MetamodelGraphWalker - Visiting attribute path : createdOn
14:27:17.032 [main] DEBUG o.h.p.w.spi.MetamodelGraphWalker - Visiting attribute path : updatedOn
14:27:17.032 [main] DEBUG o.h.p.w.spi.MetamodelGraphWalker - Visiting attribute path : email
14:27:17.032 [main] DEBUG o.h.p.w.spi.MetamodelGraphWalker - Visiting attribute path : enabled
14:27:17.032 [main] DEBUG o.h.p.w.spi.MetamodelGraphWalker - Visiting attribute path : fullName
14:27:17.032 [main] DEBUG o.h.p.w.spi.MetamodelGraphWalker - Visiting attribute path : isAdmin
14:27:17.032 [main] DEBUG o.h.p.w.spi.MetamodelGraphWalker - Visiting attribute path : lastLogin
14:27:17.032 [main] DEBUG o.h.p.w.spi.MetamodelGraphWalker - Visiting attribute path : loginCount
14:27:17.032 [main] DEBUG o.h.p.w.spi.MetamodelGraphWalker - Visiting attribute path : password
14:27:17.032 [main] DEBUG o.h.p.w.spi.MetamodelGraphWalker - Visiting attribute path : phone
14:27:17.032 [main] DEBUG o.h.p.w.spi.MetamodelGraphWalker - Visiting attribute path : projects
14:27:17.032 [main] DEBUG o.h.p.w.spi.MetamodelGraphWalker - Visiting attribute path : username
14:27:17.032 [main] DEBUG o.h.p.w.spi.MetamodelGraphWalker - Visiting attribute path : createdOn
14:27:17.032 [main] DEBUG o.h.p.w.spi.MetamodelGraphWalker - Visiting attribute path : updatedOn
14:27:17.032 [main] DEBUG o.h.p.w.spi.MetamodelGraphWalker - Visiting attribute path : email
14:27:17.032 [main] DEBUG o.h.p.w.spi.MetamodelGraphWalker - Visiting attribute path : enabled
14:27:17.032 [main] DEBUG o.h.p.w.spi.MetamodelGraphWalker - Visiting attribute path : fullName
14:27:17.032 [main] DEBUG o.h.p.w.spi.MetamodelGraphWalker - Visiting attribute path : isAdmin
14:27:17.032 [main] DEBUG o.h.p.w.spi.MetamodelGraphWalker - Visiting attribute path : lastLogin
14:27:17.032 [main] DEBUG o.h.p.w.spi.MetamodelGraphWalker - Visiting attribute path : loginCount
14:27:17.032 [main] DEBUG o.h.p.w.spi.MetamodelGraphWalker - Visiting attribute path : password
14:27:17.032 [main] DEBUG o.h.p.w.spi.MetamodelGraphWalker - Visiting attribute path : phone
14:27:17.032 [main] DEBUG o.h.p.w.spi.MetamodelGraphWalker - Visiting attribute path : projects
14:27:17.032 [main] DEBUG o.h.p.w.spi.MetamodelGraphWalker - Visiting attribute path : username
14:27:17.032 [main] DEBUG o.h.p.w.spi.MetamodelGraphWalker - Visiting attribute path : createdOn
14:27:17.033 [main] DEBUG o.h.p.w.spi.MetamodelGraphWalker - Visiting attribute path : updatedOn
14:27:17.033 [main] DEBUG o.h.p.w.spi.MetamodelGraphWalker - Visiting attribute path : email
14:27:17.033 [main] DEBUG o.h.p.w.spi.MetamodelGraphWalker - Visiting attribute path : enabled
14:27:17.033 [main] DEBUG o.h.p.w.spi.MetamodelGraphWalker - Visiting attribute path : fullName
14:27:17.033 [main] DEBUG o.h.p.w.spi.MetamodelGraphWalker - Visiting attribute path : isAdmin
14:27:17.033 [main] DEBUG o.h.p.w.spi.MetamodelGraphWalker - Visiting attribute path : lastLogin
14:27:17.033 [main] DEBUG o.h.p.w.spi.MetamodelGraphWalker - Visiting attribute path : loginCount
14:27:17.033 [main] DEBUG o.h.p.w.spi.MetamodelGraphWalker - Visiting attribute path : password
14:27:17.033 [main] DEBUG o.h.p.w.spi.MetamodelGraphWalker - Visiting attribute path : phone
14:27:17.033 [main] DEBUG o.h.p.w.spi.MetamodelGraphWalker - Visiting attribute path : projects
14:27:17.033 [main] DEBUG o.h.p.w.spi.MetamodelGraphWalker - Visiting attribute path : username
14:27:17.033 [main] DEBUG o.h.p.w.spi.MetamodelGraphWalker - Visiting attribute path : createdOn
14:27:17.033 [main] DEBUG o.h.p.w.spi.MetamodelGraphWalker - Visiting attribute path : updatedOn
14:27:17.033 [main] DEBUG o.h.p.w.spi.MetamodelGraphWalker - Visiting attribute path : email
14:27:17.033 [main] DEBUG o.h.p.w.spi.MetamodelGraphWalker - Visiting attribute path : enabled
14:27:17.033 [main] DEBUG o.h.p.w.spi.MetamodelGraphWalker - Visiting attribute path : fullName
14:27:17.033 [main] DEBUG o.h.p.w.spi.MetamodelGraphWalker - Visiting attribute path : isAdmin
14:27:17.033 [main] DEBUG o.h.p.w.spi.MetamodelGraphWalker - Visiting attribute path : lastLogin
14:27:17.033 [main] DEBUG o.h.p.w.spi.MetamodelGraphWalker - Visiting attribute path : loginCount
14:27:17.033 [main] DEBUG o.h.p.w.spi.MetamodelGraphWalker - Visiting attribute path : password
14:27:17.033 [main] DEBUG o.h.p.w.spi.MetamodelGraphWalker - Visiting attribute path : phone
14:27:17.033 [main] DEBUG o.h.p.w.spi.MetamodelGraphWalker - Visiting attribute path : projects
14:27:17.033 [main] DEBUG o.h.p.w.spi.MetamodelGraphWalker - Visiting attribute path : username
14:27:17.034 [main] DEBUG o.h.p.entity.AbstractEntityPersister - Static SQL for entity: cn.cstqb.exam.testmaker.entities.Chapter
14:27:17.034 [main] DEBUG o.h.p.entity.AbstractEntityPersister -  Version select: select id from chapter where id =?
14:27:17.034 [main] DEBUG o.h.p.entity.AbstractEntityPersister -  Snapshot select: select chapter_.id, chapter_.updated_on as updated_3_0_, chapter_.number as number4_0_, chapter_.syllabus_id as syllabus6_0_, chapter_.title as title5_0_ from chapter chapter_ where chapter_.id=?
14:27:17.034 [main] DEBUG o.h.p.entity.AbstractEntityPersister -  Insert 0: insert into chapter (created_on, updated_on, number, syllabus_id, title, id) values (?, ?, ?, ?, ?, ?)
14:27:17.034 [main] DEBUG o.h.p.entity.AbstractEntityPersister -  Update 0: update chapter set updated_on=?, number=?, syllabus_id=?, title=? where id=?
14:27:17.034 [main] DEBUG o.h.p.entity.AbstractEntityPersister -  Delete 0: delete from chapter where id=?
14:27:17.034 [main] DEBUG o.h.p.entity.AbstractEntityPersister -  Identity insert: insert into chapter (created_on, updated_on, number, syllabus_id, title) values (?, ?, ?, ?, ?)
14:27:17.034 [main] DEBUG o.h.p.w.spi.MetamodelGraphWalker - Visiting attribute path : createdOn
14:27:17.034 [main] DEBUG o.h.p.w.spi.MetamodelGraphWalker - Visiting attribute path : updatedOn
14:27:17.034 [main] DEBUG o.h.p.w.spi.MetamodelGraphWalker - Visiting attribute path : number
14:27:17.034 [main] DEBUG o.h.p.w.spi.MetamodelGraphWalker - Visiting attribute path : points
14:27:17.034 [main] DEBUG o.h.p.w.spi.MetamodelGraphWalker - Visiting attribute path : syllabus
14:27:17.034 [main] DEBUG o.h.p.w.spi.MetamodelGraphWalker - Visiting attribute path : syllabus.createdOn
14:27:17.034 [main] DEBUG o.h.p.w.spi.MetamodelGraphWalker - Visiting attribute path : syllabus.updatedOn
14:27:17.034 [main] DEBUG o.h.p.w.spi.MetamodelGraphWalker - Visiting attribute path : syllabus.chapters
14:27:17.034 [main] DEBUG o.h.p.w.spi.MetamodelGraphWalker - Property path deemed to be circular : syllabus.chapters
14:27:17.034 [main] DEBUG o.h.p.w.spi.MetamodelGraphWalker - Visiting attribute path : syllabus.isDisabled
14:27:17.034 [main] DEBUG o.h.p.w.spi.MetamodelGraphWalker - Visiting attribute path : syllabus.level
14:27:17.034 [main] DEBUG o.h.p.w.spi.MetamodelGraphWalker - Visiting attribute path : syllabus.version
14:27:17.034 [main] DEBUG o.h.p.w.spi.MetamodelGraphWalker - Visiting attribute path : title
14:27:17.034 [main] DEBUG o.h.p.w.spi.MetamodelGraphWalker - Visiting attribute path : createdOn
14:27:17.035 [main] DEBUG o.h.p.w.spi.MetamodelGraphWalker - Visiting attribute path : updatedOn
14:27:17.035 [main] DEBUG o.h.p.w.spi.MetamodelGraphWalker - Visiting attribute path : number
14:27:17.035 [main] DEBUG o.h.p.w.spi.MetamodelGraphWalker - Visiting attribute path : points
14:27:17.035 [main] DEBUG o.h.p.w.spi.MetamodelGraphWalker - Visiting attribute path : syllabus
14:27:17.035 [main] DEBUG o.h.p.w.spi.MetamodelGraphWalker - Visiting attribute path : syllabus.createdOn
14:27:17.035 [main] DEBUG o.h.p.w.spi.MetamodelGraphWalker - Visiting attribute path : syllabus.updatedOn
14:27:17.035 [main] DEBUG o.h.p.w.spi.MetamodelGraphWalker - Visiting attribute path : syllabus.chapters
14:27:17.035 [main] DEBUG o.h.p.w.spi.MetamodelGraphWalker - Property path deemed to be circular : syllabus.chapters
14:27:17.035 [main] DEBUG o.h.p.w.spi.MetamodelGraphWalker - Visiting attribute path : syllabus.isDisabled
14:27:17.035 [main] DEBUG o.h.p.w.spi.MetamodelGraphWalker - Visiting attribute path : syllabus.level
14:27:17.035 [main] DEBUG o.h.p.w.spi.MetamodelGraphWalker - Visiting attribute path : syllabus.version
14:27:17.035 [main] DEBUG o.h.p.w.spi.MetamodelGraphWalker - Visiting attribute path : title
14:27:17.035 [main] DEBUG o.h.p.w.spi.MetamodelGraphWalker - Visiting attribute path : createdOn
14:27:17.035 [main] DEBUG o.h.p.w.spi.MetamodelGraphWalker - Visiting attribute path : updatedOn
14:27:17.035 [main] DEBUG o.h.p.w.spi.MetamodelGraphWalker - Visiting attribute path : number
14:27:17.035 [main] DEBUG o.h.p.w.spi.MetamodelGraphWalker - Visiting attribute path : points
14:27:17.035 [main] DEBUG o.h.p.w.spi.MetamodelGraphWalker - Visiting attribute path : syllabus
14:27:17.035 [main] DEBUG o.h.p.w.spi.MetamodelGraphWalker - Visiting attribute path : title
14:27:17.035 [main] DEBUG o.h.p.w.spi.MetamodelGraphWalker - Visiting attribute path : createdOn
14:27:17.035 [main] DEBUG o.h.p.w.spi.MetamodelGraphWalker - Visiting attribute path : updatedOn
14:27:17.035 [main] DEBUG o.h.p.w.spi.MetamodelGraphWalker - Visiting attribute path : number
14:27:17.035 [main] DEBUG o.h.p.w.spi.MetamodelGraphWalker - Visiting attribute path : points
14:27:17.035 [main] DEBUG o.h.p.w.spi.MetamodelGraphWalker - Visiting attribute path : syllabus
14:27:17.035 [main] DEBUG o.h.p.w.spi.MetamodelGraphWalker - Visiting attribute path : title
14:27:17.036 [main] DEBUG o.h.p.w.spi.MetamodelGraphWalker - Visiting attribute path : createdOn
14:27:17.036 [main] DEBUG o.h.p.w.spi.MetamodelGraphWalker - Visiting attribute path : updatedOn
14:27:17.036 [main] DEBUG o.h.p.w.spi.MetamodelGraphWalker - Visiting attribute path : number
14:27:17.036 [main] DEBUG o.h.p.w.spi.MetamodelGraphWalker - Visiting attribute path : points
14:27:17.036 [main] DEBUG o.h.p.w.spi.MetamodelGraphWalker - Visiting attribute path : syllabus
14:27:17.036 [main] DEBUG o.h.p.w.spi.MetamodelGraphWalker - Visiting attribute path : title
14:27:17.036 [main] DEBUG o.h.p.w.spi.MetamodelGraphWalker - Visiting attribute path : createdOn
14:27:17.036 [main] DEBUG o.h.p.w.spi.MetamodelGraphWalker - Visiting attribute path : updatedOn
14:27:17.036 [main] DEBUG o.h.p.w.spi.MetamodelGraphWalker - Visiting attribute path : number
14:27:17.036 [main] DEBUG o.h.p.w.spi.MetamodelGraphWalker - Visiting attribute path : points
14:27:17.036 [main] DEBUG o.h.p.w.spi.MetamodelGraphWalker - Visiting attribute path : syllabus
14:27:17.036 [main] DEBUG o.h.p.w.spi.MetamodelGraphWalker - Visiting attribute path : title
14:27:17.036 [main] DEBUG o.h.p.w.spi.MetamodelGraphWalker - Visiting attribute path : createdOn
14:27:17.036 [main] DEBUG o.h.p.w.spi.MetamodelGraphWalker - Visiting attribute path : updatedOn
14:27:17.036 [main] DEBUG o.h.p.w.spi.MetamodelGraphWalker - Visiting attribute path : number
14:27:17.036 [main] DEBUG o.h.p.w.spi.MetamodelGraphWalker - Visiting attribute path : points
14:27:17.036 [main] DEBUG o.h.p.w.spi.MetamodelGraphWalker - Visiting attribute path : syllabus
14:27:17.036 [main] DEBUG o.h.p.w.spi.MetamodelGraphWalker - Visiting attribute path : title
14:27:17.036 [main] DEBUG o.h.p.w.spi.MetamodelGraphWalker - Visiting attribute path : createdOn
14:27:17.036 [main] DEBUG o.h.p.w.spi.MetamodelGraphWalker - Visiting attribute path : updatedOn
14:27:17.036 [main] DEBUG o.h.p.w.spi.MetamodelGraphWalker - Visiting attribute path : number
14:27:17.036 [main] DEBUG o.h.p.w.spi.MetamodelGraphWalker - Visiting attribute path : points
14:27:17.036 [main] DEBUG o.h.p.w.spi.MetamodelGraphWalker - Visiting attribute path : syllabus
14:27:17.036 [main] DEBUG o.h.p.w.spi.MetamodelGraphWalker - Visiting attribute path : title
14:27:17.037 [main] DEBUG o.h.p.w.spi.MetamodelGraphWalker - Visiting attribute path : createdOn
14:27:17.037 [main] DEBUG o.h.p.w.spi.MetamodelGraphWalker - Visiting attribute path : updatedOn
14:27:17.037 [main] DEBUG o.h.p.w.spi.MetamodelGraphWalker - Visiting attribute path : number
14:27:17.037 [main] DEBUG o.h.p.w.spi.MetamodelGraphWalker - Visiting attribute path : points
14:27:17.037 [main] DEBUG o.h.p.w.spi.MetamodelGraphWalker - Visiting attribute path : syllabus
14:27:17.037 [main] DEBUG o.h.p.w.spi.MetamodelGraphWalker - Visiting attribute path : title
14:27:17.037 [main] DEBUG o.h.p.w.spi.MetamodelGraphWalker - Visiting attribute path : createdOn
14:27:17.037 [main] DEBUG o.h.p.w.spi.MetamodelGraphWalker - Visiting attribute path : updatedOn
14:27:17.037 [main] DEBUG o.h.p.w.spi.MetamodelGraphWalker - Visiting attribute path : number
14:27:17.037 [main] DEBUG o.h.p.w.spi.MetamodelGraphWalker - Visiting attribute path : points
14:27:17.037 [main] DEBUG o.h.p.w.spi.MetamodelGraphWalker - Visiting attribute path : syllabus
14:27:17.037 [main] DEBUG o.h.p.w.spi.MetamodelGraphWalker - Visiting attribute path : title
14:27:17.037 [main] DEBUG o.h.p.w.spi.MetamodelGraphWalker - Visiting attribute path : createdOn
14:27:17.037 [main] DEBUG o.h.p.w.spi.MetamodelGraphWalker - Visiting attribute path : updatedOn
14:27:17.037 [main] DEBUG o.h.p.w.spi.MetamodelGraphWalker - Visiting attribute path : number
14:27:17.038 [main] DEBUG o.h.p.w.spi.MetamodelGraphWalker - Visiting attribute path : points
14:27:17.038 [main] DEBUG o.h.p.w.spi.MetamodelGraphWalker - Visiting attribute path : syllabus
14:27:17.038 [main] DEBUG o.h.p.w.spi.MetamodelGraphWalker - Visiting attribute path : title
14:27:17.038 [main] DEBUG o.h.p.entity.AbstractEntityPersister - Static SQL for entity: cn.cstqb.exam.testmaker.entities.QuestionChoiceImage
14:27:17.038 [main] DEBUG o.h.p.entity.AbstractEntityPersister -  Version select: select id from question_choice_image where id =?
14:27:17.038 [main] DEBUG o.h.p.entity.AbstractEntityPersister -  Snapshot select: select questionch_.id, questionch_.updated_on as updated_3_9_, questionch_.path as path4_9_, questionch_.caption as caption5_9_, questionch_.question_choice_id as question6_9_ from question_choice_image questionch_ where questionch_.id=?
14:27:17.039 [main] DEBUG o.h.p.entity.AbstractEntityPersister -  Insert 0: insert into question_choice_image (created_on, updated_on, path, caption, question_choice_id, id) values (?, ?, ?, ?, ?, ?)
14:27:17.039 [main] DEBUG o.h.p.entity.AbstractEntityPersister -  Update 0: update question_choice_image set updated_on=?, path=?, caption=?, question_choice_id=? where id=?
14:27:17.039 [main] DEBUG o.h.p.entity.AbstractEntityPersister -  Delete 0: delete from question_choice_image where id=?
14:27:17.039 [main] DEBUG o.h.p.entity.AbstractEntityPersister -  Identity insert: insert into question_choice_image (created_on, updated_on, path, caption, question_choice_id) values (?, ?, ?, ?, ?)
14:27:17.039 [main] DEBUG o.h.p.w.spi.MetamodelGraphWalker - Visiting attribute path : createdOn
14:27:17.039 [main] DEBUG o.h.p.w.spi.MetamodelGraphWalker - Visiting attribute path : updatedOn
14:27:17.039 [main] DEBUG o.h.p.w.spi.MetamodelGraphWalker - Visiting attribute path : path
14:27:17.039 [main] DEBUG o.h.p.w.spi.MetamodelGraphWalker - Visiting attribute path : caption
14:27:17.039 [main] DEBUG o.h.p.w.spi.MetamodelGraphWalker - Visiting attribute path : choice
14:27:17.039 [main] DEBUG o.h.p.w.spi.MetamodelGraphWalker - Visiting attribute path : choice.createdOn
14:27:17.039 [main] DEBUG o.h.p.w.spi.MetamodelGraphWalker - Visiting attribute path : choice.updatedOn
14:27:17.039 [main] DEBUG o.h.p.w.spi.MetamodelGraphWalker - Visiting attribute path : choice.choiceLabel
14:27:17.039 [main] DEBUG o.h.p.w.spi.MetamodelGraphWalker - Visiting attribute path : choice.content
14:27:17.039 [main] DEBUG o.h.p.w.spi.MetamodelGraphWalker - Visiting attribute path : choice.images
14:27:17.039 [main] DEBUG o.h.p.w.spi.MetamodelGraphWalker - Property path deemed to be circular : choice.images
14:27:17.039 [main] DEBUG o.h.p.w.spi.MetamodelGraphWalker - Visiting attribute path : choice.isCorrectAnswer
14:27:17.039 [main] DEBUG o.h.p.w.spi.MetamodelGraphWalker - Visiting attribute path : choice.question
14:27:17.039 [main] DEBUG o.h.p.w.spi.MetamodelGraphWalker - Visiting attribute path : choice.question.createdOn
14:27:17.039 [main] DEBUG o.h.p.w.spi.MetamodelGraphWalker - Visiting attribute path : choice.question.updatedOn
14:27:17.039 [main] DEBUG o.h.p.w.spi.MetamodelGraphWalker - Visiting attribute path : choice.question.author
14:27:17.039 [main] DEBUG o.h.p.w.spi.MetamodelGraphWalker - Visiting attribute path : choice.question.authoringFinishDate
14:27:17.039 [main] DEBUG o.h.p.w.spi.MetamodelGraphWalker - Visiting attribute path : choice.question.authoringStartDate
14:27:17.039 [main] DEBUG o.h.p.w.spi.MetamodelGraphWalker - Visiting attribute path : choice.question.customField2
14:27:17.039 [main] DEBUG o.h.p.w.spi.MetamodelGraphWalker - Visiting attribute path : choice.question.customField3
14:27:17.039 [main] DEBUG o.h.p.w.spi.MetamodelGraphWalker - Visiting attribute path : choice.question.customFiled1
14:27:17.039 [main] DEBUG o.h.p.w.spi.MetamodelGraphWalker - Visiting attribute path : choice.question.description
14:27:17.040 [main] DEBUG o.h.p.w.spi.MetamodelGraphWalker - Visiting attribute path : choice.question.difficulty
14:27:17.040 [main] DEBUG o.h.p.w.spi.MetamodelGraphWalker - Visiting attribute path : choice.question.images
14:27:17.040 [main] DEBUG o.h.p.w.spi.MetamodelGraphWalker - Visiting attribute path : choice.question.knowledgePoint
14:27:17.040 [main] DEBUG o.h.p.w.spi.MetamodelGraphWalker - Visiting attribute path : choice.question.language
14:27:17.040 [main] DEBUG o.h.p.w.spi.MetamodelGraphWalker - Visiting attribute path : choice.question.memo
14:27:17.040 [main] DEBUG o.h.p.w.spi.MetamodelGraphWalker - Visiting attribute path : choice.question.multipleChoice
14:27:17.040 [main] DEBUG o.h.p.w.spi.MetamodelGraphWalker - Visiting attribute path : choice.question.project
14:27:17.040 [main] DEBUG o.h.p.w.spi.MetamodelGraphWalker - Visiting attribute path : choice.question.published
14:27:17.040 [main] DEBUG o.h.p.w.spi.MetamodelGraphWalker - Visiting attribute path : choice.question.qualityAdmin
14:27:17.040 [main] DEBUG o.h.p.w.spi.MetamodelGraphWalker - Visiting attribute path : choice.question.remark
14:27:17.040 [main] DEBUG o.h.p.w.spi.MetamodelGraphWalker - Visiting attribute path : choice.question.reviewers
14:27:17.040 [main] DEBUG o.h.p.w.spi.MetamodelGraphWalker - Visiting attribute path : choice.question.reviewingFinishDate
14:27:17.040 [main] DEBUG o.h.p.w.spi.MetamodelGraphWalker - Visiting attribute path : choice.question.reviewingStartDate
14:27:17.040 [main] DEBUG o.h.p.w.spi.MetamodelGraphWalker - Visiting attribute path : choice.question.scenario
14:27:17.040 [main] DEBUG o.h.p.w.spi.MetamodelGraphWalker - Visiting attribute path : choice.question.score
14:27:17.040 [main] DEBUG o.h.p.w.spi.MetamodelGraphWalker - Visiting attribute path : choice.question.status
14:27:17.040 [main] DEBUG o.h.p.w.spi.MetamodelGraphWalker - Visiting attribute path : choice.question.stem
14:27:17.040 [main] DEBUG o.h.p.w.spi.MetamodelGraphWalker - Visiting attribute path : choice.question.type
14:27:17.040 [main] DEBUG o.h.p.w.spi.MetamodelGraphWalker - Visiting attribute path : createdOn
14:27:17.040 [main] DEBUG o.h.p.w.spi.MetamodelGraphWalker - Visiting attribute path : updatedOn
14:27:17.040 [main] DEBUG o.h.p.w.spi.MetamodelGraphWalker - Visiting attribute path : path
14:27:17.040 [main] DEBUG o.h.p.w.spi.MetamodelGraphWalker - Visiting attribute path : caption
14:27:17.040 [main] DEBUG o.h.p.w.spi.MetamodelGraphWalker - Visiting attribute path : choice
14:27:17.040 [main] DEBUG o.h.p.w.spi.MetamodelGraphWalker - Visiting attribute path : choice.createdOn
14:27:17.040 [main] DEBUG o.h.p.w.spi.MetamodelGraphWalker - Visiting attribute path : choice.updatedOn
14:27:17.040 [main] DEBUG o.h.p.w.spi.MetamodelGraphWalker - Visiting attribute path : choice.choiceLabel
14:27:17.040 [main] DEBUG o.h.p.w.spi.MetamodelGraphWalker - Visiting attribute path : choice.content
14:27:17.041 [main] DEBUG o.h.p.w.spi.MetamodelGraphWalker - Visiting attribute path : choice.images
14:27:17.041 [main] DEBUG o.h.p.w.spi.MetamodelGraphWalker - Property path deemed to be circular : choice.images
14:27:17.041 [main] DEBUG o.h.p.w.spi.MetamodelGraphWalker - Visiting attribute path : choice.isCorrectAnswer
14:27:17.041 [main] DEBUG o.h.p.w.spi.MetamodelGraphWalker - Visiting attribute path : choice.question
14:27:17.041 [main] DEBUG o.h.p.w.spi.MetamodelGraphWalker - Visiting attribute path : choice.question.createdOn
14:27:17.041 [main] DEBUG o.h.p.w.spi.MetamodelGraphWalker - Visiting attribute path : choice.question.updatedOn
14:27:17.041 [main] DEBUG o.h.p.w.spi.MetamodelGraphWalker - Visiting attribute path : choice.question.author
14:27:17.041 [main] DEBUG o.h.p.w.spi.MetamodelGraphWalker - Visiting attribute path : choice.question.authoringFinishDate
14:27:17.041 [main] DEBUG o.h.p.w.spi.MetamodelGraphWalker - Visiting attribute path : choice.question.authoringStartDate
14:27:17.041 [main] DEBUG o.h.p.w.spi.MetamodelGraphWalker - Visiting attribute path : choice.question.customField2
14:27:17.041 [main] DEBUG o.h.p.w.spi.MetamodelGraphWalker - Visiting attribute path : choice.question.customField3
14:27:17.041 [main] DEBUG o.h.p.w.spi.MetamodelGraphWalker - Visiting attribute path : choice.question.customFiled1
14:27:17.041 [main] DEBUG o.h.p.w.spi.MetamodelGraphWalker - Visiting attribute path : choice.question.description
14:27:17.041 [main] DEBUG o.h.p.w.spi.MetamodelGraphWalker - Visiting attribute path : choice.question.difficulty
14:27:17.041 [main] DEBUG o.h.p.w.spi.MetamodelGraphWalker - Visiting attribute path : choice.question.images
14:27:17.041 [main] DEBUG o.h.p.w.spi.MetamodelGraphWalker - Visiting attribute path : choice.question.knowledgePoint
14:27:17.041 [main] DEBUG o.h.p.w.spi.MetamodelGraphWalker - Visiting attribute path : choice.question.language
14:27:17.041 [main] DEBUG o.h.p.w.spi.MetamodelGraphWalker - Visiting attribute path : choice.question.memo
14:27:17.041 [main] DEBUG o.h.p.w.spi.MetamodelGraphWalker - Visiting attribute path : choice.question.multipleChoice
14:27:17.041 [main] DEBUG o.h.p.w.spi.MetamodelGraphWalker - Visiting attribute path : choice.question.project
14:27:17.041 [main] DEBUG o.h.p.w.spi.MetamodelGraphWalker - Visiting attribute path : choice.question.published
14:27:17.041 [main] DEBUG o.h.p.w.spi.MetamodelGraphWalker - Visiting attribute path : choice.question.qualityAdmin
14:27:17.041 [main] DEBUG o.h.p.w.spi.MetamodelGraphWalker - Visiting attribute path : choice.question.remark
14:27:17.041 [main] DEBUG o.h.p.w.spi.MetamodelGraphWalker - Visiting attribute path : choice.question.reviewers
14:27:17.041 [main] DEBUG o.h.p.w.spi.MetamodelGraphWalker - Visiting attribute path : choice.question.reviewingFinishDate
14:27:17.041 [main] DEBUG o.h.p.w.spi.MetamodelGraphWalker - Visiting attribute path : choice.question.reviewingStartDate
14:27:17.041 [main] DEBUG o.h.p.w.spi.MetamodelGraphWalker - Visiting attribute path : choice.question.scenario
14:27:17.041 [main] DEBUG o.h.p.w.spi.MetamodelGraphWalker - Visiting attribute path : choice.question.score
14:27:17.041 [main] DEBUG o.h.p.w.spi.MetamodelGraphWalker - Visiting attribute path : choice.question.status
14:27:17.041 [main] DEBUG o.h.p.w.spi.MetamodelGraphWalker - Visiting attribute path : choice.question.stem
14:27:17.041 [main] DEBUG o.h.p.w.spi.MetamodelGraphWalker - Visiting attribute path : choice.question.type
14:27:17.041 [main] DEBUG o.h.p.w.spi.MetamodelGraphWalker - Visiting attribute path : createdOn
14:27:17.042 [main] DEBUG o.h.p.w.spi.MetamodelGraphWalker - Visiting attribute path : updatedOn
14:27:17.042 [main] DEBUG o.h.p.w.spi.MetamodelGraphWalker - Visiting attribute path : path
14:27:17.042 [main] DEBUG o.h.p.w.spi.MetamodelGraphWalker - Visiting attribute path : caption
14:27:17.042 [main] DEBUG o.h.p.w.spi.MetamodelGraphWalker - Visiting attribute path : choice
14:27:17.042 [main] DEBUG o.h.p.w.spi.MetamodelGraphWalker - Visiting attribute path : createdOn
14:27:17.042 [main] DEBUG o.h.p.w.spi.MetamodelGraphWalker - Visiting attribute path : updatedOn
14:27:17.042 [main] DEBUG o.h.p.w.spi.MetamodelGraphWalker - Visiting attribute path : path
14:27:17.042 [main] DEBUG o.h.p.w.spi.MetamodelGraphWalker - Visiting attribute path : caption
14:27:17.042 [main] DEBUG o.h.p.w.spi.MetamodelGraphWalker - Visiting attribute path : choice
14:27:17.042 [main] DEBUG o.h.p.w.spi.MetamodelGraphWalker - Visiting attribute path : createdOn
14:27:17.042 [main] DEBUG o.h.p.w.spi.MetamodelGraphWalker - Visiting attribute path : updatedOn
14:27:17.042 [main] DEBUG o.h.p.w.spi.MetamodelGraphWalker - Visiting attribute path : path
14:27:17.042 [main] DEBUG o.h.p.w.spi.MetamodelGraphWalker - Visiting attribute path : caption
14:27:17.042 [main] DEBUG o.h.p.w.spi.MetamodelGraphWalker - Visiting attribute path : choice
14:27:17.042 [main] DEBUG o.h.p.w.spi.MetamodelGraphWalker - Visiting attribute path : createdOn
14:27:17.042 [main] DEBUG o.h.p.w.spi.MetamodelGraphWalker - Visiting attribute path : updatedOn
14:27:17.042 [main] DEBUG o.h.p.w.spi.MetamodelGraphWalker - Visiting attribute path : path
14:27:17.042 [main] DEBUG o.h.p.w.spi.MetamodelGraphWalker - Visiting attribute path : caption
14:27:17.042 [main] DEBUG o.h.p.w.spi.MetamodelGraphWalker - Visiting attribute path : choice
14:27:17.042 [main] DEBUG o.h.p.w.spi.MetamodelGraphWalker - Visiting attribute path : createdOn
14:27:17.042 [main] DEBUG o.h.p.w.spi.MetamodelGraphWalker - Visiting attribute path : updatedOn
14:27:17.042 [main] DEBUG o.h.p.w.spi.MetamodelGraphWalker - Visiting attribute path : path
14:27:17.042 [main] DEBUG o.h.p.w.spi.MetamodelGraphWalker - Visiting attribute path : caption
14:27:17.042 [main] DEBUG o.h.p.w.spi.MetamodelGraphWalker - Visiting attribute path : choice
14:27:17.043 [main] DEBUG o.h.p.w.spi.MetamodelGraphWalker - Visiting attribute path : createdOn
14:27:17.043 [main] DEBUG o.h.p.w.spi.MetamodelGraphWalker - Visiting attribute path : updatedOn
14:27:17.043 [main] DEBUG o.h.p.w.spi.MetamodelGraphWalker - Visiting attribute path : path
14:27:17.043 [main] DEBUG o.h.p.w.spi.MetamodelGraphWalker - Visiting attribute path : caption
14:27:17.043 [main] DEBUG o.h.p.w.spi.MetamodelGraphWalker - Visiting attribute path : choice
14:27:17.043 [main] DEBUG o.h.p.w.spi.MetamodelGraphWalker - Visiting attribute path : createdOn
14:27:17.043 [main] DEBUG o.h.p.w.spi.MetamodelGraphWalker - Visiting attribute path : updatedOn
14:27:17.043 [main] DEBUG o.h.p.w.spi.MetamodelGraphWalker - Visiting attribute path : path
14:27:17.043 [main] DEBUG o.h.p.w.spi.MetamodelGraphWalker - Visiting attribute path : caption
14:27:17.043 [main] DEBUG o.h.p.w.spi.MetamodelGraphWalker - Visiting attribute path : choice
14:27:17.043 [main] DEBUG o.h.p.w.spi.MetamodelGraphWalker - Visiting attribute path : createdOn
14:27:17.043 [main] DEBUG o.h.p.w.spi.MetamodelGraphWalker - Visiting attribute path : updatedOn
14:27:17.043 [main] DEBUG o.h.p.w.spi.MetamodelGraphWalker - Visiting attribute path : path
14:27:17.043 [main] DEBUG o.h.p.w.spi.MetamodelGraphWalker - Visiting attribute path : caption
14:27:17.043 [main] DEBUG o.h.p.w.spi.MetamodelGraphWalker - Visiting attribute path : choice
14:27:17.043 [main] DEBUG o.h.p.w.spi.MetamodelGraphWalker - Visiting attribute path : createdOn
14:27:17.043 [main] DEBUG o.h.p.w.spi.MetamodelGraphWalker - Visiting attribute path : updatedOn
14:27:17.043 [main] DEBUG o.h.p.w.spi.MetamodelGraphWalker - Visiting attribute path : path
14:27:17.043 [main] DEBUG o.h.p.w.spi.MetamodelGraphWalker - Visiting attribute path : caption
14:27:17.043 [main] DEBUG o.h.p.w.spi.MetamodelGraphWalker - Visiting attribute path : choice
14:27:17.044 [main] DEBUG o.h.p.entity.AbstractEntityPersister - Static SQL for entity: cn.cstqb.exam.testmaker.entities.QuestionLanguage
14:27:17.044 [main] DEBUG o.h.p.entity.AbstractEntityPersister -  Version select: select id from question_language where id =?
14:27:17.044 [main] DEBUG o.h.p.entity.AbstractEntityPersister -  Snapshot select: select questionla_.id, questionla_.updated_on as updated_3_11_, questionla_.name as name4_11_ from question_language questionla_ where questionla_.id=?
14:27:17.044 [main] DEBUG o.h.p.entity.AbstractEntityPersister -  Insert 0: insert into question_language (created_on, updated_on, name, id) values (?, ?, ?, ?)
14:27:17.044 [main] DEBUG o.h.p.entity.AbstractEntityPersister -  Update 0: update question_language set updated_on=?, name=? where id=?
14:27:17.044 [main] DEBUG o.h.p.entity.AbstractEntityPersister -  Delete 0: delete from question_language where id=?
14:27:17.044 [main] DEBUG o.h.p.entity.AbstractEntityPersister -  Identity insert: insert into question_language (created_on, updated_on, name) values (?, ?, ?)
14:27:17.045 [main] DEBUG o.h.p.w.spi.MetamodelGraphWalker - Visiting attribute path : createdOn
14:27:17.045 [main] DEBUG o.h.p.w.spi.MetamodelGraphWalker - Visiting attribute path : updatedOn
14:27:17.045 [main] DEBUG o.h.p.w.spi.MetamodelGraphWalker - Visiting attribute path : name
14:27:17.045 [main] DEBUG o.h.p.w.spi.MetamodelGraphWalker - Visiting attribute path : createdOn
14:27:17.045 [main] DEBUG o.h.p.w.spi.MetamodelGraphWalker - Visiting attribute path : updatedOn
14:27:17.045 [main] DEBUG o.h.p.w.spi.MetamodelGraphWalker - Visiting attribute path : name
14:27:17.045 [main] DEBUG o.h.p.w.spi.MetamodelGraphWalker - Visiting attribute path : createdOn
14:27:17.045 [main] DEBUG o.h.p.w.spi.MetamodelGraphWalker - Visiting attribute path : updatedOn
14:27:17.045 [main] DEBUG o.h.p.w.spi.MetamodelGraphWalker - Visiting attribute path : name
14:27:17.046 [main] DEBUG o.h.p.w.spi.MetamodelGraphWalker - Visiting attribute path : createdOn
14:27:17.046 [main] DEBUG o.h.p.w.spi.MetamodelGraphWalker - Visiting attribute path : updatedOn
14:27:17.046 [main] DEBUG o.h.p.w.spi.MetamodelGraphWalker - Visiting attribute path : name
14:27:17.046 [main] DEBUG o.h.p.w.spi.MetamodelGraphWalker - Visiting attribute path : createdOn
14:27:17.046 [main] DEBUG o.h.p.w.spi.MetamodelGraphWalker - Visiting attribute path : updatedOn
14:27:17.046 [main] DEBUG o.h.p.w.spi.MetamodelGraphWalker - Visiting attribute path : name
14:27:17.046 [main] DEBUG o.h.p.w.spi.MetamodelGraphWalker - Visiting attribute path : createdOn
14:27:17.046 [main] DEBUG o.h.p.w.spi.MetamodelGraphWalker - Visiting attribute path : updatedOn
14:27:17.046 [main] DEBUG o.h.p.w.spi.MetamodelGraphWalker - Visiting attribute path : name
14:27:17.046 [main] DEBUG o.h.p.w.spi.MetamodelGraphWalker - Visiting attribute path : createdOn
14:27:17.046 [main] DEBUG o.h.p.w.spi.MetamodelGraphWalker - Visiting attribute path : updatedOn
14:27:17.046 [main] DEBUG o.h.p.w.spi.MetamodelGraphWalker - Visiting attribute path : name
14:27:17.047 [main] DEBUG o.h.p.w.spi.MetamodelGraphWalker - Visiting attribute path : createdOn
14:27:17.047 [main] DEBUG o.h.p.w.spi.MetamodelGraphWalker - Visiting attribute path : updatedOn
14:27:17.047 [main] DEBUG o.h.p.w.spi.MetamodelGraphWalker - Visiting attribute path : name
14:27:17.047 [main] DEBUG o.h.p.w.spi.MetamodelGraphWalker - Visiting attribute path : createdOn
14:27:17.047 [main] DEBUG o.h.p.w.spi.MetamodelGraphWalker - Visiting attribute path : updatedOn
14:27:17.047 [main] DEBUG o.h.p.w.spi.MetamodelGraphWalker - Visiting attribute path : name
14:27:17.047 [main] DEBUG o.h.p.w.spi.MetamodelGraphWalker - Visiting attribute path : createdOn
14:27:17.047 [main] DEBUG o.h.p.w.spi.MetamodelGraphWalker - Visiting attribute path : updatedOn
14:27:17.047 [main] DEBUG o.h.p.w.spi.MetamodelGraphWalker - Visiting attribute path : name
14:27:17.047 [main] DEBUG o.h.p.w.spi.MetamodelGraphWalker - Visiting attribute path : createdOn
14:27:17.047 [main] DEBUG o.h.p.w.spi.MetamodelGraphWalker - Visiting attribute path : updatedOn
14:27:17.047 [main] DEBUG o.h.p.w.spi.MetamodelGraphWalker - Visiting attribute path : name
14:27:17.048 [main] DEBUG o.h.p.entity.AbstractEntityPersister - Static SQL for entity: cn.cstqb.exam.testmaker.entities.Syllabus
14:27:17.048 [main] DEBUG o.h.p.entity.AbstractEntityPersister -  Version select: select id from syllabus where id =?
14:27:17.048 [main] DEBUG o.h.p.entity.AbstractEntityPersister -  Snapshot select: select syllabus_.id, syllabus_.updated_on as updated_3_19_, syllabus_.is_disabled as is_disab4_19_, syllabus_.level as level5_19_, syllabus_.version as version6_19_ from syllabus syllabus_ where syllabus_.id=?
14:27:17.048 [main] DEBUG o.h.p.entity.AbstractEntityPersister -  Insert 0: insert into syllabus (created_on, updated_on, is_disabled, level, version, id) values (?, ?, ?, ?, ?, ?)
14:27:17.048 [main] DEBUG o.h.p.entity.AbstractEntityPersister -  Update 0: update syllabus set updated_on=?, is_disabled=?, level=?, version=? where id=?
14:27:17.048 [main] DEBUG o.h.p.entity.AbstractEntityPersister -  Delete 0: delete from syllabus where id=?
14:27:17.048 [main] DEBUG o.h.p.entity.AbstractEntityPersister -  Identity insert: insert into syllabus (created_on, updated_on, is_disabled, level, version) values (?, ?, ?, ?, ?)
14:27:17.048 [main] DEBUG o.h.p.w.spi.MetamodelGraphWalker - Visiting attribute path : createdOn
14:27:17.048 [main] DEBUG o.h.p.w.spi.MetamodelGraphWalker - Visiting attribute path : updatedOn
14:27:17.048 [main] DEBUG o.h.p.w.spi.MetamodelGraphWalker - Visiting attribute path : chapters
14:27:17.048 [main] DEBUG o.h.p.w.spi.MetamodelGraphWalker - Visiting attribute path : isDisabled
14:27:17.048 [main] DEBUG o.h.p.w.spi.MetamodelGraphWalker - Visiting attribute path : level
14:27:17.048 [main] DEBUG o.h.p.w.spi.MetamodelGraphWalker - Visiting attribute path : version
14:27:17.048 [main] DEBUG o.h.p.w.spi.MetamodelGraphWalker - Visiting attribute path : createdOn
14:27:17.048 [main] DEBUG o.h.p.w.spi.MetamodelGraphWalker - Visiting attribute path : updatedOn
14:27:17.048 [main] DEBUG o.h.p.w.spi.MetamodelGraphWalker - Visiting attribute path : chapters
14:27:17.048 [main] DEBUG o.h.p.w.spi.MetamodelGraphWalker - Visiting attribute path : isDisabled
14:27:17.048 [main] DEBUG o.h.p.w.spi.MetamodelGraphWalker - Visiting attribute path : level
14:27:17.048 [main] DEBUG o.h.p.w.spi.MetamodelGraphWalker - Visiting attribute path : version
14:27:17.048 [main] DEBUG o.h.p.w.spi.MetamodelGraphWalker - Visiting attribute path : createdOn
14:27:17.048 [main] DEBUG o.h.p.w.spi.MetamodelGraphWalker - Visiting attribute path : updatedOn
14:27:17.049 [main] DEBUG o.h.p.w.spi.MetamodelGraphWalker - Visiting attribute path : chapters
14:27:17.049 [main] DEBUG o.h.p.w.spi.MetamodelGraphWalker - Visiting attribute path : isDisabled
14:27:17.049 [main] DEBUG o.h.p.w.spi.MetamodelGraphWalker - Visiting attribute path : level
14:27:17.049 [main] DEBUG o.h.p.w.spi.MetamodelGraphWalker - Visiting attribute path : version
14:27:17.049 [main] DEBUG o.h.p.w.spi.MetamodelGraphWalker - Visiting attribute path : createdOn
14:27:17.049 [main] DEBUG o.h.p.w.spi.MetamodelGraphWalker - Visiting attribute path : updatedOn
14:27:17.049 [main] DEBUG o.h.p.w.spi.MetamodelGraphWalker - Visiting attribute path : chapters
14:27:17.049 [main] DEBUG o.h.p.w.spi.MetamodelGraphWalker - Visiting attribute path : isDisabled
14:27:17.049 [main] DEBUG o.h.p.w.spi.MetamodelGraphWalker - Visiting attribute path : level
14:27:17.049 [main] DEBUG o.h.p.w.spi.MetamodelGraphWalker - Visiting attribute path : version
14:27:17.049 [main] DEBUG o.h.p.w.spi.MetamodelGraphWalker - Visiting attribute path : createdOn
14:27:17.049 [main] DEBUG o.h.p.w.spi.MetamodelGraphWalker - Visiting attribute path : updatedOn
14:27:17.049 [main] DEBUG o.h.p.w.spi.MetamodelGraphWalker - Visiting attribute path : chapters
14:27:17.049 [main] DEBUG o.h.p.w.spi.MetamodelGraphWalker - Visiting attribute path : isDisabled
14:27:17.049 [main] DEBUG o.h.p.w.spi.MetamodelGraphWalker - Visiting attribute path : level
14:27:17.049 [main] DEBUG o.h.p.w.spi.MetamodelGraphWalker - Visiting attribute path : version
14:27:17.049 [main] DEBUG o.h.p.w.spi.MetamodelGraphWalker - Visiting attribute path : createdOn
14:27:17.049 [main] DEBUG o.h.p.w.spi.MetamodelGraphWalker - Visiting attribute path : updatedOn
14:27:17.049 [main] DEBUG o.h.p.w.spi.MetamodelGraphWalker - Visiting attribute path : chapters
14:27:17.049 [main] DEBUG o.h.p.w.spi.MetamodelGraphWalker - Visiting attribute path : isDisabled
14:27:17.049 [main] DEBUG o.h.p.w.spi.MetamodelGraphWalker - Visiting attribute path : level
14:27:17.049 [main] DEBUG o.h.p.w.spi.MetamodelGraphWalker - Visiting attribute path : version
14:27:17.050 [main] DEBUG o.h.p.w.spi.MetamodelGraphWalker - Visiting attribute path : createdOn
14:27:17.050 [main] DEBUG o.h.p.w.spi.MetamodelGraphWalker - Visiting attribute path : updatedOn
14:27:17.050 [main] DEBUG o.h.p.w.spi.MetamodelGraphWalker - Visiting attribute path : chapters
14:27:17.050 [main] DEBUG o.h.p.w.spi.MetamodelGraphWalker - Visiting attribute path : isDisabled
14:27:17.050 [main] DEBUG o.h.p.w.spi.MetamodelGraphWalker - Visiting attribute path : level
14:27:17.050 [main] DEBUG o.h.p.w.spi.MetamodelGraphWalker - Visiting attribute path : version
14:27:17.050 [main] DEBUG o.h.p.w.spi.MetamodelGraphWalker - Visiting attribute path : createdOn
14:27:17.050 [main] DEBUG o.h.p.w.spi.MetamodelGraphWalker - Visiting attribute path : updatedOn
14:27:17.050 [main] DEBUG o.h.p.w.spi.MetamodelGraphWalker - Visiting attribute path : chapters
14:27:17.050 [main] DEBUG o.h.p.w.spi.MetamodelGraphWalker - Visiting attribute path : isDisabled
14:27:17.050 [main] DEBUG o.h.p.w.spi.MetamodelGraphWalker - Visiting attribute path : level
14:27:17.050 [main] DEBUG o.h.p.w.spi.MetamodelGraphWalker - Visiting attribute path : version
14:27:17.050 [main] DEBUG o.h.p.w.spi.MetamodelGraphWalker - Visiting attribute path : createdOn
14:27:17.050 [main] DEBUG o.h.p.w.spi.MetamodelGraphWalker - Visiting attribute path : updatedOn
14:27:17.050 [main] DEBUG o.h.p.w.spi.MetamodelGraphWalker - Visiting attribute path : chapters
14:27:17.050 [main] DEBUG o.h.p.w.spi.MetamodelGraphWalker - Visiting attribute path : isDisabled
14:27:17.050 [main] DEBUG o.h.p.w.spi.MetamodelGraphWalker - Visiting attribute path : level
14:27:17.050 [main] DEBUG o.h.p.w.spi.MetamodelGraphWalker - Visiting attribute path : version
14:27:17.050 [main] DEBUG o.h.p.w.spi.MetamodelGraphWalker - Visiting attribute path : createdOn
14:27:17.050 [main] DEBUG o.h.p.w.spi.MetamodelGraphWalker - Visiting attribute path : updatedOn
14:27:17.050 [main] DEBUG o.h.p.w.spi.MetamodelGraphWalker - Visiting attribute path : chapters
14:27:17.050 [main] DEBUG o.h.p.w.spi.MetamodelGraphWalker - Visiting attribute path : isDisabled
14:27:17.050 [main] DEBUG o.h.p.w.spi.MetamodelGraphWalker - Visiting attribute path : level
14:27:17.051 [main] DEBUG o.h.p.w.spi.MetamodelGraphWalker - Visiting attribute path : version
14:27:17.051 [main] DEBUG o.h.p.w.spi.MetamodelGraphWalker - Visiting attribute path : createdOn
14:27:17.051 [main] DEBUG o.h.p.w.spi.MetamodelGraphWalker - Visiting attribute path : updatedOn
14:27:17.051 [main] DEBUG o.h.p.w.spi.MetamodelGraphWalker - Visiting attribute path : chapters
14:27:17.052 [main] DEBUG o.h.p.w.spi.MetamodelGraphWalker - Visiting attribute path : isDisabled
14:27:17.052 [main] DEBUG o.h.p.w.spi.MetamodelGraphWalker - Visiting attribute path : level
14:27:17.052 [main] DEBUG o.h.p.w.spi.MetamodelGraphWalker - Visiting attribute path : version
14:27:17.053 [main] DEBUG o.h.p.entity.AbstractEntityPersister - Static SQL for entity: cn.cstqb.exam.testmaker.entities.Question
14:27:17.053 [main] DEBUG o.h.p.entity.AbstractEntityPersister -  Version select: select id from question where id =?
14:27:17.053 [main] DEBUG o.h.p.entity.AbstractEntityPersister -  Snapshot select: select question_.id, question_.updated_on as updated_3_7_, question_.author_id as author_20_7_, question_.authoring_finish_date as authorin4_7_, question_.authoring_start_date as authorin5_7_, question_.custom_field2 as custom_f6_7_, question_.custom_field3 as custom_f7_7_, question_.custom_filed1 as custom_f8_7_, question_.description as descript9_7_, question_.difficulty as difficu10_7_, question_.knowledge_point as knowled21_7_, question_.language as languag22_7_, question_.memo as memo11_7_, question_.multiple_choice as multipl12_7_, question_.project_id as project23_7_, question_.published as publish13_7_, question_.quality_admin_id as quality24_7_, question_.remark as remark14_7_, question_.reviewing_finish_date as reviewi15_7_, question_.reviewing_start_date as reviewi16_7_, question_.scenario as scenari17_7_, question_.score as score18_7_, question_.status as status25_7_, question_.stem as stem19_7_, question_.type as type26_7_ from question question_ where question_.id=?
14:27:17.053 [main] DEBUG o.h.p.entity.AbstractEntityPersister -  Insert 0: insert into question (created_on, updated_on, author_id, authoring_finish_date, authoring_start_date, custom_field2, custom_field3, custom_filed1, description, difficulty, knowledge_point, language, memo, multiple_choice, project_id, published, quality_admin_id, remark, reviewing_finish_date, reviewing_start_date, scenario, score, status, stem, type, id) values (?, ?, ?, ?, ?, ?, ?, ?, ?, ?, ?, ?, ?, ?, ?, ?, ?, ?, ?, ?, ?, ?, ?, ?, ?, ?)
14:27:17.053 [main] DEBUG o.h.p.entity.AbstractEntityPersister -  Update 0: update question set updated_on=?, author_id=?, authoring_finish_date=?, authoring_start_date=?, custom_field2=?, custom_field3=?, custom_filed1=?, description=?, difficulty=?, knowledge_point=?, language=?, memo=?, multiple_choice=?, project_id=?, published=?, quality_admin_id=?, remark=?, reviewing_finish_date=?, reviewing_start_date=?, scenario=?, score=?, status=?, stem=?, type=? where id=?
14:27:17.054 [main] DEBUG o.h.p.entity.AbstractEntityPersister -  Delete 0: delete from question where id=?
14:27:17.054 [main] DEBUG o.h.p.entity.AbstractEntityPersister -  Identity insert: insert into question (created_on, updated_on, author_id, authoring_finish_date, authoring_start_date, custom_field2, custom_field3, custom_filed1, description, difficulty, knowledge_point, language, memo, multiple_choice, project_id, published, quality_admin_id, remark, reviewing_finish_date, reviewing_start_date, scenario, score, status, stem, type) values (?, ?, ?, ?, ?, ?, ?, ?, ?, ?, ?, ?, ?, ?, ?, ?, ?, ?, ?, ?, ?, ?, ?, ?, ?)
14:27:17.054 [main] DEBUG o.h.p.w.spi.MetamodelGraphWalker - Visiting attribute path : createdOn
14:27:17.054 [main] DEBUG o.h.p.w.spi.MetamodelGraphWalker - Visiting attribute path : updatedOn
14:27:17.054 [main] DEBUG o.h.p.w.spi.MetamodelGraphWalker - Visiting attribute path : author
14:27:17.054 [main] DEBUG o.h.p.w.spi.MetamodelGraphWalker - Visiting attribute path : author.createdOn
14:27:17.054 [main] DEBUG o.h.p.w.spi.MetamodelGraphWalker - Visiting attribute path : author.updatedOn
14:27:17.054 [main] DEBUG o.h.p.w.spi.MetamodelGraphWalker - Visiting attribute path : author.email
14:27:17.054 [main] DEBUG o.h.p.w.spi.MetamodelGraphWalker - Visiting attribute path : author.enabled
14:27:17.054 [main] DEBUG o.h.p.w.spi.MetamodelGraphWalker - Visiting attribute path : author.fullName
14:27:17.054 [main] DEBUG o.h.p.w.spi.MetamodelGraphWalker - Visiting attribute path : author.isAdmin
14:27:17.054 [main] DEBUG o.h.p.w.spi.MetamodelGraphWalker - Visiting attribute path : author.lastLogin
14:27:17.054 [main] DEBUG o.h.p.w.spi.MetamodelGraphWalker - Visiting attribute path : author.loginCount
14:27:17.054 [main] DEBUG o.h.p.w.spi.MetamodelGraphWalker - Visiting attribute path : author.password
14:27:17.054 [main] DEBUG o.h.p.w.spi.MetamodelGraphWalker - Visiting attribute path : author.phone
14:27:17.054 [main] DEBUG o.h.p.w.spi.MetamodelGraphWalker - Visiting attribute path : author.projects
14:27:17.054 [main] DEBUG o.h.p.w.spi.MetamodelGraphWalker - Visiting attribute path : author.username
14:27:17.054 [main] DEBUG o.h.p.w.spi.MetamodelGraphWalker - Visiting attribute path : authoringFinishDate
14:27:17.054 [main] DEBUG o.h.p.w.spi.MetamodelGraphWalker - Visiting attribute path : authoringStartDate
14:27:17.055 [main] DEBUG o.h.p.w.spi.MetamodelGraphWalker - Visiting attribute path : customField2
14:27:17.055 [main] DEBUG o.h.p.w.spi.MetamodelGraphWalker - Visiting attribute path : customField3
14:27:17.055 [main] DEBUG o.h.p.w.spi.MetamodelGraphWalker - Visiting attribute path : customFiled1
14:27:17.055 [main] DEBUG o.h.p.w.spi.MetamodelGraphWalker - Visiting attribute path : description
14:27:17.055 [main] DEBUG o.h.p.w.spi.MetamodelGraphWalker - Visiting attribute path : difficulty
14:27:17.055 [main] DEBUG o.h.p.w.spi.MetamodelGraphWalker - Visiting attribute path : images
14:27:17.055 [main] DEBUG o.h.p.w.spi.MetamodelGraphWalker - Visiting attribute path : knowledgePoint
14:27:17.055 [main] DEBUG o.h.p.w.spi.MetamodelGraphWalker - Visiting attribute path : knowledgePoint.createdOn
14:27:17.055 [main] DEBUG o.h.p.w.spi.MetamodelGraphWalker - Visiting attribute path : knowledgePoint.updatedOn
14:27:17.055 [main] DEBUG o.h.p.w.spi.MetamodelGraphWalker - Visiting attribute path : knowledgePoint.chapter
14:27:17.055 [main] DEBUG o.h.p.w.spi.MetamodelGraphWalker - Visiting attribute path : knowledgePoint.chapter.createdOn
14:27:17.055 [main] DEBUG o.h.p.w.spi.MetamodelGraphWalker - Visiting attribute path : knowledgePoint.chapter.updatedOn
14:27:17.055 [main] DEBUG o.h.p.w.spi.MetamodelGraphWalker - Visiting attribute path : knowledgePoint.chapter.number
14:27:17.055 [main] DEBUG o.h.p.w.spi.MetamodelGraphWalker - Visiting attribute path : knowledgePoint.chapter.points
14:27:17.055 [main] DEBUG o.h.p.w.spi.MetamodelGraphWalker - Property path deemed to be circular : knowledgePoint.chapter.points
14:27:17.055 [main] DEBUG o.h.p.w.spi.MetamodelGraphWalker - Visiting attribute path : knowledgePoint.chapter.syllabus
14:27:17.055 [main] DEBUG o.h.p.w.spi.MetamodelGraphWalker - Visiting attribute path : knowledgePoint.chapter.title
14:27:17.055 [main] DEBUG o.h.p.w.spi.MetamodelGraphWalker - Visiting attribute path : knowledgePoint.kLevel
14:27:17.055 [main] DEBUG o.h.p.w.spi.MetamodelGraphWalker - Visiting attribute path : knowledgePoint.number
14:27:17.055 [main] DEBUG o.h.p.w.spi.MetamodelGraphWalker - Visiting attribute path : knowledgePoint.score
14:27:17.055 [main] DEBUG o.h.p.w.spi.MetamodelGraphWalker - Visiting attribute path : knowledgePoint.title
14:27:17.055 [main] DEBUG o.h.p.w.spi.MetamodelGraphWalker - Visiting attribute path : language
14:27:17.055 [main] DEBUG o.h.p.w.spi.MetamodelGraphWalker - Visiting attribute path : language.createdOn
14:27:17.055 [main] DEBUG o.h.p.w.spi.MetamodelGraphWalker - Visiting attribute path : language.updatedOn
14:27:17.055 [main] DEBUG o.h.p.w.spi.MetamodelGraphWalker - Visiting attribute path : language.name
14:27:17.055 [main] DEBUG o.h.p.w.spi.MetamodelGraphWalker - Visiting attribute path : memo
14:27:17.055 [main] DEBUG o.h.p.w.spi.MetamodelGraphWalker - Visiting attribute path : multipleChoice
14:27:17.055 [main] DEBUG o.h.p.w.spi.MetamodelGraphWalker - Visiting attribute path : project
14:27:17.055 [main] DEBUG o.h.p.w.spi.MetamodelGraphWalker - Visiting attribute path : project.createdOn
14:27:17.055 [main] DEBUG o.h.p.w.spi.MetamodelGraphWalker - Visiting attribute path : project.updatedOn
14:27:17.055 [main] DEBUG o.h.p.w.spi.MetamodelGraphWalker - Visiting attribute path : project.customField1
14:27:17.055 [main] DEBUG o.h.p.w.spi.MetamodelGraphWalker - Visiting attribute path : project.customField2
14:27:17.055 [main] DEBUG o.h.p.w.spi.MetamodelGraphWalker - Visiting attribute path : project.customField3
14:27:17.055 [main] DEBUG o.h.p.w.spi.MetamodelGraphWalker - Visiting attribute path : project.exportedBy
14:27:17.055 [main] DEBUG o.h.p.w.spi.MetamodelGraphWalker - Visiting attribute path : project.exportedBy.createdOn
14:27:17.055 [main] DEBUG o.h.p.w.spi.MetamodelGraphWalker - Visiting attribute path : project.exportedBy.updatedOn
14:27:17.055 [main] DEBUG o.h.p.w.spi.MetamodelGraphWalker - Visiting attribute path : project.exportedBy.email
14:27:17.055 [main] DEBUG o.h.p.w.spi.MetamodelGraphWalker - Visiting attribute path : project.exportedBy.enabled
14:27:17.055 [main] DEBUG o.h.p.w.spi.MetamodelGraphWalker - Visiting attribute path : project.exportedBy.fullName
14:27:17.055 [main] DEBUG o.h.p.w.spi.MetamodelGraphWalker - Visiting attribute path : project.exportedBy.isAdmin
14:27:17.056 [main] DEBUG o.h.p.w.spi.MetamodelGraphWalker - Visiting attribute path : project.exportedBy.lastLogin
14:27:17.056 [main] DEBUG o.h.p.w.spi.MetamodelGraphWalker - Visiting attribute path : project.exportedBy.loginCount
14:27:17.056 [main] DEBUG o.h.p.w.spi.MetamodelGraphWalker - Visiting attribute path : project.exportedBy.password
14:27:17.056 [main] DEBUG o.h.p.w.spi.MetamodelGraphWalker - Visiting attribute path : project.exportedBy.phone
14:27:17.056 [main] DEBUG o.h.p.w.spi.MetamodelGraphWalker - Visiting attribute path : project.exportedBy.projects
14:27:17.056 [main] DEBUG o.h.p.w.spi.MetamodelGraphWalker - Visiting attribute path : project.exportedBy.username
14:27:17.056 [main] DEBUG o.h.p.w.spi.MetamodelGraphWalker - Visiting attribute path : project.exportedOn
14:27:17.056 [main] DEBUG o.h.p.w.spi.MetamodelGraphWalker - Visiting attribute path : project.facilitator
14:27:17.056 [main] DEBUG o.h.p.w.spi.MetamodelGraphWalker - Visiting attribute path : project.facilitator.createdOn
14:27:17.056 [main] DEBUG o.h.p.w.spi.MetamodelGraphWalker - Visiting attribute path : project.facilitator.updatedOn
14:27:17.056 [main] DEBUG o.h.p.w.spi.MetamodelGraphWalker - Visiting attribute path : project.facilitator.email
14:27:17.056 [main] DEBUG o.h.p.w.spi.MetamodelGraphWalker - Visiting attribute path : project.facilitator.enabled
14:27:17.056 [main] DEBUG o.h.p.w.spi.MetamodelGraphWalker - Visiting attribute path : project.facilitator.fullName
14:27:17.056 [main] DEBUG o.h.p.w.spi.MetamodelGraphWalker - Visiting attribute path : project.facilitator.isAdmin
14:27:17.056 [main] DEBUG o.h.p.w.spi.MetamodelGraphWalker - Visiting attribute path : project.facilitator.lastLogin
14:27:17.056 [main] DEBUG o.h.p.w.spi.MetamodelGraphWalker - Visiting attribute path : project.facilitator.loginCount
14:27:17.056 [main] DEBUG o.h.p.w.spi.MetamodelGraphWalker - Visiting attribute path : project.facilitator.password
14:27:17.056 [main] DEBUG o.h.p.w.spi.MetamodelGraphWalker - Visiting attribute path : project.facilitator.phone
14:27:17.056 [main] DEBUG o.h.p.w.spi.MetamodelGraphWalker - Visiting attribute path : project.facilitator.projects
14:27:17.056 [main] DEBUG o.h.p.w.spi.MetamodelGraphWalker - Visiting attribute path : project.facilitator.username
14:27:17.056 [main] DEBUG o.h.p.w.spi.MetamodelGraphWalker - Visiting attribute path : project.finishDate
14:27:17.056 [main] DEBUG o.h.p.w.spi.MetamodelGraphWalker - Visiting attribute path : project.name
14:27:17.056 [main] DEBUG o.h.p.w.spi.MetamodelGraphWalker - Visiting attribute path : project.startDate
14:27:17.056 [main] DEBUG o.h.p.w.spi.MetamodelGraphWalker - Visiting attribute path : project.status
14:27:17.056 [main] DEBUG o.h.p.w.spi.MetamodelGraphWalker - Visiting attribute path : project.status.createdOn
14:27:17.056 [main] DEBUG o.h.p.w.spi.MetamodelGraphWalker - Visiting attribute path : project.status.updatedOn
14:27:17.056 [main] DEBUG o.h.p.w.spi.MetamodelGraphWalker - Visiting attribute path : project.status.isFinish
14:27:17.056 [main] DEBUG o.h.p.w.spi.MetamodelGraphWalker - Visiting attribute path : project.status.isStart
14:27:17.056 [main] DEBUG o.h.p.w.spi.MetamodelGraphWalker - Visiting attribute path : project.status.name
14:27:17.056 [main] DEBUG o.h.p.w.spi.MetamodelGraphWalker - Visiting attribute path : project.syllabus
14:27:17.056 [main] DEBUG o.h.p.w.spi.MetamodelGraphWalker - Visiting attribute path : project.syllabus.createdOn
14:27:17.056 [main] DEBUG o.h.p.w.spi.MetamodelGraphWalker - Visiting attribute path : project.syllabus.updatedOn
14:27:17.056 [main] DEBUG o.h.p.w.spi.MetamodelGraphWalker - Visiting attribute path : project.syllabus.chapters
14:27:17.056 [main] DEBUG o.h.p.w.spi.MetamodelGraphWalker - Visiting attribute path : project.syllabus.isDisabled
14:27:17.056 [main] DEBUG o.h.p.w.spi.MetamodelGraphWalker - Visiting attribute path : project.syllabus.level
14:27:17.056 [main] DEBUG o.h.p.w.spi.MetamodelGraphWalker - Visiting attribute path : project.syllabus.version
14:27:17.056 [main] DEBUG o.h.p.w.spi.MetamodelGraphWalker - Visiting attribute path : project.users
14:27:17.056 [main] DEBUG o.h.p.w.spi.MetamodelGraphWalker - Visiting attribute path : published
14:27:17.056 [main] DEBUG o.h.p.w.spi.MetamodelGraphWalker - Visiting attribute path : qualityAdmin
14:27:17.056 [main] DEBUG o.h.p.w.spi.MetamodelGraphWalker - Visiting attribute path : qualityAdmin.createdOn
14:27:17.057 [main] DEBUG o.h.p.w.spi.MetamodelGraphWalker - Visiting attribute path : qualityAdmin.updatedOn
14:27:17.057 [main] DEBUG o.h.p.w.spi.MetamodelGraphWalker - Visiting attribute path : qualityAdmin.email
14:27:17.057 [main] DEBUG o.h.p.w.spi.MetamodelGraphWalker - Visiting attribute path : qualityAdmin.enabled
14:27:17.057 [main] DEBUG o.h.p.w.spi.MetamodelGraphWalker - Visiting attribute path : qualityAdmin.fullName
14:27:17.057 [main] DEBUG o.h.p.w.spi.MetamodelGraphWalker - Visiting attribute path : qualityAdmin.isAdmin
14:27:17.057 [main] DEBUG o.h.p.w.spi.MetamodelGraphWalker - Visiting attribute path : qualityAdmin.lastLogin
14:27:17.057 [main] DEBUG o.h.p.w.spi.MetamodelGraphWalker - Visiting attribute path : qualityAdmin.loginCount
14:27:17.057 [main] DEBUG o.h.p.w.spi.MetamodelGraphWalker - Visiting attribute path : qualityAdmin.password
14:27:17.057 [main] DEBUG o.h.p.w.spi.MetamodelGraphWalker - Visiting attribute path : qualityAdmin.phone
14:27:17.057 [main] DEBUG o.h.p.w.spi.MetamodelGraphWalker - Visiting attribute path : qualityAdmin.projects
14:27:17.057 [main] DEBUG o.h.p.w.spi.MetamodelGraphWalker - Visiting attribute path : qualityAdmin.username
14:27:17.057 [main] DEBUG o.h.p.w.spi.MetamodelGraphWalker - Visiting attribute path : remark
14:27:17.057 [main] DEBUG o.h.p.w.spi.MetamodelGraphWalker - Visiting attribute path : reviewers
14:27:17.057 [main] DEBUG o.h.p.w.spi.MetamodelGraphWalker - Visiting attribute path : reviewingFinishDate
14:27:17.057 [main] DEBUG o.h.p.w.spi.MetamodelGraphWalker - Visiting attribute path : reviewingStartDate
14:27:17.057 [main] DEBUG o.h.p.w.spi.MetamodelGraphWalker - Visiting attribute path : scenario
14:27:17.057 [main] DEBUG o.h.p.w.spi.MetamodelGraphWalker - Visiting attribute path : score
14:27:17.057 [main] DEBUG o.h.p.w.spi.MetamodelGraphWalker - Visiting attribute path : status
14:27:17.057 [main] DEBUG o.h.p.w.spi.MetamodelGraphWalker - Visiting attribute path : status.createdOn
14:27:17.057 [main] DEBUG o.h.p.w.spi.MetamodelGraphWalker - Visiting attribute path : status.updatedOn
14:27:17.057 [main] DEBUG o.h.p.w.spi.MetamodelGraphWalker - Visiting attribute path : status.isFinish
14:27:17.057 [main] DEBUG o.h.p.w.spi.MetamodelGraphWalker - Visiting attribute path : status.isStart
14:27:17.057 [main] DEBUG o.h.p.w.spi.MetamodelGraphWalker - Visiting attribute path : status.name
14:27:17.057 [main] DEBUG o.h.p.w.spi.MetamodelGraphWalker - Visiting attribute path : status.accessibleByAuthor
14:27:17.057 [main] DEBUG o.h.p.w.spi.MetamodelGraphWalker - Visiting attribute path : status.accessibleByFacilitator
14:27:17.057 [main] DEBUG o.h.p.w.spi.MetamodelGraphWalker - Visiting attribute path : status.accessibleByQualityAdmin
14:27:17.057 [main] DEBUG o.h.p.w.spi.MetamodelGraphWalker - Visiting attribute path : status.accessibleByReviewer
14:27:17.057 [main] DEBUG o.h.p.w.spi.MetamodelGraphWalker - Visiting attribute path : stem
14:27:17.057 [main] DEBUG o.h.p.w.spi.MetamodelGraphWalker - Visiting attribute path : type
14:27:17.057 [main] DEBUG o.h.p.w.spi.MetamodelGraphWalker - Visiting attribute path : type.createdOn
14:27:17.057 [main] DEBUG o.h.p.w.spi.MetamodelGraphWalker - Visiting attribute path : type.updatedOn
14:27:17.057 [main] DEBUG o.h.p.w.spi.MetamodelGraphWalker - Visiting attribute path : type.name
14:27:17.058 [main] DEBUG o.h.p.w.spi.MetamodelGraphWalker - Visiting attribute path : createdOn
14:27:17.058 [main] DEBUG o.h.p.w.spi.MetamodelGraphWalker - Visiting attribute path : updatedOn
14:27:17.058 [main] DEBUG o.h.p.w.spi.MetamodelGraphWalker - Visiting attribute path : author
14:27:17.058 [main] DEBUG o.h.p.w.spi.MetamodelGraphWalker - Visiting attribute path : author.createdOn
14:27:17.058 [main] DEBUG o.h.p.w.spi.MetamodelGraphWalker - Visiting attribute path : author.updatedOn
14:27:17.058 [main] DEBUG o.h.p.w.spi.MetamodelGraphWalker - Visiting attribute path : author.email
14:27:17.058 [main] DEBUG o.h.p.w.spi.MetamodelGraphWalker - Visiting attribute path : author.enabled
14:27:17.058 [main] DEBUG o.h.p.w.spi.MetamodelGraphWalker - Visiting attribute path : author.fullName
14:27:17.058 [main] DEBUG o.h.p.w.spi.MetamodelGraphWalker - Visiting attribute path : author.isAdmin
14:27:17.058 [main] DEBUG o.h.p.w.spi.MetamodelGraphWalker - Visiting attribute path : author.lastLogin
14:27:17.058 [main] DEBUG o.h.p.w.spi.MetamodelGraphWalker - Visiting attribute path : author.loginCount
14:27:17.058 [main] DEBUG o.h.p.w.spi.MetamodelGraphWalker - Visiting attribute path : author.password
14:27:17.058 [main] DEBUG o.h.p.w.spi.MetamodelGraphWalker - Visiting attribute path : author.phone
14:27:17.058 [main] DEBUG o.h.p.w.spi.MetamodelGraphWalker - Visiting attribute path : author.projects
14:27:17.058 [main] DEBUG o.h.p.w.spi.MetamodelGraphWalker - Visiting attribute path : author.username
14:27:17.058 [main] DEBUG o.h.p.w.spi.MetamodelGraphWalker - Visiting attribute path : authoringFinishDate
14:27:17.059 [main] DEBUG o.h.p.w.spi.MetamodelGraphWalker - Visiting attribute path : authoringStartDate
14:27:17.059 [main] DEBUG o.h.p.w.spi.MetamodelGraphWalker - Visiting attribute path : customField2
14:27:17.059 [main] DEBUG o.h.p.w.spi.MetamodelGraphWalker - Visiting attribute path : customField3
14:27:17.059 [main] DEBUG o.h.p.w.spi.MetamodelGraphWalker - Visiting attribute path : customFiled1
14:27:17.059 [main] DEBUG o.h.p.w.spi.MetamodelGraphWalker - Visiting attribute path : description
14:27:17.059 [main] DEBUG o.h.p.w.spi.MetamodelGraphWalker - Visiting attribute path : difficulty
14:27:17.059 [main] DEBUG o.h.p.w.spi.MetamodelGraphWalker - Visiting attribute path : images
14:27:17.059 [main] DEBUG o.h.p.w.spi.MetamodelGraphWalker - Visiting attribute path : knowledgePoint
14:27:17.059 [main] DEBUG o.h.p.w.spi.MetamodelGraphWalker - Visiting attribute path : knowledgePoint.createdOn
14:27:17.059 [main] DEBUG o.h.p.w.spi.MetamodelGraphWalker - Visiting attribute path : knowledgePoint.updatedOn
14:27:17.059 [main] DEBUG o.h.p.w.spi.MetamodelGraphWalker - Visiting attribute path : knowledgePoint.chapter
14:27:17.059 [main] DEBUG o.h.p.w.spi.MetamodelGraphWalker - Visiting attribute path : knowledgePoint.chapter.createdOn
14:27:17.059 [main] DEBUG o.h.p.w.spi.MetamodelGraphWalker - Visiting attribute path : knowledgePoint.chapter.updatedOn
14:27:17.059 [main] DEBUG o.h.p.w.spi.MetamodelGraphWalker - Visiting attribute path : knowledgePoint.chapter.number
14:27:17.059 [main] DEBUG o.h.p.w.spi.MetamodelGraphWalker - Visiting attribute path : knowledgePoint.chapter.points
14:27:17.059 [main] DEBUG o.h.p.w.spi.MetamodelGraphWalker - Property path deemed to be circular : knowledgePoint.chapter.points
14:27:17.059 [main] DEBUG o.h.p.w.spi.MetamodelGraphWalker - Visiting attribute path : knowledgePoint.chapter.syllabus
14:27:17.059 [main] DEBUG o.h.p.w.spi.MetamodelGraphWalker - Visiting attribute path : knowledgePoint.chapter.title
14:27:17.059 [main] DEBUG o.h.p.w.spi.MetamodelGraphWalker - Visiting attribute path : knowledgePoint.kLevel
14:27:17.059 [main] DEBUG o.h.p.w.spi.MetamodelGraphWalker - Visiting attribute path : knowledgePoint.number
14:27:17.059 [main] DEBUG o.h.p.w.spi.MetamodelGraphWalker - Visiting attribute path : knowledgePoint.score
14:27:17.059 [main] DEBUG o.h.p.w.spi.MetamodelGraphWalker - Visiting attribute path : knowledgePoint.title
14:27:17.059 [main] DEBUG o.h.p.w.spi.MetamodelGraphWalker - Visiting attribute path : language
14:27:17.059 [main] DEBUG o.h.p.w.spi.MetamodelGraphWalker - Visiting attribute path : language.createdOn
14:27:17.059 [main] DEBUG o.h.p.w.spi.MetamodelGraphWalker - Visiting attribute path : language.updatedOn
14:27:17.059 [main] DEBUG o.h.p.w.spi.MetamodelGraphWalker - Visiting attribute path : language.name
14:27:17.059 [main] DEBUG o.h.p.w.spi.MetamodelGraphWalker - Visiting attribute path : memo
14:27:17.059 [main] DEBUG o.h.p.w.spi.MetamodelGraphWalker - Visiting attribute path : multipleChoice
14:27:17.060 [main] DEBUG o.h.p.w.spi.MetamodelGraphWalker - Visiting attribute path : project
14:27:17.060 [main] DEBUG o.h.p.w.spi.MetamodelGraphWalker - Visiting attribute path : project.createdOn
14:27:17.060 [main] DEBUG o.h.p.w.spi.MetamodelGraphWalker - Visiting attribute path : project.updatedOn
14:27:17.060 [main] DEBUG o.h.p.w.spi.MetamodelGraphWalker - Visiting attribute path : project.customField1
14:27:17.060 [main] DEBUG o.h.p.w.spi.MetamodelGraphWalker - Visiting attribute path : project.customField2
14:27:17.060 [main] DEBUG o.h.p.w.spi.MetamodelGraphWalker - Visiting attribute path : project.customField3
14:27:17.060 [main] DEBUG o.h.p.w.spi.MetamodelGraphWalker - Visiting attribute path : project.exportedBy
14:27:17.060 [main] DEBUG o.h.p.w.spi.MetamodelGraphWalker - Visiting attribute path : project.exportedBy.createdOn
14:27:17.060 [main] DEBUG o.h.p.w.spi.MetamodelGraphWalker - Visiting attribute path : project.exportedBy.updatedOn
14:27:17.060 [main] DEBUG o.h.p.w.spi.MetamodelGraphWalker - Visiting attribute path : project.exportedBy.email
14:27:17.060 [main] DEBUG o.h.p.w.spi.MetamodelGraphWalker - Visiting attribute path : project.exportedBy.enabled
14:27:17.060 [main] DEBUG o.h.p.w.spi.MetamodelGraphWalker - Visiting attribute path : project.exportedBy.fullName
14:27:17.060 [main] DEBUG o.h.p.w.spi.MetamodelGraphWalker - Visiting attribute path : project.exportedBy.isAdmin
14:27:17.060 [main] DEBUG o.h.p.w.spi.MetamodelGraphWalker - Visiting attribute path : project.exportedBy.lastLogin
14:27:17.060 [main] DEBUG o.h.p.w.spi.MetamodelGraphWalker - Visiting attribute path : project.exportedBy.loginCount
14:27:17.060 [main] DEBUG o.h.p.w.spi.MetamodelGraphWalker - Visiting attribute path : project.exportedBy.password
14:27:17.060 [main] DEBUG o.h.p.w.spi.MetamodelGraphWalker - Visiting attribute path : project.exportedBy.phone
14:27:17.060 [main] DEBUG o.h.p.w.spi.MetamodelGraphWalker - Visiting attribute path : project.exportedBy.projects
14:27:17.060 [main] DEBUG o.h.p.w.spi.MetamodelGraphWalker - Visiting attribute path : project.exportedBy.username
14:27:17.060 [main] DEBUG o.h.p.w.spi.MetamodelGraphWalker - Visiting attribute path : project.exportedOn
14:27:17.060 [main] DEBUG o.h.p.w.spi.MetamodelGraphWalker - Visiting attribute path : project.facilitator
14:27:17.060 [main] DEBUG o.h.p.w.spi.MetamodelGraphWalker - Visiting attribute path : project.facilitator.createdOn
14:27:17.060 [main] DEBUG o.h.p.w.spi.MetamodelGraphWalker - Visiting attribute path : project.facilitator.updatedOn
14:27:17.060 [main] DEBUG o.h.p.w.spi.MetamodelGraphWalker - Visiting attribute path : project.facilitator.email
14:27:17.060 [main] DEBUG o.h.p.w.spi.MetamodelGraphWalker - Visiting attribute path : project.facilitator.enabled
14:27:17.061 [main] DEBUG o.h.p.w.spi.MetamodelGraphWalker - Visiting attribute path : project.facilitator.fullName
14:27:17.061 [main] DEBUG o.h.p.w.spi.MetamodelGraphWalker - Visiting attribute path : project.facilitator.isAdmin
14:27:17.061 [main] DEBUG o.h.p.w.spi.MetamodelGraphWalker - Visiting attribute path : project.facilitator.lastLogin
14:27:17.061 [main] DEBUG o.h.p.w.spi.MetamodelGraphWalker - Visiting attribute path : project.facilitator.loginCount
14:27:17.061 [main] DEBUG o.h.p.w.spi.MetamodelGraphWalker - Visiting attribute path : project.facilitator.password
14:27:17.061 [main] DEBUG o.h.p.w.spi.MetamodelGraphWalker - Visiting attribute path : project.facilitator.phone
14:27:17.061 [main] DEBUG o.h.p.w.spi.MetamodelGraphWalker - Visiting attribute path : project.facilitator.projects
14:27:17.061 [main] DEBUG o.h.p.w.spi.MetamodelGraphWalker - Visiting attribute path : project.facilitator.username
14:27:17.061 [main] DEBUG o.h.p.w.spi.MetamodelGraphWalker - Visiting attribute path : project.finishDate
14:27:17.061 [main] DEBUG o.h.p.w.spi.MetamodelGraphWalker - Visiting attribute path : project.name
14:27:17.061 [main] DEBUG o.h.p.w.spi.MetamodelGraphWalker - Visiting attribute path : project.startDate
14:27:17.061 [main] DEBUG o.h.p.w.spi.MetamodelGraphWalker - Visiting attribute path : project.status
14:27:17.061 [main] DEBUG o.h.p.w.spi.MetamodelGraphWalker - Visiting attribute path : project.status.createdOn
14:27:17.061 [main] DEBUG o.h.p.w.spi.MetamodelGraphWalker - Visiting attribute path : project.status.updatedOn
14:27:17.061 [main] DEBUG o.h.p.w.spi.MetamodelGraphWalker - Visiting attribute path : project.status.isFinish
14:27:17.061 [main] DEBUG o.h.p.w.spi.MetamodelGraphWalker - Visiting attribute path : project.status.isStart
14:27:17.061 [main] DEBUG o.h.p.w.spi.MetamodelGraphWalker - Visiting attribute path : project.status.name
14:27:17.061 [main] DEBUG o.h.p.w.spi.MetamodelGraphWalker - Visiting attribute path : project.syllabus
14:27:17.061 [main] DEBUG o.h.p.w.spi.MetamodelGraphWalker - Visiting attribute path : project.syllabus.createdOn
14:27:17.061 [main] DEBUG o.h.p.w.spi.MetamodelGraphWalker - Visiting attribute path : project.syllabus.updatedOn
14:27:17.061 [main] DEBUG o.h.p.w.spi.MetamodelGraphWalker - Visiting attribute path : project.syllabus.chapters
14:27:17.061 [main] DEBUG o.h.p.w.spi.MetamodelGraphWalker - Visiting attribute path : project.syllabus.isDisabled
14:27:17.061 [main] DEBUG o.h.p.w.spi.MetamodelGraphWalker - Visiting attribute path : project.syllabus.level
14:27:17.061 [main] DEBUG o.h.p.w.spi.MetamodelGraphWalker - Visiting attribute path : project.syllabus.version
14:27:17.061 [main] DEBUG o.h.p.w.spi.MetamodelGraphWalker - Visiting attribute path : project.users
14:27:17.061 [main] DEBUG o.h.p.w.spi.MetamodelGraphWalker - Visiting attribute path : published
14:27:17.061 [main] DEBUG o.h.p.w.spi.MetamodelGraphWalker - Visiting attribute path : qualityAdmin
14:27:17.061 [main] DEBUG o.h.p.w.spi.MetamodelGraphWalker - Visiting attribute path : qualityAdmin.createdOn
14:27:17.061 [main] DEBUG o.h.p.w.spi.MetamodelGraphWalker - Visiting attribute path : qualityAdmin.updatedOn
14:27:17.061 [main] DEBUG o.h.p.w.spi.MetamodelGraphWalker - Visiting attribute path : qualityAdmin.email
14:27:17.061 [main] DEBUG o.h.p.w.spi.MetamodelGraphWalker - Visiting attribute path : qualityAdmin.enabled
14:27:17.061 [main] DEBUG o.h.p.w.spi.MetamodelGraphWalker - Visiting attribute path : qualityAdmin.fullName
14:27:17.061 [main] DEBUG o.h.p.w.spi.MetamodelGraphWalker - Visiting attribute path : qualityAdmin.isAdmin
14:27:17.061 [main] DEBUG o.h.p.w.spi.MetamodelGraphWalker - Visiting attribute path : qualityAdmin.lastLogin
14:27:17.061 [main] DEBUG o.h.p.w.spi.MetamodelGraphWalker - Visiting attribute path : qualityAdmin.loginCount
14:27:17.061 [main] DEBUG o.h.p.w.spi.MetamodelGraphWalker - Visiting attribute path : qualityAdmin.password
14:27:17.061 [main] DEBUG o.h.p.w.spi.MetamodelGraphWalker - Visiting attribute path : qualityAdmin.phone
14:27:17.061 [main] DEBUG o.h.p.w.spi.MetamodelGraphWalker - Visiting attribute path : qualityAdmin.projects
14:27:17.061 [main] DEBUG o.h.p.w.spi.MetamodelGraphWalker - Visiting attribute path : qualityAdmin.username
14:27:17.062 [main] DEBUG o.h.p.w.spi.MetamodelGraphWalker - Visiting attribute path : remark
14:27:17.062 [main] DEBUG o.h.p.w.spi.MetamodelGraphWalker - Visiting attribute path : reviewers
14:27:17.062 [main] DEBUG o.h.p.w.spi.MetamodelGraphWalker - Visiting attribute path : reviewingFinishDate
14:27:17.062 [main] DEBUG o.h.p.w.spi.MetamodelGraphWalker - Visiting attribute path : reviewingStartDate
14:27:17.062 [main] DEBUG o.h.p.w.spi.MetamodelGraphWalker - Visiting attribute path : scenario
14:27:17.062 [main] DEBUG o.h.p.w.spi.MetamodelGraphWalker - Visiting attribute path : score
14:27:17.062 [main] DEBUG o.h.p.w.spi.MetamodelGraphWalker - Visiting attribute path : status
14:27:17.062 [main] DEBUG o.h.p.w.spi.MetamodelGraphWalker - Visiting attribute path : status.createdOn
14:27:17.062 [main] DEBUG o.h.p.w.spi.MetamodelGraphWalker - Visiting attribute path : status.updatedOn
14:27:17.062 [main] DEBUG o.h.p.w.spi.MetamodelGraphWalker - Visiting attribute path : status.isFinish
14:27:17.062 [main] DEBUG o.h.p.w.spi.MetamodelGraphWalker - Visiting attribute path : status.isStart
14:27:17.062 [main] DEBUG o.h.p.w.spi.MetamodelGraphWalker - Visiting attribute path : status.name
14:27:17.062 [main] DEBUG o.h.p.w.spi.MetamodelGraphWalker - Visiting attribute path : status.accessibleByAuthor
14:27:17.062 [main] DEBUG o.h.p.w.spi.MetamodelGraphWalker - Visiting attribute path : status.accessibleByFacilitator
14:27:17.062 [main] DEBUG o.h.p.w.spi.MetamodelGraphWalker - Visiting attribute path : status.accessibleByQualityAdmin
14:27:17.062 [main] DEBUG o.h.p.w.spi.MetamodelGraphWalker - Visiting attribute path : status.accessibleByReviewer
14:27:17.062 [main] DEBUG o.h.p.w.spi.MetamodelGraphWalker - Visiting attribute path : stem
14:27:17.062 [main] DEBUG o.h.p.w.spi.MetamodelGraphWalker - Visiting attribute path : type
14:27:17.062 [main] DEBUG o.h.p.w.spi.MetamodelGraphWalker - Visiting attribute path : type.createdOn
14:27:17.062 [main] DEBUG o.h.p.w.spi.MetamodelGraphWalker - Visiting attribute path : type.updatedOn
14:27:17.062 [main] DEBUG o.h.p.w.spi.MetamodelGraphWalker - Visiting attribute path : type.name
14:27:17.063 [main] DEBUG o.h.p.w.spi.MetamodelGraphWalker - Visiting attribute path : createdOn
14:27:17.063 [main] DEBUG o.h.p.w.spi.MetamodelGraphWalker - Visiting attribute path : updatedOn
14:27:17.063 [main] DEBUG o.h.p.w.spi.MetamodelGraphWalker - Visiting attribute path : author
14:27:17.063 [main] DEBUG o.h.p.w.spi.MetamodelGraphWalker - Visiting attribute path : authoringFinishDate
14:27:17.063 [main] DEBUG o.h.p.w.spi.MetamodelGraphWalker - Visiting attribute path : authoringStartDate
14:27:17.063 [main] DEBUG o.h.p.w.spi.MetamodelGraphWalker - Visiting attribute path : customField2
14:27:17.063 [main] DEBUG o.h.p.w.spi.MetamodelGraphWalker - Visiting attribute path : customField3
14:27:17.063 [main] DEBUG o.h.p.w.spi.MetamodelGraphWalker - Visiting attribute path : customFiled1
14:27:17.063 [main] DEBUG o.h.p.w.spi.MetamodelGraphWalker - Visiting attribute path : description
14:27:17.063 [main] DEBUG o.h.p.w.spi.MetamodelGraphWalker - Visiting attribute path : difficulty
14:27:17.063 [main] DEBUG o.h.p.w.spi.MetamodelGraphWalker - Visiting attribute path : images
14:27:17.063 [main] DEBUG o.h.p.w.spi.MetamodelGraphWalker - Visiting attribute path : knowledgePoint
14:27:17.063 [main] DEBUG o.h.p.w.spi.MetamodelGraphWalker - Visiting attribute path : language
14:27:17.063 [main] DEBUG o.h.p.w.spi.MetamodelGraphWalker - Visiting attribute path : memo
14:27:17.064 [main] DEBUG o.h.p.w.spi.MetamodelGraphWalker - Visiting attribute path : multipleChoice
14:27:17.064 [main] DEBUG o.h.p.w.spi.MetamodelGraphWalker - Visiting attribute path : project
14:27:17.064 [main] DEBUG o.h.p.w.spi.MetamodelGraphWalker - Visiting attribute path : published
14:27:17.064 [main] DEBUG o.h.p.w.spi.MetamodelGraphWalker - Visiting attribute path : qualityAdmin
14:27:17.064 [main] DEBUG o.h.p.w.spi.MetamodelGraphWalker - Visiting attribute path : remark
14:27:17.064 [main] DEBUG o.h.p.w.spi.MetamodelGraphWalker - Visiting attribute path : reviewers
14:27:17.064 [main] DEBUG o.h.p.w.spi.MetamodelGraphWalker - Visiting attribute path : reviewingFinishDate
14:27:17.064 [main] DEBUG o.h.p.w.spi.MetamodelGraphWalker - Visiting attribute path : reviewingStartDate
14:27:17.064 [main] DEBUG o.h.p.w.spi.MetamodelGraphWalker - Visiting attribute path : scenario
14:27:17.064 [main] DEBUG o.h.p.w.spi.MetamodelGraphWalker - Visiting attribute path : score
14:27:17.064 [main] DEBUG o.h.p.w.spi.MetamodelGraphWalker - Visiting attribute path : status
14:27:17.064 [main] DEBUG o.h.p.w.spi.MetamodelGraphWalker - Visiting attribute path : stem
14:27:17.064 [main] DEBUG o.h.p.w.spi.MetamodelGraphWalker - Visiting attribute path : type
14:27:17.065 [main] DEBUG o.h.p.w.spi.MetamodelGraphWalker - Visiting attribute path : createdOn
14:27:17.065 [main] DEBUG o.h.p.w.spi.MetamodelGraphWalker - Visiting attribute path : updatedOn
14:27:17.065 [main] DEBUG o.h.p.w.spi.MetamodelGraphWalker - Visiting attribute path : author
14:27:17.065 [main] DEBUG o.h.p.w.spi.MetamodelGraphWalker - Visiting attribute path : authoringFinishDate
14:27:17.065 [main] DEBUG o.h.p.w.spi.MetamodelGraphWalker - Visiting attribute path : authoringStartDate
14:27:17.065 [main] DEBUG o.h.p.w.spi.MetamodelGraphWalker - Visiting attribute path : customField2
14:27:17.065 [main] DEBUG o.h.p.w.spi.MetamodelGraphWalker - Visiting attribute path : customField3
14:27:17.065 [main] DEBUG o.h.p.w.spi.MetamodelGraphWalker - Visiting attribute path : customFiled1
14:27:17.065 [main] DEBUG o.h.p.w.spi.MetamodelGraphWalker - Visiting attribute path : description
14:27:17.065 [main] DEBUG o.h.p.w.spi.MetamodelGraphWalker - Visiting attribute path : difficulty
14:27:17.065 [main] DEBUG o.h.p.w.spi.MetamodelGraphWalker - Visiting attribute path : images
14:27:17.065 [main] DEBUG o.h.p.w.spi.MetamodelGraphWalker - Visiting attribute path : knowledgePoint
14:27:17.065 [main] DEBUG o.h.p.w.spi.MetamodelGraphWalker - Visiting attribute path : language
14:27:17.065 [main] DEBUG o.h.p.w.spi.MetamodelGraphWalker - Visiting attribute path : memo
14:27:17.065 [main] DEBUG o.h.p.w.spi.MetamodelGraphWalker - Visiting attribute path : multipleChoice
14:27:17.065 [main] DEBUG o.h.p.w.spi.MetamodelGraphWalker - Visiting attribute path : project
14:27:17.065 [main] DEBUG o.h.p.w.spi.MetamodelGraphWalker - Visiting attribute path : published
14:27:17.065 [main] DEBUG o.h.p.w.spi.MetamodelGraphWalker - Visiting attribute path : qualityAdmin
14:27:17.065 [main] DEBUG o.h.p.w.spi.MetamodelGraphWalker - Visiting attribute path : remark
14:27:17.066 [main] DEBUG o.h.p.w.spi.MetamodelGraphWalker - Visiting attribute path : reviewers
14:27:17.066 [main] DEBUG o.h.p.w.spi.MetamodelGraphWalker - Visiting attribute path : reviewingFinishDate
14:27:17.066 [main] DEBUG o.h.p.w.spi.MetamodelGraphWalker - Visiting attribute path : reviewingStartDate
14:27:17.066 [main] DEBUG o.h.p.w.spi.MetamodelGraphWalker - Visiting attribute path : scenario
14:27:17.066 [main] DEBUG o.h.p.w.spi.MetamodelGraphWalker - Visiting attribute path : score
14:27:17.066 [main] DEBUG o.h.p.w.spi.MetamodelGraphWalker - Visiting attribute path : status
14:27:17.066 [main] DEBUG o.h.p.w.spi.MetamodelGraphWalker - Visiting attribute path : stem
14:27:17.066 [main] DEBUG o.h.p.w.spi.MetamodelGraphWalker - Visiting attribute path : type
14:27:17.067 [main] DEBUG o.h.p.w.spi.MetamodelGraphWalker - Visiting attribute path : createdOn
14:27:17.067 [main] DEBUG o.h.p.w.spi.MetamodelGraphWalker - Visiting attribute path : updatedOn
14:27:17.067 [main] DEBUG o.h.p.w.spi.MetamodelGraphWalker - Visiting attribute path : author
14:27:17.067 [main] DEBUG o.h.p.w.spi.MetamodelGraphWalker - Visiting attribute path : authoringFinishDate
14:27:17.067 [main] DEBUG o.h.p.w.spi.MetamodelGraphWalker - Visiting attribute path : authoringStartDate
14:27:17.067 [main] DEBUG o.h.p.w.spi.MetamodelGraphWalker - Visiting attribute path : customField2
14:27:17.067 [main] DEBUG o.h.p.w.spi.MetamodelGraphWalker - Visiting attribute path : customField3
14:27:17.067 [main] DEBUG o.h.p.w.spi.MetamodelGraphWalker - Visiting attribute path : customFiled1
14:27:17.067 [main] DEBUG o.h.p.w.spi.MetamodelGraphWalker - Visiting attribute path : description
14:27:17.067 [main] DEBUG o.h.p.w.spi.MetamodelGraphWalker - Visiting attribute path : difficulty
14:27:17.067 [main] DEBUG o.h.p.w.spi.MetamodelGraphWalker - Visiting attribute path : images
14:27:17.067 [main] DEBUG o.h.p.w.spi.MetamodelGraphWalker - Visiting attribute path : knowledgePoint
14:27:17.067 [main] DEBUG o.h.p.w.spi.MetamodelGraphWalker - Visiting attribute path : language
14:27:17.067 [main] DEBUG o.h.p.w.spi.MetamodelGraphWalker - Visiting attribute path : memo
14:27:17.067 [main] DEBUG o.h.p.w.spi.MetamodelGraphWalker - Visiting attribute path : multipleChoice
14:27:17.067 [main] DEBUG o.h.p.w.spi.MetamodelGraphWalker - Visiting attribute path : project
14:27:17.067 [main] DEBUG o.h.p.w.spi.MetamodelGraphWalker - Visiting attribute path : published
14:27:17.067 [main] DEBUG o.h.p.w.spi.MetamodelGraphWalker - Visiting attribute path : qualityAdmin
14:27:17.067 [main] DEBUG o.h.p.w.spi.MetamodelGraphWalker - Visiting attribute path : remark
14:27:17.067 [main] DEBUG o.h.p.w.spi.MetamodelGraphWalker - Visiting attribute path : reviewers
14:27:17.067 [main] DEBUG o.h.p.w.spi.MetamodelGraphWalker - Visiting attribute path : reviewingFinishDate
14:27:17.068 [main] DEBUG o.h.p.w.spi.MetamodelGraphWalker - Visiting attribute path : reviewingStartDate
14:27:17.068 [main] DEBUG o.h.p.w.spi.MetamodelGraphWalker - Visiting attribute path : scenario
14:27:17.068 [main] DEBUG o.h.p.w.spi.MetamodelGraphWalker - Visiting attribute path : score
14:27:17.068 [main] DEBUG o.h.p.w.spi.MetamodelGraphWalker - Visiting attribute path : status
14:27:17.068 [main] DEBUG o.h.p.w.spi.MetamodelGraphWalker - Visiting attribute path : stem
14:27:17.068 [main] DEBUG o.h.p.w.spi.MetamodelGraphWalker - Visiting attribute path : type
14:27:17.068 [main] DEBUG o.h.p.w.spi.MetamodelGraphWalker - Visiting attribute path : createdOn
14:27:17.068 [main] DEBUG o.h.p.w.spi.MetamodelGraphWalker - Visiting attribute path : updatedOn
14:27:17.068 [main] DEBUG o.h.p.w.spi.MetamodelGraphWalker - Visiting attribute path : author
14:27:17.068 [main] DEBUG o.h.p.w.spi.MetamodelGraphWalker - Visiting attribute path : authoringFinishDate
14:27:17.068 [main] DEBUG o.h.p.w.spi.MetamodelGraphWalker - Visiting attribute path : authoringStartDate
14:27:17.068 [main] DEBUG o.h.p.w.spi.MetamodelGraphWalker - Visiting attribute path : customField2
14:27:17.068 [main] DEBUG o.h.p.w.spi.MetamodelGraphWalker - Visiting attribute path : customField3
14:27:17.068 [main] DEBUG o.h.p.w.spi.MetamodelGraphWalker - Visiting attribute path : customFiled1
14:27:17.069 [main] DEBUG o.h.p.w.spi.MetamodelGraphWalker - Visiting attribute path : description
14:27:17.069 [main] DEBUG o.h.p.w.spi.MetamodelGraphWalker - Visiting attribute path : difficulty
14:27:17.069 [main] DEBUG o.h.p.w.spi.MetamodelGraphWalker - Visiting attribute path : images
14:27:17.069 [main] DEBUG o.h.p.w.spi.MetamodelGraphWalker - Visiting attribute path : knowledgePoint
14:27:17.069 [main] DEBUG o.h.p.w.spi.MetamodelGraphWalker - Visiting attribute path : language
14:27:17.069 [main] DEBUG o.h.p.w.spi.MetamodelGraphWalker - Visiting attribute path : memo
14:27:17.069 [main] DEBUG o.h.p.w.spi.MetamodelGraphWalker - Visiting attribute path : multipleChoice
14:27:17.069 [main] DEBUG o.h.p.w.spi.MetamodelGraphWalker - Visiting attribute path : project
14:27:17.069 [main] DEBUG o.h.p.w.spi.MetamodelGraphWalker - Visiting attribute path : published
14:27:17.069 [main] DEBUG o.h.p.w.spi.MetamodelGraphWalker - Visiting attribute path : qualityAdmin
14:27:17.069 [main] DEBUG o.h.p.w.spi.MetamodelGraphWalker - Visiting attribute path : remark
14:27:17.069 [main] DEBUG o.h.p.w.spi.MetamodelGraphWalker - Visiting attribute path : reviewers
14:27:17.069 [main] DEBUG o.h.p.w.spi.MetamodelGraphWalker - Visiting attribute path : reviewingFinishDate
14:27:17.069 [main] DEBUG o.h.p.w.spi.MetamodelGraphWalker - Visiting attribute path : reviewingStartDate
14:27:17.069 [main] DEBUG o.h.p.w.spi.MetamodelGraphWalker - Visiting attribute path : scenario
14:27:17.069 [main] DEBUG o.h.p.w.spi.MetamodelGraphWalker - Visiting attribute path : score
14:27:17.069 [main] DEBUG o.h.p.w.spi.MetamodelGraphWalker - Visiting attribute path : status
14:27:17.069 [main] DEBUG o.h.p.w.spi.MetamodelGraphWalker - Visiting attribute path : stem
14:27:17.069 [main] DEBUG o.h.p.w.spi.MetamodelGraphWalker - Visiting attribute path : type
14:27:17.070 [main] DEBUG o.h.p.w.spi.MetamodelGraphWalker - Visiting attribute path : createdOn
14:27:17.070 [main] DEBUG o.h.p.w.spi.MetamodelGraphWalker - Visiting attribute path : updatedOn
14:27:17.070 [main] DEBUG o.h.p.w.spi.MetamodelGraphWalker - Visiting attribute path : author
14:27:17.070 [main] DEBUG o.h.p.w.spi.MetamodelGraphWalker - Visiting attribute path : authoringFinishDate
14:27:17.070 [main] DEBUG o.h.p.w.spi.MetamodelGraphWalker - Visiting attribute path : authoringStartDate
14:27:17.070 [main] DEBUG o.h.p.w.spi.MetamodelGraphWalker - Visiting attribute path : customField2
14:27:17.070 [main] DEBUG o.h.p.w.spi.MetamodelGraphWalker - Visiting attribute path : customField3
14:27:17.070 [main] DEBUG o.h.p.w.spi.MetamodelGraphWalker - Visiting attribute path : customFiled1
14:27:17.070 [main] DEBUG o.h.p.w.spi.MetamodelGraphWalker - Visiting attribute path : description
14:27:17.070 [main] DEBUG o.h.p.w.spi.MetamodelGraphWalker - Visiting attribute path : difficulty
14:27:17.070 [main] DEBUG o.h.p.w.spi.MetamodelGraphWalker - Visiting attribute path : images
14:27:17.070 [main] DEBUG o.h.p.w.spi.MetamodelGraphWalker - Visiting attribute path : knowledgePoint
14:27:17.070 [main] DEBUG o.h.p.w.spi.MetamodelGraphWalker - Visiting attribute path : language
14:27:17.070 [main] DEBUG o.h.p.w.spi.MetamodelGraphWalker - Visiting attribute path : memo
14:27:17.070 [main] DEBUG o.h.p.w.spi.MetamodelGraphWalker - Visiting attribute path : multipleChoice
14:27:17.071 [main] DEBUG o.h.p.w.spi.MetamodelGraphWalker - Visiting attribute path : project
14:27:17.071 [main] DEBUG o.h.p.w.spi.MetamodelGraphWalker - Visiting attribute path : published
14:27:17.071 [main] DEBUG o.h.p.w.spi.MetamodelGraphWalker - Visiting attribute path : qualityAdmin
14:27:17.071 [main] DEBUG o.h.p.w.spi.MetamodelGraphWalker - Visiting attribute path : remark
14:27:17.071 [main] DEBUG o.h.p.w.spi.MetamodelGraphWalker - Visiting attribute path : reviewers
14:27:17.071 [main] DEBUG o.h.p.w.spi.MetamodelGraphWalker - Visiting attribute path : reviewingFinishDate
14:27:17.071 [main] DEBUG o.h.p.w.spi.MetamodelGraphWalker - Visiting attribute path : reviewingStartDate
14:27:17.071 [main] DEBUG o.h.p.w.spi.MetamodelGraphWalker - Visiting attribute path : scenario
14:27:17.071 [main] DEBUG o.h.p.w.spi.MetamodelGraphWalker - Visiting attribute path : score
14:27:17.071 [main] DEBUG o.h.p.w.spi.MetamodelGraphWalker - Visiting attribute path : status
14:27:17.071 [main] DEBUG o.h.p.w.spi.MetamodelGraphWalker - Visiting attribute path : stem
14:27:17.071 [main] DEBUG o.h.p.w.spi.MetamodelGraphWalker - Visiting attribute path : type
14:27:17.071 [main] DEBUG o.h.p.w.spi.MetamodelGraphWalker - Visiting attribute path : createdOn
14:27:17.071 [main] DEBUG o.h.p.w.spi.MetamodelGraphWalker - Visiting attribute path : updatedOn
14:27:17.071 [main] DEBUG o.h.p.w.spi.MetamodelGraphWalker - Visiting attribute path : author
14:27:17.071 [main] DEBUG o.h.p.w.spi.MetamodelGraphWalker - Visiting attribute path : authoringFinishDate
14:27:17.071 [main] DEBUG o.h.p.w.spi.MetamodelGraphWalker - Visiting attribute path : authoringStartDate
14:27:17.071 [main] DEBUG o.h.p.w.spi.MetamodelGraphWalker - Visiting attribute path : customField2
14:27:17.071 [main] DEBUG o.h.p.w.spi.MetamodelGraphWalker - Visiting attribute path : customField3
14:27:17.071 [main] DEBUG o.h.p.w.spi.MetamodelGraphWalker - Visiting attribute path : customFiled1
14:27:17.071 [main] DEBUG o.h.p.w.spi.MetamodelGraphWalker - Visiting attribute path : description
14:27:17.071 [main] DEBUG o.h.p.w.spi.MetamodelGraphWalker - Visiting attribute path : difficulty
14:27:17.071 [main] DEBUG o.h.p.w.spi.MetamodelGraphWalker - Visiting attribute path : images
14:27:17.071 [main] DEBUG o.h.p.w.spi.MetamodelGraphWalker - Visiting attribute path : knowledgePoint
14:27:17.072 [main] DEBUG o.h.p.w.spi.MetamodelGraphWalker - Visiting attribute path : language
14:27:17.072 [main] DEBUG o.h.p.w.spi.MetamodelGraphWalker - Visiting attribute path : memo
14:27:17.072 [main] DEBUG o.h.p.w.spi.MetamodelGraphWalker - Visiting attribute path : multipleChoice
14:27:17.072 [main] DEBUG o.h.p.w.spi.MetamodelGraphWalker - Visiting attribute path : project
14:27:17.072 [main] DEBUG o.h.p.w.spi.MetamodelGraphWalker - Visiting attribute path : published
14:27:17.072 [main] DEBUG o.h.p.w.spi.MetamodelGraphWalker - Visiting attribute path : qualityAdmin
14:27:17.072 [main] DEBUG o.h.p.w.spi.MetamodelGraphWalker - Visiting attribute path : remark
14:27:17.072 [main] DEBUG o.h.p.w.spi.MetamodelGraphWalker - Visiting attribute path : reviewers
14:27:17.073 [main] DEBUG o.h.p.w.spi.MetamodelGraphWalker - Visiting attribute path : reviewingFinishDate
14:27:17.073 [main] DEBUG o.h.p.w.spi.MetamodelGraphWalker - Visiting attribute path : reviewingStartDate
14:27:17.073 [main] DEBUG o.h.p.w.spi.MetamodelGraphWalker - Visiting attribute path : scenario
14:27:17.073 [main] DEBUG o.h.p.w.spi.MetamodelGraphWalker - Visiting attribute path : score
14:27:17.073 [main] DEBUG o.h.p.w.spi.MetamodelGraphWalker - Visiting attribute path : status
14:27:17.073 [main] DEBUG o.h.p.w.spi.MetamodelGraphWalker - Visiting attribute path : stem
14:27:17.073 [main] DEBUG o.h.p.w.spi.MetamodelGraphWalker - Visiting attribute path : type
14:27:17.073 [main] DEBUG o.h.p.w.spi.MetamodelGraphWalker - Visiting attribute path : createdOn
14:27:17.073 [main] DEBUG o.h.p.w.spi.MetamodelGraphWalker - Visiting attribute path : updatedOn
14:27:17.073 [main] DEBUG o.h.p.w.spi.MetamodelGraphWalker - Visiting attribute path : author
14:27:17.073 [main] DEBUG o.h.p.w.spi.MetamodelGraphWalker - Visiting attribute path : authoringFinishDate
14:27:17.073 [main] DEBUG o.h.p.w.spi.MetamodelGraphWalker - Visiting attribute path : authoringStartDate
14:27:17.073 [main] DEBUG o.h.p.w.spi.MetamodelGraphWalker - Visiting attribute path : customField2
14:27:17.073 [main] DEBUG o.h.p.w.spi.MetamodelGraphWalker - Visiting attribute path : customField3
14:27:17.073 [main] DEBUG o.h.p.w.spi.MetamodelGraphWalker - Visiting attribute path : customFiled1
14:27:17.073 [main] DEBUG o.h.p.w.spi.MetamodelGraphWalker - Visiting attribute path : description
14:27:17.073 [main] DEBUG o.h.p.w.spi.MetamodelGraphWalker - Visiting attribute path : difficulty
14:27:17.073 [main] DEBUG o.h.p.w.spi.MetamodelGraphWalker - Visiting attribute path : images
14:27:17.074 [main] DEBUG o.h.p.w.spi.MetamodelGraphWalker - Visiting attribute path : knowledgePoint
14:27:17.074 [main] DEBUG o.h.p.w.spi.MetamodelGraphWalker - Visiting attribute path : language
14:27:17.074 [main] DEBUG o.h.p.w.spi.MetamodelGraphWalker - Visiting attribute path : memo
14:27:17.074 [main] DEBUG o.h.p.w.spi.MetamodelGraphWalker - Visiting attribute path : multipleChoice
14:27:17.074 [main] DEBUG o.h.p.w.spi.MetamodelGraphWalker - Visiting attribute path : project
14:27:17.074 [main] DEBUG o.h.p.w.spi.MetamodelGraphWalker - Visiting attribute path : published
14:27:17.074 [main] DEBUG o.h.p.w.spi.MetamodelGraphWalker - Visiting attribute path : qualityAdmin
14:27:17.074 [main] DEBUG o.h.p.w.spi.MetamodelGraphWalker - Visiting attribute path : remark
14:27:17.074 [main] DEBUG o.h.p.w.spi.MetamodelGraphWalker - Visiting attribute path : reviewers
14:27:17.074 [main] DEBUG o.h.p.w.spi.MetamodelGraphWalker - Visiting attribute path : reviewingFinishDate
14:27:17.074 [main] DEBUG o.h.p.w.spi.MetamodelGraphWalker - Visiting attribute path : reviewingStartDate
14:27:17.074 [main] DEBUG o.h.p.w.spi.MetamodelGraphWalker - Visiting attribute path : scenario
14:27:17.074 [main] DEBUG o.h.p.w.spi.MetamodelGraphWalker - Visiting attribute path : score
14:27:17.074 [main] DEBUG o.h.p.w.spi.MetamodelGraphWalker - Visiting attribute path : status
14:27:17.074 [main] DEBUG o.h.p.w.spi.MetamodelGraphWalker - Visiting attribute path : stem
14:27:17.074 [main] DEBUG o.h.p.w.spi.MetamodelGraphWalker - Visiting attribute path : type
14:27:17.074 [main] DEBUG o.h.p.w.spi.MetamodelGraphWalker - Visiting attribute path : createdOn
14:27:17.074 [main] DEBUG o.h.p.w.spi.MetamodelGraphWalker - Visiting attribute path : updatedOn
14:27:17.074 [main] DEBUG o.h.p.w.spi.MetamodelGraphWalker - Visiting attribute path : author
14:27:17.075 [main] DEBUG o.h.p.w.spi.MetamodelGraphWalker - Visiting attribute path : authoringFinishDate
14:27:17.075 [main] DEBUG o.h.p.w.spi.MetamodelGraphWalker - Visiting attribute path : authoringStartDate
14:27:17.075 [main] DEBUG o.h.p.w.spi.MetamodelGraphWalker - Visiting attribute path : customField2
14:27:17.075 [main] DEBUG o.h.p.w.spi.MetamodelGraphWalker - Visiting attribute path : customField3
14:27:17.075 [main] DEBUG o.h.p.w.spi.MetamodelGraphWalker - Visiting attribute path : customFiled1
14:27:17.075 [main] DEBUG o.h.p.w.spi.MetamodelGraphWalker - Visiting attribute path : description
14:27:17.075 [main] DEBUG o.h.p.w.spi.MetamodelGraphWalker - Visiting attribute path : difficulty
14:27:17.075 [main] DEBUG o.h.p.w.spi.MetamodelGraphWalker - Visiting attribute path : images
14:27:17.075 [main] DEBUG o.h.p.w.spi.MetamodelGraphWalker - Visiting attribute path : knowledgePoint
14:27:17.075 [main] DEBUG o.h.p.w.spi.MetamodelGraphWalker - Visiting attribute path : language
14:27:17.075 [main] DEBUG o.h.p.w.spi.MetamodelGraphWalker - Visiting attribute path : memo
14:27:17.075 [main] DEBUG o.h.p.w.spi.MetamodelGraphWalker - Visiting attribute path : multipleChoice
14:27:17.075 [main] DEBUG o.h.p.w.spi.MetamodelGraphWalker - Visiting attribute path : project
14:27:17.075 [main] DEBUG o.h.p.w.spi.MetamodelGraphWalker - Visiting attribute path : published
14:27:17.075 [main] DEBUG o.h.p.w.spi.MetamodelGraphWalker - Visiting attribute path : qualityAdmin
14:27:17.075 [main] DEBUG o.h.p.w.spi.MetamodelGraphWalker - Visiting attribute path : remark
14:27:17.075 [main] DEBUG o.h.p.w.spi.MetamodelGraphWalker - Visiting attribute path : reviewers
14:27:17.075 [main] DEBUG o.h.p.w.spi.MetamodelGraphWalker - Visiting attribute path : reviewingFinishDate
14:27:17.075 [main] DEBUG o.h.p.w.spi.MetamodelGraphWalker - Visiting attribute path : reviewingStartDate
14:27:17.075 [main] DEBUG o.h.p.w.spi.MetamodelGraphWalker - Visiting attribute path : scenario
14:27:17.075 [main] DEBUG o.h.p.w.spi.MetamodelGraphWalker - Visiting attribute path : score
14:27:17.075 [main] DEBUG o.h.p.w.spi.MetamodelGraphWalker - Visiting attribute path : status
14:27:17.076 [main] DEBUG o.h.p.w.spi.MetamodelGraphWalker - Visiting attribute path : stem
14:27:17.076 [main] DEBUG o.h.p.w.spi.MetamodelGraphWalker - Visiting attribute path : type
14:27:17.076 [main] DEBUG o.h.p.w.spi.MetamodelGraphWalker - Visiting attribute path : createdOn
14:27:17.076 [main] DEBUG o.h.p.w.spi.MetamodelGraphWalker - Visiting attribute path : updatedOn
14:27:17.076 [main] DEBUG o.h.p.w.spi.MetamodelGraphWalker - Visiting attribute path : author
14:27:17.076 [main] DEBUG o.h.p.w.spi.MetamodelGraphWalker - Visiting attribute path : authoringFinishDate
14:27:17.076 [main] DEBUG o.h.p.w.spi.MetamodelGraphWalker - Visiting attribute path : authoringStartDate
14:27:17.076 [main] DEBUG o.h.p.w.spi.MetamodelGraphWalker - Visiting attribute path : customField2
14:27:17.076 [main] DEBUG o.h.p.w.spi.MetamodelGraphWalker - Visiting attribute path : customField3
14:27:17.076 [main] DEBUG o.h.p.w.spi.MetamodelGraphWalker - Visiting attribute path : customFiled1
14:27:17.076 [main] DEBUG o.h.p.w.spi.MetamodelGraphWalker - Visiting attribute path : description
14:27:17.076 [main] DEBUG o.h.p.w.spi.MetamodelGraphWalker - Visiting attribute path : difficulty
14:27:17.077 [main] DEBUG o.h.p.w.spi.MetamodelGraphWalker - Visiting attribute path : images
14:27:17.077 [main] DEBUG o.h.p.w.spi.MetamodelGraphWalker - Visiting attribute path : knowledgePoint
14:27:17.077 [main] DEBUG o.h.p.w.spi.MetamodelGraphWalker - Visiting attribute path : language
14:27:17.077 [main] DEBUG o.h.p.w.spi.MetamodelGraphWalker - Visiting attribute path : memo
14:27:17.077 [main] DEBUG o.h.p.w.spi.MetamodelGraphWalker - Visiting attribute path : multipleChoice
14:27:17.077 [main] DEBUG o.h.p.w.spi.MetamodelGraphWalker - Visiting attribute path : project
14:27:17.077 [main] DEBUG o.h.p.w.spi.MetamodelGraphWalker - Visiting attribute path : published
14:27:17.077 [main] DEBUG o.h.p.w.spi.MetamodelGraphWalker - Visiting attribute path : qualityAdmin
14:27:17.077 [main] DEBUG o.h.p.w.spi.MetamodelGraphWalker - Visiting attribute path : remark
14:27:17.077 [main] DEBUG o.h.p.w.spi.MetamodelGraphWalker - Visiting attribute path : reviewers
14:27:17.077 [main] DEBUG o.h.p.w.spi.MetamodelGraphWalker - Visiting attribute path : reviewingFinishDate
14:27:17.077 [main] DEBUG o.h.p.w.spi.MetamodelGraphWalker - Visiting attribute path : reviewingStartDate
14:27:17.077 [main] DEBUG o.h.p.w.spi.MetamodelGraphWalker - Visiting attribute path : scenario
14:27:17.077 [main] DEBUG o.h.p.w.spi.MetamodelGraphWalker - Visiting attribute path : score
14:27:17.077 [main] DEBUG o.h.p.w.spi.MetamodelGraphWalker - Visiting attribute path : status
14:27:17.077 [main] DEBUG o.h.p.w.spi.MetamodelGraphWalker - Visiting attribute path : stem
14:27:17.077 [main] DEBUG o.h.p.w.spi.MetamodelGraphWalker - Visiting attribute path : type
14:27:17.078 [main] DEBUG o.h.p.entity.AbstractEntityPersister - Static SQL for entity: cn.cstqb.exam.testmaker.entities.Role
14:27:17.078 [main] DEBUG o.h.p.entity.AbstractEntityPersister -  Version select: select id from role where id =?
14:27:17.078 [main] DEBUG o.h.p.entity.AbstractEntityPersister -  Snapshot select: select role_.id, role_.updated_on as updated_3_18_, role_.name as name4_18_ from role role_ where role_.id=?
14:27:17.078 [main] DEBUG o.h.p.entity.AbstractEntityPersister -  Insert 0: insert into role (created_on, updated_on, name, id) values (?, ?, ?, ?)
14:27:17.078 [main] DEBUG o.h.p.entity.AbstractEntityPersister -  Update 0: update role set updated_on=?, name=? where id=?
14:27:17.078 [main] DEBUG o.h.p.entity.AbstractEntityPersister -  Delete 0: delete from role where id=?
14:27:17.078 [main] DEBUG o.h.p.entity.AbstractEntityPersister -  Identity insert: insert into role (created_on, updated_on, name) values (?, ?, ?)
14:27:17.079 [main] DEBUG o.h.p.w.spi.MetamodelGraphWalker - Visiting attribute path : createdOn
14:27:17.079 [main] DEBUG o.h.p.w.spi.MetamodelGraphWalker - Visiting attribute path : updatedOn
14:27:17.079 [main] DEBUG o.h.p.w.spi.MetamodelGraphWalker - Visiting attribute path : name
14:27:17.079 [main] DEBUG o.h.p.w.spi.MetamodelGraphWalker - Visiting attribute path : createdOn
14:27:17.079 [main] DEBUG o.h.p.w.spi.MetamodelGraphWalker - Visiting attribute path : updatedOn
14:27:17.079 [main] DEBUG o.h.p.w.spi.MetamodelGraphWalker - Visiting attribute path : name
14:27:17.079 [main] DEBUG o.h.p.w.spi.MetamodelGraphWalker - Visiting attribute path : createdOn
14:27:17.079 [main] DEBUG o.h.p.w.spi.MetamodelGraphWalker - Visiting attribute path : updatedOn
14:27:17.079 [main] DEBUG o.h.p.w.spi.MetamodelGraphWalker - Visiting attribute path : name
14:27:17.079 [main] DEBUG o.h.p.w.spi.MetamodelGraphWalker - Visiting attribute path : createdOn
14:27:17.079 [main] DEBUG o.h.p.w.spi.MetamodelGraphWalker - Visiting attribute path : updatedOn
14:27:17.079 [main] DEBUG o.h.p.w.spi.MetamodelGraphWalker - Visiting attribute path : name
14:27:17.080 [main] DEBUG o.h.p.w.spi.MetamodelGraphWalker - Visiting attribute path : createdOn
14:27:17.080 [main] DEBUG o.h.p.w.spi.MetamodelGraphWalker - Visiting attribute path : updatedOn
14:27:17.080 [main] DEBUG o.h.p.w.spi.MetamodelGraphWalker - Visiting attribute path : name
14:27:17.080 [main] DEBUG o.h.p.w.spi.MetamodelGraphWalker - Visiting attribute path : createdOn
14:27:17.080 [main] DEBUG o.h.p.w.spi.MetamodelGraphWalker - Visiting attribute path : updatedOn
14:27:17.080 [main] DEBUG o.h.p.w.spi.MetamodelGraphWalker - Visiting attribute path : name
14:27:17.080 [main] DEBUG o.h.p.w.spi.MetamodelGraphWalker - Visiting attribute path : createdOn
14:27:17.080 [main] DEBUG o.h.p.w.spi.MetamodelGraphWalker - Visiting attribute path : updatedOn
14:27:17.080 [main] DEBUG o.h.p.w.spi.MetamodelGraphWalker - Visiting attribute path : name
14:27:17.080 [main] DEBUG o.h.p.w.spi.MetamodelGraphWalker - Visiting attribute path : createdOn
14:27:17.080 [main] DEBUG o.h.p.w.spi.MetamodelGraphWalker - Visiting attribute path : updatedOn
14:27:17.080 [main] DEBUG o.h.p.w.spi.MetamodelGraphWalker - Visiting attribute path : name
14:27:17.081 [main] DEBUG o.h.p.w.spi.MetamodelGraphWalker - Visiting attribute path : createdOn
14:27:17.081 [main] DEBUG o.h.p.w.spi.MetamodelGraphWalker - Visiting attribute path : updatedOn
14:27:17.081 [main] DEBUG o.h.p.w.spi.MetamodelGraphWalker - Visiting attribute path : name
14:27:17.081 [main] DEBUG o.h.p.w.spi.MetamodelGraphWalker - Visiting attribute path : createdOn
14:27:17.081 [main] DEBUG o.h.p.w.spi.MetamodelGraphWalker - Visiting attribute path : updatedOn
14:27:17.081 [main] DEBUG o.h.p.w.spi.MetamodelGraphWalker - Visiting attribute path : name
14:27:17.081 [main] DEBUG o.h.p.w.spi.MetamodelGraphWalker - Visiting attribute path : createdOn
14:27:17.081 [main] DEBUG o.h.p.w.spi.MetamodelGraphWalker - Visiting attribute path : updatedOn
14:27:17.081 [main] DEBUG o.h.p.w.spi.MetamodelGraphWalker - Visiting attribute path : name
14:27:17.082 [main] DEBUG o.h.p.entity.AbstractEntityPersister - Static SQL for entity: cn.cstqb.exam.testmaker.entities.Project
14:27:17.082 [main] DEBUG o.h.p.entity.AbstractEntityPersister -  Version select: select id from project where id =?
14:27:17.082 [main] DEBUG o.h.p.entity.AbstractEntityPersister -  Snapshot select: select project_.id, project_.updated_on as updated_3_4_, project_.custom_field1 as custom_f4_4_, project_.custom_field2 as custom_f5_4_, project_.custom_field3 as custom_f6_4_, project_.exported_by as exporte11_4_, project_.exported_on as exported7_4_, project_.facilitator_id as facilit12_4_, project_.finish_date as finish_d8_4_, project_.name as name9_4_, project_.start_date as start_d10_4_, project_.status_id as status_13_4_, project_.syllabus_id as syllabu14_4_ from project project_ where project_.id=?
14:27:17.082 [main] DEBUG o.h.p.entity.AbstractEntityPersister -  Insert 0: insert into project (created_on, updated_on, custom_field1, custom_field2, custom_field3, exported_by, exported_on, facilitator_id, finish_date, name, start_date, status_id, syllabus_id, id) values (?, ?, ?, ?, ?, ?, ?, ?, ?, ?, ?, ?, ?, ?)
14:27:17.082 [main] DEBUG o.h.p.entity.AbstractEntityPersister -  Update 0: update project set updated_on=?, custom_field1=?, custom_field2=?, custom_field3=?, exported_by=?, exported_on=?, facilitator_id=?, finish_date=?, name=?, start_date=?, status_id=?, syllabus_id=? where id=?
14:27:17.082 [main] DEBUG o.h.p.entity.AbstractEntityPersister -  Delete 0: delete from project where id=?
14:27:17.082 [main] DEBUG o.h.p.entity.AbstractEntityPersister -  Identity insert: insert into project (created_on, updated_on, custom_field1, custom_field2, custom_field3, exported_by, exported_on, facilitator_id, finish_date, name, start_date, status_id, syllabus_id) values (?, ?, ?, ?, ?, ?, ?, ?, ?, ?, ?, ?, ?)
14:27:17.082 [main] DEBUG o.h.p.w.spi.MetamodelGraphWalker - Visiting attribute path : createdOn
14:27:17.082 [main] DEBUG o.h.p.w.spi.MetamodelGraphWalker - Visiting attribute path : updatedOn
14:27:17.082 [main] DEBUG o.h.p.w.spi.MetamodelGraphWalker - Visiting attribute path : customField1
14:27:17.082 [main] DEBUG o.h.p.w.spi.MetamodelGraphWalker - Visiting attribute path : customField2
14:27:17.082 [main] DEBUG o.h.p.w.spi.MetamodelGraphWalker - Visiting attribute path : customField3
14:27:17.082 [main] DEBUG o.h.p.w.spi.MetamodelGraphWalker - Visiting attribute path : exportedBy
14:27:17.082 [main] DEBUG o.h.p.w.spi.MetamodelGraphWalker - Visiting attribute path : exportedBy.createdOn
14:27:17.082 [main] DEBUG o.h.p.w.spi.MetamodelGraphWalker - Visiting attribute path : exportedBy.updatedOn
14:27:17.082 [main] DEBUG o.h.p.w.spi.MetamodelGraphWalker - Visiting attribute path : exportedBy.email
14:27:17.082 [main] DEBUG o.h.p.w.spi.MetamodelGraphWalker - Visiting attribute path : exportedBy.enabled
14:27:17.082 [main] DEBUG o.h.p.w.spi.MetamodelGraphWalker - Visiting attribute path : exportedBy.fullName
14:27:17.082 [main] DEBUG o.h.p.w.spi.MetamodelGraphWalker - Visiting attribute path : exportedBy.isAdmin
14:27:17.082 [main] DEBUG o.h.p.w.spi.MetamodelGraphWalker - Visiting attribute path : exportedBy.lastLogin
14:27:17.082 [main] DEBUG o.h.p.w.spi.MetamodelGraphWalker - Visiting attribute path : exportedBy.loginCount
14:27:17.082 [main] DEBUG o.h.p.w.spi.MetamodelGraphWalker - Visiting attribute path : exportedBy.password
14:27:17.082 [main] DEBUG o.h.p.w.spi.MetamodelGraphWalker - Visiting attribute path : exportedBy.phone
14:27:17.082 [main] DEBUG o.h.p.w.spi.MetamodelGraphWalker - Visiting attribute path : exportedBy.projects
14:27:17.083 [main] DEBUG o.h.p.w.spi.MetamodelGraphWalker - Visiting attribute path : exportedBy.username
14:27:17.083 [main] DEBUG o.h.p.w.spi.MetamodelGraphWalker - Visiting attribute path : exportedOn
14:27:17.083 [main] DEBUG o.h.p.w.spi.MetamodelGraphWalker - Visiting attribute path : facilitator
14:27:17.083 [main] DEBUG o.h.p.w.spi.MetamodelGraphWalker - Visiting attribute path : facilitator.createdOn
14:27:17.083 [main] DEBUG o.h.p.w.spi.MetamodelGraphWalker - Visiting attribute path : facilitator.updatedOn
14:27:17.083 [main] DEBUG o.h.p.w.spi.MetamodelGraphWalker - Visiting attribute path : facilitator.email
14:27:17.083 [main] DEBUG o.h.p.w.spi.MetamodelGraphWalker - Visiting attribute path : facilitator.enabled
14:27:17.083 [main] DEBUG o.h.p.w.spi.MetamodelGraphWalker - Visiting attribute path : facilitator.fullName
14:27:17.083 [main] DEBUG o.h.p.w.spi.MetamodelGraphWalker - Visiting attribute path : facilitator.isAdmin
14:27:17.083 [main] DEBUG o.h.p.w.spi.MetamodelGraphWalker - Visiting attribute path : facilitator.lastLogin
14:27:17.083 [main] DEBUG o.h.p.w.spi.MetamodelGraphWalker - Visiting attribute path : facilitator.loginCount
14:27:17.083 [main] DEBUG o.h.p.w.spi.MetamodelGraphWalker - Visiting attribute path : facilitator.password
14:27:17.083 [main] DEBUG o.h.p.w.spi.MetamodelGraphWalker - Visiting attribute path : facilitator.phone
14:27:17.083 [main] DEBUG o.h.p.w.spi.MetamodelGraphWalker - Visiting attribute path : facilitator.projects
14:27:17.083 [main] DEBUG o.h.p.w.spi.MetamodelGraphWalker - Visiting attribute path : facilitator.username
14:27:17.083 [main] DEBUG o.h.p.w.spi.MetamodelGraphWalker - Visiting attribute path : finishDate
14:27:17.083 [main] DEBUG o.h.p.w.spi.MetamodelGraphWalker - Visiting attribute path : name
14:27:17.083 [main] DEBUG o.h.p.w.spi.MetamodelGraphWalker - Visiting attribute path : startDate
14:27:17.083 [main] DEBUG o.h.p.w.spi.MetamodelGraphWalker - Visiting attribute path : status
14:27:17.083 [main] DEBUG o.h.p.w.spi.MetamodelGraphWalker - Visiting attribute path : status.createdOn
14:27:17.083 [main] DEBUG o.h.p.w.spi.MetamodelGraphWalker - Visiting attribute path : status.updatedOn
14:27:17.083 [main] DEBUG o.h.p.w.spi.MetamodelGraphWalker - Visiting attribute path : status.isFinish
14:27:17.083 [main] DEBUG o.h.p.w.spi.MetamodelGraphWalker - Visiting attribute path : status.isStart
14:27:17.083 [main] DEBUG o.h.p.w.spi.MetamodelGraphWalker - Visiting attribute path : status.name
14:27:17.083 [main] DEBUG o.h.p.w.spi.MetamodelGraphWalker - Visiting attribute path : syllabus
14:27:17.083 [main] DEBUG o.h.p.w.spi.MetamodelGraphWalker - Visiting attribute path : syllabus.createdOn
14:27:17.083 [main] DEBUG o.h.p.w.spi.MetamodelGraphWalker - Visiting attribute path : syllabus.updatedOn
14:27:17.083 [main] DEBUG o.h.p.w.spi.MetamodelGraphWalker - Visiting attribute path : syllabus.chapters
14:27:17.084 [main] DEBUG o.h.p.w.spi.MetamodelGraphWalker - Visiting attribute path : syllabus.isDisabled
14:27:17.084 [main] DEBUG o.h.p.w.spi.MetamodelGraphWalker - Visiting attribute path : syllabus.level
14:27:17.084 [main] DEBUG o.h.p.w.spi.MetamodelGraphWalker - Visiting attribute path : syllabus.version
14:27:17.084 [main] DEBUG o.h.p.w.spi.MetamodelGraphWalker - Visiting attribute path : users
14:27:17.084 [main] DEBUG o.h.p.w.spi.MetamodelGraphWalker - Visiting attribute path : createdOn
14:27:17.084 [main] DEBUG o.h.p.w.spi.MetamodelGraphWalker - Visiting attribute path : updatedOn
14:27:17.084 [main] DEBUG o.h.p.w.spi.MetamodelGraphWalker - Visiting attribute path : customField1
14:27:17.084 [main] DEBUG o.h.p.w.spi.MetamodelGraphWalker - Visiting attribute path : customField2
14:27:17.084 [main] DEBUG o.h.p.w.spi.MetamodelGraphWalker - Visiting attribute path : customField3
14:27:17.084 [main] DEBUG o.h.p.w.spi.MetamodelGraphWalker - Visiting attribute path : exportedBy
14:27:17.084 [main] DEBUG o.h.p.w.spi.MetamodelGraphWalker - Visiting attribute path : exportedBy.createdOn
14:27:17.084 [main] DEBUG o.h.p.w.spi.MetamodelGraphWalker - Visiting attribute path : exportedBy.updatedOn
14:27:17.084 [main] DEBUG o.h.p.w.spi.MetamodelGraphWalker - Visiting attribute path : exportedBy.email
14:27:17.084 [main] DEBUG o.h.p.w.spi.MetamodelGraphWalker - Visiting attribute path : exportedBy.enabled
14:27:17.084 [main] DEBUG o.h.p.w.spi.MetamodelGraphWalker - Visiting attribute path : exportedBy.fullName
14:27:17.084 [main] DEBUG o.h.p.w.spi.MetamodelGraphWalker - Visiting attribute path : exportedBy.isAdmin
14:27:17.084 [main] DEBUG o.h.p.w.spi.MetamodelGraphWalker - Visiting attribute path : exportedBy.lastLogin
14:27:17.084 [main] DEBUG o.h.p.w.spi.MetamodelGraphWalker - Visiting attribute path : exportedBy.loginCount
14:27:17.084 [main] DEBUG o.h.p.w.spi.MetamodelGraphWalker - Visiting attribute path : exportedBy.password
14:27:17.085 [main] DEBUG o.h.p.w.spi.MetamodelGraphWalker - Visiting attribute path : exportedBy.phone
14:27:17.085 [main] DEBUG o.h.p.w.spi.MetamodelGraphWalker - Visiting attribute path : exportedBy.projects
14:27:17.085 [main] DEBUG o.h.p.w.spi.MetamodelGraphWalker - Visiting attribute path : exportedBy.username
14:27:17.085 [main] DEBUG o.h.p.w.spi.MetamodelGraphWalker - Visiting attribute path : exportedOn
14:27:17.085 [main] DEBUG o.h.p.w.spi.MetamodelGraphWalker - Visiting attribute path : facilitator
14:27:17.085 [main] DEBUG o.h.p.w.spi.MetamodelGraphWalker - Visiting attribute path : facilitator.createdOn
14:27:17.085 [main] DEBUG o.h.p.w.spi.MetamodelGraphWalker - Visiting attribute path : facilitator.updatedOn
14:27:17.085 [main] DEBUG o.h.p.w.spi.MetamodelGraphWalker - Visiting attribute path : facilitator.email
14:27:17.085 [main] DEBUG o.h.p.w.spi.MetamodelGraphWalker - Visiting attribute path : facilitator.enabled
14:27:17.085 [main] DEBUG o.h.p.w.spi.MetamodelGraphWalker - Visiting attribute path : facilitator.fullName
14:27:17.085 [main] DEBUG o.h.p.w.spi.MetamodelGraphWalker - Visiting attribute path : facilitator.isAdmin
14:27:17.085 [main] DEBUG o.h.p.w.spi.MetamodelGraphWalker - Visiting attribute path : facilitator.lastLogin
14:27:17.085 [main] DEBUG o.h.p.w.spi.MetamodelGraphWalker - Visiting attribute path : facilitator.loginCount
14:27:17.085 [main] DEBUG o.h.p.w.spi.MetamodelGraphWalker - Visiting attribute path : facilitator.password
14:27:17.085 [main] DEBUG o.h.p.w.spi.MetamodelGraphWalker - Visiting attribute path : facilitator.phone
14:27:17.085 [main] DEBUG o.h.p.w.spi.MetamodelGraphWalker - Visiting attribute path : facilitator.projects
14:27:17.085 [main] DEBUG o.h.p.w.spi.MetamodelGraphWalker - Visiting attribute path : facilitator.username
14:27:17.085 [main] DEBUG o.h.p.w.spi.MetamodelGraphWalker - Visiting attribute path : finishDate
14:27:17.085 [main] DEBUG o.h.p.w.spi.MetamodelGraphWalker - Visiting attribute path : name
14:27:17.085 [main] DEBUG o.h.p.w.spi.MetamodelGraphWalker - Visiting attribute path : startDate
14:27:17.085 [main] DEBUG o.h.p.w.spi.MetamodelGraphWalker - Visiting attribute path : status
14:27:17.085 [main] DEBUG o.h.p.w.spi.MetamodelGraphWalker - Visiting attribute path : status.createdOn
14:27:17.085 [main] DEBUG o.h.p.w.spi.MetamodelGraphWalker - Visiting attribute path : status.updatedOn
14:27:17.085 [main] DEBUG o.h.p.w.spi.MetamodelGraphWalker - Visiting attribute path : status.isFinish
14:27:17.085 [main] DEBUG o.h.p.w.spi.MetamodelGraphWalker - Visiting attribute path : status.isStart
14:27:17.085 [main] DEBUG o.h.p.w.spi.MetamodelGraphWalker - Visiting attribute path : status.name
14:27:17.086 [main] DEBUG o.h.p.w.spi.MetamodelGraphWalker - Visiting attribute path : syllabus
14:27:17.086 [main] DEBUG o.h.p.w.spi.MetamodelGraphWalker - Visiting attribute path : syllabus.createdOn
14:27:17.086 [main] DEBUG o.h.p.w.spi.MetamodelGraphWalker - Visiting attribute path : syllabus.updatedOn
14:27:17.086 [main] DEBUG o.h.p.w.spi.MetamodelGraphWalker - Visiting attribute path : syllabus.chapters
14:27:17.086 [main] DEBUG o.h.p.w.spi.MetamodelGraphWalker - Visiting attribute path : syllabus.isDisabled
14:27:17.086 [main] DEBUG o.h.p.w.spi.MetamodelGraphWalker - Visiting attribute path : syllabus.level
14:27:17.086 [main] DEBUG o.h.p.w.spi.MetamodelGraphWalker - Visiting attribute path : syllabus.version
14:27:17.086 [main] DEBUG o.h.p.w.spi.MetamodelGraphWalker - Visiting attribute path : users
14:27:17.086 [main] DEBUG o.h.p.w.spi.MetamodelGraphWalker - Visiting attribute path : createdOn
14:27:17.086 [main] DEBUG o.h.p.w.spi.MetamodelGraphWalker - Visiting attribute path : updatedOn
14:27:17.086 [main] DEBUG o.h.p.w.spi.MetamodelGraphWalker - Visiting attribute path : customField1
14:27:17.086 [main] DEBUG o.h.p.w.spi.MetamodelGraphWalker - Visiting attribute path : customField2
14:27:17.086 [main] DEBUG o.h.p.w.spi.MetamodelGraphWalker - Visiting attribute path : customField3
14:27:17.086 [main] DEBUG o.h.p.w.spi.MetamodelGraphWalker - Visiting attribute path : exportedBy
14:27:17.086 [main] DEBUG o.h.p.w.spi.MetamodelGraphWalker - Visiting attribute path : exportedOn
14:27:17.086 [main] DEBUG o.h.p.w.spi.MetamodelGraphWalker - Visiting attribute path : facilitator
14:27:17.086 [main] DEBUG o.h.p.w.spi.MetamodelGraphWalker - Visiting attribute path : finishDate
14:27:17.087 [main] DEBUG o.h.p.w.spi.MetamodelGraphWalker - Visiting attribute path : name
14:27:17.087 [main] DEBUG o.h.p.w.spi.MetamodelGraphWalker - Visiting attribute path : startDate
14:27:17.087 [main] DEBUG o.h.p.w.spi.MetamodelGraphWalker - Visiting attribute path : status
14:27:17.087 [main] DEBUG o.h.p.w.spi.MetamodelGraphWalker - Visiting attribute path : syllabus
14:27:17.087 [main] DEBUG o.h.p.w.spi.MetamodelGraphWalker - Visiting attribute path : users
14:27:17.087 [main] DEBUG o.h.p.w.spi.MetamodelGraphWalker - Visiting attribute path : createdOn
14:27:17.087 [main] DEBUG o.h.p.w.spi.MetamodelGraphWalker - Visiting attribute path : updatedOn
14:27:17.087 [main] DEBUG o.h.p.w.spi.MetamodelGraphWalker - Visiting attribute path : customField1
14:27:17.087 [main] DEBUG o.h.p.w.spi.MetamodelGraphWalker - Visiting attribute path : customField2
14:27:17.087 [main] DEBUG o.h.p.w.spi.MetamodelGraphWalker - Visiting attribute path : customField3
14:27:17.087 [main] DEBUG o.h.p.w.spi.MetamodelGraphWalker - Visiting attribute path : exportedBy
14:27:17.087 [main] DEBUG o.h.p.w.spi.MetamodelGraphWalker - Visiting attribute path : exportedOn
14:27:17.087 [main] DEBUG o.h.p.w.spi.MetamodelGraphWalker - Visiting attribute path : facilitator
14:27:17.087 [main] DEBUG o.h.p.w.spi.MetamodelGraphWalker - Visiting attribute path : finishDate
14:27:17.087 [main] DEBUG o.h.p.w.spi.MetamodelGraphWalker - Visiting attribute path : name
14:27:17.087 [main] DEBUG o.h.p.w.spi.MetamodelGraphWalker - Visiting attribute path : startDate
14:27:17.087 [main] DEBUG o.h.p.w.spi.MetamodelGraphWalker - Visiting attribute path : status
14:27:17.087 [main] DEBUG o.h.p.w.spi.MetamodelGraphWalker - Visiting attribute path : syllabus
14:27:17.087 [main] DEBUG o.h.p.w.spi.MetamodelGraphWalker - Visiting attribute path : users
14:27:17.088 [main] DEBUG o.h.p.w.spi.MetamodelGraphWalker - Visiting attribute path : createdOn
14:27:17.088 [main] DEBUG o.h.p.w.spi.MetamodelGraphWalker - Visiting attribute path : updatedOn
14:27:17.088 [main] DEBUG o.h.p.w.spi.MetamodelGraphWalker - Visiting attribute path : customField1
14:27:17.088 [main] DEBUG o.h.p.w.spi.MetamodelGraphWalker - Visiting attribute path : customField2
14:27:17.088 [main] DEBUG o.h.p.w.spi.MetamodelGraphWalker - Visiting attribute path : customField3
14:27:17.088 [main] DEBUG o.h.p.w.spi.MetamodelGraphWalker - Visiting attribute path : exportedBy
14:27:17.088 [main] DEBUG o.h.p.w.spi.MetamodelGraphWalker - Visiting attribute path : exportedOn
14:27:17.088 [main] DEBUG o.h.p.w.spi.MetamodelGraphWalker - Visiting attribute path : facilitator
14:27:17.088 [main] DEBUG o.h.p.w.spi.MetamodelGraphWalker - Visiting attribute path : finishDate
14:27:17.088 [main] DEBUG o.h.p.w.spi.MetamodelGraphWalker - Visiting attribute path : name
14:27:17.088 [main] DEBUG o.h.p.w.spi.MetamodelGraphWalker - Visiting attribute path : startDate
14:27:17.088 [main] DEBUG o.h.p.w.spi.MetamodelGraphWalker - Visiting attribute path : status
14:27:17.088 [main] DEBUG o.h.p.w.spi.MetamodelGraphWalker - Visiting attribute path : syllabus
14:27:17.088 [main] DEBUG o.h.p.w.spi.MetamodelGraphWalker - Visiting attribute path : users
14:27:17.088 [main] DEBUG o.h.p.w.spi.MetamodelGraphWalker - Visiting attribute path : createdOn
14:27:17.088 [main] DEBUG o.h.p.w.spi.MetamodelGraphWalker - Visiting attribute path : updatedOn
14:27:17.088 [main] DEBUG o.h.p.w.spi.MetamodelGraphWalker - Visiting attribute path : customField1
14:27:17.088 [main] DEBUG o.h.p.w.spi.MetamodelGraphWalker - Visiting attribute path : customField2
14:27:17.088 [main] DEBUG o.h.p.w.spi.MetamodelGraphWalker - Visiting attribute path : customField3
14:27:17.088 [main] DEBUG o.h.p.w.spi.MetamodelGraphWalker - Visiting attribute path : exportedBy
14:27:17.088 [main] DEBUG o.h.p.w.spi.MetamodelGraphWalker - Visiting attribute path : exportedOn
14:27:17.088 [main] DEBUG o.h.p.w.spi.MetamodelGraphWalker - Visiting attribute path : facilitator
14:27:17.088 [main] DEBUG o.h.p.w.spi.MetamodelGraphWalker - Visiting attribute path : finishDate
14:27:17.089 [main] DEBUG o.h.p.w.spi.MetamodelGraphWalker - Visiting attribute path : name
14:27:17.089 [main] DEBUG o.h.p.w.spi.MetamodelGraphWalker - Visiting attribute path : startDate
14:27:17.089 [main] DEBUG o.h.p.w.spi.MetamodelGraphWalker - Visiting attribute path : status
14:27:17.089 [main] DEBUG o.h.p.w.spi.MetamodelGraphWalker - Visiting attribute path : syllabus
14:27:17.089 [main] DEBUG o.h.p.w.spi.MetamodelGraphWalker - Visiting attribute path : users
14:27:17.089 [main] DEBUG o.h.p.w.spi.MetamodelGraphWalker - Visiting attribute path : createdOn
14:27:17.089 [main] DEBUG o.h.p.w.spi.MetamodelGraphWalker - Visiting attribute path : updatedOn
14:27:17.089 [main] DEBUG o.h.p.w.spi.MetamodelGraphWalker - Visiting attribute path : customField1
14:27:17.089 [main] DEBUG o.h.p.w.spi.MetamodelGraphWalker - Visiting attribute path : customField2
14:27:17.089 [main] DEBUG o.h.p.w.spi.MetamodelGraphWalker - Visiting attribute path : customField3
14:27:17.089 [main] DEBUG o.h.p.w.spi.MetamodelGraphWalker - Visiting attribute path : exportedBy
14:27:17.089 [main] DEBUG o.h.p.w.spi.MetamodelGraphWalker - Visiting attribute path : exportedOn
14:27:17.089 [main] DEBUG o.h.p.w.spi.MetamodelGraphWalker - Visiting attribute path : facilitator
14:27:17.089 [main] DEBUG o.h.p.w.spi.MetamodelGraphWalker - Visiting attribute path : finishDate
14:27:17.089 [main] DEBUG o.h.p.w.spi.MetamodelGraphWalker - Visiting attribute path : name
14:27:17.089 [main] DEBUG o.h.p.w.spi.MetamodelGraphWalker - Visiting attribute path : startDate
14:27:17.089 [main] DEBUG o.h.p.w.spi.MetamodelGraphWalker - Visiting attribute path : status
14:27:17.089 [main] DEBUG o.h.p.w.spi.MetamodelGraphWalker - Visiting attribute path : syllabus
14:27:17.089 [main] DEBUG o.h.p.w.spi.MetamodelGraphWalker - Visiting attribute path : users
14:27:17.089 [main] DEBUG o.h.p.w.spi.MetamodelGraphWalker - Visiting attribute path : createdOn
14:27:17.089 [main] DEBUG o.h.p.w.spi.MetamodelGraphWalker - Visiting attribute path : updatedOn
14:27:17.089 [main] DEBUG o.h.p.w.spi.MetamodelGraphWalker - Visiting attribute path : customField1
14:27:17.089 [main] DEBUG o.h.p.w.spi.MetamodelGraphWalker - Visiting attribute path : customField2
14:27:17.089 [main] DEBUG o.h.p.w.spi.MetamodelGraphWalker - Visiting attribute path : customField3
14:27:17.089 [main] DEBUG o.h.p.w.spi.MetamodelGraphWalker - Visiting attribute path : exportedBy
14:27:17.089 [main] DEBUG o.h.p.w.spi.MetamodelGraphWalker - Visiting attribute path : exportedOn
14:27:17.089 [main] DEBUG o.h.p.w.spi.MetamodelGraphWalker - Visiting attribute path : facilitator
14:27:17.089 [main] DEBUG o.h.p.w.spi.MetamodelGraphWalker - Visiting attribute path : finishDate
14:27:17.089 [main] DEBUG o.h.p.w.spi.MetamodelGraphWalker - Visiting attribute path : name
14:27:17.089 [main] DEBUG o.h.p.w.spi.MetamodelGraphWalker - Visiting attribute path : startDate
14:27:17.089 [main] DEBUG o.h.p.w.spi.MetamodelGraphWalker - Visiting attribute path : status
14:27:17.089 [main] DEBUG o.h.p.w.spi.MetamodelGraphWalker - Visiting attribute path : syllabus
14:27:17.089 [main] DEBUG o.h.p.w.spi.MetamodelGraphWalker - Visiting attribute path : users
14:27:17.090 [main] DEBUG o.h.p.w.spi.MetamodelGraphWalker - Visiting attribute path : createdOn
14:27:17.090 [main] DEBUG o.h.p.w.spi.MetamodelGraphWalker - Visiting attribute path : updatedOn
14:27:17.090 [main] DEBUG o.h.p.w.spi.MetamodelGraphWalker - Visiting attribute path : customField1
14:27:17.090 [main] DEBUG o.h.p.w.spi.MetamodelGraphWalker - Visiting attribute path : customField2
14:27:17.090 [main] DEBUG o.h.p.w.spi.MetamodelGraphWalker - Visiting attribute path : customField3
14:27:17.090 [main] DEBUG o.h.p.w.spi.MetamodelGraphWalker - Visiting attribute path : exportedBy
14:27:17.090 [main] DEBUG o.h.p.w.spi.MetamodelGraphWalker - Visiting attribute path : exportedOn
14:27:17.090 [main] DEBUG o.h.p.w.spi.MetamodelGraphWalker - Visiting attribute path : facilitator
14:27:17.090 [main] DEBUG o.h.p.w.spi.MetamodelGraphWalker - Visiting attribute path : finishDate
14:27:17.090 [main] DEBUG o.h.p.w.spi.MetamodelGraphWalker - Visiting attribute path : name
14:27:17.090 [main] DEBUG o.h.p.w.spi.MetamodelGraphWalker - Visiting attribute path : startDate
14:27:17.090 [main] DEBUG o.h.p.w.spi.MetamodelGraphWalker - Visiting attribute path : status
14:27:17.090 [main] DEBUG o.h.p.w.spi.MetamodelGraphWalker - Visiting attribute path : syllabus
14:27:17.090 [main] DEBUG o.h.p.w.spi.MetamodelGraphWalker - Visiting attribute path : users
14:27:17.090 [main] DEBUG o.h.p.w.spi.MetamodelGraphWalker - Visiting attribute path : createdOn
14:27:17.090 [main] DEBUG o.h.p.w.spi.MetamodelGraphWalker - Visiting attribute path : updatedOn
14:27:17.090 [main] DEBUG o.h.p.w.spi.MetamodelGraphWalker - Visiting attribute path : customField1
14:27:17.090 [main] DEBUG o.h.p.w.spi.MetamodelGraphWalker - Visiting attribute path : customField2
14:27:17.090 [main] DEBUG o.h.p.w.spi.MetamodelGraphWalker - Visiting attribute path : customField3
14:27:17.090 [main] DEBUG o.h.p.w.spi.MetamodelGraphWalker - Visiting attribute path : exportedBy
14:27:17.090 [main] DEBUG o.h.p.w.spi.MetamodelGraphWalker - Visiting attribute path : exportedOn
14:27:17.090 [main] DEBUG o.h.p.w.spi.MetamodelGraphWalker - Visiting attribute path : facilitator
14:27:17.090 [main] DEBUG o.h.p.w.spi.MetamodelGraphWalker - Visiting attribute path : finishDate
14:27:17.090 [main] DEBUG o.h.p.w.spi.MetamodelGraphWalker - Visiting attribute path : name
14:27:17.090 [main] DEBUG o.h.p.w.spi.MetamodelGraphWalker - Visiting attribute path : startDate
14:27:17.091 [main] DEBUG o.h.p.w.spi.MetamodelGraphWalker - Visiting attribute path : status
14:27:17.091 [main] DEBUG o.h.p.w.spi.MetamodelGraphWalker - Visiting attribute path : syllabus
14:27:17.091 [main] DEBUG o.h.p.w.spi.MetamodelGraphWalker - Visiting attribute path : users
14:27:17.092 [main] DEBUG o.h.p.w.spi.MetamodelGraphWalker - Visiting attribute path : createdOn
14:27:17.092 [main] DEBUG o.h.p.w.spi.MetamodelGraphWalker - Visiting attribute path : updatedOn
14:27:17.092 [main] DEBUG o.h.p.w.spi.MetamodelGraphWalker - Visiting attribute path : customField1
14:27:17.092 [main] DEBUG o.h.p.w.spi.MetamodelGraphWalker - Visiting attribute path : customField2
14:27:17.092 [main] DEBUG o.h.p.w.spi.MetamodelGraphWalker - Visiting attribute path : customField3
14:27:17.092 [main] DEBUG o.h.p.w.spi.MetamodelGraphWalker - Visiting attribute path : exportedBy
14:27:17.092 [main] DEBUG o.h.p.w.spi.MetamodelGraphWalker - Visiting attribute path : exportedOn
14:27:17.092 [main] DEBUG o.h.p.w.spi.MetamodelGraphWalker - Visiting attribute path : facilitator
14:27:17.092 [main] DEBUG o.h.p.w.spi.MetamodelGraphWalker - Visiting attribute path : finishDate
14:27:17.092 [main] DEBUG o.h.p.w.spi.MetamodelGraphWalker - Visiting attribute path : name
14:27:17.092 [main] DEBUG o.h.p.w.spi.MetamodelGraphWalker - Visiting attribute path : startDate
14:27:17.092 [main] DEBUG o.h.p.w.spi.MetamodelGraphWalker - Visiting attribute path : status
14:27:17.092 [main] DEBUG o.h.p.w.spi.MetamodelGraphWalker - Visiting attribute path : syllabus
14:27:17.092 [main] DEBUG o.h.p.w.spi.MetamodelGraphWalker - Visiting attribute path : users
14:27:17.092 [main] DEBUG o.h.p.entity.AbstractEntityPersister - Static SQL for entity: cn.cstqb.exam.testmaker.entities.QuestionStatus
14:27:17.092 [main] DEBUG o.h.p.entity.AbstractEntityPersister -  Version select: select id from question_status where id =?
14:27:17.092 [main] DEBUG o.h.p.entity.AbstractEntityPersister -  Snapshot select: select questionst_.id, questionst_.updated_on as updated_3_13_, questionst_.is_finish as is_finis4_13_, questionst_.is_start as is_start5_13_, questionst_.name as name6_13_, questionst_.accessible_by_author as accessib7_13_, questionst_.accessible_by_facilitator as accessib8_13_, questionst_.accessible_by_quality_admin as accessib9_13_, questionst_.accessible_by_reviewer as accessi10_13_ from question_status questionst_ where questionst_.id=?
14:27:17.092 [main] DEBUG o.h.p.entity.AbstractEntityPersister -  Insert 0: insert into question_status (created_on, updated_on, is_finish, is_start, name, accessible_by_author, accessible_by_facilitator, accessible_by_quality_admin, accessible_by_reviewer, id) values (?, ?, ?, ?, ?, ?, ?, ?, ?, ?)
14:27:17.092 [main] DEBUG o.h.p.entity.AbstractEntityPersister -  Update 0: update question_status set updated_on=?, is_finish=?, is_start=?, name=?, accessible_by_author=?, accessible_by_facilitator=?, accessible_by_quality_admin=?, accessible_by_reviewer=? where id=?
14:27:17.092 [main] DEBUG o.h.p.entity.AbstractEntityPersister -  Delete 0: delete from question_status where id=?
14:27:17.092 [main] DEBUG o.h.p.entity.AbstractEntityPersister -  Identity insert: insert into question_status (created_on, updated_on, is_finish, is_start, name, accessible_by_author, accessible_by_facilitator, accessible_by_quality_admin, accessible_by_reviewer) values (?, ?, ?, ?, ?, ?, ?, ?, ?)
14:27:17.093 [main] DEBUG o.h.p.w.spi.MetamodelGraphWalker - Visiting attribute path : createdOn
14:27:17.093 [main] DEBUG o.h.p.w.spi.MetamodelGraphWalker - Visiting attribute path : updatedOn
14:27:17.093 [main] DEBUG o.h.p.w.spi.MetamodelGraphWalker - Visiting attribute path : isFinish
14:27:17.093 [main] DEBUG o.h.p.w.spi.MetamodelGraphWalker - Visiting attribute path : isStart
14:27:17.093 [main] DEBUG o.h.p.w.spi.MetamodelGraphWalker - Visiting attribute path : name
14:27:17.093 [main] DEBUG o.h.p.w.spi.MetamodelGraphWalker - Visiting attribute path : accessibleByAuthor
14:27:17.093 [main] DEBUG o.h.p.w.spi.MetamodelGraphWalker - Visiting attribute path : accessibleByFacilitator
14:27:17.093 [main] DEBUG o.h.p.w.spi.MetamodelGraphWalker - Visiting attribute path : accessibleByQualityAdmin
14:27:17.093 [main] DEBUG o.h.p.w.spi.MetamodelGraphWalker - Visiting attribute path : accessibleByReviewer
14:27:17.093 [main] DEBUG o.h.p.w.spi.MetamodelGraphWalker - Visiting attribute path : createdOn
14:27:17.093 [main] DEBUG o.h.p.w.spi.MetamodelGraphWalker - Visiting attribute path : updatedOn
14:27:17.093 [main] DEBUG o.h.p.w.spi.MetamodelGraphWalker - Visiting attribute path : isFinish
14:27:17.093 [main] DEBUG o.h.p.w.spi.MetamodelGraphWalker - Visiting attribute path : isStart
14:27:17.093 [main] DEBUG o.h.p.w.spi.MetamodelGraphWalker - Visiting attribute path : name
14:27:17.093 [main] DEBUG o.h.p.w.spi.MetamodelGraphWalker - Visiting attribute path : accessibleByAuthor
14:27:17.093 [main] DEBUG o.h.p.w.spi.MetamodelGraphWalker - Visiting attribute path : accessibleByFacilitator
14:27:17.093 [main] DEBUG o.h.p.w.spi.MetamodelGraphWalker - Visiting attribute path : accessibleByQualityAdmin
14:27:17.093 [main] DEBUG o.h.p.w.spi.MetamodelGraphWalker - Visiting attribute path : accessibleByReviewer
14:27:17.093 [main] DEBUG o.h.p.w.spi.MetamodelGraphWalker - Visiting attribute path : createdOn
14:27:17.093 [main] DEBUG o.h.p.w.spi.MetamodelGraphWalker - Visiting attribute path : updatedOn
14:27:17.094 [main] DEBUG o.h.p.w.spi.MetamodelGraphWalker - Visiting attribute path : isFinish
14:27:17.094 [main] DEBUG o.h.p.w.spi.MetamodelGraphWalker - Visiting attribute path : isStart
14:27:17.094 [main] DEBUG o.h.p.w.spi.MetamodelGraphWalker - Visiting attribute path : name
14:27:17.094 [main] DEBUG o.h.p.w.spi.MetamodelGraphWalker - Visiting attribute path : accessibleByAuthor
14:27:17.094 [main] DEBUG o.h.p.w.spi.MetamodelGraphWalker - Visiting attribute path : accessibleByFacilitator
14:27:17.094 [main] DEBUG o.h.p.w.spi.MetamodelGraphWalker - Visiting attribute path : accessibleByQualityAdmin
14:27:17.094 [main] DEBUG o.h.p.w.spi.MetamodelGraphWalker - Visiting attribute path : accessibleByReviewer
14:27:17.094 [main] DEBUG o.h.p.w.spi.MetamodelGraphWalker - Visiting attribute path : createdOn
14:27:17.094 [main] DEBUG o.h.p.w.spi.MetamodelGraphWalker - Visiting attribute path : updatedOn
14:27:17.094 [main] DEBUG o.h.p.w.spi.MetamodelGraphWalker - Visiting attribute path : isFinish
14:27:17.094 [main] DEBUG o.h.p.w.spi.MetamodelGraphWalker - Visiting attribute path : isStart
14:27:17.094 [main] DEBUG o.h.p.w.spi.MetamodelGraphWalker - Visiting attribute path : name
14:27:17.094 [main] DEBUG o.h.p.w.spi.MetamodelGraphWalker - Visiting attribute path : accessibleByAuthor
14:27:17.094 [main] DEBUG o.h.p.w.spi.MetamodelGraphWalker - Visiting attribute path : accessibleByFacilitator
14:27:17.094 [main] DEBUG o.h.p.w.spi.MetamodelGraphWalker - Visiting attribute path : accessibleByQualityAdmin
14:27:17.094 [main] DEBUG o.h.p.w.spi.MetamodelGraphWalker - Visiting attribute path : accessibleByReviewer
14:27:17.095 [main] DEBUG o.h.p.w.spi.MetamodelGraphWalker - Visiting attribute path : createdOn
14:27:17.095 [main] DEBUG o.h.p.w.spi.MetamodelGraphWalker - Visiting attribute path : updatedOn
14:27:17.095 [main] DEBUG o.h.p.w.spi.MetamodelGraphWalker - Visiting attribute path : isFinish
14:27:17.095 [main] DEBUG o.h.p.w.spi.MetamodelGraphWalker - Visiting attribute path : isStart
14:27:17.095 [main] DEBUG o.h.p.w.spi.MetamodelGraphWalker - Visiting attribute path : name
14:27:17.095 [main] DEBUG o.h.p.w.spi.MetamodelGraphWalker - Visiting attribute path : accessibleByAuthor
14:27:17.095 [main] DEBUG o.h.p.w.spi.MetamodelGraphWalker - Visiting attribute path : accessibleByFacilitator
14:27:17.095 [main] DEBUG o.h.p.w.spi.MetamodelGraphWalker - Visiting attribute path : accessibleByQualityAdmin
14:27:17.095 [main] DEBUG o.h.p.w.spi.MetamodelGraphWalker - Visiting attribute path : accessibleByReviewer
14:27:17.095 [main] DEBUG o.h.p.w.spi.MetamodelGraphWalker - Visiting attribute path : createdOn
14:27:17.095 [main] DEBUG o.h.p.w.spi.MetamodelGraphWalker - Visiting attribute path : updatedOn
14:27:17.095 [main] DEBUG o.h.p.w.spi.MetamodelGraphWalker - Visiting attribute path : isFinish
14:27:17.095 [main] DEBUG o.h.p.w.spi.MetamodelGraphWalker - Visiting attribute path : isStart
14:27:17.095 [main] DEBUG o.h.p.w.spi.MetamodelGraphWalker - Visiting attribute path : name
14:27:17.095 [main] DEBUG o.h.p.w.spi.MetamodelGraphWalker - Visiting attribute path : accessibleByAuthor
14:27:17.095 [main] DEBUG o.h.p.w.spi.MetamodelGraphWalker - Visiting attribute path : accessibleByFacilitator
14:27:17.095 [main] DEBUG o.h.p.w.spi.MetamodelGraphWalker - Visiting attribute path : accessibleByQualityAdmin
14:27:17.095 [main] DEBUG o.h.p.w.spi.MetamodelGraphWalker - Visiting attribute path : accessibleByReviewer
14:27:17.096 [main] DEBUG o.h.p.w.spi.MetamodelGraphWalker - Visiting attribute path : createdOn
14:27:17.096 [main] DEBUG o.h.p.w.spi.MetamodelGraphWalker - Visiting attribute path : updatedOn
14:27:17.096 [main] DEBUG o.h.p.w.spi.MetamodelGraphWalker - Visiting attribute path : isFinish
14:27:17.096 [main] DEBUG o.h.p.w.spi.MetamodelGraphWalker - Visiting attribute path : isStart
14:27:17.096 [main] DEBUG o.h.p.w.spi.MetamodelGraphWalker - Visiting attribute path : name
14:27:17.096 [main] DEBUG o.h.p.w.spi.MetamodelGraphWalker - Visiting attribute path : accessibleByAuthor
14:27:17.096 [main] DEBUG o.h.p.w.spi.MetamodelGraphWalker - Visiting attribute path : accessibleByFacilitator
14:27:17.096 [main] DEBUG o.h.p.w.spi.MetamodelGraphWalker - Visiting attribute path : accessibleByQualityAdmin
14:27:17.096 [main] DEBUG o.h.p.w.spi.MetamodelGraphWalker - Visiting attribute path : accessibleByReviewer
14:27:17.096 [main] DEBUG o.h.p.w.spi.MetamodelGraphWalker - Visiting attribute path : createdOn
14:27:17.096 [main] DEBUG o.h.p.w.spi.MetamodelGraphWalker - Visiting attribute path : updatedOn
14:27:17.096 [main] DEBUG o.h.p.w.spi.MetamodelGraphWalker - Visiting attribute path : isFinish
14:27:17.096 [main] DEBUG o.h.p.w.spi.MetamodelGraphWalker - Visiting attribute path : isStart
14:27:17.096 [main] DEBUG o.h.p.w.spi.MetamodelGraphWalker - Visiting attribute path : name
14:27:17.096 [main] DEBUG o.h.p.w.spi.MetamodelGraphWalker - Visiting attribute path : accessibleByAuthor
14:27:17.096 [main] DEBUG o.h.p.w.spi.MetamodelGraphWalker - Visiting attribute path : accessibleByFacilitator
14:27:17.096 [main] DEBUG o.h.p.w.spi.MetamodelGraphWalker - Visiting attribute path : accessibleByQualityAdmin
14:27:17.096 [main] DEBUG o.h.p.w.spi.MetamodelGraphWalker - Visiting attribute path : accessibleByReviewer
14:27:17.097 [main] DEBUG o.h.p.w.spi.MetamodelGraphWalker - Visiting attribute path : createdOn
14:27:17.097 [main] DEBUG o.h.p.w.spi.MetamodelGraphWalker - Visiting attribute path : updatedOn
14:27:17.097 [main] DEBUG o.h.p.w.spi.MetamodelGraphWalker - Visiting attribute path : isFinish
14:27:17.097 [main] DEBUG o.h.p.w.spi.MetamodelGraphWalker - Visiting attribute path : isStart
14:27:17.097 [main] DEBUG o.h.p.w.spi.MetamodelGraphWalker - Visiting attribute path : name
14:27:17.097 [main] DEBUG o.h.p.w.spi.MetamodelGraphWalker - Visiting attribute path : accessibleByAuthor
14:27:17.097 [main] DEBUG o.h.p.w.spi.MetamodelGraphWalker - Visiting attribute path : accessibleByFacilitator
14:27:17.097 [main] DEBUG o.h.p.w.spi.MetamodelGraphWalker - Visiting attribute path : accessibleByQualityAdmin
14:27:17.097 [main] DEBUG o.h.p.w.spi.MetamodelGraphWalker - Visiting attribute path : accessibleByReviewer
14:27:17.097 [main] DEBUG o.h.p.w.spi.MetamodelGraphWalker - Visiting attribute path : createdOn
14:27:17.097 [main] DEBUG o.h.p.w.spi.MetamodelGraphWalker - Visiting attribute path : updatedOn
14:27:17.097 [main] DEBUG o.h.p.w.spi.MetamodelGraphWalker - Visiting attribute path : isFinish
14:27:17.097 [main] DEBUG o.h.p.w.spi.MetamodelGraphWalker - Visiting attribute path : isStart
14:27:17.097 [main] DEBUG o.h.p.w.spi.MetamodelGraphWalker - Visiting attribute path : name
14:27:17.097 [main] DEBUG o.h.p.w.spi.MetamodelGraphWalker - Visiting attribute path : accessibleByAuthor
14:27:17.097 [main] DEBUG o.h.p.w.spi.MetamodelGraphWalker - Visiting attribute path : accessibleByFacilitator
14:27:17.097 [main] DEBUG o.h.p.w.spi.MetamodelGraphWalker - Visiting attribute path : accessibleByQualityAdmin
14:27:17.098 [main] DEBUG o.h.p.w.spi.MetamodelGraphWalker - Visiting attribute path : accessibleByReviewer
14:27:17.098 [main] DEBUG o.h.p.w.spi.MetamodelGraphWalker - Visiting attribute path : createdOn
14:27:17.098 [main] DEBUG o.h.p.w.spi.MetamodelGraphWalker - Visiting attribute path : updatedOn
14:27:17.098 [main] DEBUG o.h.p.w.spi.MetamodelGraphWalker - Visiting attribute path : isFinish
14:27:17.098 [main] DEBUG o.h.p.w.spi.MetamodelGraphWalker - Visiting attribute path : isStart
14:27:17.098 [main] DEBUG o.h.p.w.spi.MetamodelGraphWalker - Visiting attribute path : name
14:27:17.098 [main] DEBUG o.h.p.w.spi.MetamodelGraphWalker - Visiting attribute path : accessibleByAuthor
14:27:17.098 [main] DEBUG o.h.p.w.spi.MetamodelGraphWalker - Visiting attribute path : accessibleByFacilitator
14:27:17.098 [main] DEBUG o.h.p.w.spi.MetamodelGraphWalker - Visiting attribute path : accessibleByQualityAdmin
14:27:17.098 [main] DEBUG o.h.p.w.spi.MetamodelGraphWalker - Visiting attribute path : accessibleByReviewer
14:27:17.098 [main] DEBUG o.h.p.entity.AbstractEntityPersister - Static SQL for entity: cn.cstqb.exam.testmaker.entities.QuestionStatusTransition
14:27:17.099 [main] DEBUG o.h.p.entity.AbstractEntityPersister -  Version select: select next_status_id, status_id from question_status_transition where next_status_id =? and status_id =?
14:27:17.099 [main] DEBUG o.h.p.entity.AbstractEntityPersister -  Snapshot select: select questionst_.next_status_id, questionst_.status_id, questionst_.updated_on as updated_2_14_, questionst_.sequence as sequence3_14_ from question_status_transition questionst_ where questionst_.next_status_id=? and questionst_.status_id=?
14:27:17.099 [main] DEBUG o.h.p.entity.AbstractEntityPersister -  Insert 0: insert into question_status_transition (created_on, updated_on, sequence, next_status_id, status_id) values (?, ?, ?, ?, ?)
14:27:17.099 [main] DEBUG o.h.p.entity.AbstractEntityPersister -  Update 0: update question_status_transition set updated_on=?, sequence=? where next_status_id=? and status_id=?
14:27:17.099 [main] DEBUG o.h.p.entity.AbstractEntityPersister -  Delete 0: delete from question_status_transition where next_status_id=? and status_id=?
14:27:17.099 [main] DEBUG o.h.p.w.spi.MetamodelGraphWalker - Visiting attribute path : nextStatus
14:27:17.099 [main] DEBUG o.h.p.w.spi.MetamodelGraphWalker - Visiting attribute path : nextStatus.createdOn
14:27:17.099 [main] DEBUG o.h.p.w.spi.MetamodelGraphWalker - Visiting attribute path : nextStatus.updatedOn
14:27:17.099 [main] DEBUG o.h.p.w.spi.MetamodelGraphWalker - Visiting attribute path : nextStatus.isFinish
14:27:17.099 [main] DEBUG o.h.p.w.spi.MetamodelGraphWalker - Visiting attribute path : nextStatus.isStart
14:27:17.099 [main] DEBUG o.h.p.w.spi.MetamodelGraphWalker - Visiting attribute path : nextStatus.name
14:27:17.099 [main] DEBUG o.h.p.w.spi.MetamodelGraphWalker - Visiting attribute path : nextStatus.accessibleByAuthor
14:27:17.099 [main] DEBUG o.h.p.w.spi.MetamodelGraphWalker - Visiting attribute path : nextStatus.accessibleByFacilitator
14:27:17.099 [main] DEBUG o.h.p.w.spi.MetamodelGraphWalker - Visiting attribute path : nextStatus.accessibleByQualityAdmin
14:27:17.099 [main] DEBUG o.h.p.w.spi.MetamodelGraphWalker - Visiting attribute path : nextStatus.accessibleByReviewer
14:27:17.099 [main] DEBUG o.h.p.w.spi.MetamodelGraphWalker - Visiting attribute path : status
14:27:17.099 [main] DEBUG o.h.p.w.spi.MetamodelGraphWalker - Visiting attribute path : status.createdOn
14:27:17.099 [main] DEBUG o.h.p.w.spi.MetamodelGraphWalker - Visiting attribute path : status.updatedOn
14:27:17.099 [main] DEBUG o.h.p.w.spi.MetamodelGraphWalker - Visiting attribute path : status.isFinish
14:27:17.099 [main] DEBUG o.h.p.w.spi.MetamodelGraphWalker - Visiting attribute path : status.isStart
14:27:17.099 [main] DEBUG o.h.p.w.spi.MetamodelGraphWalker - Visiting attribute path : status.name
14:27:17.099 [main] DEBUG o.h.p.w.spi.MetamodelGraphWalker - Visiting attribute path : status.accessibleByAuthor
14:27:17.099 [main] DEBUG o.h.p.w.spi.MetamodelGraphWalker - Visiting attribute path : status.accessibleByFacilitator
14:27:17.099 [main] DEBUG o.h.p.w.spi.MetamodelGraphWalker - Visiting attribute path : status.accessibleByQualityAdmin
14:27:17.099 [main] DEBUG o.h.p.w.spi.MetamodelGraphWalker - Visiting attribute path : status.accessibleByReviewer
14:27:17.100 [main] DEBUG o.h.p.w.spi.MetamodelGraphWalker - Visiting attribute path : createdOn
14:27:17.100 [main] DEBUG o.h.p.w.spi.MetamodelGraphWalker - Visiting attribute path : updatedOn
14:27:17.100 [main] DEBUG o.h.p.w.spi.MetamodelGraphWalker - Visiting attribute path : sequence
14:27:17.100 [main] DEBUG o.h.p.w.spi.MetamodelGraphWalker - Visiting attribute path : nextStatus
14:27:17.100 [main] DEBUG o.h.p.w.spi.MetamodelGraphWalker - Visiting attribute path : nextStatus.createdOn
14:27:17.100 [main] DEBUG o.h.p.w.spi.MetamodelGraphWalker - Visiting attribute path : nextStatus.updatedOn
14:27:17.100 [main] DEBUG o.h.p.w.spi.MetamodelGraphWalker - Visiting attribute path : nextStatus.isFinish
14:27:17.100 [main] DEBUG o.h.p.w.spi.MetamodelGraphWalker - Visiting attribute path : nextStatus.isStart
14:27:17.100 [main] DEBUG o.h.p.w.spi.MetamodelGraphWalker - Visiting attribute path : nextStatus.name
14:27:17.100 [main] DEBUG o.h.p.w.spi.MetamodelGraphWalker - Visiting attribute path : nextStatus.accessibleByAuthor
14:27:17.100 [main] DEBUG o.h.p.w.spi.MetamodelGraphWalker - Visiting attribute path : nextStatus.accessibleByFacilitator
14:27:17.100 [main] DEBUG o.h.p.w.spi.MetamodelGraphWalker - Visiting attribute path : nextStatus.accessibleByQualityAdmin
14:27:17.100 [main] DEBUG o.h.p.w.spi.MetamodelGraphWalker - Visiting attribute path : nextStatus.accessibleByReviewer
14:27:17.100 [main] DEBUG o.h.p.w.spi.MetamodelGraphWalker - Visiting attribute path : status
14:27:17.101 [main] DEBUG o.h.p.w.spi.MetamodelGraphWalker - Visiting attribute path : status.createdOn
14:27:17.101 [main] DEBUG o.h.p.w.spi.MetamodelGraphWalker - Visiting attribute path : status.updatedOn
14:27:17.101 [main] DEBUG o.h.p.w.spi.MetamodelGraphWalker - Visiting attribute path : status.isFinish
14:27:17.101 [main] DEBUG o.h.p.w.spi.MetamodelGraphWalker - Visiting attribute path : status.isStart
14:27:17.101 [main] DEBUG o.h.p.w.spi.MetamodelGraphWalker - Visiting attribute path : status.name
14:27:17.101 [main] DEBUG o.h.p.w.spi.MetamodelGraphWalker - Visiting attribute path : status.accessibleByAuthor
14:27:17.101 [main] DEBUG o.h.p.w.spi.MetamodelGraphWalker - Visiting attribute path : status.accessibleByFacilitator
14:27:17.101 [main] DEBUG o.h.p.w.spi.MetamodelGraphWalker - Visiting attribute path : status.accessibleByQualityAdmin
14:27:17.101 [main] DEBUG o.h.p.w.spi.MetamodelGraphWalker - Visiting attribute path : status.accessibleByReviewer
14:27:17.101 [main] DEBUG o.h.p.w.spi.MetamodelGraphWalker - Visiting attribute path : createdOn
14:27:17.101 [main] DEBUG o.h.p.w.spi.MetamodelGraphWalker - Visiting attribute path : updatedOn
14:27:17.101 [main] DEBUG o.h.p.w.spi.MetamodelGraphWalker - Visiting attribute path : sequence
14:27:17.102 [main] DEBUG o.h.p.w.spi.MetamodelGraphWalker - Visiting attribute path : nextStatus
14:27:17.102 [main] DEBUG o.h.p.w.spi.MetamodelGraphWalker - Visiting attribute path : status
14:27:17.102 [main] DEBUG o.h.p.w.spi.MetamodelGraphWalker - Visiting attribute path : createdOn
14:27:17.102 [main] DEBUG o.h.p.w.spi.MetamodelGraphWalker - Visiting attribute path : updatedOn
14:27:17.102 [main] DEBUG o.h.p.w.spi.MetamodelGraphWalker - Visiting attribute path : sequence
14:27:17.102 [main] DEBUG o.h.p.w.spi.MetamodelGraphWalker - Visiting attribute path : nextStatus
14:27:17.102 [main] DEBUG o.h.p.w.spi.MetamodelGraphWalker - Visiting attribute path : status
14:27:17.102 [main] DEBUG o.h.p.w.spi.MetamodelGraphWalker - Visiting attribute path : createdOn
14:27:17.102 [main] DEBUG o.h.p.w.spi.MetamodelGraphWalker - Visiting attribute path : updatedOn
14:27:17.102 [main] DEBUG o.h.p.w.spi.MetamodelGraphWalker - Visiting attribute path : sequence
14:27:17.102 [main] DEBUG o.h.p.w.spi.MetamodelGraphWalker - Visiting attribute path : nextStatus
14:27:17.102 [main] DEBUG o.h.p.w.spi.MetamodelGraphWalker - Visiting attribute path : status
14:27:17.102 [main] DEBUG o.h.p.w.spi.MetamodelGraphWalker - Visiting attribute path : createdOn
14:27:17.102 [main] DEBUG o.h.p.w.spi.MetamodelGraphWalker - Visiting attribute path : updatedOn
14:27:17.102 [main] DEBUG o.h.p.w.spi.MetamodelGraphWalker - Visiting attribute path : sequence
14:27:17.102 [main] DEBUG o.h.p.w.spi.MetamodelGraphWalker - Visiting attribute path : nextStatus
14:27:17.102 [main] DEBUG o.h.p.w.spi.MetamodelGraphWalker - Visiting attribute path : status
14:27:17.102 [main] DEBUG o.h.p.w.spi.MetamodelGraphWalker - Visiting attribute path : createdOn
14:27:17.103 [main] DEBUG o.h.p.w.spi.MetamodelGraphWalker - Visiting attribute path : updatedOn
14:27:17.103 [main] DEBUG o.h.p.w.spi.MetamodelGraphWalker - Visiting attribute path : sequence
14:27:17.103 [main] DEBUG o.h.p.w.spi.MetamodelGraphWalker - Visiting attribute path : nextStatus
14:27:17.103 [main] DEBUG o.h.p.w.spi.MetamodelGraphWalker - Visiting attribute path : status
14:27:17.103 [main] DEBUG o.h.p.w.spi.MetamodelGraphWalker - Visiting attribute path : createdOn
14:27:17.103 [main] DEBUG o.h.p.w.spi.MetamodelGraphWalker - Visiting attribute path : updatedOn
14:27:17.103 [main] DEBUG o.h.p.w.spi.MetamodelGraphWalker - Visiting attribute path : sequence
14:27:17.103 [main] DEBUG o.h.p.w.spi.MetamodelGraphWalker - Visiting attribute path : nextStatus
14:27:17.103 [main] DEBUG o.h.p.w.spi.MetamodelGraphWalker - Visiting attribute path : status
14:27:17.103 [main] DEBUG o.h.p.w.spi.MetamodelGraphWalker - Visiting attribute path : createdOn
14:27:17.103 [main] DEBUG o.h.p.w.spi.MetamodelGraphWalker - Visiting attribute path : updatedOn
14:27:17.103 [main] DEBUG o.h.p.w.spi.MetamodelGraphWalker - Visiting attribute path : sequence
14:27:17.103 [main] DEBUG o.h.p.w.spi.MetamodelGraphWalker - Visiting attribute path : nextStatus
14:27:17.103 [main] DEBUG o.h.p.w.spi.MetamodelGraphWalker - Visiting attribute path : status
14:27:17.103 [main] DEBUG o.h.p.w.spi.MetamodelGraphWalker - Visiting attribute path : createdOn
14:27:17.103 [main] DEBUG o.h.p.w.spi.MetamodelGraphWalker - Visiting attribute path : updatedOn
14:27:17.103 [main] DEBUG o.h.p.w.spi.MetamodelGraphWalker - Visiting attribute path : sequence
14:27:17.103 [main] DEBUG o.h.p.w.spi.MetamodelGraphWalker - Visiting attribute path : nextStatus
14:27:17.103 [main] DEBUG o.h.p.w.spi.MetamodelGraphWalker - Visiting attribute path : status
14:27:17.104 [main] DEBUG o.h.p.w.spi.MetamodelGraphWalker - Visiting attribute path : createdOn
14:27:17.104 [main] DEBUG o.h.p.w.spi.MetamodelGraphWalker - Visiting attribute path : updatedOn
14:27:17.104 [main] DEBUG o.h.p.w.spi.MetamodelGraphWalker - Visiting attribute path : sequence
14:27:17.104 [main] DEBUG o.h.p.w.spi.MetamodelGraphWalker - Visiting attribute path : nextStatus
14:27:17.104 [main] DEBUG o.h.p.w.spi.MetamodelGraphWalker - Visiting attribute path : status
14:27:17.104 [main] DEBUG o.h.p.w.spi.MetamodelGraphWalker - Visiting attribute path : createdOn
14:27:17.104 [main] DEBUG o.h.p.w.spi.MetamodelGraphWalker - Visiting attribute path : updatedOn
14:27:17.104 [main] DEBUG o.h.p.w.spi.MetamodelGraphWalker - Visiting attribute path : sequence
14:27:17.104 [main] DEBUG o.h.p.entity.AbstractEntityPersister - Static SQL for entity: cn.cstqb.exam.testmaker.entities.ReviewComment
14:27:17.104 [main] DEBUG o.h.p.entity.AbstractEntityPersister -  Version select: select id from review_comment where id =?
14:27:17.104 [main] DEBUG o.h.p.entity.AbstractEntityPersister -  Snapshot select: select reviewcomm_.id, reviewcomm_.updated_on as updated_3_17_, reviewcomm_.content as content4_17_, reviewcomm_.is_final_review as is_final5_17_, reviewcomm_.question_id as question6_17_, reviewcomm_.reviewer_id as reviewer7_17_ from review_comment reviewcomm_ where reviewcomm_.id=?
14:27:17.104 [main] DEBUG o.h.p.entity.AbstractEntityPersister -  Insert 0: insert into review_comment (created_on, updated_on, content, is_final_review, question_id, reviewer_id, id) values (?, ?, ?, ?, ?, ?, ?)
14:27:17.104 [main] DEBUG o.h.p.entity.AbstractEntityPersister -  Update 0: update review_comment set updated_on=?, content=?, is_final_review=?, question_id=?, reviewer_id=? where id=?
14:27:17.105 [main] DEBUG o.h.p.entity.AbstractEntityPersister -  Delete 0: delete from review_comment where id=?
14:27:17.105 [main] DEBUG o.h.p.entity.AbstractEntityPersister -  Identity insert: insert into review_comment (created_on, updated_on, content, is_final_review, question_id, reviewer_id) values (?, ?, ?, ?, ?, ?)
14:27:17.105 [main] DEBUG o.h.p.w.spi.MetamodelGraphWalker - Visiting attribute path : createdOn
14:27:17.105 [main] DEBUG o.h.p.w.spi.MetamodelGraphWalker - Visiting attribute path : updatedOn
14:27:17.105 [main] DEBUG o.h.p.w.spi.MetamodelGraphWalker - Visiting attribute path : content
14:27:17.105 [main] DEBUG o.h.p.w.spi.MetamodelGraphWalker - Visiting attribute path : isFinalReview
14:27:17.105 [main] DEBUG o.h.p.w.spi.MetamodelGraphWalker - Visiting attribute path : question
14:27:17.105 [main] DEBUG o.h.p.w.spi.MetamodelGraphWalker - Visiting attribute path : question.createdOn
14:27:17.105 [main] DEBUG o.h.p.w.spi.MetamodelGraphWalker - Visiting attribute path : question.updatedOn
14:27:17.105 [main] DEBUG o.h.p.w.spi.MetamodelGraphWalker - Visiting attribute path : question.author
14:27:17.105 [main] DEBUG o.h.p.w.spi.MetamodelGraphWalker - Visiting attribute path : question.author.createdOn
14:27:17.105 [main] DEBUG o.h.p.w.spi.MetamodelGraphWalker - Visiting attribute path : question.author.updatedOn
14:27:17.105 [main] DEBUG o.h.p.w.spi.MetamodelGraphWalker - Visiting attribute path : question.author.email
14:27:17.105 [main] DEBUG o.h.p.w.spi.MetamodelGraphWalker - Visiting attribute path : question.author.enabled
14:27:17.105 [main] DEBUG o.h.p.w.spi.MetamodelGraphWalker - Visiting attribute path : question.author.fullName
14:27:17.105 [main] DEBUG o.h.p.w.spi.MetamodelGraphWalker - Visiting attribute path : question.author.isAdmin
14:27:17.105 [main] DEBUG o.h.p.w.spi.MetamodelGraphWalker - Visiting attribute path : question.author.lastLogin
14:27:17.105 [main] DEBUG o.h.p.w.spi.MetamodelGraphWalker - Visiting attribute path : question.author.loginCount
14:27:17.105 [main] DEBUG o.h.p.w.spi.MetamodelGraphWalker - Visiting attribute path : question.author.password
14:27:17.105 [main] DEBUG o.h.p.w.spi.MetamodelGraphWalker - Visiting attribute path : question.author.phone
14:27:17.105 [main] DEBUG o.h.p.w.spi.MetamodelGraphWalker - Visiting attribute path : question.author.projects
14:27:17.105 [main] DEBUG o.h.p.w.spi.MetamodelGraphWalker - Visiting attribute path : question.author.username
14:27:17.105 [main] DEBUG o.h.p.w.spi.MetamodelGraphWalker - Visiting attribute path : question.authoringFinishDate
14:27:17.105 [main] DEBUG o.h.p.w.spi.MetamodelGraphWalker - Visiting attribute path : question.authoringStartDate
14:27:17.105 [main] DEBUG o.h.p.w.spi.MetamodelGraphWalker - Visiting attribute path : question.customField2
14:27:17.105 [main] DEBUG o.h.p.w.spi.MetamodelGraphWalker - Visiting attribute path : question.customField3
14:27:17.105 [main] DEBUG o.h.p.w.spi.MetamodelGraphWalker - Visiting attribute path : question.customFiled1
14:27:17.105 [main] DEBUG o.h.p.w.spi.MetamodelGraphWalker - Visiting attribute path : question.description
14:27:17.105 [main] DEBUG o.h.p.w.spi.MetamodelGraphWalker - Visiting attribute path : question.difficulty
14:27:17.105 [main] DEBUG o.h.p.w.spi.MetamodelGraphWalker - Visiting attribute path : question.images
14:27:17.105 [main] DEBUG o.h.p.w.spi.MetamodelGraphWalker - Visiting attribute path : question.knowledgePoint
14:27:17.105 [main] DEBUG o.h.p.w.spi.MetamodelGraphWalker - Visiting attribute path : question.knowledgePoint.createdOn
14:27:17.105 [main] DEBUG o.h.p.w.spi.MetamodelGraphWalker - Visiting attribute path : question.knowledgePoint.updatedOn
14:27:17.105 [main] DEBUG o.h.p.w.spi.MetamodelGraphWalker - Visiting attribute path : question.knowledgePoint.chapter
14:27:17.105 [main] DEBUG o.h.p.w.spi.MetamodelGraphWalker - Visiting attribute path : question.knowledgePoint.kLevel
14:27:17.105 [main] DEBUG o.h.p.w.spi.MetamodelGraphWalker - Visiting attribute path : question.knowledgePoint.number
14:27:17.105 [main] DEBUG o.h.p.w.spi.MetamodelGraphWalker - Visiting attribute path : question.knowledgePoint.score
14:27:17.105 [main] DEBUG o.h.p.w.spi.MetamodelGraphWalker - Visiting attribute path : question.knowledgePoint.title
14:27:17.105 [main] DEBUG o.h.p.w.spi.MetamodelGraphWalker - Visiting attribute path : question.language
14:27:17.105 [main] DEBUG o.h.p.w.spi.MetamodelGraphWalker - Visiting attribute path : question.language.createdOn
14:27:17.106 [main] DEBUG o.h.p.w.spi.MetamodelGraphWalker - Visiting attribute path : question.language.updatedOn
14:27:17.106 [main] DEBUG o.h.p.w.spi.MetamodelGraphWalker - Visiting attribute path : question.language.name
14:27:17.106 [main] DEBUG o.h.p.w.spi.MetamodelGraphWalker - Visiting attribute path : question.memo
14:27:17.106 [main] DEBUG o.h.p.w.spi.MetamodelGraphWalker - Visiting attribute path : question.multipleChoice
14:27:17.106 [main] DEBUG o.h.p.w.spi.MetamodelGraphWalker - Visiting attribute path : question.project
14:27:17.106 [main] DEBUG o.h.p.w.spi.MetamodelGraphWalker - Visiting attribute path : question.project.createdOn
14:27:17.106 [main] DEBUG o.h.p.w.spi.MetamodelGraphWalker - Visiting attribute path : question.project.updatedOn
14:27:17.106 [main] DEBUG o.h.p.w.spi.MetamodelGraphWalker - Visiting attribute path : question.project.customField1
14:27:17.106 [main] DEBUG o.h.p.w.spi.MetamodelGraphWalker - Visiting attribute path : question.project.customField2
14:27:17.106 [main] DEBUG o.h.p.w.spi.MetamodelGraphWalker - Visiting attribute path : question.project.customField3
14:27:17.106 [main] DEBUG o.h.p.w.spi.MetamodelGraphWalker - Visiting attribute path : question.project.exportedBy
14:27:17.106 [main] DEBUG o.h.p.w.spi.MetamodelGraphWalker - Visiting attribute path : question.project.exportedOn
14:27:17.106 [main] DEBUG o.h.p.w.spi.MetamodelGraphWalker - Visiting attribute path : question.project.facilitator
14:27:17.106 [main] DEBUG o.h.p.w.spi.MetamodelGraphWalker - Visiting attribute path : question.project.finishDate
14:27:17.106 [main] DEBUG o.h.p.w.spi.MetamodelGraphWalker - Visiting attribute path : question.project.name
14:27:17.106 [main] DEBUG o.h.p.w.spi.MetamodelGraphWalker - Visiting attribute path : question.project.startDate
14:27:17.106 [main] DEBUG o.h.p.w.spi.MetamodelGraphWalker - Visiting attribute path : question.project.status
14:27:17.106 [main] DEBUG o.h.p.w.spi.MetamodelGraphWalker - Visiting attribute path : question.project.syllabus
14:27:17.106 [main] DEBUG o.h.p.w.spi.MetamodelGraphWalker - Visiting attribute path : question.project.users
14:27:17.106 [main] DEBUG o.h.p.w.spi.MetamodelGraphWalker - Visiting attribute path : question.published
14:27:17.106 [main] DEBUG o.h.p.w.spi.MetamodelGraphWalker - Visiting attribute path : question.qualityAdmin
14:27:17.106 [main] DEBUG o.h.p.w.spi.MetamodelGraphWalker - Visiting attribute path : question.qualityAdmin.createdOn
14:27:17.106 [main] DEBUG o.h.p.w.spi.MetamodelGraphWalker - Visiting attribute path : question.qualityAdmin.updatedOn
14:27:17.106 [main] DEBUG o.h.p.w.spi.MetamodelGraphWalker - Visiting attribute path : question.qualityAdmin.email
14:27:17.106 [main] DEBUG o.h.p.w.spi.MetamodelGraphWalker - Visiting attribute path : question.qualityAdmin.enabled
14:27:17.106 [main] DEBUG o.h.p.w.spi.MetamodelGraphWalker - Visiting attribute path : question.qualityAdmin.fullName
14:27:17.106 [main] DEBUG o.h.p.w.spi.MetamodelGraphWalker - Visiting attribute path : question.qualityAdmin.isAdmin
14:27:17.106 [main] DEBUG o.h.p.w.spi.MetamodelGraphWalker - Visiting attribute path : question.qualityAdmin.lastLogin
14:27:17.106 [main] DEBUG o.h.p.w.spi.MetamodelGraphWalker - Visiting attribute path : question.qualityAdmin.loginCount
14:27:17.106 [main] DEBUG o.h.p.w.spi.MetamodelGraphWalker - Visiting attribute path : question.qualityAdmin.password
14:27:17.106 [main] DEBUG o.h.p.w.spi.MetamodelGraphWalker - Visiting attribute path : question.qualityAdmin.phone
14:27:17.106 [main] DEBUG o.h.p.w.spi.MetamodelGraphWalker - Visiting attribute path : question.qualityAdmin.projects
14:27:17.106 [main] DEBUG o.h.p.w.spi.MetamodelGraphWalker - Visiting attribute path : question.qualityAdmin.username
14:27:17.106 [main] DEBUG o.h.p.w.spi.MetamodelGraphWalker - Visiting attribute path : question.remark
14:27:17.106 [main] DEBUG o.h.p.w.spi.MetamodelGraphWalker - Visiting attribute path : question.reviewers
14:27:17.106 [main] DEBUG o.h.p.w.spi.MetamodelGraphWalker - Visiting attribute path : question.reviewingFinishDate
14:27:17.106 [main] DEBUG o.h.p.w.spi.MetamodelGraphWalker - Visiting attribute path : question.reviewingStartDate
14:27:17.106 [main] DEBUG o.h.p.w.spi.MetamodelGraphWalker - Visiting attribute path : question.scenario
14:27:17.106 [main] DEBUG o.h.p.w.spi.MetamodelGraphWalker - Visiting attribute path : question.score
14:27:17.106 [main] DEBUG o.h.p.w.spi.MetamodelGraphWalker - Visiting attribute path : question.status
14:27:17.106 [main] DEBUG o.h.p.w.spi.MetamodelGraphWalker - Visiting attribute path : question.status.createdOn
14:27:17.106 [main] DEBUG o.h.p.w.spi.MetamodelGraphWalker - Visiting attribute path : question.status.updatedOn
14:27:17.106 [main] DEBUG o.h.p.w.spi.MetamodelGraphWalker - Visiting attribute path : question.status.isFinish
14:27:17.106 [main] DEBUG o.h.p.w.spi.MetamodelGraphWalker - Visiting attribute path : question.status.isStart
14:27:17.106 [main] DEBUG o.h.p.w.spi.MetamodelGraphWalker - Visiting attribute path : question.status.name
14:27:17.107 [main] DEBUG o.h.p.w.spi.MetamodelGraphWalker - Visiting attribute path : question.status.accessibleByAuthor
14:27:17.107 [main] DEBUG o.h.p.w.spi.MetamodelGraphWalker - Visiting attribute path : question.status.accessibleByFacilitator
14:27:17.107 [main] DEBUG o.h.p.w.spi.MetamodelGraphWalker - Visiting attribute path : question.status.accessibleByQualityAdmin
14:27:17.107 [main] DEBUG o.h.p.w.spi.MetamodelGraphWalker - Visiting attribute path : question.status.accessibleByReviewer
14:27:17.107 [main] DEBUG o.h.p.w.spi.MetamodelGraphWalker - Visiting attribute path : question.stem
14:27:17.107 [main] DEBUG o.h.p.w.spi.MetamodelGraphWalker - Visiting attribute path : question.type
14:27:17.107 [main] DEBUG o.h.p.w.spi.MetamodelGraphWalker - Visiting attribute path : question.type.createdOn
14:27:17.107 [main] DEBUG o.h.p.w.spi.MetamodelGraphWalker - Visiting attribute path : question.type.updatedOn
14:27:17.107 [main] DEBUG o.h.p.w.spi.MetamodelGraphWalker - Visiting attribute path : question.type.name
14:27:17.107 [main] DEBUG o.h.p.w.spi.MetamodelGraphWalker - Visiting attribute path : reviewer
14:27:17.107 [main] DEBUG o.h.p.w.spi.MetamodelGraphWalker - Visiting attribute path : reviewer.createdOn
14:27:17.107 [main] DEBUG o.h.p.w.spi.MetamodelGraphWalker - Visiting attribute path : reviewer.updatedOn
14:27:17.107 [main] DEBUG o.h.p.w.spi.MetamodelGraphWalker - Visiting attribute path : reviewer.email
14:27:17.107 [main] DEBUG o.h.p.w.spi.MetamodelGraphWalker - Visiting attribute path : reviewer.enabled
14:27:17.107 [main] DEBUG o.h.p.w.spi.MetamodelGraphWalker - Visiting attribute path : reviewer.fullName
14:27:17.107 [main] DEBUG o.h.p.w.spi.MetamodelGraphWalker - Visiting attribute path : reviewer.isAdmin
14:27:17.107 [main] DEBUG o.h.p.w.spi.MetamodelGraphWalker - Visiting attribute path : reviewer.lastLogin
14:27:17.107 [main] DEBUG o.h.p.w.spi.MetamodelGraphWalker - Visiting attribute path : reviewer.loginCount
14:27:17.107 [main] DEBUG o.h.p.w.spi.MetamodelGraphWalker - Visiting attribute path : reviewer.password
14:27:17.107 [main] DEBUG o.h.p.w.spi.MetamodelGraphWalker - Visiting attribute path : reviewer.phone
14:27:17.107 [main] DEBUG o.h.p.w.spi.MetamodelGraphWalker - Visiting attribute path : reviewer.projects
14:27:17.107 [main] DEBUG o.h.p.w.spi.MetamodelGraphWalker - Visiting attribute path : reviewer.username
14:27:17.108 [main] DEBUG o.h.p.w.spi.MetamodelGraphWalker - Visiting attribute path : createdOn
14:27:17.108 [main] DEBUG o.h.p.w.spi.MetamodelGraphWalker - Visiting attribute path : updatedOn
14:27:17.108 [main] DEBUG o.h.p.w.spi.MetamodelGraphWalker - Visiting attribute path : content
14:27:17.108 [main] DEBUG o.h.p.w.spi.MetamodelGraphWalker - Visiting attribute path : isFinalReview
14:27:17.108 [main] DEBUG o.h.p.w.spi.MetamodelGraphWalker - Visiting attribute path : question
14:27:17.108 [main] DEBUG o.h.p.w.spi.MetamodelGraphWalker - Visiting attribute path : question.createdOn
14:27:17.108 [main] DEBUG o.h.p.w.spi.MetamodelGraphWalker - Visiting attribute path : question.updatedOn
14:27:17.108 [main] DEBUG o.h.p.w.spi.MetamodelGraphWalker - Visiting attribute path : question.author
14:27:17.108 [main] DEBUG o.h.p.w.spi.MetamodelGraphWalker - Visiting attribute path : question.author.createdOn
14:27:17.108 [main] DEBUG o.h.p.w.spi.MetamodelGraphWalker - Visiting attribute path : question.author.updatedOn
14:27:17.108 [main] DEBUG o.h.p.w.spi.MetamodelGraphWalker - Visiting attribute path : question.author.email
14:27:17.108 [main] DEBUG o.h.p.w.spi.MetamodelGraphWalker - Visiting attribute path : question.author.enabled
14:27:17.108 [main] DEBUG o.h.p.w.spi.MetamodelGraphWalker - Visiting attribute path : question.author.fullName
14:27:17.108 [main] DEBUG o.h.p.w.spi.MetamodelGraphWalker - Visiting attribute path : question.author.isAdmin
14:27:17.108 [main] DEBUG o.h.p.w.spi.MetamodelGraphWalker - Visiting attribute path : question.author.lastLogin
14:27:17.108 [main] DEBUG o.h.p.w.spi.MetamodelGraphWalker - Visiting attribute path : question.author.loginCount
14:27:17.108 [main] DEBUG o.h.p.w.spi.MetamodelGraphWalker - Visiting attribute path : question.author.password
14:27:17.108 [main] DEBUG o.h.p.w.spi.MetamodelGraphWalker - Visiting attribute path : question.author.phone
14:27:17.108 [main] DEBUG o.h.p.w.spi.MetamodelGraphWalker - Visiting attribute path : question.author.projects
14:27:17.108 [main] DEBUG o.h.p.w.spi.MetamodelGraphWalker - Visiting attribute path : question.author.username
14:27:17.108 [main] DEBUG o.h.p.w.spi.MetamodelGraphWalker - Visiting attribute path : question.authoringFinishDate
14:27:17.108 [main] DEBUG o.h.p.w.spi.MetamodelGraphWalker - Visiting attribute path : question.authoringStartDate
14:27:17.109 [main] DEBUG o.h.p.w.spi.MetamodelGraphWalker - Visiting attribute path : question.customField2
14:27:17.109 [main] DEBUG o.h.p.w.spi.MetamodelGraphWalker - Visiting attribute path : question.customField3
14:27:17.109 [main] DEBUG o.h.p.w.spi.MetamodelGraphWalker - Visiting attribute path : question.customFiled1
14:27:17.109 [main] DEBUG o.h.p.w.spi.MetamodelGraphWalker - Visiting attribute path : question.description
14:27:17.109 [main] DEBUG o.h.p.w.spi.MetamodelGraphWalker - Visiting attribute path : question.difficulty
14:27:17.109 [main] DEBUG o.h.p.w.spi.MetamodelGraphWalker - Visiting attribute path : question.images
14:27:17.109 [main] DEBUG o.h.p.w.spi.MetamodelGraphWalker - Visiting attribute path : question.knowledgePoint
14:27:17.109 [main] DEBUG o.h.p.w.spi.MetamodelGraphWalker - Visiting attribute path : question.knowledgePoint.createdOn
14:27:17.109 [main] DEBUG o.h.p.w.spi.MetamodelGraphWalker - Visiting attribute path : question.knowledgePoint.updatedOn
14:27:17.109 [main] DEBUG o.h.p.w.spi.MetamodelGraphWalker - Visiting attribute path : question.knowledgePoint.chapter
14:27:17.109 [main] DEBUG o.h.p.w.spi.MetamodelGraphWalker - Visiting attribute path : question.knowledgePoint.kLevel
14:27:17.109 [main] DEBUG o.h.p.w.spi.MetamodelGraphWalker - Visiting attribute path : question.knowledgePoint.number
14:27:17.109 [main] DEBUG o.h.p.w.spi.MetamodelGraphWalker - Visiting attribute path : question.knowledgePoint.score
14:27:17.109 [main] DEBUG o.h.p.w.spi.MetamodelGraphWalker - Visiting attribute path : question.knowledgePoint.title
14:27:17.109 [main] DEBUG o.h.p.w.spi.MetamodelGraphWalker - Visiting attribute path : question.language
14:27:17.109 [main] DEBUG o.h.p.w.spi.MetamodelGraphWalker - Visiting attribute path : question.language.createdOn
14:27:17.109 [main] DEBUG o.h.p.w.spi.MetamodelGraphWalker - Visiting attribute path : question.language.updatedOn
14:27:17.109 [main] DEBUG o.h.p.w.spi.MetamodelGraphWalker - Visiting attribute path : question.language.name
14:27:17.109 [main] DEBUG o.h.p.w.spi.MetamodelGraphWalker - Visiting attribute path : question.memo
14:27:17.109 [main] DEBUG o.h.p.w.spi.MetamodelGraphWalker - Visiting attribute path : question.multipleChoice
14:27:17.109 [main] DEBUG o.h.p.w.spi.MetamodelGraphWalker - Visiting attribute path : question.project
14:27:17.109 [main] DEBUG o.h.p.w.spi.MetamodelGraphWalker - Visiting attribute path : question.project.createdOn
14:27:17.109 [main] DEBUG o.h.p.w.spi.MetamodelGraphWalker - Visiting attribute path : question.project.updatedOn
14:27:17.109 [main] DEBUG o.h.p.w.spi.MetamodelGraphWalker - Visiting attribute path : question.project.customField1
14:27:17.109 [main] DEBUG o.h.p.w.spi.MetamodelGraphWalker - Visiting attribute path : question.project.customField2
14:27:17.109 [main] DEBUG o.h.p.w.spi.MetamodelGraphWalker - Visiting attribute path : question.project.customField3
14:27:17.109 [main] DEBUG o.h.p.w.spi.MetamodelGraphWalker - Visiting attribute path : question.project.exportedBy
14:27:17.109 [main] DEBUG o.h.p.w.spi.MetamodelGraphWalker - Visiting attribute path : question.project.exportedOn
14:27:17.110 [main] DEBUG o.h.p.w.spi.MetamodelGraphWalker - Visiting attribute path : question.project.facilitator
14:27:17.110 [main] DEBUG o.h.p.w.spi.MetamodelGraphWalker - Visiting attribute path : question.project.finishDate
14:27:17.110 [main] DEBUG o.h.p.w.spi.MetamodelGraphWalker - Visiting attribute path : question.project.name
14:27:17.110 [main] DEBUG o.h.p.w.spi.MetamodelGraphWalker - Visiting attribute path : question.project.startDate
14:27:17.110 [main] DEBUG o.h.p.w.spi.MetamodelGraphWalker - Visiting attribute path : question.project.status
14:27:17.110 [main] DEBUG o.h.p.w.spi.MetamodelGraphWalker - Visiting attribute path : question.project.syllabus
14:27:17.110 [main] DEBUG o.h.p.w.spi.MetamodelGraphWalker - Visiting attribute path : question.project.users
14:27:17.110 [main] DEBUG o.h.p.w.spi.MetamodelGraphWalker - Visiting attribute path : question.published
14:27:17.110 [main] DEBUG o.h.p.w.spi.MetamodelGraphWalker - Visiting attribute path : question.qualityAdmin
14:27:17.110 [main] DEBUG o.h.p.w.spi.MetamodelGraphWalker - Visiting attribute path : question.qualityAdmin.createdOn
14:27:17.110 [main] DEBUG o.h.p.w.spi.MetamodelGraphWalker - Visiting attribute path : question.qualityAdmin.updatedOn
14:27:17.110 [main] DEBUG o.h.p.w.spi.MetamodelGraphWalker - Visiting attribute path : question.qualityAdmin.email
14:27:17.110 [main] DEBUG o.h.p.w.spi.MetamodelGraphWalker - Visiting attribute path : question.qualityAdmin.enabled
14:27:17.110 [main] DEBUG o.h.p.w.spi.MetamodelGraphWalker - Visiting attribute path : question.qualityAdmin.fullName
14:27:17.110 [main] DEBUG o.h.p.w.spi.MetamodelGraphWalker - Visiting attribute path : question.qualityAdmin.isAdmin
14:27:17.110 [main] DEBUG o.h.p.w.spi.MetamodelGraphWalker - Visiting attribute path : question.qualityAdmin.lastLogin
14:27:17.110 [main] DEBUG o.h.p.w.spi.MetamodelGraphWalker - Visiting attribute path : question.qualityAdmin.loginCount
14:27:17.110 [main] DEBUG o.h.p.w.spi.MetamodelGraphWalker - Visiting attribute path : question.qualityAdmin.password
14:27:17.110 [main] DEBUG o.h.p.w.spi.MetamodelGraphWalker - Visiting attribute path : question.qualityAdmin.phone
14:27:17.110 [main] DEBUG o.h.p.w.spi.MetamodelGraphWalker - Visiting attribute path : question.qualityAdmin.projects
14:27:17.110 [main] DEBUG o.h.p.w.spi.MetamodelGraphWalker - Visiting attribute path : question.qualityAdmin.username
14:27:17.110 [main] DEBUG o.h.p.w.spi.MetamodelGraphWalker - Visiting attribute path : question.remark
14:27:17.110 [main] DEBUG o.h.p.w.spi.MetamodelGraphWalker - Visiting attribute path : question.reviewers
14:27:17.110 [main] DEBUG o.h.p.w.spi.MetamodelGraphWalker - Visiting attribute path : question.reviewingFinishDate
14:27:17.110 [main] DEBUG o.h.p.w.spi.MetamodelGraphWalker - Visiting attribute path : question.reviewingStartDate
14:27:17.110 [main] DEBUG o.h.p.w.spi.MetamodelGraphWalker - Visiting attribute path : question.scenario
14:27:17.110 [main] DEBUG o.h.p.w.spi.MetamodelGraphWalker - Visiting attribute path : question.score
14:27:17.110 [main] DEBUG o.h.p.w.spi.MetamodelGraphWalker - Visiting attribute path : question.status
14:27:17.110 [main] DEBUG o.h.p.w.spi.MetamodelGraphWalker - Visiting attribute path : question.status.createdOn
14:27:17.111 [main] DEBUG o.h.p.w.spi.MetamodelGraphWalker - Visiting attribute path : question.status.updatedOn
14:27:17.111 [main] DEBUG o.h.p.w.spi.MetamodelGraphWalker - Visiting attribute path : question.status.isFinish
14:27:17.111 [main] DEBUG o.h.p.w.spi.MetamodelGraphWalker - Visiting attribute path : question.status.isStart
14:27:17.111 [main] DEBUG o.h.p.w.spi.MetamodelGraphWalker - Visiting attribute path : question.status.name
14:27:17.111 [main] DEBUG o.h.p.w.spi.MetamodelGraphWalker - Visiting attribute path : question.status.accessibleByAuthor
14:27:17.111 [main] DEBUG o.h.p.w.spi.MetamodelGraphWalker - Visiting attribute path : question.status.accessibleByFacilitator
14:27:17.111 [main] DEBUG o.h.p.w.spi.MetamodelGraphWalker - Visiting attribute path : question.status.accessibleByQualityAdmin
14:27:17.111 [main] DEBUG o.h.p.w.spi.MetamodelGraphWalker - Visiting attribute path : question.status.accessibleByReviewer
14:27:17.111 [main] DEBUG o.h.p.w.spi.MetamodelGraphWalker - Visiting attribute path : question.stem
14:27:17.111 [main] DEBUG o.h.p.w.spi.MetamodelGraphWalker - Visiting attribute path : question.type
14:27:17.111 [main] DEBUG o.h.p.w.spi.MetamodelGraphWalker - Visiting attribute path : question.type.createdOn
14:27:17.111 [main] DEBUG o.h.p.w.spi.MetamodelGraphWalker - Visiting attribute path : question.type.updatedOn
14:27:17.111 [main] DEBUG o.h.p.w.spi.MetamodelGraphWalker - Visiting attribute path : question.type.name
14:27:17.111 [main] DEBUG o.h.p.w.spi.MetamodelGraphWalker - Visiting attribute path : reviewer
14:27:17.111 [main] DEBUG o.h.p.w.spi.MetamodelGraphWalker - Visiting attribute path : reviewer.createdOn
14:27:17.111 [main] DEBUG o.h.p.w.spi.MetamodelGraphWalker - Visiting attribute path : reviewer.updatedOn
14:27:17.111 [main] DEBUG o.h.p.w.spi.MetamodelGraphWalker - Visiting attribute path : reviewer.email
14:27:17.111 [main] DEBUG o.h.p.w.spi.MetamodelGraphWalker - Visiting attribute path : reviewer.enabled
14:27:17.111 [main] DEBUG o.h.p.w.spi.MetamodelGraphWalker - Visiting attribute path : reviewer.fullName
14:27:17.111 [main] DEBUG o.h.p.w.spi.MetamodelGraphWalker - Visiting attribute path : reviewer.isAdmin
14:27:17.111 [main] DEBUG o.h.p.w.spi.MetamodelGraphWalker - Visiting attribute path : reviewer.lastLogin
14:27:17.111 [main] DEBUG o.h.p.w.spi.MetamodelGraphWalker - Visiting attribute path : reviewer.loginCount
14:27:17.111 [main] DEBUG o.h.p.w.spi.MetamodelGraphWalker - Visiting attribute path : reviewer.password
14:27:17.111 [main] DEBUG o.h.p.w.spi.MetamodelGraphWalker - Visiting attribute path : reviewer.phone
14:27:17.111 [main] DEBUG o.h.p.w.spi.MetamodelGraphWalker - Visiting attribute path : reviewer.projects
14:27:17.111 [main] DEBUG o.h.p.w.spi.MetamodelGraphWalker - Visiting attribute path : reviewer.username
14:27:17.112 [main] DEBUG o.h.p.w.spi.MetamodelGraphWalker - Visiting attribute path : createdOn
14:27:17.112 [main] DEBUG o.h.p.w.spi.MetamodelGraphWalker - Visiting attribute path : updatedOn
14:27:17.112 [main] DEBUG o.h.p.w.spi.MetamodelGraphWalker - Visiting attribute path : content
14:27:17.112 [main] DEBUG o.h.p.w.spi.MetamodelGraphWalker - Visiting attribute path : isFinalReview
14:27:17.112 [main] DEBUG o.h.p.w.spi.MetamodelGraphWalker - Visiting attribute path : question
14:27:17.112 [main] DEBUG o.h.p.w.spi.MetamodelGraphWalker - Visiting attribute path : reviewer
14:27:17.112 [main] DEBUG o.h.p.w.spi.MetamodelGraphWalker - Visiting attribute path : createdOn
14:27:17.112 [main] DEBUG o.h.p.w.spi.MetamodelGraphWalker - Visiting attribute path : updatedOn
14:27:17.112 [main] DEBUG o.h.p.w.spi.MetamodelGraphWalker - Visiting attribute path : content
14:27:17.112 [main] DEBUG o.h.p.w.spi.MetamodelGraphWalker - Visiting attribute path : isFinalReview
14:27:17.112 [main] DEBUG o.h.p.w.spi.MetamodelGraphWalker - Visiting attribute path : question
14:27:17.112 [main] DEBUG o.h.p.w.spi.MetamodelGraphWalker - Visiting attribute path : reviewer
14:27:17.113 [main] DEBUG o.h.p.w.spi.MetamodelGraphWalker - Visiting attribute path : createdOn
14:27:17.113 [main] DEBUG o.h.p.w.spi.MetamodelGraphWalker - Visiting attribute path : updatedOn
14:27:17.113 [main] DEBUG o.h.p.w.spi.MetamodelGraphWalker - Visiting attribute path : content
14:27:17.113 [main] DEBUG o.h.p.w.spi.MetamodelGraphWalker - Visiting attribute path : isFinalReview
14:27:17.113 [main] DEBUG o.h.p.w.spi.MetamodelGraphWalker - Visiting attribute path : question
14:27:17.113 [main] DEBUG o.h.p.w.spi.MetamodelGraphWalker - Visiting attribute path : reviewer
14:27:17.113 [main] DEBUG o.h.p.w.spi.MetamodelGraphWalker - Visiting attribute path : createdOn
14:27:17.113 [main] DEBUG o.h.p.w.spi.MetamodelGraphWalker - Visiting attribute path : updatedOn
14:27:17.113 [main] DEBUG o.h.p.w.spi.MetamodelGraphWalker - Visiting attribute path : content
14:27:17.113 [main] DEBUG o.h.p.w.spi.MetamodelGraphWalker - Visiting attribute path : isFinalReview
14:27:17.113 [main] DEBUG o.h.p.w.spi.MetamodelGraphWalker - Visiting attribute path : question
14:27:17.113 [main] DEBUG o.h.p.w.spi.MetamodelGraphWalker - Visiting attribute path : reviewer
14:27:17.113 [main] DEBUG o.h.p.w.spi.MetamodelGraphWalker - Visiting attribute path : createdOn
14:27:17.113 [main] DEBUG o.h.p.w.spi.MetamodelGraphWalker - Visiting attribute path : updatedOn
14:27:17.113 [main] DEBUG o.h.p.w.spi.MetamodelGraphWalker - Visiting attribute path : content
14:27:17.113 [main] DEBUG o.h.p.w.spi.MetamodelGraphWalker - Visiting attribute path : isFinalReview
14:27:17.113 [main] DEBUG o.h.p.w.spi.MetamodelGraphWalker - Visiting attribute path : question
14:27:17.113 [main] DEBUG o.h.p.w.spi.MetamodelGraphWalker - Visiting attribute path : reviewer
14:27:17.113 [main] DEBUG o.h.p.w.spi.MetamodelGraphWalker - Visiting attribute path : createdOn
14:27:17.113 [main] DEBUG o.h.p.w.spi.MetamodelGraphWalker - Visiting attribute path : updatedOn
14:27:17.113 [main] DEBUG o.h.p.w.spi.MetamodelGraphWalker - Visiting attribute path : content
14:27:17.113 [main] DEBUG o.h.p.w.spi.MetamodelGraphWalker - Visiting attribute path : isFinalReview
14:27:17.113 [main] DEBUG o.h.p.w.spi.MetamodelGraphWalker - Visiting attribute path : question
14:27:17.114 [main] DEBUG o.h.p.w.spi.MetamodelGraphWalker - Visiting attribute path : reviewer
14:27:17.114 [main] DEBUG o.h.p.w.spi.MetamodelGraphWalker - Visiting attribute path : createdOn
14:27:17.114 [main] DEBUG o.h.p.w.spi.MetamodelGraphWalker - Visiting attribute path : updatedOn
14:27:17.114 [main] DEBUG o.h.p.w.spi.MetamodelGraphWalker - Visiting attribute path : content
14:27:17.114 [main] DEBUG o.h.p.w.spi.MetamodelGraphWalker - Visiting attribute path : isFinalReview
14:27:17.114 [main] DEBUG o.h.p.w.spi.MetamodelGraphWalker - Visiting attribute path : question
14:27:17.114 [main] DEBUG o.h.p.w.spi.MetamodelGraphWalker - Visiting attribute path : reviewer
14:27:17.114 [main] DEBUG o.h.p.w.spi.MetamodelGraphWalker - Visiting attribute path : createdOn
14:27:17.114 [main] DEBUG o.h.p.w.spi.MetamodelGraphWalker - Visiting attribute path : updatedOn
14:27:17.114 [main] DEBUG o.h.p.w.spi.MetamodelGraphWalker - Visiting attribute path : content
14:27:17.114 [main] DEBUG o.h.p.w.spi.MetamodelGraphWalker - Visiting attribute path : isFinalReview
14:27:17.114 [main] DEBUG o.h.p.w.spi.MetamodelGraphWalker - Visiting attribute path : question
14:27:17.114 [main] DEBUG o.h.p.w.spi.MetamodelGraphWalker - Visiting attribute path : reviewer
14:27:17.114 [main] DEBUG o.h.p.w.spi.MetamodelGraphWalker - Visiting attribute path : createdOn
14:27:17.114 [main] DEBUG o.h.p.w.spi.MetamodelGraphWalker - Visiting attribute path : updatedOn
14:27:17.114 [main] DEBUG o.h.p.w.spi.MetamodelGraphWalker - Visiting attribute path : content
14:27:17.114 [main] DEBUG o.h.p.w.spi.MetamodelGraphWalker - Visiting attribute path : isFinalReview
14:27:17.114 [main] DEBUG o.h.p.w.spi.MetamodelGraphWalker - Visiting attribute path : question
14:27:17.115 [main] DEBUG o.h.p.w.spi.MetamodelGraphWalker - Visiting attribute path : reviewer
14:27:17.115 [main] DEBUG o.h.p.entity.AbstractEntityPersister - Static SQL for entity: cn.cstqb.exam.testmaker.entities.QuestionChoice
14:27:17.115 [main] DEBUG o.h.p.entity.AbstractEntityPersister -  Version select: select id from question_choice where id =?
14:27:17.115 [main] DEBUG o.h.p.entity.AbstractEntityPersister -  Snapshot select: select questionch_.id, questionch_.updated_on as updated_3_8_, questionch_.choice_label as choice_l4_8_, questionch_.content as content5_8_, questionch_.is_correct_answer as is_corre6_8_, questionch_.question_id as question7_8_ from question_choice questionch_ where questionch_.id=?
14:27:17.115 [main] DEBUG o.h.p.entity.AbstractEntityPersister -  Insert 0: insert into question_choice (created_on, updated_on, choice_label, content, is_correct_answer, question_id, id) values (?, ?, ?, ?, ?, ?, ?)
14:27:17.115 [main] DEBUG o.h.p.entity.AbstractEntityPersister -  Update 0: update question_choice set updated_on=?, choice_label=?, content=?, is_correct_answer=?, question_id=? where id=?
14:27:17.115 [main] DEBUG o.h.p.entity.AbstractEntityPersister -  Delete 0: delete from question_choice where id=?
14:27:17.115 [main] DEBUG o.h.p.entity.AbstractEntityPersister -  Identity insert: insert into question_choice (created_on, updated_on, choice_label, content, is_correct_answer, question_id) values (?, ?, ?, ?, ?, ?)
14:27:17.115 [main] DEBUG o.h.p.w.spi.MetamodelGraphWalker - Visiting attribute path : createdOn
14:27:17.115 [main] DEBUG o.h.p.w.spi.MetamodelGraphWalker - Visiting attribute path : updatedOn
14:27:17.115 [main] DEBUG o.h.p.w.spi.MetamodelGraphWalker - Visiting attribute path : choiceLabel
14:27:17.115 [main] DEBUG o.h.p.w.spi.MetamodelGraphWalker - Visiting attribute path : content
14:27:17.115 [main] DEBUG o.h.p.w.spi.MetamodelGraphWalker - Visiting attribute path : images
14:27:17.115 [main] DEBUG o.h.p.w.spi.MetamodelGraphWalker - Visiting attribute path : isCorrectAnswer
14:27:17.115 [main] DEBUG o.h.p.w.spi.MetamodelGraphWalker - Visiting attribute path : question
14:27:17.116 [main] DEBUG o.h.p.w.spi.MetamodelGraphWalker - Visiting attribute path : question.createdOn
14:27:17.116 [main] DEBUG o.h.p.w.spi.MetamodelGraphWalker - Visiting attribute path : question.updatedOn
14:27:17.116 [main] DEBUG o.h.p.w.spi.MetamodelGraphWalker - Visiting attribute path : question.author
14:27:17.116 [main] DEBUG o.h.p.w.spi.MetamodelGraphWalker - Visiting attribute path : question.author.createdOn
14:27:17.116 [main] DEBUG o.h.p.w.spi.MetamodelGraphWalker - Visiting attribute path : question.author.updatedOn
14:27:17.116 [main] DEBUG o.h.p.w.spi.MetamodelGraphWalker - Visiting attribute path : question.author.email
14:27:17.116 [main] DEBUG o.h.p.w.spi.MetamodelGraphWalker - Visiting attribute path : question.author.enabled
14:27:17.116 [main] DEBUG o.h.p.w.spi.MetamodelGraphWalker - Visiting attribute path : question.author.fullName
14:27:17.116 [main] DEBUG o.h.p.w.spi.MetamodelGraphWalker - Visiting attribute path : question.author.isAdmin
14:27:17.116 [main] DEBUG o.h.p.w.spi.MetamodelGraphWalker - Visiting attribute path : question.author.lastLogin
14:27:17.116 [main] DEBUG o.h.p.w.spi.MetamodelGraphWalker - Visiting attribute path : question.author.loginCount
14:27:17.116 [main] DEBUG o.h.p.w.spi.MetamodelGraphWalker - Visiting attribute path : question.author.password
14:27:17.116 [main] DEBUG o.h.p.w.spi.MetamodelGraphWalker - Visiting attribute path : question.author.phone
14:27:17.116 [main] DEBUG o.h.p.w.spi.MetamodelGraphWalker - Visiting attribute path : question.author.projects
14:27:17.116 [main] DEBUG o.h.p.w.spi.MetamodelGraphWalker - Visiting attribute path : question.author.username
14:27:17.116 [main] DEBUG o.h.p.w.spi.MetamodelGraphWalker - Visiting attribute path : question.authoringFinishDate
14:27:17.116 [main] DEBUG o.h.p.w.spi.MetamodelGraphWalker - Visiting attribute path : question.authoringStartDate
14:27:17.116 [main] DEBUG o.h.p.w.spi.MetamodelGraphWalker - Visiting attribute path : question.customField2
14:27:17.116 [main] DEBUG o.h.p.w.spi.MetamodelGraphWalker - Visiting attribute path : question.customField3
14:27:17.116 [main] DEBUG o.h.p.w.spi.MetamodelGraphWalker - Visiting attribute path : question.customFiled1
14:27:17.116 [main] DEBUG o.h.p.w.spi.MetamodelGraphWalker - Visiting attribute path : question.description
14:27:17.116 [main] DEBUG o.h.p.w.spi.MetamodelGraphWalker - Visiting attribute path : question.difficulty
14:27:17.116 [main] DEBUG o.h.p.w.spi.MetamodelGraphWalker - Visiting attribute path : question.images
14:27:17.116 [main] DEBUG o.h.p.w.spi.MetamodelGraphWalker - Visiting attribute path : question.knowledgePoint
14:27:17.116 [main] DEBUG o.h.p.w.spi.MetamodelGraphWalker - Visiting attribute path : question.knowledgePoint.createdOn
14:27:17.116 [main] DEBUG o.h.p.w.spi.MetamodelGraphWalker - Visiting attribute path : question.knowledgePoint.updatedOn
14:27:17.116 [main] DEBUG o.h.p.w.spi.MetamodelGraphWalker - Visiting attribute path : question.knowledgePoint.chapter
14:27:17.116 [main] DEBUG o.h.p.w.spi.MetamodelGraphWalker - Visiting attribute path : question.knowledgePoint.kLevel
14:27:17.116 [main] DEBUG o.h.p.w.spi.MetamodelGraphWalker - Visiting attribute path : question.knowledgePoint.number
14:27:17.116 [main] DEBUG o.h.p.w.spi.MetamodelGraphWalker - Visiting attribute path : question.knowledgePoint.score
14:27:17.116 [main] DEBUG o.h.p.w.spi.MetamodelGraphWalker - Visiting attribute path : question.knowledgePoint.title
14:27:17.117 [main] DEBUG o.h.p.w.spi.MetamodelGraphWalker - Visiting attribute path : question.language
14:27:17.117 [main] DEBUG o.h.p.w.spi.MetamodelGraphWalker - Visiting attribute path : question.language.createdOn
14:27:17.117 [main] DEBUG o.h.p.w.spi.MetamodelGraphWalker - Visiting attribute path : question.language.updatedOn
14:27:17.117 [main] DEBUG o.h.p.w.spi.MetamodelGraphWalker - Visiting attribute path : question.language.name
14:27:17.117 [main] DEBUG o.h.p.w.spi.MetamodelGraphWalker - Visiting attribute path : question.memo
14:27:17.117 [main] DEBUG o.h.p.w.spi.MetamodelGraphWalker - Visiting attribute path : question.multipleChoice
14:27:17.117 [main] DEBUG o.h.p.w.spi.MetamodelGraphWalker - Visiting attribute path : question.project
14:27:17.117 [main] DEBUG o.h.p.w.spi.MetamodelGraphWalker - Visiting attribute path : question.project.createdOn
14:27:17.117 [main] DEBUG o.h.p.w.spi.MetamodelGraphWalker - Visiting attribute path : question.project.updatedOn
14:27:17.117 [main] DEBUG o.h.p.w.spi.MetamodelGraphWalker - Visiting attribute path : question.project.customField1
14:27:17.117 [main] DEBUG o.h.p.w.spi.MetamodelGraphWalker - Visiting attribute path : question.project.customField2
14:27:17.117 [main] DEBUG o.h.p.w.spi.MetamodelGraphWalker - Visiting attribute path : question.project.customField3
14:27:17.117 [main] DEBUG o.h.p.w.spi.MetamodelGraphWalker - Visiting attribute path : question.project.exportedBy
14:27:17.117 [main] DEBUG o.h.p.w.spi.MetamodelGraphWalker - Visiting attribute path : question.project.exportedOn
14:27:17.117 [main] DEBUG o.h.p.w.spi.MetamodelGraphWalker - Visiting attribute path : question.project.facilitator
14:27:17.117 [main] DEBUG o.h.p.w.spi.MetamodelGraphWalker - Visiting attribute path : question.project.finishDate
14:27:17.117 [main] DEBUG o.h.p.w.spi.MetamodelGraphWalker - Visiting attribute path : question.project.name
14:27:17.117 [main] DEBUG o.h.p.w.spi.MetamodelGraphWalker - Visiting attribute path : question.project.startDate
14:27:17.117 [main] DEBUG o.h.p.w.spi.MetamodelGraphWalker - Visiting attribute path : question.project.status
14:27:17.117 [main] DEBUG o.h.p.w.spi.MetamodelGraphWalker - Visiting attribute path : question.project.syllabus
14:27:17.117 [main] DEBUG o.h.p.w.spi.MetamodelGraphWalker - Visiting attribute path : question.project.users
14:27:17.117 [main] DEBUG o.h.p.w.spi.MetamodelGraphWalker - Visiting attribute path : question.published
14:27:17.117 [main] DEBUG o.h.p.w.spi.MetamodelGraphWalker - Visiting attribute path : question.qualityAdmin
14:27:17.117 [main] DEBUG o.h.p.w.spi.MetamodelGraphWalker - Visiting attribute path : question.qualityAdmin.createdOn
14:27:17.117 [main] DEBUG o.h.p.w.spi.MetamodelGraphWalker - Visiting attribute path : question.qualityAdmin.updatedOn
14:27:17.117 [main] DEBUG o.h.p.w.spi.MetamodelGraphWalker - Visiting attribute path : question.qualityAdmin.email
14:27:17.117 [main] DEBUG o.h.p.w.spi.MetamodelGraphWalker - Visiting attribute path : question.qualityAdmin.enabled
14:27:17.117 [main] DEBUG o.h.p.w.spi.MetamodelGraphWalker - Visiting attribute path : question.qualityAdmin.fullName
14:27:17.117 [main] DEBUG o.h.p.w.spi.MetamodelGraphWalker - Visiting attribute path : question.qualityAdmin.isAdmin
14:27:17.117 [main] DEBUG o.h.p.w.spi.MetamodelGraphWalker - Visiting attribute path : question.qualityAdmin.lastLogin
14:27:17.117 [main] DEBUG o.h.p.w.spi.MetamodelGraphWalker - Visiting attribute path : question.qualityAdmin.loginCount
14:27:17.117 [main] DEBUG o.h.p.w.spi.MetamodelGraphWalker - Visiting attribute path : question.qualityAdmin.password
14:27:17.117 [main] DEBUG o.h.p.w.spi.MetamodelGraphWalker - Visiting attribute path : question.qualityAdmin.phone
14:27:17.117 [main] DEBUG o.h.p.w.spi.MetamodelGraphWalker - Visiting attribute path : question.qualityAdmin.projects
14:27:17.117 [main] DEBUG o.h.p.w.spi.MetamodelGraphWalker - Visiting attribute path : question.qualityAdmin.username
14:27:17.117 [main] DEBUG o.h.p.w.spi.MetamodelGraphWalker - Visiting attribute path : question.remark
14:27:17.117 [main] DEBUG o.h.p.w.spi.MetamodelGraphWalker - Visiting attribute path : question.reviewers
14:27:17.117 [main] DEBUG o.h.p.w.spi.MetamodelGraphWalker - Visiting attribute path : question.reviewingFinishDate
14:27:17.117 [main] DEBUG o.h.p.w.spi.MetamodelGraphWalker - Visiting attribute path : question.reviewingStartDate
14:27:17.118 [main] DEBUG o.h.p.w.spi.MetamodelGraphWalker - Visiting attribute path : question.scenario
14:27:17.118 [main] DEBUG o.h.p.w.spi.MetamodelGraphWalker - Visiting attribute path : question.score
14:27:17.118 [main] DEBUG o.h.p.w.spi.MetamodelGraphWalker - Visiting attribute path : question.status
14:27:17.118 [main] DEBUG o.h.p.w.spi.MetamodelGraphWalker - Visiting attribute path : question.status.createdOn
14:27:17.118 [main] DEBUG o.h.p.w.spi.MetamodelGraphWalker - Visiting attribute path : question.status.updatedOn
14:27:17.118 [main] DEBUG o.h.p.w.spi.MetamodelGraphWalker - Visiting attribute path : question.status.isFinish
14:27:17.118 [main] DEBUG o.h.p.w.spi.MetamodelGraphWalker - Visiting attribute path : question.status.isStart
14:27:17.118 [main] DEBUG o.h.p.w.spi.MetamodelGraphWalker - Visiting attribute path : question.status.name
14:27:17.118 [main] DEBUG o.h.p.w.spi.MetamodelGraphWalker - Visiting attribute path : question.status.accessibleByAuthor
14:27:17.118 [main] DEBUG o.h.p.w.spi.MetamodelGraphWalker - Visiting attribute path : question.status.accessibleByFacilitator
14:27:17.118 [main] DEBUG o.h.p.w.spi.MetamodelGraphWalker - Visiting attribute path : question.status.accessibleByQualityAdmin
14:27:17.118 [main] DEBUG o.h.p.w.spi.MetamodelGraphWalker - Visiting attribute path : question.status.accessibleByReviewer
14:27:17.118 [main] DEBUG o.h.p.w.spi.MetamodelGraphWalker - Visiting attribute path : question.stem
14:27:17.118 [main] DEBUG o.h.p.w.spi.MetamodelGraphWalker - Visiting attribute path : question.type
14:27:17.118 [main] DEBUG o.h.p.w.spi.MetamodelGraphWalker - Visiting attribute path : question.type.createdOn
14:27:17.118 [main] DEBUG o.h.p.w.spi.MetamodelGraphWalker - Visiting attribute path : question.type.updatedOn
14:27:17.118 [main] DEBUG o.h.p.w.spi.MetamodelGraphWalker - Visiting attribute path : question.type.name
14:27:17.119 [main] DEBUG o.h.p.w.spi.MetamodelGraphWalker - Visiting attribute path : createdOn
14:27:17.119 [main] DEBUG o.h.p.w.spi.MetamodelGraphWalker - Visiting attribute path : updatedOn
14:27:17.119 [main] DEBUG o.h.p.w.spi.MetamodelGraphWalker - Visiting attribute path : choiceLabel
14:27:17.119 [main] DEBUG o.h.p.w.spi.MetamodelGraphWalker - Visiting attribute path : content
14:27:17.119 [main] DEBUG o.h.p.w.spi.MetamodelGraphWalker - Visiting attribute path : images
14:27:17.119 [main] DEBUG o.h.p.w.spi.MetamodelGraphWalker - Visiting attribute path : isCorrectAnswer
14:27:17.119 [main] DEBUG o.h.p.w.spi.MetamodelGraphWalker - Visiting attribute path : question
14:27:17.119 [main] DEBUG o.h.p.w.spi.MetamodelGraphWalker - Visiting attribute path : question.createdOn
14:27:17.119 [main] DEBUG o.h.p.w.spi.MetamodelGraphWalker - Visiting attribute path : question.updatedOn
14:27:17.119 [main] DEBUG o.h.p.w.spi.MetamodelGraphWalker - Visiting attribute path : question.author
14:27:17.119 [main] DEBUG o.h.p.w.spi.MetamodelGraphWalker - Visiting attribute path : question.author.createdOn
14:27:17.119 [main] DEBUG o.h.p.w.spi.MetamodelGraphWalker - Visiting attribute path : question.author.updatedOn
14:27:17.119 [main] DEBUG o.h.p.w.spi.MetamodelGraphWalker - Visiting attribute path : question.author.email
14:27:17.119 [main] DEBUG o.h.p.w.spi.MetamodelGraphWalker - Visiting attribute path : question.author.enabled
14:27:17.119 [main] DEBUG o.h.p.w.spi.MetamodelGraphWalker - Visiting attribute path : question.author.fullName
14:27:17.119 [main] DEBUG o.h.p.w.spi.MetamodelGraphWalker - Visiting attribute path : question.author.isAdmin
14:27:17.119 [main] DEBUG o.h.p.w.spi.MetamodelGraphWalker - Visiting attribute path : question.author.lastLogin
14:27:17.119 [main] DEBUG o.h.p.w.spi.MetamodelGraphWalker - Visiting attribute path : question.author.loginCount
14:27:17.119 [main] DEBUG o.h.p.w.spi.MetamodelGraphWalker - Visiting attribute path : question.author.password
14:27:17.119 [main] DEBUG o.h.p.w.spi.MetamodelGraphWalker - Visiting attribute path : question.author.phone
14:27:17.119 [main] DEBUG o.h.p.w.spi.MetamodelGraphWalker - Visiting attribute path : question.author.projects
14:27:17.119 [main] DEBUG o.h.p.w.spi.MetamodelGraphWalker - Visiting attribute path : question.author.username
14:27:17.119 [main] DEBUG o.h.p.w.spi.MetamodelGraphWalker - Visiting attribute path : question.authoringFinishDate
14:27:17.120 [main] DEBUG o.h.p.w.spi.MetamodelGraphWalker - Visiting attribute path : question.authoringStartDate
14:27:17.120 [main] DEBUG o.h.p.w.spi.MetamodelGraphWalker - Visiting attribute path : question.customField2
14:27:17.120 [main] DEBUG o.h.p.w.spi.MetamodelGraphWalker - Visiting attribute path : question.customField3
14:27:17.120 [main] DEBUG o.h.p.w.spi.MetamodelGraphWalker - Visiting attribute path : question.customFiled1
14:27:17.120 [main] DEBUG o.h.p.w.spi.MetamodelGraphWalker - Visiting attribute path : question.description
14:27:17.120 [main] DEBUG o.h.p.w.spi.MetamodelGraphWalker - Visiting attribute path : question.difficulty
14:27:17.120 [main] DEBUG o.h.p.w.spi.MetamodelGraphWalker - Visiting attribute path : question.images
14:27:17.120 [main] DEBUG o.h.p.w.spi.MetamodelGraphWalker - Visiting attribute path : question.knowledgePoint
14:27:17.120 [main] DEBUG o.h.p.w.spi.MetamodelGraphWalker - Visiting attribute path : question.knowledgePoint.createdOn
14:27:17.120 [main] DEBUG o.h.p.w.spi.MetamodelGraphWalker - Visiting attribute path : question.knowledgePoint.updatedOn
14:27:17.120 [main] DEBUG o.h.p.w.spi.MetamodelGraphWalker - Visiting attribute path : question.knowledgePoint.chapter
14:27:17.120 [main] DEBUG o.h.p.w.spi.MetamodelGraphWalker - Visiting attribute path : question.knowledgePoint.kLevel
14:27:17.120 [main] DEBUG o.h.p.w.spi.MetamodelGraphWalker - Visiting attribute path : question.knowledgePoint.number
14:27:17.120 [main] DEBUG o.h.p.w.spi.MetamodelGraphWalker - Visiting attribute path : question.knowledgePoint.score
14:27:17.120 [main] DEBUG o.h.p.w.spi.MetamodelGraphWalker - Visiting attribute path : question.knowledgePoint.title
14:27:17.120 [main] DEBUG o.h.p.w.spi.MetamodelGraphWalker - Visiting attribute path : question.language
14:27:17.120 [main] DEBUG o.h.p.w.spi.MetamodelGraphWalker - Visiting attribute path : question.language.createdOn
14:27:17.120 [main] DEBUG o.h.p.w.spi.MetamodelGraphWalker - Visiting attribute path : question.language.updatedOn
14:27:17.120 [main] DEBUG o.h.p.w.spi.MetamodelGraphWalker - Visiting attribute path : question.language.name
14:27:17.120 [main] DEBUG o.h.p.w.spi.MetamodelGraphWalker - Visiting attribute path : question.memo
14:27:17.120 [main] DEBUG o.h.p.w.spi.MetamodelGraphWalker - Visiting attribute path : question.multipleChoice
14:27:17.120 [main] DEBUG o.h.p.w.spi.MetamodelGraphWalker - Visiting attribute path : question.project
14:27:17.120 [main] DEBUG o.h.p.w.spi.MetamodelGraphWalker - Visiting attribute path : question.project.createdOn
14:27:17.120 [main] DEBUG o.h.p.w.spi.MetamodelGraphWalker - Visiting attribute path : question.project.updatedOn
14:27:17.120 [main] DEBUG o.h.p.w.spi.MetamodelGraphWalker - Visiting attribute path : question.project.customField1
14:27:17.120 [main] DEBUG o.h.p.w.spi.MetamodelGraphWalker - Visiting attribute path : question.project.customField2
14:27:17.120 [main] DEBUG o.h.p.w.spi.MetamodelGraphWalker - Visiting attribute path : question.project.customField3
14:27:17.120 [main] DEBUG o.h.p.w.spi.MetamodelGraphWalker - Visiting attribute path : question.project.exportedBy
14:27:17.120 [main] DEBUG o.h.p.w.spi.MetamodelGraphWalker - Visiting attribute path : question.project.exportedOn
14:27:17.121 [main] DEBUG o.h.p.w.spi.MetamodelGraphWalker - Visiting attribute path : question.project.facilitator
14:27:17.121 [main] DEBUG o.h.p.w.spi.MetamodelGraphWalker - Visiting attribute path : question.project.finishDate
14:27:17.121 [main] DEBUG o.h.p.w.spi.MetamodelGraphWalker - Visiting attribute path : question.project.name
14:27:17.121 [main] DEBUG o.h.p.w.spi.MetamodelGraphWalker - Visiting attribute path : question.project.startDate
14:27:17.121 [main] DEBUG o.h.p.w.spi.MetamodelGraphWalker - Visiting attribute path : question.project.status
14:27:17.121 [main] DEBUG o.h.p.w.spi.MetamodelGraphWalker - Visiting attribute path : question.project.syllabus
14:27:17.121 [main] DEBUG o.h.p.w.spi.MetamodelGraphWalker - Visiting attribute path : question.project.users
14:27:17.121 [main] DEBUG o.h.p.w.spi.MetamodelGraphWalker - Visiting attribute path : question.published
14:27:17.121 [main] DEBUG o.h.p.w.spi.MetamodelGraphWalker - Visiting attribute path : question.qualityAdmin
14:27:17.121 [main] DEBUG o.h.p.w.spi.MetamodelGraphWalker - Visiting attribute path : question.qualityAdmin.createdOn
14:27:17.121 [main] DEBUG o.h.p.w.spi.MetamodelGraphWalker - Visiting attribute path : question.qualityAdmin.updatedOn
14:27:17.121 [main] DEBUG o.h.p.w.spi.MetamodelGraphWalker - Visiting attribute path : question.qualityAdmin.email
14:27:17.121 [main] DEBUG o.h.p.w.spi.MetamodelGraphWalker - Visiting attribute path : question.qualityAdmin.enabled
14:27:17.121 [main] DEBUG o.h.p.w.spi.MetamodelGraphWalker - Visiting attribute path : question.qualityAdmin.fullName
14:27:17.121 [main] DEBUG o.h.p.w.spi.MetamodelGraphWalker - Visiting attribute path : question.qualityAdmin.isAdmin
14:27:17.121 [main] DEBUG o.h.p.w.spi.MetamodelGraphWalker - Visiting attribute path : question.qualityAdmin.lastLogin
14:27:17.121 [main] DEBUG o.h.p.w.spi.MetamodelGraphWalker - Visiting attribute path : question.qualityAdmin.loginCount
14:27:17.121 [main] DEBUG o.h.p.w.spi.MetamodelGraphWalker - Visiting attribute path : question.qualityAdmin.password
14:27:17.121 [main] DEBUG o.h.p.w.spi.MetamodelGraphWalker - Visiting attribute path : question.qualityAdmin.phone
14:27:17.122 [main] DEBUG o.h.p.w.spi.MetamodelGraphWalker - Visiting attribute path : question.qualityAdmin.projects
14:27:17.122 [main] DEBUG o.h.p.w.spi.MetamodelGraphWalker - Visiting attribute path : question.qualityAdmin.username
14:27:17.122 [main] DEBUG o.h.p.w.spi.MetamodelGraphWalker - Visiting attribute path : question.remark
14:27:17.122 [main] DEBUG o.h.p.w.spi.MetamodelGraphWalker - Visiting attribute path : question.reviewers
14:27:17.122 [main] DEBUG o.h.p.w.spi.MetamodelGraphWalker - Visiting attribute path : question.reviewingFinishDate
14:27:17.122 [main] DEBUG o.h.p.w.spi.MetamodelGraphWalker - Visiting attribute path : question.reviewingStartDate
14:27:17.122 [main] DEBUG o.h.p.w.spi.MetamodelGraphWalker - Visiting attribute path : question.scenario
14:27:17.122 [main] DEBUG o.h.p.w.spi.MetamodelGraphWalker - Visiting attribute path : question.score
14:27:17.122 [main] DEBUG o.h.p.w.spi.MetamodelGraphWalker - Visiting attribute path : question.status
14:27:17.122 [main] DEBUG o.h.p.w.spi.MetamodelGraphWalker - Visiting attribute path : question.status.createdOn
14:27:17.122 [main] DEBUG o.h.p.w.spi.MetamodelGraphWalker - Visiting attribute path : question.status.updatedOn
14:27:17.122 [main] DEBUG o.h.p.w.spi.MetamodelGraphWalker - Visiting attribute path : question.status.isFinish
14:27:17.122 [main] DEBUG o.h.p.w.spi.MetamodelGraphWalker - Visiting attribute path : question.status.isStart
14:27:17.122 [main] DEBUG o.h.p.w.spi.MetamodelGraphWalker - Visiting attribute path : question.status.name
14:27:17.122 [main] DEBUG o.h.p.w.spi.MetamodelGraphWalker - Visiting attribute path : question.status.accessibleByAuthor
14:27:17.122 [main] DEBUG o.h.p.w.spi.MetamodelGraphWalker - Visiting attribute path : question.status.accessibleByFacilitator
14:27:17.122 [main] DEBUG o.h.p.w.spi.MetamodelGraphWalker - Visiting attribute path : question.status.accessibleByQualityAdmin
14:27:17.122 [main] DEBUG o.h.p.w.spi.MetamodelGraphWalker - Visiting attribute path : question.status.accessibleByReviewer
14:27:17.122 [main] DEBUG o.h.p.w.spi.MetamodelGraphWalker - Visiting attribute path : question.stem
14:27:17.122 [main] DEBUG o.h.p.w.spi.MetamodelGraphWalker - Visiting attribute path : question.type
14:27:17.122 [main] DEBUG o.h.p.w.spi.MetamodelGraphWalker - Visiting attribute path : question.type.createdOn
14:27:17.122 [main] DEBUG o.h.p.w.spi.MetamodelGraphWalker - Visiting attribute path : question.type.updatedOn
14:27:17.122 [main] DEBUG o.h.p.w.spi.MetamodelGraphWalker - Visiting attribute path : question.type.name
14:27:17.123 [main] DEBUG o.h.p.w.spi.MetamodelGraphWalker - Visiting attribute path : createdOn
14:27:17.123 [main] DEBUG o.h.p.w.spi.MetamodelGraphWalker - Visiting attribute path : updatedOn
14:27:17.123 [main] DEBUG o.h.p.w.spi.MetamodelGraphWalker - Visiting attribute path : choiceLabel
14:27:17.123 [main] DEBUG o.h.p.w.spi.MetamodelGraphWalker - Visiting attribute path : content
14:27:17.123 [main] DEBUG o.h.p.w.spi.MetamodelGraphWalker - Visiting attribute path : images
14:27:17.123 [main] DEBUG o.h.p.w.spi.MetamodelGraphWalker - Visiting attribute path : isCorrectAnswer
14:27:17.123 [main] DEBUG o.h.p.w.spi.MetamodelGraphWalker - Visiting attribute path : question
14:27:17.123 [main] DEBUG o.h.p.w.spi.MetamodelGraphWalker - Visiting attribute path : createdOn
14:27:17.123 [main] DEBUG o.h.p.w.spi.MetamodelGraphWalker - Visiting attribute path : updatedOn
14:27:17.123 [main] DEBUG o.h.p.w.spi.MetamodelGraphWalker - Visiting attribute path : choiceLabel
14:27:17.123 [main] DEBUG o.h.p.w.spi.MetamodelGraphWalker - Visiting attribute path : content
14:27:17.123 [main] DEBUG o.h.p.w.spi.MetamodelGraphWalker - Visiting attribute path : images
14:27:17.123 [main] DEBUG o.h.p.w.spi.MetamodelGraphWalker - Visiting attribute path : isCorrectAnswer
14:27:17.123 [main] DEBUG o.h.p.w.spi.MetamodelGraphWalker - Visiting attribute path : question
14:27:17.123 [main] DEBUG o.h.p.w.spi.MetamodelGraphWalker - Visiting attribute path : createdOn
14:27:17.123 [main] DEBUG o.h.p.w.spi.MetamodelGraphWalker - Visiting attribute path : updatedOn
14:27:17.123 [main] DEBUG o.h.p.w.spi.MetamodelGraphWalker - Visiting attribute path : choiceLabel
14:27:17.123 [main] DEBUG o.h.p.w.spi.MetamodelGraphWalker - Visiting attribute path : content
14:27:17.124 [main] DEBUG o.h.p.w.spi.MetamodelGraphWalker - Visiting attribute path : images
14:27:17.124 [main] DEBUG o.h.p.w.spi.MetamodelGraphWalker - Visiting attribute path : isCorrectAnswer
14:27:17.124 [main] DEBUG o.h.p.w.spi.MetamodelGraphWalker - Visiting attribute path : question
14:27:17.124 [main] DEBUG o.h.p.w.spi.MetamodelGraphWalker - Visiting attribute path : createdOn
14:27:17.124 [main] DEBUG o.h.p.w.spi.MetamodelGraphWalker - Visiting attribute path : updatedOn
14:27:17.124 [main] DEBUG o.h.p.w.spi.MetamodelGraphWalker - Visiting attribute path : choiceLabel
14:27:17.124 [main] DEBUG o.h.p.w.spi.MetamodelGraphWalker - Visiting attribute path : content
14:27:17.124 [main] DEBUG o.h.p.w.spi.MetamodelGraphWalker - Visiting attribute path : images
14:27:17.124 [main] DEBUG o.h.p.w.spi.MetamodelGraphWalker - Visiting attribute path : isCorrectAnswer
14:27:17.124 [main] DEBUG o.h.p.w.spi.MetamodelGraphWalker - Visiting attribute path : question
14:27:17.124 [main] DEBUG o.h.p.w.spi.MetamodelGraphWalker - Visiting attribute path : createdOn
14:27:17.124 [main] DEBUG o.h.p.w.spi.MetamodelGraphWalker - Visiting attribute path : updatedOn
14:27:17.124 [main] DEBUG o.h.p.w.spi.MetamodelGraphWalker - Visiting attribute path : choiceLabel
14:27:17.124 [main] DEBUG o.h.p.w.spi.MetamodelGraphWalker - Visiting attribute path : content
14:27:17.124 [main] DEBUG o.h.p.w.spi.MetamodelGraphWalker - Visiting attribute path : images
14:27:17.124 [main] DEBUG o.h.p.w.spi.MetamodelGraphWalker - Visiting attribute path : isCorrectAnswer
14:27:17.124 [main] DEBUG o.h.p.w.spi.MetamodelGraphWalker - Visiting attribute path : question
14:27:17.124 [main] DEBUG o.h.p.w.spi.MetamodelGraphWalker - Visiting attribute path : createdOn
14:27:17.124 [main] DEBUG o.h.p.w.spi.MetamodelGraphWalker - Visiting attribute path : updatedOn
14:27:17.124 [main] DEBUG o.h.p.w.spi.MetamodelGraphWalker - Visiting attribute path : choiceLabel
14:27:17.124 [main] DEBUG o.h.p.w.spi.MetamodelGraphWalker - Visiting attribute path : content
14:27:17.124 [main] DEBUG o.h.p.w.spi.MetamodelGraphWalker - Visiting attribute path : images
14:27:17.124 [main] DEBUG o.h.p.w.spi.MetamodelGraphWalker - Visiting attribute path : isCorrectAnswer
14:27:17.124 [main] DEBUG o.h.p.w.spi.MetamodelGraphWalker - Visiting attribute path : question
14:27:17.124 [main] DEBUG o.h.p.w.spi.MetamodelGraphWalker - Visiting attribute path : createdOn
14:27:17.124 [main] DEBUG o.h.p.w.spi.MetamodelGraphWalker - Visiting attribute path : updatedOn
14:27:17.124 [main] DEBUG o.h.p.w.spi.MetamodelGraphWalker - Visiting attribute path : choiceLabel
14:27:17.124 [main] DEBUG o.h.p.w.spi.MetamodelGraphWalker - Visiting attribute path : content
14:27:17.125 [main] DEBUG o.h.p.w.spi.MetamodelGraphWalker - Visiting attribute path : images
14:27:17.125 [main] DEBUG o.h.p.w.spi.MetamodelGraphWalker - Visiting attribute path : isCorrectAnswer
14:27:17.125 [main] DEBUG o.h.p.w.spi.MetamodelGraphWalker - Visiting attribute path : question
14:27:17.125 [main] DEBUG o.h.p.w.spi.MetamodelGraphWalker - Visiting attribute path : createdOn
14:27:17.125 [main] DEBUG o.h.p.w.spi.MetamodelGraphWalker - Visiting attribute path : updatedOn
14:27:17.125 [main] DEBUG o.h.p.w.spi.MetamodelGraphWalker - Visiting attribute path : choiceLabel
14:27:17.125 [main] DEBUG o.h.p.w.spi.MetamodelGraphWalker - Visiting attribute path : content
14:27:17.125 [main] DEBUG o.h.p.w.spi.MetamodelGraphWalker - Visiting attribute path : images
14:27:17.125 [main] DEBUG o.h.p.w.spi.MetamodelGraphWalker - Visiting attribute path : isCorrectAnswer
14:27:17.125 [main] DEBUG o.h.p.w.spi.MetamodelGraphWalker - Visiting attribute path : question
14:27:17.125 [main] DEBUG o.h.p.w.spi.MetamodelGraphWalker - Visiting attribute path : createdOn
14:27:17.125 [main] DEBUG o.h.p.w.spi.MetamodelGraphWalker - Visiting attribute path : updatedOn
14:27:17.125 [main] DEBUG o.h.p.w.spi.MetamodelGraphWalker - Visiting attribute path : choiceLabel
14:27:17.125 [main] DEBUG o.h.p.w.spi.MetamodelGraphWalker - Visiting attribute path : content
14:27:17.125 [main] DEBUG o.h.p.w.spi.MetamodelGraphWalker - Visiting attribute path : images
14:27:17.125 [main] DEBUG o.h.p.w.spi.MetamodelGraphWalker - Visiting attribute path : isCorrectAnswer
14:27:17.125 [main] DEBUG o.h.p.w.spi.MetamodelGraphWalker - Visiting attribute path : question
14:27:17.125 [main] DEBUG o.h.p.w.spi.MetamodelGraphWalker - Visiting attribute path : createdOn
14:27:17.125 [main] DEBUG o.h.p.w.spi.MetamodelGraphWalker - Visiting attribute path : updatedOn
14:27:17.125 [main] DEBUG o.h.p.w.spi.MetamodelGraphWalker - Visiting attribute path : number
14:27:17.125 [main] DEBUG o.h.p.w.spi.MetamodelGraphWalker - Visiting attribute path : points
14:27:17.126 [main] DEBUG o.h.p.w.spi.MetamodelGraphWalker - Visiting attribute path : syllabus
14:27:17.126 [main] DEBUG o.h.p.w.spi.MetamodelGraphWalker - Property path deemed to be circular : syllabus
14:27:17.126 [main] DEBUG o.h.p.w.spi.MetamodelGraphWalker - Visiting attribute path : title
14:27:17.126 [main] DEBUG o.h.p.w.spi.MetamodelGraphWalker - Visiting attribute path : createdOn
14:27:17.126 [main] DEBUG o.h.p.w.spi.MetamodelGraphWalker - Visiting attribute path : updatedOn
14:27:17.126 [main] DEBUG o.h.p.w.spi.MetamodelGraphWalker - Visiting attribute path : email
14:27:17.126 [main] DEBUG o.h.p.w.spi.MetamodelGraphWalker - Visiting attribute path : enabled
14:27:17.126 [main] DEBUG o.h.p.w.spi.MetamodelGraphWalker - Visiting attribute path : fullName
14:27:17.126 [main] DEBUG o.h.p.w.spi.MetamodelGraphWalker - Visiting attribute path : isAdmin
14:27:17.126 [main] DEBUG o.h.p.w.spi.MetamodelGraphWalker - Visiting attribute path : lastLogin
14:27:17.126 [main] DEBUG o.h.p.w.spi.MetamodelGraphWalker - Visiting attribute path : loginCount
14:27:17.126 [main] DEBUG o.h.p.w.spi.MetamodelGraphWalker - Visiting attribute path : password
14:27:17.126 [main] DEBUG o.h.p.w.spi.MetamodelGraphWalker - Visiting attribute path : phone
14:27:17.126 [main] DEBUG o.h.p.w.spi.MetamodelGraphWalker - Visiting attribute path : projects
14:27:17.126 [main] DEBUG o.h.p.w.spi.MetamodelGraphWalker - Visiting attribute path : username
14:27:17.127 [main] DEBUG o.h.p.w.spi.MetamodelGraphWalker - Visiting attribute path : createdOn
14:27:17.127 [main] DEBUG o.h.p.w.spi.MetamodelGraphWalker - Visiting attribute path : updatedOn
14:27:17.127 [main] DEBUG o.h.p.w.spi.MetamodelGraphWalker - Visiting attribute path : email
14:27:17.127 [main] DEBUG o.h.p.w.spi.MetamodelGraphWalker - Visiting attribute path : enabled
14:27:17.127 [main] DEBUG o.h.p.w.spi.MetamodelGraphWalker - Visiting attribute path : fullName
14:27:17.127 [main] DEBUG o.h.p.w.spi.MetamodelGraphWalker - Visiting attribute path : isAdmin
14:27:17.127 [main] DEBUG o.h.p.w.spi.MetamodelGraphWalker - Visiting attribute path : lastLogin
14:27:17.127 [main] DEBUG o.h.p.w.spi.MetamodelGraphWalker - Visiting attribute path : loginCount
14:27:17.127 [main] DEBUG o.h.p.w.spi.MetamodelGraphWalker - Visiting attribute path : password
14:27:17.127 [main] DEBUG o.h.p.w.spi.MetamodelGraphWalker - Visiting attribute path : phone
14:27:17.127 [main] DEBUG o.h.p.w.spi.MetamodelGraphWalker - Visiting attribute path : projects
14:27:17.127 [main] DEBUG o.h.p.w.spi.MetamodelGraphWalker - Property path deemed to be circular : projects
14:27:17.127 [main] DEBUG o.h.p.w.spi.MetamodelGraphWalker - Visiting attribute path : username
14:27:17.127 [main] DEBUG o.h.p.w.spi.MetamodelGraphWalker - Visiting attribute path : createdOn
14:27:17.127 [main] DEBUG o.h.p.w.spi.MetamodelGraphWalker - Visiting attribute path : updatedOn
14:27:17.127 [main] DEBUG o.h.p.w.spi.MetamodelGraphWalker - Visiting attribute path : path
14:27:17.127 [main] DEBUG o.h.p.w.spi.MetamodelGraphWalker - Visiting attribute path : caption
14:27:17.127 [main] DEBUG o.h.p.w.spi.MetamodelGraphWalker - Visiting attribute path : choice
14:27:17.127 [main] DEBUG o.h.p.w.spi.MetamodelGraphWalker - Property path deemed to be circular : choice
14:27:17.127 [main] DEBUG o.h.p.w.spi.MetamodelGraphWalker - Visiting attribute path : createdOn
14:27:17.127 [main] DEBUG o.h.p.w.spi.MetamodelGraphWalker - Visiting attribute path : updatedOn
14:27:17.127 [main] DEBUG o.h.p.w.spi.MetamodelGraphWalker - Visiting attribute path : path
14:27:17.127 [main] DEBUG o.h.p.w.spi.MetamodelGraphWalker - Visiting attribute path : caption
14:27:17.127 [main] DEBUG o.h.p.w.spi.MetamodelGraphWalker - Visiting attribute path : question
14:27:17.128 [main] DEBUG o.h.p.w.spi.MetamodelGraphWalker - Property path deemed to be circular : question
14:27:17.128 [main] DEBUG o.h.p.w.spi.MetamodelGraphWalker - Visiting attribute path : createdOn
14:27:17.128 [main] DEBUG o.h.p.w.spi.MetamodelGraphWalker - Visiting attribute path : updatedOn
14:27:17.128 [main] DEBUG o.h.p.w.spi.MetamodelGraphWalker - Visiting attribute path : customField1
14:27:17.128 [main] DEBUG o.h.p.w.spi.MetamodelGraphWalker - Visiting attribute path : customField2
14:27:17.128 [main] DEBUG o.h.p.w.spi.MetamodelGraphWalker - Visiting attribute path : customField3
14:27:17.128 [main] DEBUG o.h.p.w.spi.MetamodelGraphWalker - Visiting attribute path : exportedBy
14:27:17.128 [main] DEBUG o.h.p.w.spi.MetamodelGraphWalker - Visiting attribute path : exportedBy.createdOn
14:27:17.128 [main] DEBUG o.h.p.w.spi.MetamodelGraphWalker - Visiting attribute path : exportedBy.updatedOn
14:27:17.128 [main] DEBUG o.h.p.w.spi.MetamodelGraphWalker - Visiting attribute path : exportedBy.email
14:27:17.128 [main] DEBUG o.h.p.w.spi.MetamodelGraphWalker - Visiting attribute path : exportedBy.enabled
14:27:17.128 [main] DEBUG o.h.p.w.spi.MetamodelGraphWalker - Visiting attribute path : exportedBy.fullName
14:27:17.128 [main] DEBUG o.h.p.w.spi.MetamodelGraphWalker - Visiting attribute path : exportedBy.isAdmin
14:27:17.128 [main] DEBUG o.h.p.w.spi.MetamodelGraphWalker - Visiting attribute path : exportedBy.lastLogin
14:27:17.128 [main] DEBUG o.h.p.w.spi.MetamodelGraphWalker - Visiting attribute path : exportedBy.loginCount
14:27:17.129 [main] DEBUG o.h.p.w.spi.MetamodelGraphWalker - Visiting attribute path : exportedBy.password
14:27:17.129 [main] DEBUG o.h.p.w.spi.MetamodelGraphWalker - Visiting attribute path : exportedBy.phone
14:27:17.129 [main] DEBUG o.h.p.w.spi.MetamodelGraphWalker - Visiting attribute path : exportedBy.projects
14:27:17.129 [main] DEBUG o.h.p.w.spi.MetamodelGraphWalker - Property path deemed to be circular : exportedBy.projects
14:27:17.129 [main] DEBUG o.h.p.w.spi.MetamodelGraphWalker - Visiting attribute path : exportedBy.username
14:27:17.129 [main] DEBUG o.h.p.w.spi.MetamodelGraphWalker - Visiting attribute path : exportedOn
14:27:17.129 [main] DEBUG o.h.p.w.spi.MetamodelGraphWalker - Visiting attribute path : facilitator
14:27:17.129 [main] DEBUG o.h.p.w.spi.MetamodelGraphWalker - Visiting attribute path : facilitator.createdOn
14:27:17.129 [main] DEBUG o.h.p.w.spi.MetamodelGraphWalker - Visiting attribute path : facilitator.updatedOn
14:27:17.129 [main] DEBUG o.h.p.w.spi.MetamodelGraphWalker - Visiting attribute path : facilitator.email
14:27:17.129 [main] DEBUG o.h.p.w.spi.MetamodelGraphWalker - Visiting attribute path : facilitator.enabled
14:27:17.129 [main] DEBUG o.h.p.w.spi.MetamodelGraphWalker - Visiting attribute path : facilitator.fullName
14:27:17.129 [main] DEBUG o.h.p.w.spi.MetamodelGraphWalker - Visiting attribute path : facilitator.isAdmin
14:27:17.129 [main] DEBUG o.h.p.w.spi.MetamodelGraphWalker - Visiting attribute path : facilitator.lastLogin
14:27:17.129 [main] DEBUG o.h.p.w.spi.MetamodelGraphWalker - Visiting attribute path : facilitator.loginCount
14:27:17.129 [main] DEBUG o.h.p.w.spi.MetamodelGraphWalker - Visiting attribute path : facilitator.password
14:27:17.129 [main] DEBUG o.h.p.w.spi.MetamodelGraphWalker - Visiting attribute path : facilitator.phone
14:27:17.129 [main] DEBUG o.h.p.w.spi.MetamodelGraphWalker - Visiting attribute path : facilitator.projects
14:27:17.129 [main] DEBUG o.h.p.w.spi.MetamodelGraphWalker - Property path deemed to be circular : facilitator.projects
14:27:17.129 [main] DEBUG o.h.p.w.spi.MetamodelGraphWalker - Visiting attribute path : facilitator.username
14:27:17.129 [main] DEBUG o.h.p.w.spi.MetamodelGraphWalker - Visiting attribute path : finishDate
14:27:17.129 [main] DEBUG o.h.p.w.spi.MetamodelGraphWalker - Visiting attribute path : name
14:27:17.129 [main] DEBUG o.h.p.w.spi.MetamodelGraphWalker - Visiting attribute path : startDate
14:27:17.129 [main] DEBUG o.h.p.w.spi.MetamodelGraphWalker - Visiting attribute path : status
14:27:17.129 [main] DEBUG o.h.p.w.spi.MetamodelGraphWalker - Visiting attribute path : status.createdOn
14:27:17.129 [main] DEBUG o.h.p.w.spi.MetamodelGraphWalker - Visiting attribute path : status.updatedOn
14:27:17.129 [main] DEBUG o.h.p.w.spi.MetamodelGraphWalker - Visiting attribute path : status.isFinish
14:27:17.129 [main] DEBUG o.h.p.w.spi.MetamodelGraphWalker - Visiting attribute path : status.isStart
14:27:17.129 [main] DEBUG o.h.p.w.spi.MetamodelGraphWalker - Visiting attribute path : status.name
14:27:17.129 [main] DEBUG o.h.p.w.spi.MetamodelGraphWalker - Visiting attribute path : syllabus
14:27:17.129 [main] DEBUG o.h.p.w.spi.MetamodelGraphWalker - Visiting attribute path : syllabus.createdOn
14:27:17.129 [main] DEBUG o.h.p.w.spi.MetamodelGraphWalker - Visiting attribute path : syllabus.updatedOn
14:27:17.129 [main] DEBUG o.h.p.w.spi.MetamodelGraphWalker - Visiting attribute path : syllabus.chapters
14:27:17.129 [main] DEBUG o.h.p.w.spi.MetamodelGraphWalker - Visiting attribute path : syllabus.isDisabled
14:27:17.129 [main] DEBUG o.h.p.w.spi.MetamodelGraphWalker - Visiting attribute path : syllabus.level
14:27:17.129 [main] DEBUG o.h.p.w.spi.MetamodelGraphWalker - Visiting attribute path : syllabus.version
14:27:17.129 [main] DEBUG o.h.p.w.spi.MetamodelGraphWalker - Visiting attribute path : users
14:27:17.129 [main] DEBUG o.h.p.w.spi.MetamodelGraphWalker - Property path deemed to be circular : users
14:27:17.130 [main] DEBUG o.h.p.w.spi.MetamodelGraphWalker - Visiting attribute path : createdOn
14:27:17.130 [main] DEBUG o.h.p.w.spi.MetamodelGraphWalker - Visiting attribute path : updatedOn
14:27:17.130 [main] DEBUG o.h.p.w.spi.MetamodelGraphWalker - Visiting attribute path : chapter
14:27:17.130 [main] DEBUG o.h.p.w.spi.MetamodelGraphWalker - Property path deemed to be circular : chapter
14:27:17.130 [main] DEBUG o.h.p.w.spi.MetamodelGraphWalker - Visiting attribute path : kLevel
14:27:17.130 [main] DEBUG o.h.p.w.spi.MetamodelGraphWalker - Visiting attribute path : number
14:27:17.130 [main] DEBUG o.h.p.w.spi.MetamodelGraphWalker - Visiting attribute path : score
14:27:17.130 [main] DEBUG o.h.p.w.spi.MetamodelGraphWalker - Visiting attribute path : title
14:27:17.131 [main] DEBUG o.h.internal.SessionFactoryRegistry - Registering SessionFactory: 38caac97-bca7-42f0-a0ca-e9ce75b25b98 (&lt;unnamed&gt;)
14:27:17.131 [main] DEBUG o.h.internal.SessionFactoryRegistry - Not binding SessionFactory to JNDI, no JNDI name configured
14:27:17.131 [main] DEBUG o.h.internal.SessionFactoryImpl - Instantiated session factory
14:27:17.131 [main] INFO  o.h.tool.hbm2ddl.SchemaUpdate - HHH000228: Running hbm2ddl schema update
14:27:17.131 [main] INFO  o.h.tool.hbm2ddl.SchemaUpdate - HHH000102: Fetching database metadata
14:27:17.133 [main] INFO  o.h.tool.hbm2ddl.SchemaUpdate - HHH000396: Updating schema
14:27:17.133 [main] DEBUG org.hibernate.cfg.Configuration - Processing hbm.xml files
14:27:17.133 [main] DEBUG org.hibernate.cfg.Configuration - Process annotated classes
14:27:17.133 [main] DEBUG org.hibernate.cfg.Configuration - Processing fk mappings (*ToOne and JoinedSubclass)
14:27:17.133 [main] DEBUG org.hibernate.cfg.Configuration - Processing extends queue
14:27:17.133 [main] DEBUG org.hibernate.cfg.Configuration - Processing extends queue
14:27:17.133 [main] DEBUG org.hibernate.cfg.Configuration - Processing collection mappings
14:27:17.133 [main] DEBUG org.hibernate.cfg.Configuration - Processing native query and ResultSetMapping mappings
14:27:17.133 [main] DEBUG org.hibernate.cfg.Configuration - Processing association property references
14:27:17.133 [main] DEBUG org.hibernate.cfg.Configuration - Creating tables&apos; unique integer identifiers
14:27:17.133 [main] DEBUG org.hibernate.cfg.Configuration - Processing foreign key constraints
14:27:17.134 [main] DEBUG org.hibernate.cfg.Configuration - Resolving reference to class: cn.cstqb.exam.testmaker.entities.Syllabus
14:27:17.134 [main] DEBUG org.hibernate.cfg.Configuration - Resolving reference to class: cn.cstqb.exam.testmaker.entities.Chapter
14:27:17.134 [main] DEBUG org.hibernate.cfg.Configuration - Resolving reference to class: cn.cstqb.exam.testmaker.entities.User
14:27:17.134 [main] DEBUG org.hibernate.cfg.Configuration - Resolving reference to class: cn.cstqb.exam.testmaker.entities.Project
14:27:17.134 [main] DEBUG org.hibernate.cfg.Configuration - Resolving reference to class: cn.cstqb.exam.testmaker.entities.Paper
14:27:17.134 [main] DEBUG org.hibernate.cfg.Configuration - Resolving reference to class: cn.cstqb.exam.testmaker.entities.Question
14:27:17.134 [main] DEBUG org.hibernate.cfg.Configuration - Resolving reference to class: cn.cstqb.exam.testmaker.entities.User
14:27:17.134 [main] DEBUG org.hibernate.cfg.Configuration - Resolving reference to class: cn.cstqb.exam.testmaker.entities.User
14:27:17.134 [main] DEBUG org.hibernate.cfg.Configuration - Resolving reference to class: cn.cstqb.exam.testmaker.entities.ProjectStatus
14:27:17.134 [main] DEBUG org.hibernate.cfg.Configuration - Resolving reference to class: cn.cstqb.exam.testmaker.entities.Syllabus
14:27:17.134 [main] DEBUG org.hibernate.cfg.Configuration - Resolving reference to class: cn.cstqb.exam.testmaker.entities.User
14:27:17.134 [main] DEBUG org.hibernate.cfg.Configuration - Resolving reference to class: cn.cstqb.exam.testmaker.entities.Project
14:27:17.134 [main] DEBUG org.hibernate.cfg.Configuration - Resolving reference to class: cn.cstqb.exam.testmaker.entities.User
14:27:17.135 [main] DEBUG org.hibernate.cfg.Configuration - Resolving reference to class: cn.cstqb.exam.testmaker.entities.KnowledgePoint
14:27:17.135 [main] DEBUG org.hibernate.cfg.Configuration - Resolving reference to class: cn.cstqb.exam.testmaker.entities.QuestionLanguage
14:27:17.135 [main] DEBUG org.hibernate.cfg.Configuration - Resolving reference to class: cn.cstqb.exam.testmaker.entities.Project
14:27:17.135 [main] DEBUG org.hibernate.cfg.Configuration - Resolving reference to class: cn.cstqb.exam.testmaker.entities.User
14:27:17.135 [main] DEBUG org.hibernate.cfg.Configuration - Resolving reference to class: cn.cstqb.exam.testmaker.entities.QuestionStatus
14:27:17.135 [main] DEBUG org.hibernate.cfg.Configuration - Resolving reference to class: cn.cstqb.exam.testmaker.entities.QuestionType
14:27:17.135 [main] DEBUG org.hibernate.cfg.Configuration - Resolving reference to class: cn.cstqb.exam.testmaker.entities.Question
14:27:17.135 [main] DEBUG org.hibernate.cfg.Configuration - Resolving reference to class: cn.cstqb.exam.testmaker.entities.QuestionChoice
14:27:17.135 [main] DEBUG org.hibernate.cfg.Configuration - Resolving reference to class: cn.cstqb.exam.testmaker.entities.Question
14:27:17.135 [main] DEBUG org.hibernate.cfg.Configuration - Resolving reference to class: cn.cstqb.exam.testmaker.entities.User
14:27:17.135 [main] DEBUG org.hibernate.cfg.Configuration - Resolving reference to class: cn.cstqb.exam.testmaker.entities.Question
14:27:17.135 [main] DEBUG org.hibernate.cfg.Configuration - Resolving reference to class: cn.cstqb.exam.testmaker.entities.QuestionStatus
14:27:17.135 [main] DEBUG org.hibernate.cfg.Configuration - Resolving reference to class: cn.cstqb.exam.testmaker.entities.QuestionStatus
14:27:17.135 [main] DEBUG org.hibernate.cfg.Configuration - Resolving reference to class: cn.cstqb.exam.testmaker.entities.Question
14:27:17.135 [main] DEBUG org.hibernate.cfg.Configuration - Resolving reference to class: cn.cstqb.exam.testmaker.entities.User
14:27:17.146 [main] INFO  o.h.tool.hbm2ddl.TableMetadata - HHH000261: Table found: testmaker.chapter
14:27:17.147 [main] INFO  o.h.tool.hbm2ddl.TableMetadata - HHH000037: Columns: [updated_on, number, created_on, id, syllabus_id, title]
14:27:17.147 [main] INFO  o.h.tool.hbm2ddl.TableMetadata - HHH000108: Foreign keys: [fk_qy0s6jxmr6tti57fw3pumpnkd]
14:27:17.147 [main] INFO  o.h.tool.hbm2ddl.TableMetadata - HHH000126: Indexes: [fk_qy0s6jxmr6tti57fw3pumpnkd, primary]
14:27:17.157 [main] INFO  o.h.tool.hbm2ddl.TableMetadata - HHH000261: Table found: testmaker.knowledge_point
14:27:17.157 [main] INFO  o.h.tool.hbm2ddl.TableMetadata - HHH000037: Columns: [updated_on, number, score, created_on, k_level, id, chapter_id, title]
14:27:17.157 [main] INFO  o.h.tool.hbm2ddl.TableMetadata - HHH000108: Foreign keys: [fk_n0av3nxe7c9nurtlndoehgmu1]
14:27:17.157 [main] INFO  o.h.tool.hbm2ddl.TableMetadata - HHH000126: Indexes: [fk_n0av3nxe7c9nurtlndoehgmu1, primary]
14:27:17.168 [main] INFO  o.h.tool.hbm2ddl.TableMetadata - HHH000261: Table found: testmaker.paper
14:27:17.168 [main] INFO  o.h.tool.hbm2ddl.TableMetadata - HHH000037: Columns: [updated_on, paper_name, score, created_on, project_id, description, id, author_id]
14:27:17.168 [main] INFO  o.h.tool.hbm2ddl.TableMetadata - HHH000108: Foreign keys: [paper_ibfk_1, paper_ibfk_2]
14:27:17.168 [main] INFO  o.h.tool.hbm2ddl.TableMetadata - HHH000126: Indexes: [project_id, author_id, primary]
14:27:17.179 [main] INFO  o.h.tool.hbm2ddl.TableMetadata - HHH000261: Table found: testmaker.paper_question
14:27:17.180 [main] INFO  o.h.tool.hbm2ddl.TableMetadata - HHH000037: Columns: [updated_on, created_on, paper_question_id, id, paper_id]
14:27:17.180 [main] INFO  o.h.tool.hbm2ddl.TableMetadata - HHH000108: Foreign keys: [paper_question_ibfk_1, paper_question_ibfk_2]
14:27:17.180 [main] INFO  o.h.tool.hbm2ddl.TableMetadata - HHH000126: Indexes: [paper_question_id, paper_id, primary]
14:27:17.191 [main] INFO  o.h.tool.hbm2ddl.TableMetadata - HHH000261: Table found: testmaker.project
14:27:17.191 [main] INFO  o.h.tool.hbm2ddl.TableMetadata - HHH000037: Columns: [updated_on, custom_field1, custom_field3, custom_field2, exported_by, status_id, created_on, finish_date, facilitator_id, name, exported_on, id, syllabus_id, start_date]
14:27:17.192 [main] INFO  o.h.tool.hbm2ddl.TableMetadata - HHH000108: Foreign keys: [fk_gla35o52d1qcrxgbfrdstn1qn, fk_me72p0k7n5mpnoieinaymgckr, fk_7x1lbg3ru2e55annuyooest2g, fk_cmq2womflwqgdijyxklbasgdi]
14:27:17.192 [main] INFO  o.h.tool.hbm2ddl.TableMetadata - HHH000126: Indexes: [fk_gla35o52d1qcrxgbfrdstn1qn, fk_me72p0k7n5mpnoieinaymgckr, fk_7x1lbg3ru2e55annuyooest2g, primary, uk_3k75vvu7mevyvvb5may5lj8k7, fk_cmq2womflwqgdijyxklbasgdi]
14:27:17.203 [main] INFO  o.h.tool.hbm2ddl.TableMetadata - HHH000261: Table found: testmaker.project_status
14:27:17.203 [main] INFO  o.h.tool.hbm2ddl.TableMetadata - HHH000037: Columns: [updated_on, is_start, created_on, name, is_finish, id]
14:27:17.203 [main] INFO  o.h.tool.hbm2ddl.TableMetadata - HHH000108: Foreign keys: []
14:27:17.203 [main] INFO  o.h.tool.hbm2ddl.TableMetadata - HHH000126: Indexes: [uk_gc9netg5vvbi8wn4vxmn6ey1t, primary]
14:27:17.215 [main] INFO  o.h.tool.hbm2ddl.TableMetadata - HHH000261: Table found: testmaker.project_users
14:27:17.215 [main] INFO  o.h.tool.hbm2ddl.TableMetadata - HHH000037: Columns: [project_id, user_id]
14:27:17.215 [main] INFO  o.h.tool.hbm2ddl.TableMetadata - HHH000108: Foreign keys: [fk_4isj8wuooru4brw3629wu4iyg, fk_rl5jp955lxoxtbv6pa1wig6vd]
14:27:17.215 [main] INFO  o.h.tool.hbm2ddl.TableMetadata - HHH000126: Indexes: [fk_4isj8wuooru4brw3629wu4iyg, fk_rl5jp955lxoxtbv6pa1wig6vd]
14:27:17.225 [main] INFO  o.h.tool.hbm2ddl.TableMetadata - HHH000261: Table found: testmaker.question
14:27:17.226 [main] INFO  o.h.tool.hbm2ddl.TableMetadata - HHH000037: Columns: [updated_on, reviewing_finish_date, description, memo, language, remark, type, reviewing_start_date, score, scenario, project_id, id, quality_admin_id, authoring_start_date, custom_field1, custom_field3, custom_field2, published, authoring_finish_date, difficulty, multiple_choice, knowledge_point, custom_filed1, created_on, author_id, stem, status]
14:27:17.226 [main] INFO  o.h.tool.hbm2ddl.TableMetadata - HHH000108: Foreign keys: [fk_hod8cehxh1lbef9lmlowmhwpk, fk_j7imy0kvvgnmc9at4412exaxs, fk_bxxsn12lgu7q6kam1tsor1nr, fk_jljdfx6hvc29oglbvo6h1fira, fk_64rlcm7utqkwfl1j2t3bqrv4n, fk_k179yjp59ndpikaaruth27f9m, fk_htpraiywcov18x05oog450542]
14:27:17.226 [main] INFO  o.h.tool.hbm2ddl.TableMetadata - HHH000126: Indexes: [fk_hod8cehxh1lbef9lmlowmhwpk, fk_j7imy0kvvgnmc9at4412exaxs, fk_bxxsn12lgu7q6kam1tsor1nr, fk_jljdfx6hvc29oglbvo6h1fira, fk_64rlcm7utqkwfl1j2t3bqrv4n, fk_k179yjp59ndpikaaruth27f9m, fk_htpraiywcov18x05oog450542, primary]
14:27:17.237 [main] INFO  o.h.tool.hbm2ddl.TableMetadata - HHH000261: Table found: testmaker.question_choice
14:27:17.237 [main] INFO  o.h.tool.hbm2ddl.TableMetadata - HHH000037: Columns: [updated_on, is_correct_answer, created_on, id, choice_label, question_id, content]
14:27:17.237 [main] INFO  o.h.tool.hbm2ddl.TableMetadata - HHH000108: Foreign keys: [fk_drrr6mb7k16ao25w6txc41pdd]
14:27:17.237 [main] INFO  o.h.tool.hbm2ddl.TableMetadata - HHH000126: Indexes: [fk_drrr6mb7k16ao25w6txc41pdd, primary]
14:27:17.248 [main] INFO  o.h.tool.hbm2ddl.TableMetadata - HHH000261: Table found: testmaker.question_choice_image
14:27:17.248 [main] INFO  o.h.tool.hbm2ddl.TableMetadata - HHH000037: Columns: [updated_on, path, question_choice_id, created_on, caption, id]
14:27:17.248 [main] INFO  o.h.tool.hbm2ddl.TableMetadata - HHH000108: Foreign keys: [fk_p6avf3k6h46pngoxu6ltsrcvh]
14:27:17.248 [main] INFO  o.h.tool.hbm2ddl.TableMetadata - HHH000126: Indexes: [fk_p6avf3k6h46pngoxu6ltsrcvh, primary]
14:27:17.260 [main] INFO  o.h.tool.hbm2ddl.TableMetadata - HHH000261: Table found: testmaker.question_image
14:27:17.260 [main] INFO  o.h.tool.hbm2ddl.TableMetadata - HHH000037: Columns: [updated_on, path, created_on, caption, id, question_id]
14:27:17.260 [main] INFO  o.h.tool.hbm2ddl.TableMetadata - HHH000108: Foreign keys: [fk_rt5bt00pq2t32duqhyinbeour]
14:27:17.260 [main] INFO  o.h.tool.hbm2ddl.TableMetadata - HHH000126: Indexes: [fk_rt5bt00pq2t32duqhyinbeour, primary]
14:27:17.271 [main] INFO  o.h.tool.hbm2ddl.TableMetadata - HHH000261: Table found: testmaker.question_language
14:27:17.271 [main] INFO  o.h.tool.hbm2ddl.TableMetadata - HHH000037: Columns: [updated_on, created_on, name, id]
14:27:17.271 [main] INFO  o.h.tool.hbm2ddl.TableMetadata - HHH000108: Foreign keys: []
14:27:17.271 [main] INFO  o.h.tool.hbm2ddl.TableMetadata - HHH000126: Indexes: [uk_h7snp9gauw2o9k8o320ym954t, primary]
14:27:17.283 [main] INFO  o.h.tool.hbm2ddl.TableMetadata - HHH000261: Table found: testmaker.question_reviewers
14:27:17.283 [main] INFO  o.h.tool.hbm2ddl.TableMetadata - HHH000037: Columns: [reviewer_id, question_id]
14:27:17.283 [main] INFO  o.h.tool.hbm2ddl.TableMetadata - HHH000108: Foreign keys: [fk_kdm8obpe6leusm1ymmvon7wew, fk_9phi7xaxiornk7f3k237bji8u]
14:27:17.283 [main] INFO  o.h.tool.hbm2ddl.TableMetadata - HHH000126: Indexes: [fk_kdm8obpe6leusm1ymmvon7wew, primary]
14:27:17.293 [main] INFO  o.h.tool.hbm2ddl.TableMetadata - HHH000261: Table found: testmaker.question_status
14:27:17.294 [main] INFO  o.h.tool.hbm2ddl.TableMetadata - HHH000037: Columns: [updated_on, is_start, accessible_by_quality_admin, accessible_by_reviewer, created_on, name, accessible_by_facilitator, is_finish, id, accessible_by_author]
14:27:17.294 [main] INFO  o.h.tool.hbm2ddl.TableMetadata - HHH000108: Foreign keys: []
14:27:17.294 [main] INFO  o.h.tool.hbm2ddl.TableMetadata - HHH000126: Indexes: [uk_kb1iiy21r8irey42pnd96p72c, primary]
14:27:17.305 [main] INFO  o.h.tool.hbm2ddl.TableMetadata - HHH000261: Table found: testmaker.question_status_transition
14:27:17.306 [main] INFO  o.h.tool.hbm2ddl.TableMetadata - HHH000037: Columns: [updated_on, sequence, status_id, created_on, next_status_id]
14:27:17.306 [main] INFO  o.h.tool.hbm2ddl.TableMetadata - HHH000108: Foreign keys: [fk_k7x5nc6556qxlqhs7ru5y0lws, fk_4g1t9k1kluds2uuefpbyiignn]
14:27:17.306 [main] INFO  o.h.tool.hbm2ddl.TableMetadata - HHH000126: Indexes: [fk_k7x5nc6556qxlqhs7ru5y0lws, primary]
14:27:17.316 [main] INFO  o.h.tool.hbm2ddl.TableMetadata - HHH000261: Table found: testmaker.question_type
14:27:17.316 [main] INFO  o.h.tool.hbm2ddl.TableMetadata - HHH000037: Columns: [updated_on, created_on, name, id]
14:27:17.316 [main] INFO  o.h.tool.hbm2ddl.TableMetadata - HHH000108: Foreign keys: []
14:27:17.316 [main] INFO  o.h.tool.hbm2ddl.TableMetadata - HHH000126: Indexes: [uk_7ei21extes3bkiv5byn0pfrg5, primary]
14:27:17.326 [main] INFO  o.h.tool.hbm2ddl.TableMetadata - HHH000261: Table found: testmaker.review_assessment
14:27:17.326 [main] INFO  o.h.tool.hbm2ddl.TableMetadata - HHH000037: Columns: [updated_on, created_on, name, id]
14:27:17.326 [main] INFO  o.h.tool.hbm2ddl.TableMetadata - HHH000108: Foreign keys: []
14:27:17.326 [main] INFO  o.h.tool.hbm2ddl.TableMetadata - HHH000126: Indexes: [uk_5up7uru8ni1q5dungaxxk3dty, primary]
14:27:17.339 [main] INFO  o.h.tool.hbm2ddl.TableMetadata - HHH000261: Table found: testmaker.review_comment
14:27:17.339 [main] INFO  o.h.tool.hbm2ddl.TableMetadata - HHH000037: Columns: [updated_on, created_on, reviewer_id, is_final_review, id, question_id, content]
14:27:17.339 [main] INFO  o.h.tool.hbm2ddl.TableMetadata - HHH000108: Foreign keys: [fk_1c3t2dqlk78fnc2qhysp2p9v5, fk_omf7d51gg0vs40946txened42]
14:27:17.339 [main] INFO  o.h.tool.hbm2ddl.TableMetadata - HHH000126: Indexes: [fk_1c3t2dqlk78fnc2qhysp2p9v5, fk_omf7d51gg0vs40946txened42, primary]
14:27:17.348 [main] INFO  o.h.tool.hbm2ddl.TableMetadata - HHH000261: Table found: testmaker.role
14:27:17.348 [main] INFO  o.h.tool.hbm2ddl.TableMetadata - HHH000037: Columns: [updated_on, created_on, name, id]
14:27:17.348 [main] INFO  o.h.tool.hbm2ddl.TableMetadata - HHH000108: Foreign keys: []
14:27:17.348 [main] INFO  o.h.tool.hbm2ddl.TableMetadata - HHH000126: Indexes: [uk_8sewwnpamngi6b1dwaa88askk, primary]
14:27:17.359 [main] INFO  o.h.tool.hbm2ddl.TableMetadata - HHH000261: Table found: testmaker.syllabus
14:27:17.359 [main] INFO  o.h.tool.hbm2ddl.TableMetadata - HHH000037: Columns: [updated_on, created_on, level, is_disabled, id, version]
14:27:17.359 [main] INFO  o.h.tool.hbm2ddl.TableMetadata - HHH000108: Foreign keys: []
14:27:17.359 [main] INFO  o.h.tool.hbm2ddl.TableMetadata - HHH000126: Indexes: [unique_level_version, primary]
14:27:17.369 [main] INFO  o.h.tool.hbm2ddl.TableMetadata - HHH000261: Table found: testmaker.user
14:27:17.369 [main] INFO  o.h.tool.hbm2ddl.TableMetadata - HHH000037: Columns: [updated_on, is_admin, login_count, password, full_name, created_on, phone, last_login, id, email, enabled, username]
14:27:17.369 [main] INFO  o.h.tool.hbm2ddl.TableMetadata - HHH000108: Foreign keys: []
14:27:17.369 [main] INFO  o.h.tool.hbm2ddl.TableMetadata - HHH000126: Indexes: [uk_ob8kqyqqgmefl0aco34akdtpe, uk_sb8bbouer5wak8vyiiy4pf2bx, primary]
14:27:17.370 [main] DEBUG o.h.i.f.i.DefaultIdentifierGeneratorFactory - Setting dialect [org.hibernate.dialect.MySQL5InnoDBDialect]
14:27:17.370 [main] DEBUG o.h.i.f.i.DefaultIdentifierGeneratorFactory - Setting dialect [org.hibernate.dialect.MySQL5InnoDBDialect]
14:27:17.370 [main] DEBUG o.h.i.f.i.DefaultIdentifierGeneratorFactory - Setting dialect [org.hibernate.dialect.MySQL5InnoDBDialect]
14:27:17.370 [main] DEBUG o.h.i.f.i.DefaultIdentifierGeneratorFactory - Setting dialect [org.hibernate.dialect.MySQL5InnoDBDialect]
14:27:17.370 [main] DEBUG o.h.i.f.i.DefaultIdentifierGeneratorFactory - Setting dialect [org.hibernate.dialect.MySQL5InnoDBDialect]
14:27:17.370 [main] DEBUG o.h.i.f.i.DefaultIdentifierGeneratorFactory - Setting dialect [org.hibernate.dialect.MySQL5InnoDBDialect]
14:27:17.370 [main] DEBUG o.h.i.f.i.DefaultIdentifierGeneratorFactory - Setting dialect [org.hibernate.dialect.MySQL5InnoDBDialect]
14:27:17.370 [main] DEBUG o.h.i.f.i.DefaultIdentifierGeneratorFactory - Setting dialect [org.hibernate.dialect.MySQL5InnoDBDialect]
14:27:17.370 [main] DEBUG o.h.i.f.i.DefaultIdentifierGeneratorFactory - Setting dialect [org.hibernate.dialect.MySQL5InnoDBDialect]
14:27:17.370 [main] DEBUG o.h.i.f.i.DefaultIdentifierGeneratorFactory - Setting dialect [org.hibernate.dialect.MySQL5InnoDBDialect]
14:27:17.370 [main] DEBUG o.h.i.f.i.DefaultIdentifierGeneratorFactory - Setting dialect [org.hibernate.dialect.MySQL5InnoDBDialect]
14:27:17.370 [main] DEBUG o.h.i.f.i.DefaultIdentifierGeneratorFactory - Setting dialect [org.hibernate.dialect.MySQL5InnoDBDialect]
14:27:17.370 [main] DEBUG o.h.i.f.i.DefaultIdentifierGeneratorFactory - Setting dialect [org.hibernate.dialect.MySQL5InnoDBDialect]
14:27:17.371 [main] DEBUG o.h.i.f.i.DefaultIdentifierGeneratorFactory - Setting dialect [org.hibernate.dialect.MySQL5InnoDBDialect]
14:27:17.371 [main] DEBUG o.h.i.f.i.DefaultIdentifierGeneratorFactory - Setting dialect [org.hibernate.dialect.MySQL5InnoDBDialect]
14:27:17.371 [main] DEBUG o.h.i.f.i.DefaultIdentifierGeneratorFactory - Setting dialect [org.hibernate.dialect.MySQL5InnoDBDialect]
14:27:17.371 [main] DEBUG o.h.i.f.i.DefaultIdentifierGeneratorFactory - Setting dialect [org.hibernate.dialect.MySQL5InnoDBDialect]
14:27:17.371 [main] DEBUG o.h.i.f.i.DefaultIdentifierGeneratorFactory - Setting dialect [org.hibernate.dialect.MySQL5InnoDBDialect]
14:27:17.371 [main] INFO  o.h.tool.hbm2ddl.SchemaUpdate - HHH000232: Schema update complete
14:27:17.372 [main] DEBUG o.h.internal.NamedQueryRepository - Checking 1 named HQL queries
14:27:17.372 [main] DEBUG o.h.internal.NamedQueryRepository - Checking named query: User.findByUserName
14:27:17.372 [main] DEBUG o.h.h.i.ast.QueryTranslatorImpl - parse() - HQL: SELECT u from cn.cstqb.exam.testmaker.entities.User u where u.username = :username
14:27:17.375 [main] DEBUG o.h.h.i.ast.QueryTranslatorImpl - --- HQL AST ---
 \-[QUERY] Node: &apos;query&apos;
    +-[SELECT_FROM] Node: &apos;SELECT_FROM&apos;
    |  +-[FROM] Node: &apos;from&apos;
    |  |  \-[RANGE] Node: &apos;RANGE&apos;
    |  |     +-[DOT] Node: &apos;.&apos;
    |  |     |  +-[DOT] Node: &apos;.&apos;
    |  |     |  |  +-[DOT] Node: &apos;.&apos;
    |  |     |  |  |  +-[DOT] Node: &apos;.&apos;
    |  |     |  |  |  |  +-[DOT] Node: &apos;.&apos;
    |  |     |  |  |  |  |  +-[IDENT] Node: &apos;cn&apos;
    |  |     |  |  |  |  |  \-[IDENT] Node: &apos;cstqb&apos;
    |  |     |  |  |  |  \-[IDENT] Node: &apos;exam&apos;
    |  |     |  |  |  \-[IDENT] Node: &apos;testmaker&apos;
    |  |     |  |  \-[IDENT] Node: &apos;entities&apos;
    |  |     |  \-[IDENT] Node: &apos;User&apos;
    |  |     \-[ALIAS] Node: &apos;u&apos;
    |  \-[SELECT] Node: &apos;SELECT&apos;
    |     \-[IDENT] Node: &apos;u&apos;
    \-[WHERE] Node: &apos;where&apos;
       \-[EQ] Node: &apos;=&apos;
          +-[DOT] Node: &apos;.&apos;
          |  +-[IDENT] Node: &apos;u&apos;
          |  \-[IDENT] Node: &apos;username&apos;
          \-[COLON] Node: &apos;:&apos;
             \-[IDENT] Node: &apos;username&apos;

14:27:17.375 [main] DEBUG o.h.hql.internal.ast.ErrorCounter - throwQueryException() : no errors
14:27:17.376 [main] DEBUG o.h.h.i.antlr.HqlSqlBaseWalker - select &lt;&lt; begin [level=1, statement=select]
14:27:17.377 [main] DEBUG o.h.h.internal.ast.tree.FromElement - FromClause{level=1} : cn.cstqb.exam.testmaker.entities.User (u) -&gt; user0_
14:27:17.377 [main] DEBUG o.h.h.i.ast.tree.FromReferenceNode - Resolved : u -&gt; user0_.id
14:27:17.377 [main] DEBUG o.h.h.i.ast.tree.FromReferenceNode - Resolved : u -&gt; user0_.id
14:27:17.377 [main] DEBUG o.h.hql.internal.ast.tree.DotNode - getDataType() : username -&gt; org.hibernate.type.StringType@442e7215
14:27:17.377 [main] DEBUG o.h.h.i.ast.tree.FromReferenceNode - Resolved : u.username -&gt; user0_.username
14:27:17.377 [main] DEBUG o.h.h.i.antlr.HqlSqlBaseWalker - select : finishing up [level=1, statement=select]
14:27:17.377 [main] DEBUG o.h.hql.internal.ast.HqlSqlWalker - processQuery() :  ( SELECT ( {select clause} user0_.id ) ( FromClause{level=1} user user0_ ) ( where ( = ( user0_.username user0_.id username ) ? ) ) )
14:27:17.377 [main] DEBUG o.h.h.i.ast.util.JoinProcessor - Using FROM fragment [user user0_]
14:27:17.377 [main] DEBUG o.h.h.i.antlr.HqlSqlBaseWalker - select &gt;&gt; end [level=1, statement=select]
14:27:17.377 [main] DEBUG o.h.h.i.ast.QueryTranslatorImpl - --- SQL AST ---
 \-[SELECT] QueryNode: &apos;SELECT&apos;  querySpaces (user)
    +-[SELECT_CLAUSE] SelectClause: &apos;{select clause}&apos;
    |  +-[ALIAS_REF] IdentNode: &apos;user0_.id as id1_20_&apos; {alias=u, className=cn.cstqb.exam.testmaker.entities.User, tableAlias=user0_}
    |  \-[SQL_TOKEN] SqlFragment: &apos;user0_.created_on as created_2_20_, user0_.updated_on as updated_3_20_, user0_.email as email4_20_, user0_.enabled as enabled5_20_, user0_.full_name as full_nam6_20_, user0_.is_admin as is_admin7_20_, user0_.last_login as last_log8_20_, user0_.login_count as login_co9_20_, user0_.password as passwor10_20_, user0_.phone as phone11_20_, user0_.username as usernam12_20_&apos;
    +-[FROM] FromClause: &apos;from&apos; FromClause{level=1, fromElementCounter=1, fromElements=1, fromElementByClassAlias=[u], fromElementByTableAlias=[user0_], fromElementsByPath=[], collectionJoinFromElementsByPath=[], impliedElements=[]}
    |  \-[FROM_FRAGMENT] FromElement: &apos;user user0_&apos; FromElement{explicit,not a collection join,not a fetch join,fetch non-lazy properties,classAlias=u,role=null,tableName=user,tableAlias=user0_,origin=null,columns={,className=cn.cstqb.exam.testmaker.entities.User}}
    \-[WHERE] SqlNode: &apos;where&apos;
       \-[EQ] BinaryLogicOperatorNode: &apos;=&apos;
          +-[DOT] DotNode: &apos;user0_.username&apos; {propertyName=username,dereferenceType=PRIMITIVE,getPropertyPath=username,path=u.username,tableAlias=user0_,className=cn.cstqb.exam.testmaker.entities.User,classAlias=u}
          |  +-[ALIAS_REF] IdentNode: &apos;user0_.id&apos; {alias=u, className=cn.cstqb.exam.testmaker.entities.User, tableAlias=user0_}
          |  \-[IDENT] IdentNode: &apos;username&apos; {originalText=username}
          \-[NAMED_PARAM] ParameterNode: &apos;?&apos; {name=username, expectedType=org.hibernate.type.StringType@442e7215}

14:27:17.377 [main] DEBUG o.h.hql.internal.ast.ErrorCounter - throwQueryException() : no errors
14:27:17.378 [main] DEBUG o.h.h.i.ast.QueryTranslatorImpl - HQL: SELECT u from cn.cstqb.exam.testmaker.entities.User u where u.username = :username
14:27:17.378 [main] DEBUG o.h.h.i.ast.QueryTranslatorImpl - SQL: select user0_.id as id1_20_, user0_.created_on as created_2_20_, user0_.updated_on as updated_3_20_, user0_.email as email4_20_, user0_.enabled as enabled5_20_, user0_.full_name as full_nam6_20_, user0_.is_admin as is_admin7_20_, user0_.last_login as last_log8_20_, user0_.login_count as login_co9_20_, user0_.password as passwor10_20_, user0_.phone as phone11_20_, user0_.username as usernam12_20_ from user user0_ where user0_.username=?
14:27:17.378 [main] DEBUG o.h.hql.internal.ast.ErrorCounter - throwQueryException() : no errors
14:27:17.378 [main] DEBUG o.h.internal.NamedQueryRepository - Checking 0 named SQL queries
14:27:17.378 [main] DEBUG o.h.s.internal.StatisticsInitiator - Statistics initialized [enabled=false]
14:27:17.378 [main] DEBUG o.h.j.i.schemagen.JpaSchemaGenerator - No actions specified; doing nothing
14:27:17.394 [main] DEBUG o.h.j.i.EntityManagerFactoryRegistry - Registering EntityManagerFactory: test-maker 
14:27:17.395 [main] DEBUG o.h.internal.SessionFactoryImpl - HHH000031: Closing
14:27:17.395 [main] DEBUG o.h.s.i.AbstractServiceRegistryImpl - Implicitly destroying ServiceRegistry on de-registration of all child ServiceRegistries
14:27:17.396 [main] DEBUG o.h.b.r.i.BootstrapServiceRegistryImpl - Implicitly destroying Boot-strap registry on de-registration of all child ServiceRegistries
14:27:17.396 [main] DEBUG o.h.j.i.EntityManagerFactoryRegistry - Remove: name=test-maker
</system-out>
    <system-err>4月 21, 2020 2:27:16 下午 com.mchange.v2.c3p0.impl.AbstractPoolBackedDataSource getPoolManager
信息: Initializing c3p0 pool... com.mchange.v2.c3p0.PoolBackedDataSource@cea675e9 [ connectionPoolDataSource -&gt; com.mchange.v2.c3p0.WrapperConnectionPoolDataSource@7fbf0263 [ acquireIncrement -&gt; 3, acquireRetryAttempts -&gt; 30, acquireRetryDelay -&gt; 1000, autoCommitOnClose -&gt; false, automaticTestTable -&gt; _conTestTable, breakAfterAcquireFailure -&gt; false, checkoutTimeout -&gt; 0, connectionCustomizerClassName -&gt; null, connectionTesterClassName -&gt; com.mchange.v2.c3p0.impl.DefaultConnectionTester, debugUnreturnedConnectionStackTraces -&gt; false, factoryClassLocation -&gt; null, forceIgnoreUnresolvedTransactions -&gt; false, identityToken -&gt; 1hgeby9a9174ft50deh47e|5f88cd72, idleConnectionTestPeriod -&gt; 120, initialPoolSize -&gt; 3, maxAdministrativeTaskTime -&gt; 0, maxConnectionAge -&gt; 21600, maxIdleTime -&gt; 600, maxIdleTimeExcessConnections -&gt; 20, maxPoolSize -&gt; 15, maxStatements -&gt; 0, maxStatementsPerConnection -&gt; 0, minPoolSize -&gt; 3, nestedDataSource -&gt; com.mchange.v2.c3p0.DriverManagerDataSource@54e4b2bd [ description -&gt; null, driverClass -&gt; null, factoryClassLocation -&gt; null, identityToken -&gt; 1hgeby9a9174ft50deh47e|18ccc681, jdbcUrl -&gt; jdbc:mysql://localhost:3306/testmaker, properties -&gt; {user=******} ], preferredTestQuery -&gt; null, propertyCycle -&gt; 0, statementCacheNumDeferredCloseThreads -&gt; 0, testConnectionOnCheckin -&gt; false, testConnectionOnCheckout -&gt; true, unreturnedConnectionTimeout -&gt; 0, usesTraditionalReflectiveProxies -&gt; false; userOverrides: {} ], dataSourceName -&gt; null, factoryClassLocation -&gt; null, identityToken -&gt; 1hgeby9a9174ft50deh47e|75945b89, numHelperThreads -&gt; 3 ]
</system-err>
  </testcase>
</testsuite>